[0.273s] Invoking command in '/home/lohitoburrito/uav_app/build/px4_ros_com': CMAKE_PREFIX_PATH=/home/lohitoburrito/uav_app/install/px4_msgs:/home/lohitoburrito/uav_app/install/px4_ros_com:/opt/ros/humble LD_LIBRARY_PATH=/home/lohitoburrito/uav_app/install/px4_msgs/lib:/home/lohitoburrito/uav_app/install/px4_ros_com/lib:/usr/lib/x86_64-linux-gnu/gazebo-11/plugins:/opt/ros/humble/opt/rviz_ogre_vendor/lib:/opt/ros/humble/lib/x86_64-linux-gnu:/opt/ros/humble/lib /usr/bin/cmake --build /home/lohitoburrito/uav_app/build/px4_ros_com -- -j8 -l8
[0.359s] [ 12%] Built target frame_transforms
[0.371s] [ 25%] Built target vehicle_gps_position_listener
[0.375s] [ 37%] Built target debug_vect_advertiser
[0.379s] [ 50%] Built target sensor_combined_listener
[0.383s] [ 62%] Built target offboard_control_srv
[0.385s] [ 75%] Built target offboard_control
[0.388s] [ 87%] Built target reconnaissance
[0.397s] [ 93%] [32mBuilding CXX object CMakeFiles/fireforce.dir/src/app/fireforce/fireforce.cpp.o[0m
[0.420s] [ 93%] Built target ament_cmake_python_copy_px4_ros_com
[0.829s] running egg_info
[0.864s] writing px4_ros_com.egg-info/PKG-INFO
[0.865s] writing dependency_links to px4_ros_com.egg-info/dependency_links.txt
[0.866s] writing top-level names to px4_ros_com.egg-info/top_level.txt
[0.953s] reading manifest file 'px4_ros_com.egg-info/SOURCES.txt'
[0.956s] writing manifest file 'px4_ros_com.egg-info/SOURCES.txt'
[1.023s] [ 93%] Built target ament_cmake_python_build_px4_ros_com_egg
[7.298s] In file included from [01m[K/home/lohitoburrito/uav_app/src/px4_ros_com/src/app/fireforce/fireforce.cpp:23[m[K:
[7.298s] [01m[K/home/lohitoburrito/uav_app/src/px4_ros_com/src/app/fireforce/fireforce.cpp:[m[K In member function ‘[01m[Kvoid HTTPPOSTServer::post_frame()[m[K’:
[7.298s] [01m[K/home/lohitoburrito/uav_app/src/px4_ros_com/src/app/fireforce/fireforce.cpp:106:51:[m[K [01;31m[Kerror: [m[K‘[01m[Kdata_file[m[K’ was not declared in this scope
[7.298s]   106 |         curl_easy_setopt(curl, CURLOPT_READDATA, &[01;31m[Kdata_file[m[K);
[7.298s]       |                                                   [01;31m[K^~~~~~~~~[m[K
[22.241s] gmake[2]: *** [CMakeFiles/fireforce.dir/build.make:76: CMakeFiles/fireforce.dir/src/app/fireforce/fireforce.cpp.o] Error 1
[22.242s] gmake[1]: *** [CMakeFiles/Makefile2:336: CMakeFiles/fireforce.dir/all] Error 2
[22.242s] gmake: *** [Makefile:146: all] Error 2
[22.246s] Invoked command in '/home/lohitoburrito/uav_app/build/px4_ros_com' returned '2': CMAKE_PREFIX_PATH=/home/lohitoburrito/uav_app/install/px4_msgs:/home/lohitoburrito/uav_app/install/px4_ros_com:/opt/ros/humble LD_LIBRARY_PATH=/home/lohitoburrito/uav_app/install/px4_msgs/lib:/home/lohitoburrito/uav_app/install/px4_ros_com/lib:/usr/lib/x86_64-linux-gnu/gazebo-11/plugins:/opt/ros/humble/opt/rviz_ogre_vendor/lib:/opt/ros/humble/lib/x86_64-linux-gnu:/opt/ros/humble/lib /usr/bin/cmake --build /home/lohitoburrito/uav_app/build/px4_ros_com -- -j8 -l8
