[0.244s] Invoking command in '/home/lohitoburrito/uav_app/build/px4_ros_com': CMAKE_PREFIX_PATH=/home/lohitoburrito/uav_app/install/px4_msgs:/home/lohitoburrito/uav_app/install/px4_ros_com:/opt/ros/humble LD_LIBRARY_PATH=/home/lohitoburrito/uav_app/install/px4_msgs/lib:/home/lohitoburrito/uav_app/install/px4_ros_com/lib:/usr/lib/x86_64-linux-gnu/gazebo-11/plugins:/opt/ros/humble/opt/rviz_ogre_vendor/lib:/opt/ros/humble/lib/x86_64-linux-gnu:/opt/ros/humble/lib /usr/bin/cmake --build /home/lohitoburrito/uav_app/build/px4_ros_com -- -j8 -l8
[0.375s] [ 25%] Built target frame_transforms
[0.375s] [ 25%] Built target sensor_combined_listener
[0.376s] [ 37%] Built target offboard_control
[0.380s] [ 50%] Built target debug_vect_advertiser
[0.383s] [ 62%] Built target vehicle_gps_position_listener
[0.390s] [ 75%] Built target reconnaissance
[0.397s] [ 87%] Built target offboard_control_srv
[0.397s] [ 93%] [32mBuilding CXX object CMakeFiles/fireforce.dir/src/app/fireforce/fireforce.cpp.o[0m
[0.439s] [ 93%] Built target ament_cmake_python_copy_px4_ros_com
[0.997s] running egg_info
[1.029s] writing px4_ros_com.egg-info/PKG-INFO
[1.032s] writing dependency_links to px4_ros_com.egg-info/dependency_links.txt
[1.035s] writing top-level names to px4_ros_com.egg-info/top_level.txt
[1.136s] reading manifest file 'px4_ros_com.egg-info/SOURCES.txt'
[1.139s] writing manifest file 'px4_ros_com.egg-info/SOURCES.txt'
[1.246s] [ 93%] Built target ament_cmake_python_build_px4_ros_com_egg
[43.117s] gmake[2]: *** [CMakeFiles/fireforce.dir/build.make:76: CMakeFiles/fireforce.dir/src/app/fireforce/fireforce.cpp.o] Interrupt
[43.187s] gmake[1]: *** [CMakeFiles/Makefile2:336: CMakeFiles/fireforce.dir/all] Interrupt
[43.201s] gmake: *** [Makefile:146: all] Interrupt
[49.084s] Invoked command in '/home/lohitoburrito/uav_app/build/px4_ros_com' returned '-2': CMAKE_PREFIX_PATH=/home/lohitoburrito/uav_app/install/px4_msgs:/home/lohitoburrito/uav_app/install/px4_ros_com:/opt/ros/humble LD_LIBRARY_PATH=/home/lohitoburrito/uav_app/install/px4_msgs/lib:/home/lohitoburrito/uav_app/install/px4_ros_com/lib:/usr/lib/x86_64-linux-gnu/gazebo-11/plugins:/opt/ros/humble/opt/rviz_ogre_vendor/lib:/opt/ros/humble/lib/x86_64-linux-gnu:/opt/ros/humble/lib /usr/bin/cmake --build /home/lohitoburrito/uav_app/build/px4_ros_com -- -j8 -l8
