[ 12%] Built target frame_transforms
[ 25%] Built target sensor_combined_listener
[ 31%] [32mBuilding CXX object CMakeFiles/fireforce.dir/src/app/fireforce/fireforce.cpp.o[0m
[ 31%] Built target ament_cmake_python_copy_px4_ros_com
[ 43%] Built target reconnaissance
running egg_info
writing px4_ros_com.egg-info/PKG-INFO
writing dependency_links to px4_ros_com.egg-info/dependency_links.txt
writing top-level names to px4_ros_com.egg-info/top_level.txt
reading manifest file 'px4_ros_com.egg-info/SOURCES.txt'
writing manifest file 'px4_ros_com.egg-info/SOURCES.txt'
[ 43%] Built target ament_cmake_python_build_px4_ros_com_egg
[ 56%] Built target offboard_control_srv
[ 68%] Built target offboard_control
[ 81%] Built target debug_vect_advertiser
[ 93%] Built target vehicle_gps_position_listener
[01m[K/home/lohitoburrito/uav_app/src/px4_ros_com/src/app/fireforce/fireforce.cpp:[m[K In member function ‘[01m[Kvoid UAVCommand::run_mission()[m[K’:
[01m[K/home/lohitoburrito/uav_app/src/px4_ros_com/src/app/fireforce/fireforce.cpp:382:38:[m[K [01;35m[Kwarning: [m[Kthis statement may fall through [[01;35m[K]8;;https://gcc.gnu.org/onlinedocs/gcc/Warning-Options.html#index-Wimplicit-fallthrough=-Wimplicit-fallthrough=]8;;[m[K]
  382 |             [01;35m[Kvehicle_state.waypoint_z = -25.0[m[K;
      |             [01;35m[K~~~~~~~~~~~~~~~~~~~~~~~~~^~~~~~~[m[K
[01m[K/home/lohitoburrito/uav_app/src/px4_ros_com/src/app/fireforce/fireforce.cpp:384:9:[m[K [01;36m[Knote: [m[Khere
  384 |         [01;36m[Kcase[m[K 5:
      |         [01;36m[K^~~~[m[K
gmake[2]: *** [CMakeFiles/fireforce.dir/build.make:76: CMakeFiles/fireforce.dir/src/app/fireforce/fireforce.cpp.o] Interrupt
gmake[1]: *** [CMakeFiles/Makefile2:336: CMakeFiles/fireforce.dir/all] Interrupt
gmake: *** [Makefile:146: all] Interrupt
