[0.367s] Invoking command in '/home/lohitoburrito/uav_app/build/px4_ros_com': CMAKE_PREFIX_PATH=/home/lohitoburrito/uav_app/install/px4_msgs:/home/lohitoburrito/uav_app/install/px4_ros_com:/opt/ros/humble LD_LIBRARY_PATH=/home/lohitoburrito/uav_app/install/px4_msgs/lib:/home/lohitoburrito/uav_app/install/px4_ros_com/lib:/usr/lib/x86_64-linux-gnu/gazebo-11/plugins:/opt/ros/humble/opt/rviz_ogre_vendor/lib:/opt/ros/humble/lib/x86_64-linux-gnu:/opt/ros/humble/lib /usr/bin/cmake --build /home/lohitoburrito/uav_app/build/px4_ros_com -- -j8 -l8
[0.682s] [ 12%] Built target frame_transforms
[0.696s] [ 25%] Built target sensor_combined_listener
[0.878s] [ 31%] [32mBuilding CXX object CMakeFiles/fireforce.dir/src/app/fireforce/fireforce.cpp.o[0m
[0.889s] [ 31%] Built target ament_cmake_python_copy_px4_ros_com
[1.094s] [ 43%] Built target reconnaissance
[3.395s] running egg_info
[3.581s] writing px4_ros_com.egg-info/PKG-INFO
[3.589s] writing dependency_links to px4_ros_com.egg-info/dependency_links.txt
[3.593s] writing top-level names to px4_ros_com.egg-info/top_level.txt
[4.247s] reading manifest file 'px4_ros_com.egg-info/SOURCES.txt'
[4.262s] writing manifest file 'px4_ros_com.egg-info/SOURCES.txt'
[4.569s] [ 43%] Built target ament_cmake_python_build_px4_ros_com_egg
[4.834s] [ 56%] Built target offboard_control_srv
[4.848s] [ 68%] Built target offboard_control
[5.068s] [ 81%] Built target debug_vect_advertiser
[5.071s] [ 93%] Built target vehicle_gps_position_listener
[97.592s] [01m[K/home/lohitoburrito/uav_app/src/px4_ros_com/src/app/fireforce/fireforce.cpp:[m[K In member function ‘[01m[Kvoid UAVCommand::run_mission()[m[K’:
[97.593s] [01m[K/home/lohitoburrito/uav_app/src/px4_ros_com/src/app/fireforce/fireforce.cpp:382:38:[m[K [01;35m[Kwarning: [m[Kthis statement may fall through [[01;35m[K]8;;https://gcc.gnu.org/onlinedocs/gcc/Warning-Options.html#index-Wimplicit-fallthrough=-Wimplicit-fallthrough=]8;;[m[K]
[97.594s]   382 |             [01;35m[Kvehicle_state.waypoint_z = -25.0[m[K;
[97.594s]       |             [01;35m[K~~~~~~~~~~~~~~~~~~~~~~~~~^~~~~~~[m[K
[97.594s] [01m[K/home/lohitoburrito/uav_app/src/px4_ros_com/src/app/fireforce/fireforce.cpp:384:9:[m[K [01;36m[Knote: [m[Khere
[97.596s]   384 |         [01;36m[Kcase[m[K 5:
[97.598s]       |         [01;36m[K^~~~[m[K
[137.882s] gmake[2]: *** [CMakeFiles/fireforce.dir/build.make:76: CMakeFiles/fireforce.dir/src/app/fireforce/fireforce.cpp.o] Interrupt
[137.883s] gmake[1]: *** [CMakeFiles/Makefile2:336: CMakeFiles/fireforce.dir/all] Interrupt
[137.884s] gmake: *** [Makefile:146: all] Interrupt
[137.911s] Invoked command in '/home/lohitoburrito/uav_app/build/px4_ros_com' returned '-2': CMAKE_PREFIX_PATH=/home/lohitoburrito/uav_app/install/px4_msgs:/home/lohitoburrito/uav_app/install/px4_ros_com:/opt/ros/humble LD_LIBRARY_PATH=/home/lohitoburrito/uav_app/install/px4_msgs/lib:/home/lohitoburrito/uav_app/install/px4_ros_com/lib:/usr/lib/x86_64-linux-gnu/gazebo-11/plugins:/opt/ros/humble/opt/rviz_ogre_vendor/lib:/opt/ros/humble/lib/x86_64-linux-gnu:/opt/ros/humble/lib /usr/bin/cmake --build /home/lohitoburrito/uav_app/build/px4_ros_com -- -j8 -l8
