[0.300s] Invoking command in '/home/lohitoburrito/uav_app/build/px4_ros_com': CMAKE_PREFIX_PATH=/home/lohitoburrito/uav_app/install/px4_msgs:/home/lohitoburrito/uav_app/install/px4_ros_com:/opt/ros/humble LD_LIBRARY_PATH=/home/lohitoburrito/uav_app/install/px4_msgs/lib:/home/lohitoburrito/uav_app/install/px4_ros_com/lib:/usr/lib/x86_64-linux-gnu/gazebo-11/plugins:/opt/ros/humble/opt/rviz_ogre_vendor/lib:/opt/ros/humble/lib/x86_64-linux-gnu:/opt/ros/humble/lib /usr/bin/cmake --build /home/lohitoburrito/uav_app/build/px4_ros_com -- -j8 -l8
[0.390s] [35m[1mConsolidate compiler generated dependencies of target reconnaissance[0m
[0.401s] [35m[1mConsolidate compiler generated dependencies of target fireforce[0m
[0.405s] [ 25%] Built target debug_vect_advertiser
[0.405s] [ 25%] Built target offboard_control
[0.417s] [ 37%] Built target vehicle_gps_position_listener
[0.418s] [ 56%] Built target sensor_combined_listener
[0.418s] [ 62%] Built target offboard_control_srv
[0.421s] [ 75%] Built target frame_transforms
[0.430s] [ 81%] [32mBuilding CXX object CMakeFiles/fireforce.dir/src/app/fireforce/fireforce.cpp.o[0m
[0.433s] [ 93%] Built target reconnaissance
[0.462s] [ 93%] Built target ament_cmake_python_copy_px4_ros_com
[0.896s] running egg_info
[0.924s] writing px4_ros_com.egg-info/PKG-INFO
[0.925s] writing dependency_links to px4_ros_com.egg-info/dependency_links.txt
[0.926s] writing top-level names to px4_ros_com.egg-info/top_level.txt
[1.010s] reading manifest file 'px4_ros_com.egg-info/SOURCES.txt'
[1.012s] writing manifest file 'px4_ros_com.egg-info/SOURCES.txt'
[1.093s] [ 93%] Built target ament_cmake_python_build_px4_ros_com_egg
[9.634s] [01m[K/home/lohitoburrito/uav_app/src/px4_ros_com/src/app/fireforce/fireforce.cpp:[m[K In member function ‘[01m[Kvoid UAVCommand::read_camera_image_raw(sensor_msgs::msg::Image_<std::allocator<void> >::SharedPtr)[m[K’:
[9.634s] [01m[K/home/lohitoburrito/uav_app/src/px4_ros_com/src/app/fireforce/fireforce.cpp:226:31:[m[K [01;31m[Kerror: [m[K‘[01m[KUAVCommand::VehicleState[m[K’ {aka ‘[01m[Kstruct UAVCommand::VehicleState[m[K’} has no member named ‘[01m[Kms1[m[K’; did you mean ‘[01m[Kms[m[K’?
[9.634s]   226 |                 vehicle_state.[01;31m[Kms1[m[K = -1;
[9.634s]       |                               [01;31m[K^~~[m[K
[9.634s]       |                               [32m[Kms[m[K
[9.645s] [01m[K/home/lohitoburrito/uav_app/src/px4_ros_com/src/app/fireforce/fireforce.cpp:[m[K In member function ‘[01m[Kvoid UAVCommand::run_mission()[m[K’:
[9.645s] [01m[K/home/lohitoburrito/uav_app/src/px4_ros_com/src/app/fireforce/fireforce.cpp:359:14:[m[K [01;31m[Kerror: [m[Kjump to case label
[9.645s]   359 |         case [01;31m[K0[m[K:
[9.645s]       |              [01;31m[K^[m[K
[9.645s] [01m[K/home/lohitoburrito/uav_app/src/px4_ros_com/src/app/fireforce/fireforce.cpp:354:19:[m[K [01;36m[Knote: [m[K  crosses initialization of ‘[01m[Kfloat radius[m[K’
[9.646s]   354 |             float [01;36m[Kradius[m[K = (sqrt(pow(disp_x, 2) + pow(disp_y, 2)) < 220.0) ? 0.1 : 0.3;
[9.646s]       |                   [01;36m[K^~~~~~[m[K
[9.646s] [01m[K/home/lohitoburrito/uav_app/src/px4_ros_com/src/app/fireforce/fireforce.cpp:353:19:[m[K [01;36m[Knote: [m[K  crosses initialization of ‘[01m[Kfloat target_rad[m[K’
[9.646s]   353 |             float [01;36m[Ktarget_rad[m[K = std::atan2(disp_y, disp_x);
[9.646s]       |                   [01;36m[K^~~~~~~~~~[m[K
[9.646s] [01m[K/home/lohitoburrito/uav_app/src/px4_ros_com/src/app/fireforce/fireforce.cpp:352:19:[m[K [01;36m[Knote: [m[K  crosses initialization of ‘[01m[Kfloat disp_y[m[K’
[9.646s]   352 |             float [01;36m[Kdisp_y[m[K = 320 - marker_y;
[9.646s]       |                   [01;36m[K^~~~~~[m[K
[9.646s] [01m[K/home/lohitoburrito/uav_app/src/px4_ros_com/src/app/fireforce/fireforce.cpp:351:19:[m[K [01;36m[Knote: [m[K  crosses initialization of ‘[01m[Kfloat disp_x[m[K’
[9.646s]   351 |             float [01;36m[Kdisp_x[m[K = marker_x - 320;
[9.646s]       |                   [01;36m[K^~~~~~[m[K
[9.647s] [01m[K/home/lohitoburrito/uav_app/src/px4_ros_com/src/app/fireforce/fireforce.cpp:377:14:[m[K [01;31m[Kerror: [m[Kjump to case label
[9.647s]   377 |         case [01;31m[K1[m[K:
[9.648s]       |              [01;31m[K^[m[K
[9.648s] [01m[K/home/lohitoburrito/uav_app/src/px4_ros_com/src/app/fireforce/fireforce.cpp:354:19:[m[K [01;36m[Knote: [m[K  crosses initialization of ‘[01m[Kfloat radius[m[K’
[9.648s]   354 |             float [01;36m[Kradius[m[K = (sqrt(pow(disp_x, 2) + pow(disp_y, 2)) < 220.0) ? 0.1 : 0.3;
[9.648s]       |                   [01;36m[K^~~~~~[m[K
[9.648s] [01m[K/home/lohitoburrito/uav_app/src/px4_ros_com/src/app/fireforce/fireforce.cpp:353:19:[m[K [01;36m[Knote: [m[K  crosses initialization of ‘[01m[Kfloat target_rad[m[K’
[9.648s]   353 |             float [01;36m[Ktarget_rad[m[K = std::atan2(disp_y, disp_x);
[9.649s]       |                   [01;36m[K^~~~~~~~~~[m[K
[9.649s] [01m[K/home/lohitoburrito/uav_app/src/px4_ros_com/src/app/fireforce/fireforce.cpp:352:19:[m[K [01;36m[Knote: [m[K  crosses initialization of ‘[01m[Kfloat disp_y[m[K’
[9.649s]   352 |             float [01;36m[Kdisp_y[m[K = 320 - marker_y;
[9.649s]       |                   [01;36m[K^~~~~~[m[K
[9.649s] [01m[K/home/lohitoburrito/uav_app/src/px4_ros_com/src/app/fireforce/fireforce.cpp:351:19:[m[K [01;36m[Knote: [m[K  crosses initialization of ‘[01m[Kfloat disp_x[m[K’
[9.649s]   351 |             float [01;36m[Kdisp_x[m[K = marker_x - 320;
[9.649s]       |                   [01;36m[K^~~~~~[m[K
[9.650s] [01m[K/home/lohitoburrito/uav_app/src/px4_ros_com/src/app/fireforce/fireforce.cpp:388:14:[m[K [01;31m[Kerror: [m[Kjump to case label
[9.650s]   388 |         case [01;31m[K2[m[K:
[9.650s]       |              [01;31m[K^[m[K
[9.650s] [01m[K/home/lohitoburrito/uav_app/src/px4_ros_com/src/app/fireforce/fireforce.cpp:354:19:[m[K [01;36m[Knote: [m[K  crosses initialization of ‘[01m[Kfloat radius[m[K’
[9.650s]   354 |             float [01;36m[Kradius[m[K = (sqrt(pow(disp_x, 2) + pow(disp_y, 2)) < 220.0) ? 0.1 : 0.3;
[9.650s]       |                   [01;36m[K^~~~~~[m[K
[9.650s] [01m[K/home/lohitoburrito/uav_app/src/px4_ros_com/src/app/fireforce/fireforce.cpp:353:19:[m[K [01;36m[Knote: [m[K  crosses initialization of ‘[01m[Kfloat target_rad[m[K’
[9.650s]   353 |             float [01;36m[Ktarget_rad[m[K = std::atan2(disp_y, disp_x);
[9.650s]       |                   [01;36m[K^~~~~~~~~~[m[K
[9.651s] [01m[K/home/lohitoburrito/uav_app/src/px4_ros_com/src/app/fireforce/fireforce.cpp:352:19:[m[K [01;36m[Knote: [m[K  crosses initialization of ‘[01m[Kfloat disp_y[m[K’
[9.651s]   352 |             float [01;36m[Kdisp_y[m[K = 320 - marker_y;
[9.651s]       |                   [01;36m[K^~~~~~[m[K
[9.651s] [01m[K/home/lohitoburrito/uav_app/src/px4_ros_com/src/app/fireforce/fireforce.cpp:351:19:[m[K [01;36m[Knote: [m[K  crosses initialization of ‘[01m[Kfloat disp_x[m[K’
[9.651s]   351 |             float [01;36m[Kdisp_x[m[K = marker_x - 320;
[9.651s]       |                   [01;36m[K^~~~~~[m[K
[9.652s] [01m[K/home/lohitoburrito/uav_app/src/px4_ros_com/src/app/fireforce/fireforce.cpp:400:14:[m[K [01;31m[Kerror: [m[Kjump to case label
[9.652s]   400 |         case [01;31m[K3[m[K:
[9.652s]       |              [01;31m[K^[m[K
[9.652s] [01m[K/home/lohitoburrito/uav_app/src/px4_ros_com/src/app/fireforce/fireforce.cpp:354:19:[m[K [01;36m[Knote: [m[K  crosses initialization of ‘[01m[Kfloat radius[m[K’
[9.652s]   354 |             float [01;36m[Kradius[m[K = (sqrt(pow(disp_x, 2) + pow(disp_y, 2)) < 220.0) ? 0.1 : 0.3;
[9.652s]       |                   [01;36m[K^~~~~~[m[K
[9.652s] [01m[K/home/lohitoburrito/uav_app/src/px4_ros_com/src/app/fireforce/fireforce.cpp:353:19:[m[K [01;36m[Knote: [m[K  crosses initialization of ‘[01m[Kfloat target_rad[m[K’
[9.652s]   353 |             float [01;36m[Ktarget_rad[m[K = std::atan2(disp_y, disp_x);
[9.653s]       |                   [01;36m[K^~~~~~~~~~[m[K
[9.653s] [01m[K/home/lohitoburrito/uav_app/src/px4_ros_com/src/app/fireforce/fireforce.cpp:352:19:[m[K [01;36m[Knote: [m[K  crosses initialization of ‘[01m[Kfloat disp_y[m[K’
[9.653s]   352 |             float [01;36m[Kdisp_y[m[K = 320 - marker_y;
[9.653s]       |                   [01;36m[K^~~~~~[m[K
[9.653s] [01m[K/home/lohitoburrito/uav_app/src/px4_ros_com/src/app/fireforce/fireforce.cpp:351:19:[m[K [01;36m[Knote: [m[K  crosses initialization of ‘[01m[Kfloat disp_x[m[K’
[9.653s]   351 |             float [01;36m[Kdisp_x[m[K = marker_x - 320;
[9.653s]       |                   [01;36m[K^~~~~~[m[K
[9.653s] [01m[K/home/lohitoburrito/uav_app/src/px4_ros_com/src/app/fireforce/fireforce.cpp:411:14:[m[K [01;31m[Kerror: [m[Kjump to case label
[9.654s]   411 |         case [01;31m[K4[m[K:
[9.654s]       |              [01;31m[K^[m[K
[9.654s] [01m[K/home/lohitoburrito/uav_app/src/px4_ros_com/src/app/fireforce/fireforce.cpp:354:19:[m[K [01;36m[Knote: [m[K  crosses initialization of ‘[01m[Kfloat radius[m[K’
[9.654s]   354 |             float [01;36m[Kradius[m[K = (sqrt(pow(disp_x, 2) + pow(disp_y, 2)) < 220.0) ? 0.1 : 0.3;
[9.654s]       |                   [01;36m[K^~~~~~[m[K
[9.654s] [01m[K/home/lohitoburrito/uav_app/src/px4_ros_com/src/app/fireforce/fireforce.cpp:353:19:[m[K [01;36m[Knote: [m[K  crosses initialization of ‘[01m[Kfloat target_rad[m[K’
[9.654s]   353 |             float [01;36m[Ktarget_rad[m[K = std::atan2(disp_y, disp_x);
[9.654s]       |                   [01;36m[K^~~~~~~~~~[m[K
[9.654s] [01m[K/home/lohitoburrito/uav_app/src/px4_ros_com/src/app/fireforce/fireforce.cpp:352:19:[m[K [01;36m[Knote: [m[K  crosses initialization of ‘[01m[Kfloat disp_y[m[K’
[9.654s]   352 |             float [01;36m[Kdisp_y[m[K = 320 - marker_y;
[9.654s]       |                   [01;36m[K^~~~~~[m[K
[9.654s] [01m[K/home/lohitoburrito/uav_app/src/px4_ros_com/src/app/fireforce/fireforce.cpp:351:19:[m[K [01;36m[Knote: [m[K  crosses initialization of ‘[01m[Kfloat disp_x[m[K’
[9.655s]   351 |             float [01;36m[Kdisp_x[m[K = marker_x - 320;
[9.655s]       |                   [01;36m[K^~~~~~[m[K
[9.657s] [01m[K/home/lohitoburrito/uav_app/src/px4_ros_com/src/app/fireforce/fireforce.cpp:422:14:[m[K [01;31m[Kerror: [m[Kjump to case label
[9.657s]   422 |         case [01;31m[K5[m[K:
[9.657s]       |              [01;31m[K^[m[K
[9.657s] [01m[K/home/lohitoburrito/uav_app/src/px4_ros_com/src/app/fireforce/fireforce.cpp:354:19:[m[K [01;36m[Knote: [m[K  crosses initialization of ‘[01m[Kfloat radius[m[K’
[9.657s]   354 |             float [01;36m[Kradius[m[K = (sqrt(pow(disp_x, 2) + pow(disp_y, 2)) < 220.0) ? 0.1 : 0.3;
[9.657s]       |                   [01;36m[K^~~~~~[m[K
[9.657s] [01m[K/home/lohitoburrito/uav_app/src/px4_ros_com/src/app/fireforce/fireforce.cpp:353:19:[m[K [01;36m[Knote: [m[K  crosses initialization of ‘[01m[Kfloat target_rad[m[K’
[9.657s]   353 |             float [01;36m[Ktarget_rad[m[K = std::atan2(disp_y, disp_x);
[9.657s]       |                   [01;36m[K^~~~~~~~~~[m[K
[9.657s] [01m[K/home/lohitoburrito/uav_app/src/px4_ros_com/src/app/fireforce/fireforce.cpp:352:19:[m[K [01;36m[Knote: [m[K  crosses initialization of ‘[01m[Kfloat disp_y[m[K’
[9.658s]   352 |             float [01;36m[Kdisp_y[m[K = 320 - marker_y;
[9.658s]       |                   [01;36m[K^~~~~~[m[K
[9.658s] [01m[K/home/lohitoburrito/uav_app/src/px4_ros_com/src/app/fireforce/fireforce.cpp:351:19:[m[K [01;36m[Knote: [m[K  crosses initialization of ‘[01m[Kfloat disp_x[m[K’
[9.658s]   351 |             float [01;36m[Kdisp_x[m[K = marker_x - 320;
[9.658s]       |                   [01;36m[K^~~~~~[m[K
[9.658s] [01m[K/home/lohitoburrito/uav_app/src/px4_ros_com/src/app/fireforce/fireforce.cpp:434:9:[m[K [01;31m[Kerror: [m[Kjump to case label
[9.658s]   434 |         [01;31m[Kdefault[m[K:
[9.658s]       |         [01;31m[K^~~~~~~[m[K
[9.658s] [01m[K/home/lohitoburrito/uav_app/src/px4_ros_com/src/app/fireforce/fireforce.cpp:354:19:[m[K [01;36m[Knote: [m[K  crosses initialization of ‘[01m[Kfloat radius[m[K’
[9.658s]   354 |             float [01;36m[Kradius[m[K = (sqrt(pow(disp_x, 2) + pow(disp_y, 2)) < 220.0) ? 0.1 : 0.3;
[9.658s]       |                   [01;36m[K^~~~~~[m[K
[9.658s] [01m[K/home/lohitoburrito/uav_app/src/px4_ros_com/src/app/fireforce/fireforce.cpp:353:19:[m[K [01;36m[Knote: [m[K  crosses initialization of ‘[01m[Kfloat target_rad[m[K’
[9.659s]   353 |             float [01;36m[Ktarget_rad[m[K = std::atan2(disp_y, disp_x);
[9.659s]       |                   [01;36m[K^~~~~~~~~~[m[K
[9.659s] [01m[K/home/lohitoburrito/uav_app/src/px4_ros_com/src/app/fireforce/fireforce.cpp:352:19:[m[K [01;36m[Knote: [m[K  crosses initialization of ‘[01m[Kfloat disp_y[m[K’
[9.659s]   352 |             float [01;36m[Kdisp_y[m[K = 320 - marker_y;
[9.659s]       |                   [01;36m[K^~~~~~[m[K
[9.659s] [01m[K/home/lohitoburrito/uav_app/src/px4_ros_com/src/app/fireforce/fireforce.cpp:351:19:[m[K [01;36m[Knote: [m[K  crosses initialization of ‘[01m[Kfloat disp_x[m[K’
[9.659s]   351 |             float [01;36m[Kdisp_x[m[K = marker_x - 320;
[9.659s]       |                   [01;36m[K^~~~~~[m[K
[20.033s] gmake[2]: *** [CMakeFiles/fireforce.dir/build.make:76: CMakeFiles/fireforce.dir/src/app/fireforce/fireforce.cpp.o] Error 1
[20.034s] gmake[1]: *** [CMakeFiles/Makefile2:336: CMakeFiles/fireforce.dir/all] Error 2
[20.034s] gmake: *** [Makefile:146: all] Error 2
[20.037s] Invoked command in '/home/lohitoburrito/uav_app/build/px4_ros_com' returned '2': CMAKE_PREFIX_PATH=/home/lohitoburrito/uav_app/install/px4_msgs:/home/lohitoburrito/uav_app/install/px4_ros_com:/opt/ros/humble LD_LIBRARY_PATH=/home/lohitoburrito/uav_app/install/px4_msgs/lib:/home/lohitoburrito/uav_app/install/px4_ros_com/lib:/usr/lib/x86_64-linux-gnu/gazebo-11/plugins:/opt/ros/humble/opt/rviz_ogre_vendor/lib:/opt/ros/humble/lib/x86_64-linux-gnu:/opt/ros/humble/lib /usr/bin/cmake --build /home/lohitoburrito/uav_app/build/px4_ros_com -- -j8 -l8
