[0.245s] Invoking command in '/home/lohitoburrito/uav_app/build/px4_ros_com': CMAKE_PREFIX_PATH=/home/lohitoburrito/uav_app/install/px4_msgs:/home/lohitoburrito/uav_app/install/px4_ros_com:/home/lohitoburrito/libtorch:/opt/ros/humble LD_LIBRARY_PATH=/home/lohitoburrito/uav_app/install/px4_msgs/lib:/home/lohitoburrito/libtorch/lib:/home/lohitoburrito/uav_app/install/px4_ros_com/lib:/usr/lib/x86_64-linux-gnu/gazebo-11/plugins:/opt/ros/humble/opt/rviz_ogre_vendor/lib:/opt/ros/humble/lib/x86_64-linux-gnu:/opt/ros/humble/lib /usr/bin/cmake --build /home/lohitoburrito/uav_app/build/px4_ros_com -- -j8 -l8
[0.285s] -- Found ament_cmake: 1.3.11 (/opt/ros/humble/share/ament_cmake/cmake)
[0.505s] -- Found builtin_interfaces: 1.2.1 (/opt/ros/humble/share/builtin_interfaces/cmake)
[0.958s] -- Found rosidl_generator_c: 3.1.6 (/opt/ros/humble/share/rosidl_generator_c/cmake)
[0.964s] -- Found rosidl_adapter: 3.1.6 (/opt/ros/humble/share/rosidl_adapter/cmake)
[0.977s] -- Found rosidl_generator_cpp: 3.1.6 (/opt/ros/humble/share/rosidl_generator_cpp/cmake)
[0.997s] -- Using all available rosidl_typesupport_c: rosidl_typesupport_fastrtps_c;rosidl_typesupport_introspection_c
[1.025s] -- Using all available rosidl_typesupport_cpp: rosidl_typesupport_fastrtps_cpp;rosidl_typesupport_introspection_cpp
[1.048s] -- Found eigen3_cmake_module: 0.1.1 (/opt/ros/humble/share/eigen3_cmake_module/cmake)
[1.054s] -- Found geometry_msgs: 4.2.4 (/opt/ros/humble/share/geometry_msgs/cmake)
[1.099s] -- Found px4_msgs: 2.0.1 (/home/lohitoburrito/uav_app/install/px4_msgs/share/px4_msgs/cmake)
[1.112s] -- Found rclcpp: 16.0.11 (/opt/ros/humble/share/rclcpp/cmake)
[1.177s] -- Found rmw_implementation_cmake: 6.1.2 (/opt/ros/humble/share/rmw_implementation_cmake/cmake)
[1.181s] -- Found rmw_fastrtps_cpp: 6.2.7 (/opt/ros/humble/share/rmw_fastrtps_cpp/cmake)
[12.615s] -- Using RMW implementation 'rmw_fastrtps_cpp' as default
[12.702s] -- Found sensor_msgs: 4.2.4 (/opt/ros/humble/share/sensor_msgs/cmake)
[12.733s] -- Found rclpy: 3.3.15 (/opt/ros/humble/share/rclpy/cmake)
[12.745s] -- Found cv_bridge: 3.2.1 (/opt/ros/humble/share/cv_bridge/cmake)
[12.762s] -- Found ament_lint_auto: 0.12.11 (/opt/ros/humble/share/ament_lint_auto/cmake)
[12.889s] -- Added test 'copyright' to check source files copyright and LICENSE
[12.891s] -- Added test 'cppcheck' to perform static code analysis on C / C++ code
[12.892s] -- Configured cppcheck include dirs: /home/lohitoburrito/uav_app/src/px4_ros_com/include;$<BUILD_INTERFACE:/home/lohitoburrito/uav_app/src/px4_ros_com/include/px4_ros_com>
[12.892s] -- Configured cppcheck exclude dirs and/or files: 
[12.894s] -- Added test 'cpplint' to check C / C++ code against the Google style
[12.894s] -- Configured cpplint exclude dirs and/or files: 
[12.895s] -- Added test 'flake8' to check Python code syntax and style conventions
[12.896s] -- Added test 'lint_cmake' to check CMake code style
[12.897s] -- Added test 'pep257' to check Python code against some of the docstring style conventions in PEP 257
[12.899s] -- Added test 'uncrustify' to check C / C++ code style
[12.899s] -- Configured uncrustify additional arguments: 
[12.899s] -- Added test 'xmllint' to check XML markup files
[12.902s] -- Configuring done
[12.970s] -- Generating done
[12.990s] -- Build files have been written to: /home/lohitoburrito/uav_app/build/px4_ros_com
[13.027s] [35m[1mConsolidate compiler generated dependencies of target sensor_combined_listener[0m
[13.029s] [35m[1mConsolidate compiler generated dependencies of target debug_vect_advertiser[0m
[13.030s] [35m[1mConsolidate compiler generated dependencies of target offboard_control_srv[0m
[13.033s] [35m[1mConsolidate compiler generated dependencies of target offboard_control[0m
[13.034s] [35m[1mConsolidate compiler generated dependencies of target vehicle_gps_position_listener[0m
[13.037s] [35m[1mConsolidate compiler generated dependencies of target reconnaissance[0m
[13.051s] [  6%] [32mBuilding CXX object CMakeFiles/fireforce.dir/src/app/fireforce/fireforce.cpp.o[0m
[13.055s] [35m[1mConsolidate compiler generated dependencies of target frame_transforms[0m
[13.056s] [ 18%] Built target offboard_control_srv
[13.064s] [ 31%] Built target debug_vect_advertiser
[13.073s] [ 56%] Built target sensor_combined_listener
[13.073s] [ 56%] Built target vehicle_gps_position_listener
[13.075s] [ 68%] Built target offboard_control
[13.084s] [ 87%] Built target frame_transforms
[13.084s] [ 93%] Built target reconnaissance
[13.105s] [ 93%] Built target ament_cmake_python_copy_px4_ros_com
[13.458s] running egg_info
[13.487s] writing px4_ros_com.egg-info/PKG-INFO
[13.488s] writing dependency_links to px4_ros_com.egg-info/dependency_links.txt
[13.488s] writing top-level names to px4_ros_com.egg-info/top_level.txt
[13.571s] reading manifest file 'px4_ros_com.egg-info/SOURCES.txt'
[13.572s] writing manifest file 'px4_ros_com.egg-info/SOURCES.txt'
[13.632s] [ 93%] Built target ament_cmake_python_build_px4_ros_com_egg
[19.408s] [01m[K/home/lohitoburrito/uav_app/src/px4_ros_com/src/app/fireforce/fireforce.cpp:[m[K In constructor ‘[01m[KUAVCommand::UAVCommand()[m[K’:
[19.408s] [01m[K/home/lohitoburrito/uav_app/src/px4_ros_com/src/app/fireforce/fireforce.cpp:119:5:[m[K [01;31m[Kerror: [m[K‘[01m[Kvehicle_attitude_subscriber[m[K’ was not declared in this scope
[19.408s]   119 |     [01;31m[Kvehicle_attitude_subscriber[m[K = this->create_subscription<VehicleAttitude>(
[19.408s]       |     [01;31m[K^~~~~~~~~~~~~~~~~~~~~~~~~~~[m[K
[19.408s] [01m[K/home/lohitoburrito/uav_app/src/px4_ros_com/src/app/fireforce/fireforce.cpp:122:32:[m[K [01;31m[Kerror: [m[K‘[01m[Kread_vehicle_attitude[m[K’ is not a member of ‘[01m[KUAVCommand[m[K’
[19.408s]   122 |         std::bind(&UAVCommand::[01;31m[Kread_vehicle_attitude[m[K, this, std::placeholders::_1)
[19.409s]       |                                [01;31m[K^~~~~~~~~~~~~~~~~~~~~[m[K
[19.497s] [01m[K/home/lohitoburrito/uav_app/src/px4_ros_com/src/app/fireforce/fireforce.cpp:[m[K In member function ‘[01m[Kvoid UAVCommand::read_camera_image_raw(sensor_msgs::msg::Image_<std::allocator<void> >::SharedPtr)[m[K’:
[19.498s] [01m[K/home/lohitoburrito/uav_app/src/px4_ros_com/src/app/fireforce/fireforce.cpp:231:46:[m[K [01;31m[Kerror: [m[Kno matching function for call to ‘[01m[KUAVCommand::publish_offboard_control_mode(bool, bool)[m[K’
[19.498s]   231 |                 [01;31m[Kpublish_offboard_control_mode(true, false)[m[K;
[19.498s]       |                 [01;31m[K~~~~~~~~~~~~~~~~~~~~~~~~~~~~~^~~~~~~~~~~~~[m[K
[19.498s] [01m[K/home/lohitoburrito/uav_app/src/px4_ros_com/src/app/fireforce/fireforce.cpp:42:14:[m[K [01;36m[Knote: [m[Kcandidate: ‘[01m[Kvoid UAVCommand::publish_offboard_control_mode()[m[K’
[19.498s]    42 |         void [01;36m[Kpublish_offboard_control_mode[m[K();
[19.498s]       |              [01;36m[K^~~~~~~~~~~~~~~~~~~~~~~~~~~~~[m[K
[19.499s] [01m[K/home/lohitoburrito/uav_app/src/px4_ros_com/src/app/fireforce/fireforce.cpp:42:14:[m[K [01;36m[Knote: [m[K  candidate expects 0 arguments, 2 provided
[19.501s] [01m[K/home/lohitoburrito/uav_app/src/px4_ros_com/src/app/fireforce/fireforce.cpp:[m[K At global scope:
[19.501s] [01m[K/home/lohitoburrito/uav_app/src/px4_ros_com/src/app/fireforce/fireforce.cpp:255:6:[m[K [01;31m[Kerror: [m[Kno declaration matches ‘[01m[Kvoid UAVCommand::publish_offboard_control_mode(bool, bool)[m[K’
[19.502s]   255 | void [01;31m[KUAVCommand[m[K::publish_offboard_control_mode(bool pos, bool vel) {
[19.502s]       |      [01;31m[K^~~~~~~~~~[m[K
[19.502s] [01m[K/home/lohitoburrito/uav_app/src/px4_ros_com/src/app/fireforce/fireforce.cpp:42:14:[m[K [01;36m[Knote: [m[Kcandidate is: ‘[01m[Kvoid UAVCommand::publish_offboard_control_mode()[m[K’
[19.502s]    42 |         void [01;36m[Kpublish_offboard_control_mode[m[K();
[19.502s]       |              [01;36m[K^~~~~~~~~~~~~~~~~~~~~~~~~~~~~[m[K
[19.502s] [01m[K/home/lohitoburrito/uav_app/src/px4_ros_com/src/app/fireforce/fireforce.cpp:30:7:[m[K [01;36m[Knote: [m[K‘[01m[Kclass UAVCommand[m[K’ defined here
[19.502s]    30 | class [01;36m[KUAVCommand[m[K : public rclcpp::Node
[19.502s]       |       [01;36m[K^~~~~~~~~~[m[K
[19.508s] [01m[K/home/lohitoburrito/uav_app/src/px4_ros_com/src/app/fireforce/fireforce.cpp:[m[K In member function ‘[01m[Kvoid UAVCommand::run_mission()[m[K’:
[19.508s] [01m[K/home/lohitoburrito/uav_app/src/px4_ros_com/src/app/fireforce/fireforce.cpp:389:34:[m[K [01;31m[Kerror: [m[Kno matching function for call to ‘[01m[KUAVCommand::publish_offboard_control_mode(bool, bool)[m[K’
[19.508s]   389 |     [01;31m[Kpublish_offboard_control_mode(true, false)[m[K;
[19.508s]       |     [01;31m[K~~~~~~~~~~~~~~~~~~~~~~~~~~~~~^~~~~~~~~~~~~[m[K
[19.508s] [01m[K/home/lohitoburrito/uav_app/src/px4_ros_com/src/app/fireforce/fireforce.cpp:42:14:[m[K [01;36m[Knote: [m[Kcandidate: ‘[01m[Kvoid UAVCommand::publish_offboard_control_mode()[m[K’
[19.508s]    42 |         void [01;36m[Kpublish_offboard_control_mode[m[K();
[19.508s]       |              [01;36m[K^~~~~~~~~~~~~~~~~~~~~~~~~~~~~[m[K
[19.508s] [01m[K/home/lohitoburrito/uav_app/src/px4_ros_com/src/app/fireforce/fireforce.cpp:42:14:[m[K [01;36m[Knote: [m[K  candidate expects 0 arguments, 2 provided
[28.283s] gmake[2]: *** [CMakeFiles/fireforce.dir/build.make:76: CMakeFiles/fireforce.dir/src/app/fireforce/fireforce.cpp.o] Error 1
[28.283s] gmake[1]: *** [CMakeFiles/Makefile2:336: CMakeFiles/fireforce.dir/all] Error 2
[28.283s] gmake: *** [Makefile:146: all] Error 2
[28.289s] Invoked command in '/home/lohitoburrito/uav_app/build/px4_ros_com' returned '2': CMAKE_PREFIX_PATH=/home/lohitoburrito/uav_app/install/px4_msgs:/home/lohitoburrito/uav_app/install/px4_ros_com:/home/lohitoburrito/libtorch:/opt/ros/humble LD_LIBRARY_PATH=/home/lohitoburrito/uav_app/install/px4_msgs/lib:/home/lohitoburrito/libtorch/lib:/home/lohitoburrito/uav_app/install/px4_ros_com/lib:/usr/lib/x86_64-linux-gnu/gazebo-11/plugins:/opt/ros/humble/opt/rviz_ogre_vendor/lib:/opt/ros/humble/lib/x86_64-linux-gnu:/opt/ros/humble/lib /usr/bin/cmake --build /home/lohitoburrito/uav_app/build/px4_ros_com -- -j8 -l8
