[0.028s] Invoking command in '/home/lohitoburrito/uav_app/build/px4_msgs': CMAKE_PREFIX_PATH=${CMAKE_PREFIX_PATH}:/opt/ros/humble /usr/bin/cmake --build /home/lohitoburrito/uav_app/build/px4_msgs -- -j8 -l8
[1.083s] [  0%] Built target px4_msgs__cpp
[1.148s] [ 12%] Built target px4_msgs__rosidl_generator_c
[1.275s] [ 24%] Built target px4_msgs__rosidl_typesupport_cpp
[1.294s] [ 37%] Built target px4_msgs__rosidl_typesupport_c
[1.302s] [ 57%] Built target px4_msgs__rosidl_typesupport_fastrtps_cpp
[1.302s] [ 62%] Built target px4_msgs__rosidl_typesupport_introspection_cpp
[1.305s] [ 75%] Built target px4_msgs__rosidl_typesupport_introspection_c
[1.357s] [ 88%] Built target px4_msgs__rosidl_typesupport_fastrtps_c
[1.384s] [ 88%] Built target px4_msgs
[1.393s] [ 88%] Built target ament_cmake_python_copy_px4_msgs
[1.425s] [ 88%] Built target px4_msgs__py
[1.558s] [100%] Built target px4_msgs__rosidl_generator_py
[1.608s] [100%] Built target px4_msgs__rosidl_typesupport_fastrtps_c__pyext
[1.621s] [100%] Built target px4_msgs__rosidl_typesupport_introspection_c__pyext
[1.625s] [100%] Built target px4_msgs__rosidl_typesupport_c__pyext
[1.740s] running egg_info
[1.762s] writing px4_msgs.egg-info/PKG-INFO
[1.762s] writing dependency_links to px4_msgs.egg-info/dependency_links.txt
[1.763s] writing top-level names to px4_msgs.egg-info/top_level.txt
[1.806s] interrupted
[1.847s] gmake[2]: *** [CMakeFiles/ament_cmake_python_build_px4_msgs_egg.dir/build.make:70: CMakeFiles/ament_cmake_python_build_px4_msgs_egg] Interrupt
[1.847s] gmake[1]: *** [CMakeFiles/Makefile2:447: CMakeFiles/ament_cmake_python_build_px4_msgs_egg.dir/all] Interrupt
[1.847s] gmake: *** [Makefile:146: all] Interrupt
[1.849s] Invoked command in '/home/lohitoburrito/uav_app/build/px4_msgs' returned '-2': CMAKE_PREFIX_PATH=${CMAKE_PREFIX_PATH}:/opt/ros/humble /usr/bin/cmake --build /home/lohitoburrito/uav_app/build/px4_msgs -- -j8 -l8
