[0.382s] Invoking command in '/home/lohitoburrito/uav_app/build/px4_ros_com': CMAKE_PREFIX_PATH=/home/lohitoburrito/uav_app/install/px4_msgs:/home/lohitoburrito/uav_app/install/px4_ros_com:/opt/ros/humble LD_LIBRARY_PATH=/home/lohitoburrito/uav_app/install/px4_msgs/lib:/home/lohitoburrito/uav_app/install/px4_ros_com/lib:/usr/lib/x86_64-linux-gnu/gazebo-11/plugins:/opt/ros/humble/opt/rviz_ogre_vendor/lib:/opt/ros/humble/lib/x86_64-linux-gnu:/opt/ros/humble/lib /usr/bin/cmake --build /home/lohitoburrito/uav_app/build/px4_ros_com -- -j8 -l8
[0.482s] [35m[1mConsolidate compiler generated dependencies of target fireforce[0m
[0.499s] [ 12%] Built target frame_transforms
[0.499s] [ 25%] Built target sensor_combined_listener
[0.504s] [ 37%] Built target debug_vect_advertiser
[0.504s] [ 50%] Built target reconnaissance
[0.513s] [ 62%] Built target vehicle_gps_position_listener
[0.516s] [ 75%] Built target offboard_control
[0.523s] [ 87%] Built target offboard_control_srv
[0.528s] [ 93%] [32mBuilding CXX object CMakeFiles/fireforce.dir/src/app/fireforce/fireforce.cpp.o[0m
[0.557s] [ 93%] Built target ament_cmake_python_copy_px4_ros_com
[1.022s] running egg_info
[1.064s] writing px4_ros_com.egg-info/PKG-INFO
[1.067s] writing dependency_links to px4_ros_com.egg-info/dependency_links.txt
[1.068s] writing top-level names to px4_ros_com.egg-info/top_level.txt
[1.183s] reading manifest file 'px4_ros_com.egg-info/SOURCES.txt'
[1.186s] writing manifest file 'px4_ros_com.egg-info/SOURCES.txt'
[1.267s] [ 93%] Built target ament_cmake_python_build_px4_ros_com_egg
[9.923s] In file included from [01m[K/home/lohitoburrito/uav_app/src/px4_ros_com/src/app/fireforce/fireforce.cpp:21[m[K:
[9.923s] [01m[K/home/lohitoburrito/uav_app/src/px4_ros_com/src/app/fireforce/fireforce.cpp:[m[K In member function ‘[01m[Kvoid UAVCommand::read_camera_image_raw(sensor_msgs::msg::Image_<std::allocator<void> >::SharedPtr)[m[K’:
[9.923s] [01m[K/home/lohitoburrito/uav_app/src/px4_ros_com/src/app/fireforce/fireforce.cpp:263:58:[m[K [01;31m[Kerror: [m[Kinvalid use of non-static member function ‘[01m[Ksize_t UAVCommand::read_callback(void*, size_t, size_t, void*)[m[K’
[9.924s]   263 |             curl_easy_setopt(curl, CURLOPT_READFUNCTION, [01;31m[Kread_callback[m[K);
[9.924s]       |                                                          [01;31m[K^~~~~~~~~~~~~[m[K
[9.925s] [01m[K/home/lohitoburrito/uav_app/src/px4_ros_com/src/app/fireforce/fireforce.cpp:170:8:[m[K [01;36m[Knote: [m[Kdeclared here
[9.925s]   170 | size_t [01;36m[KUAVCommand[m[K::read_callback(void *ptr, size_t size, size_t nmemb, void *stream) {
[9.926s]       |        [01;36m[K^~~~~~~~~~[m[K
[22.560s] gmake[2]: *** [CMakeFiles/fireforce.dir/build.make:76: CMakeFiles/fireforce.dir/src/app/fireforce/fireforce.cpp.o] Error 1
[22.561s] gmake[1]: *** [CMakeFiles/Makefile2:336: CMakeFiles/fireforce.dir/all] Error 2
[22.562s] gmake: *** [Makefile:146: all] Error 2
[22.566s] Invoked command in '/home/lohitoburrito/uav_app/build/px4_ros_com' returned '2': CMAKE_PREFIX_PATH=/home/lohitoburrito/uav_app/install/px4_msgs:/home/lohitoburrito/uav_app/install/px4_ros_com:/opt/ros/humble LD_LIBRARY_PATH=/home/lohitoburrito/uav_app/install/px4_msgs/lib:/home/lohitoburrito/uav_app/install/px4_ros_com/lib:/usr/lib/x86_64-linux-gnu/gazebo-11/plugins:/opt/ros/humble/opt/rviz_ogre_vendor/lib:/opt/ros/humble/lib/x86_64-linux-gnu:/opt/ros/humble/lib /usr/bin/cmake --build /home/lohitoburrito/uav_app/build/px4_ros_com -- -j8 -l8
