[01m[K/home/lohitoburrito/uav_app/src/px4_ros_com/src/app/fireforce/fireforce.cpp:40:29:[m[K [01;31m[Kerror: [m[K‘[01m[KVehicleGlobalPosition[m[K’ does not name a type
   40 |         void read_gps(const [01;31m[KVehicleGlobalPosition[m[K::UniquePtr msg);
      |                             [01;31m[K^~~~~~~~~~~~~~~~~~~~~[m[K
[01m[K/home/lohitoburrito/uav_app/src/px4_ros_com/src/app/fireforce/fireforce.cpp:40:62:[m[K [01;31m[Kerror: [m[Kexpected unqualified-id before ‘[01m[Kmsg[m[K’
   40 |         void read_gps(const VehicleGlobalPosition::UniquePtr [01;31m[Kmsg[m[K);
      |                                                              [01;31m[K^~~[m[K
[01m[K/home/lohitoburrito/uav_app/src/px4_ros_com/src/app/fireforce/fireforce.cpp:40:61:[m[K [01;31m[Kerror: [m[Kexpected ‘[01m[K)[m[K’ before ‘[01m[Kmsg[m[K’
   40 |         void read_gps[34m[K([m[Kconst VehicleGlobalPosition::UniquePtr[01;31m[K [m[K[32m[Kmsg[m[K);
      |                      [34m[K~[m[K                                      [01;31m[K^[m[K[32m[K~~~[m[K
      |                                                             [32m[K)[m[K
[01m[K/home/lohitoburrito/uav_app/src/px4_ros_com/src/app/fireforce/fireforce.cpp:40:52:[m[K [01;31m[Kerror: [m[Kexpected ‘[01m[K;[m[K’ at end of member declaration
   40 |         void read_gps(const VehicleGlobalPosition::[01;31m[KUniquePtr[m[K msg);
      |                                                    [01;31m[K^~~~~~~~~[m[K
      |                                                             [32m[K;[m[K
[01m[K/home/lohitoburrito/uav_app/src/px4_ros_com/src/app/fireforce/fireforce.cpp:40:62:[m[K [01;31m[Kerror: [m[K‘[01m[Kmsg[m[K’ does not name a type
   40 |         void read_gps(const VehicleGlobalPosition::UniquePtr [01;31m[Kmsg[m[K);
      |                                                              [01;31m[K^~~[m[K
[01m[K/home/lohitoburrito/uav_app/src/px4_ros_com/src/app/fireforce/fireforce.cpp:41:29:[m[K [01;31m[Kerror: [m[K‘[01m[KVehicleImu[m[K’ does not name a type
   41 |         void read_imu(const [01;31m[KVehicleImu[m[K::UniquePtr msg);
      |                             [01;31m[K^~~~~~~~~~[m[K
[01m[K/home/lohitoburrito/uav_app/src/px4_ros_com/src/app/fireforce/fireforce.cpp:41:51:[m[K [01;31m[Kerror: [m[Kexpected unqualified-id before ‘[01m[Kmsg[m[K’
   41 |         void read_imu(const VehicleImu::UniquePtr [01;31m[Kmsg[m[K);
      |                                                   [01;31m[K^~~[m[K
[01m[K/home/lohitoburrito/uav_app/src/px4_ros_com/src/app/fireforce/fireforce.cpp:41:50:[m[K [01;31m[Kerror: [m[Kexpected ‘[01m[K)[m[K’ before ‘[01m[Kmsg[m[K’
   41 |         void read_imu[34m[K([m[Kconst VehicleImu::UniquePtr[01;31m[K [m[K[32m[Kmsg[m[K);
      |                      [34m[K~[m[K                           [01;31m[K^[m[K[32m[K~~~[m[K
      |                                                  [32m[K)[m[K
[01m[K/home/lohitoburrito/uav_app/src/px4_ros_com/src/app/fireforce/fireforce.cpp:41:41:[m[K [01;31m[Kerror: [m[Kexpected ‘[01m[K;[m[K’ at end of member declaration
   41 |         void read_imu(const VehicleImu::[01;31m[KUniquePtr[m[K msg);
      |                                         [01;31m[K^~~~~~~~~[m[K
      |                                                  [32m[K;[m[K
[01m[K/home/lohitoburrito/uav_app/src/px4_ros_com/src/app/fireforce/fireforce.cpp:41:51:[m[K [01;31m[Kerror: [m[K‘[01m[Kmsg[m[K’ does not name a type
   41 |         void read_imu(const VehicleImu::UniquePtr [01;31m[Kmsg[m[K);
      |                                                   [01;31m[K^~~[m[K
[01m[K/home/lohitoburrito/uav_app/src/px4_ros_com/src/app/fireforce/fireforce.cpp:[m[K In constructor ‘[01m[KHTTPServer::HTTPServer()[m[K’:
[01m[K/home/lohitoburrito/uav_app/src/px4_ros_com/src/app/fireforce/fireforce.cpp:82:5:[m[K [01;31m[Kerror: [m[K‘[01m[Klocal_position_subscriber[m[K’ was not declared in this scope
   82 |     [01;31m[Klocal_position_subscriber[m[K = this->create_subscription<VehicleGlobalPosition>(
      |     [01;31m[K^~~~~~~~~~~~~~~~~~~~~~~~~[m[K
[01m[K/home/lohitoburrito/uav_app/src/px4_ros_com/src/app/fireforce/fireforce.cpp:82:59:[m[K [01;31m[Kerror: [m[K‘[01m[KVehicleGlobalPosition[m[K’ was not declared in this scope
   82 |     local_position_subscriber = this->create_subscription<[01;31m[KVehicleGlobalPosition[m[K>(
      |                                                           [01;31m[K^~~~~~~~~~~~~~~~~~~~~[m[K
[01m[K/home/lohitoburrito/uav_app/src/px4_ros_com/src/app/fireforce/fireforce.cpp:82:81:[m[K [01;31m[Kerror: [m[Kno matching function for call to ‘[01m[KHTTPServer::create_subscription<<expression error> >(const char [33], rclcpp::QoS&, std::_Bind_helper<false, void (HTTPServer::*)(...), HTTPServer*, const std::_Placeholder<1>&>::type)[m[K’
   82 |     local_position_subscriber = [01;31m[Kthis->create_subscription<VehicleGlobalPosition>([m[K
      |                                 [01;31m[K~~~~~~~~~~~~~~~~~~~~~~~~~~~~~~~~~~~~~~~~~~~~~~~~^[m[K
   83 | [01;31m[K        "/fmu/out/vehicle_global_position",[m[K
      |         [01;31m[K~~~~~~~~~~~~~~~~~~~~~~~~~~~~~~~~~~~[m[K                                      
   84 | [01;31m[K        qos_pos,[m[K
      |         [01;31m[K~~~~~~~~[m[K                                                                 
   85 | [01;31m[K        std::bind(&HTTPServer::read_gps, this, std::placeholders::_1)[m[K
      |         [01;31m[K~~~~~~~~~~~~~~~~~~~~~~~~~~~~~~~~~~~~~~~~~~~~~~~~~~~~~~~~~~~~~[m[K            
   86 | [01;31m[K    )[m[K;
      |     [01;31m[K~[m[K                                                                            
In file included from [01m[K/opt/ros/humble/include/rclcpp/rclcpp/executors/single_threaded_executor.hpp:28[m[K,
                 from [01m[K/opt/ros/humble/include/rclcpp/rclcpp/executors.hpp:22[m[K,
                 from [01m[K/opt/ros/humble/include/rclcpp/rclcpp/rclcpp.hpp:155[m[K,
                 from [01m[K/home/lohitoburrito/uav_app/src/px4_ros_com/src/app/fireforce/fireforce.cpp:9[m[K:
[01m[K/opt/ros/humble/include/rclcpp/rclcpp/node.hpp:219:3:[m[K [01;36m[Knote: [m[Kcandidate: ‘[01m[Ktemplate<class MessageT, class CallbackT, class AllocatorT, class SubscriptionT, class MessageMemoryStrategyT> std::shared_ptr<ROSMessageT> rclcpp::Node::create_subscription(const string&, const rclcpp::QoS&, CallbackT&&, const rclcpp::SubscriptionOptionsWithAllocator<AllocatorT>&, typename MessageMemoryStrategyT::SharedPtr)[m[K’
  219 |   [01;36m[Kcreate_subscription[m[K(
      |   [01;36m[K^~~~~~~~~~~~~~~~~~~[m[K
[01m[K/opt/ros/humble/include/rclcpp/rclcpp/node.hpp:219:3:[m[K [01;36m[Knote: [m[K  template argument deduction/substitution failed:
[01m[K/home/lohitoburrito/uav_app/src/px4_ros_com/src/app/fireforce/fireforce.cpp:82:81:[m[K [01;31m[Kerror: [m[Ktemplate argument 1 is invalid
   82 |     local_position_subscriber = [01;31m[Kthis->create_subscription<VehicleGlobalPosition>([m[K
      |                                 [01;31m[K~~~~~~~~~~~~~~~~~~~~~~~~~~~~~~~~~~~~~~~~~~~~~~~~^[m[K
   83 | [01;31m[K        "/fmu/out/vehicle_global_position",[m[K
      |         [01;31m[K~~~~~~~~~~~~~~~~~~~~~~~~~~~~~~~~~~~[m[K                                      
   84 | [01;31m[K        qos_pos,[m[K
      |         [01;31m[K~~~~~~~~[m[K                                                                 
   85 | [01;31m[K        std::bind(&HTTPServer::read_gps, this, std::placeholders::_1)[m[K
      |         [01;31m[K~~~~~~~~~~~~~~~~~~~~~~~~~~~~~~~~~~~~~~~~~~~~~~~~~~~~~~~~~~~~~[m[K            
   86 | [01;31m[K    )[m[K;
      |     [01;31m[K~[m[K                                                                            
[01m[K/home/lohitoburrito/uav_app/src/px4_ros_com/src/app/fireforce/fireforce.cpp:88:5:[m[K [01;31m[Kerror: [m[K‘[01m[Kcamera_image_raw_subscriber[m[K’ was not declared in this scope
   88 |     [01;31m[Kcamera_image_raw_subscriber[m[K = this->create_subscription<>(
      |     [01;31m[K^~~~~~~~~~~~~~~~~~~~~~~~~~~[m[K
[01m[K/home/lohitoburrito/uav_app/src/px4_ros_com/src/app/fireforce/fireforce.cpp:88:62:[m[K [01;31m[Kerror: [m[Kno matching function for call to ‘[01m[KHTTPServer::create_subscription(const char [25], rclcpp::QoS&, std::_Bind_helper<false, void (HTTPServer::*)(...), HTTPServer*, const std::_Placeholder<1>&>::type)[m[K’
   88 |     camera_image_raw_subscriber = [01;31m[Kthis->create_subscription<>([m[K
      |                                   [01;31m[K~~~~~~~~~~~~~~~~~~~~~~~~~~~^[m[K
   89 | [01;31m[K        "/fmu/out/sensor_combined",[m[K
      |         [01;31m[K~~~~~~~~~~~~~~~~~~~~~~~~~~~[m[K                           
   90 | [01;31m[K        qos_imu,[m[K
      |         [01;31m[K~~~~~~~~[m[K                                              
   91 | [01;31m[K        std::bind(&HTTPServer::read_imu, this, std::placeholders::_1)[m[K
      |         [01;31m[K~~~~~~~~~~~~~~~~~~~~~~~~~~~~~~~~~~~~~~~~~~~~~~~~~~~~~~~~~~~~~[m[K
   92 | [01;31m[K    )[m[K;
      |     [01;31m[K~[m[K                                                         
In file included from [01m[K/opt/ros/humble/include/rclcpp/rclcpp/executors/single_threaded_executor.hpp:28[m[K,
                 from [01m[K/opt/ros/humble/include/rclcpp/rclcpp/executors.hpp:22[m[K,
                 from [01m[K/opt/ros/humble/include/rclcpp/rclcpp/rclcpp.hpp:155[m[K,
                 from [01m[K/home/lohitoburrito/uav_app/src/px4_ros_com/src/app/fireforce/fireforce.cpp:9[m[K:
[01m[K/opt/ros/humble/include/rclcpp/rclcpp/node.hpp:219:3:[m[K [01;36m[Knote: [m[Kcandidate: ‘[01m[Ktemplate<class MessageT, class CallbackT, class AllocatorT, class SubscriptionT, class MessageMemoryStrategyT> std::shared_ptr<ROSMessageT> rclcpp::Node::create_subscription(const string&, const rclcpp::QoS&, CallbackT&&, const rclcpp::SubscriptionOptionsWithAllocator<AllocatorT>&, typename MessageMemoryStrategyT::SharedPtr)[m[K’
  219 |   [01;36m[Kcreate_subscription[m[K(
      |   [01;36m[K^~~~~~~~~~~~~~~~~~~[m[K
[01m[K/opt/ros/humble/include/rclcpp/rclcpp/node.hpp:219:3:[m[K [01;36m[Knote: [m[K  template argument deduction/substitution failed:
[01m[K/home/lohitoburrito/uav_app/src/px4_ros_com/src/app/fireforce/fireforce.cpp:88:62:[m[K [01;36m[Knote: [m[K  couldn’t deduce template parameter ‘[01m[KMessageT[m[K’
   88 |     camera_image_raw_subscriber = [01;36m[Kthis->create_subscription<>([m[K
      |                                   [01;36m[K~~~~~~~~~~~~~~~~~~~~~~~~~~~^[m[K
   89 | [01;36m[K        "/fmu/out/sensor_combined",[m[K
      |         [01;36m[K~~~~~~~~~~~~~~~~~~~~~~~~~~~[m[K                           
   90 | [01;36m[K        qos_imu,[m[K
      |         [01;36m[K~~~~~~~~[m[K                                              
   91 | [01;36m[K        std::bind(&HTTPServer::read_imu, this, std::placeholders::_1)[m[K
      |         [01;36m[K~~~~~~~~~~~~~~~~~~~~~~~~~~~~~~~~~~~~~~~~~~~~~~~~~~~~~~~~~~~~~[m[K
   92 | [01;36m[K    )[m[K;
      |     [01;36m[K~[m[K                                                         
[01m[K/home/lohitoburrito/uav_app/src/px4_ros_com/src/app/fireforce/fireforce.cpp:[m[K At global scope:
[01m[K/home/lohitoburrito/uav_app/src/px4_ros_com/src/app/fireforce/fireforce.cpp:170:33:[m[K [01;31m[Kerror: [m[K‘[01m[KVehicleGlobalPosition[m[K’ does not name a type
  170 | void HTTPServer::read_gps(const [01;31m[KVehicleGlobalPosition[m[K::UniquePtr msg) {
      |                                 [01;31m[K^~~~~~~~~~~~~~~~~~~~~[m[K
[01m[K/home/lohitoburrito/uav_app/src/px4_ros_com/src/app/fireforce/fireforce.cpp:170:66:[m[K [01;31m[Kerror: [m[Kexpected unqualified-id before ‘[01m[Kmsg[m[K’
  170 | void HTTPServer::read_gps(const VehicleGlobalPosition::UniquePtr [01;31m[Kmsg[m[K) {
      |                                                                  [01;31m[K^~~[m[K
[01m[K/home/lohitoburrito/uav_app/src/px4_ros_com/src/app/fireforce/fireforce.cpp:170:65:[m[K [01;31m[Kerror: [m[Kexpected ‘[01m[K)[m[K’ before ‘[01m[Kmsg[m[K’
  170 | void HTTPServer::read_gps[34m[K([m[Kconst VehicleGlobalPosition::UniquePtr[01;31m[K [m[K[32m[Kmsg[m[K) {
      |                          [34m[K~[m[K                                      [01;31m[K^[m[K[32m[K~~~[m[K
      |                                                                 [32m[K)[m[K
[01m[K/home/lohitoburrito/uav_app/src/px4_ros_com/src/app/fireforce/fireforce.cpp:170:66:[m[K [01;31m[Kerror: [m[Kexpected initializer before ‘[01m[Kmsg[m[K’
  170 | void HTTPServer::read_gps(const VehicleGlobalPosition::UniquePtr [01;31m[Kmsg[m[K) {
      |                                                                  [01;31m[K^~~[m[K
[01m[K/home/lohitoburrito/uav_app/src/px4_ros_com/src/app/fireforce/fireforce.cpp:179:33:[m[K [01;31m[Kerror: [m[K‘[01m[KVehicleImu[m[K’ does not name a type
  179 | void HTTPServer::read_imu(const [01;31m[KVehicleImu[m[K::UniquePtr msg) {
      |                                 [01;31m[K^~~~~~~~~~[m[K
[01m[K/home/lohitoburrito/uav_app/src/px4_ros_com/src/app/fireforce/fireforce.cpp:179:55:[m[K [01;31m[Kerror: [m[Kexpected unqualified-id before ‘[01m[Kmsg[m[K’
  179 | void HTTPServer::read_imu(const VehicleImu::UniquePtr [01;31m[Kmsg[m[K) {
      |                                                       [01;31m[K^~~[m[K
[01m[K/home/lohitoburrito/uav_app/src/px4_ros_com/src/app/fireforce/fireforce.cpp:179:54:[m[K [01;31m[Kerror: [m[Kexpected ‘[01m[K)[m[K’ before ‘[01m[Kmsg[m[K’
  179 | void HTTPServer::read_imu[34m[K([m[Kconst VehicleImu::UniquePtr[01;31m[K [m[K[32m[Kmsg[m[K) {
      |                          [34m[K~[m[K                           [01;31m[K^[m[K[32m[K~~~[m[K
      |                                                      [32m[K)[m[K
[01m[K/home/lohitoburrito/uav_app/src/px4_ros_com/src/app/fireforce/fireforce.cpp:179:55:[m[K [01;31m[Kerror: [m[Kexpected initializer before ‘[01m[Kmsg[m[K’
  179 | void HTTPServer::read_imu(const VehicleImu::UniquePtr [01;31m[Kmsg[m[K) {
      |                                                       [01;31m[K^~~[m[K
In file included from [01m[K/opt/ros/humble/include/rclcpp/rclcpp/client.hpp:40[m[K,
                 from [01m[K/opt/ros/humble/include/rclcpp/rclcpp/callback_group.hpp:24[m[K,
                 from [01m[K/opt/ros/humble/include/rclcpp/rclcpp/any_executable.hpp:20[m[K,
                 from [01m[K/opt/ros/humble/include/rclcpp/rclcpp/memory_strategy.hpp:25[m[K,
                 from [01m[K/opt/ros/humble/include/rclcpp/rclcpp/memory_strategies.hpp:18[m[K,
                 from [01m[K/opt/ros/humble/include/rclcpp/rclcpp/executor_options.hpp:20[m[K,
                 from [01m[K/opt/ros/humble/include/rclcpp/rclcpp/executor.hpp:37[m[K,
                 from [01m[K/opt/ros/humble/include/rclcpp/rclcpp/executors/multi_threaded_executor.hpp:25[m[K,
                 from [01m[K/opt/ros/humble/include/rclcpp/rclcpp/executors.hpp:21[m[K,
                 from [01m[K/opt/ros/humble/include/rclcpp/rclcpp/rclcpp.hpp:155[m[K,
                 from [01m[K/home/lohitoburrito/uav_app/src/px4_ros_com/src/app/fireforce/fireforce.cpp:9[m[K:
[01m[K/home/lohitoburrito/uav_app/src/px4_ros_com/src/app/fireforce/fireforce.cpp:[m[K In function ‘[01m[Kint main(int, char**)[m[K’:
[01m[K/home/lohitoburrito/uav_app/src/px4_ros_com/src/app/fireforce/fireforce.cpp:634:17:[m[K [01;31m[Kerror: [m[K‘[01m[Knode1[m[K’ was not declared in this scope
  634 |     RCLCPP_INFO([01;31m[Knode1[m[K->get_logger(), "Running executor with two nodes");
      |                 [01;31m[K^~~~~[m[K
[01m[K/home/lohitoburrito/uav_app/src/px4_ros_com/src/app/fireforce/fireforce.cpp:634:5:[m[K [01;31m[Kerror: [m[Ktemplate argument 1 is invalid
  634 |     [01;31m[KRCLCPP_INFO[m[K(node1->get_logger(), "Running executor with two nodes");
      |     [01;31m[K^~~~~~~~~~~[m[K
[01m[K/home/lohitoburrito/uav_app/src/px4_ros_com/src/app/fireforce/fireforce.cpp:634:5:[m[K [01;31m[Kerror: [m[Ktemplate argument 1 is invalid
  634 |     [01;31m[KRCLCPP_INFO[m[K(node1->get_logger(), "Running executor with two nodes");
      |     [01;31m[K^~~~~~~~~~~[m[K
[01m[K/home/lohitoburrito/uav_app/src/px4_ros_com/src/app/fireforce/fireforce.cpp:634:5:[m[K [01;31m[Kerror: [m[Ktemplate argument 1 is invalid
  634 |     [01;31m[KRCLCPP_INFO[m[K(node1->get_logger(), "Running executor with two nodes");
      |     [01;31m[K^~~~~~~~~~~[m[K
gmake[2]: *** [CMakeFiles/fireforce.dir/build.make:76: CMakeFiles/fireforce.dir/src/app/fireforce/fireforce.cpp.o] Error 1
gmake[1]: *** [CMakeFiles/Makefile2:336: CMakeFiles/fireforce.dir/all] Error 2
gmake: *** [Makefile:146: all] Error 2
