[0.297s] Invoking command in '/home/lohitoburrito/uav_app/build/px4_ros_com': CMAKE_PREFIX_PATH=/home/lohitoburrito/uav_app/install/px4_msgs:/home/lohitoburrito/uav_app/install/px4_ros_com:/opt/ros/humble LD_LIBRARY_PATH=/home/lohitoburrito/uav_app/install/px4_msgs/lib:/home/lohitoburrito/uav_app/install/px4_ros_com/lib:/usr/lib/x86_64-linux-gnu/gazebo-11/plugins:/opt/ros/humble/opt/rviz_ogre_vendor/lib:/opt/ros/humble/lib/x86_64-linux-gnu:/opt/ros/humble/lib /usr/bin/cmake --build /home/lohitoburrito/uav_app/build/px4_ros_com -- -j8 -l8
[0.363s] [35m[1mConsolidate compiler generated dependencies of target fireforce[0m
[0.367s] [ 12%] Built target vehicle_gps_position_listener
[0.370s] [ 25%] Built target debug_vect_advertiser
[0.379s] [ 37%] Built target frame_transforms
[0.388s] [ 50%] Built target sensor_combined_listener
[0.388s] [ 62%] Built target reconnaissance
[0.390s] [ 75%] Built target offboard_control_srv
[0.394s] [ 87%] Built target offboard_control
[0.396s] [ 93%] [32mBuilding CXX object CMakeFiles/fireforce.dir/src/app/fireforce/fireforce.cpp.o[0m
[0.410s] [ 93%] Built target ament_cmake_python_copy_px4_ros_com
[0.724s] running egg_info
[0.747s] writing px4_ros_com.egg-info/PKG-INFO
[0.748s] writing dependency_links to px4_ros_com.egg-info/dependency_links.txt
[0.749s] writing top-level names to px4_ros_com.egg-info/top_level.txt
[0.821s] reading manifest file 'px4_ros_com.egg-info/SOURCES.txt'
[0.829s] writing manifest file 'px4_ros_com.egg-info/SOURCES.txt'
[0.896s] [ 93%] Built target ament_cmake_python_build_px4_ros_com_egg
[6.197s] [01m[K/home/lohitoburrito/uav_app/src/px4_ros_com/src/app/fireforce/fireforce.cpp:40:29:[m[K [01;31m[Kerror: [m[K‘[01m[KVehicleGlobalPosition[m[K’ does not name a type
[6.197s]    40 |         void read_gps(const [01;31m[KVehicleGlobalPosition[m[K::UniquePtr msg);
[6.197s]       |                             [01;31m[K^~~~~~~~~~~~~~~~~~~~~[m[K
[6.197s] [01m[K/home/lohitoburrito/uav_app/src/px4_ros_com/src/app/fireforce/fireforce.cpp:40:62:[m[K [01;31m[Kerror: [m[Kexpected unqualified-id before ‘[01m[Kmsg[m[K’
[6.197s]    40 |         void read_gps(const VehicleGlobalPosition::UniquePtr [01;31m[Kmsg[m[K);
[6.197s]       |                                                              [01;31m[K^~~[m[K
[6.198s] [01m[K/home/lohitoburrito/uav_app/src/px4_ros_com/src/app/fireforce/fireforce.cpp:40:61:[m[K [01;31m[Kerror: [m[Kexpected ‘[01m[K)[m[K’ before ‘[01m[Kmsg[m[K’
[6.198s]    40 |         void read_gps[34m[K([m[Kconst VehicleGlobalPosition::UniquePtr[01;31m[K [m[K[32m[Kmsg[m[K);
[6.198s]       |                      [34m[K~[m[K                                      [01;31m[K^[m[K[32m[K~~~[m[K
[6.198s]       |                                                             [32m[K)[m[K
[6.198s] [01m[K/home/lohitoburrito/uav_app/src/px4_ros_com/src/app/fireforce/fireforce.cpp:40:52:[m[K [01;31m[Kerror: [m[Kexpected ‘[01m[K;[m[K’ at end of member declaration
[6.198s]    40 |         void read_gps(const VehicleGlobalPosition::[01;31m[KUniquePtr[m[K msg);
[6.198s]       |                                                    [01;31m[K^~~~~~~~~[m[K
[6.198s]       |                                                             [32m[K;[m[K
[6.201s] [01m[K/home/lohitoburrito/uav_app/src/px4_ros_com/src/app/fireforce/fireforce.cpp:40:62:[m[K [01;31m[Kerror: [m[K‘[01m[Kmsg[m[K’ does not name a type
[6.201s]    40 |         void read_gps(const VehicleGlobalPosition::UniquePtr [01;31m[Kmsg[m[K);
[6.202s]       |                                                              [01;31m[K^~~[m[K
[6.208s] [01m[K/home/lohitoburrito/uav_app/src/px4_ros_com/src/app/fireforce/fireforce.cpp:41:29:[m[K [01;31m[Kerror: [m[K‘[01m[KVehicleImu[m[K’ does not name a type
[6.209s]    41 |         void read_imu(const [01;31m[KVehicleImu[m[K::UniquePtr msg);
[6.209s]       |                             [01;31m[K^~~~~~~~~~[m[K
[6.209s] [01m[K/home/lohitoburrito/uav_app/src/px4_ros_com/src/app/fireforce/fireforce.cpp:41:51:[m[K [01;31m[Kerror: [m[Kexpected unqualified-id before ‘[01m[Kmsg[m[K’
[6.209s]    41 |         void read_imu(const VehicleImu::UniquePtr [01;31m[Kmsg[m[K);
[6.209s]       |                                                   [01;31m[K^~~[m[K
[6.209s] [01m[K/home/lohitoburrito/uav_app/src/px4_ros_com/src/app/fireforce/fireforce.cpp:41:50:[m[K [01;31m[Kerror: [m[Kexpected ‘[01m[K)[m[K’ before ‘[01m[Kmsg[m[K’
[6.209s]    41 |         void read_imu[34m[K([m[Kconst VehicleImu::UniquePtr[01;31m[K [m[K[32m[Kmsg[m[K);
[6.209s]       |                      [34m[K~[m[K                           [01;31m[K^[m[K[32m[K~~~[m[K
[6.209s]       |                                                  [32m[K)[m[K
[6.209s] [01m[K/home/lohitoburrito/uav_app/src/px4_ros_com/src/app/fireforce/fireforce.cpp:41:41:[m[K [01;31m[Kerror: [m[Kexpected ‘[01m[K;[m[K’ at end of member declaration
[6.209s]    41 |         void read_imu(const VehicleImu::[01;31m[KUniquePtr[m[K msg);
[6.209s]       |                                         [01;31m[K^~~~~~~~~[m[K
[6.210s]       |                                                  [32m[K;[m[K
[6.213s] [01m[K/home/lohitoburrito/uav_app/src/px4_ros_com/src/app/fireforce/fireforce.cpp:41:51:[m[K [01;31m[Kerror: [m[K‘[01m[Kmsg[m[K’ does not name a type
[6.213s]    41 |         void read_imu(const VehicleImu::UniquePtr [01;31m[Kmsg[m[K);
[6.213s]       |                                                   [01;31m[K^~~[m[K
[6.241s] [01m[K/home/lohitoburrito/uav_app/src/px4_ros_com/src/app/fireforce/fireforce.cpp:[m[K In constructor ‘[01m[KHTTPServer::HTTPServer()[m[K’:
[6.241s] [01m[K/home/lohitoburrito/uav_app/src/px4_ros_com/src/app/fireforce/fireforce.cpp:82:5:[m[K [01;31m[Kerror: [m[K‘[01m[Klocal_position_subscriber[m[K’ was not declared in this scope
[6.241s]    82 |     [01;31m[Klocal_position_subscriber[m[K = this->create_subscription<VehicleGlobalPosition>(
[6.241s]       |     [01;31m[K^~~~~~~~~~~~~~~~~~~~~~~~~[m[K
[6.264s] [01m[K/home/lohitoburrito/uav_app/src/px4_ros_com/src/app/fireforce/fireforce.cpp:82:59:[m[K [01;31m[Kerror: [m[K‘[01m[KVehicleGlobalPosition[m[K’ was not declared in this scope
[6.265s]    82 |     local_position_subscriber = this->create_subscription<[01;31m[KVehicleGlobalPosition[m[K>(
[6.265s]       |                                                           [01;31m[K^~~~~~~~~~~~~~~~~~~~~[m[K
[6.272s] [01m[K/home/lohitoburrito/uav_app/src/px4_ros_com/src/app/fireforce/fireforce.cpp:82:81:[m[K [01;31m[Kerror: [m[Kno matching function for call to ‘[01m[KHTTPServer::create_subscription<<expression error> >(const char [33], rclcpp::QoS&, std::_Bind_helper<false, void (HTTPServer::*)(...), HTTPServer*, const std::_Placeholder<1>&>::type)[m[K’
[6.272s]    82 |     local_position_subscriber = [01;31m[Kthis->create_subscription<VehicleGlobalPosition>([m[K
[6.272s]       |                                 [01;31m[K~~~~~~~~~~~~~~~~~~~~~~~~~~~~~~~~~~~~~~~~~~~~~~~~^[m[K
[6.272s]    83 | [01;31m[K        "/fmu/out/vehicle_global_position",[m[K
[6.272s]       |         [01;31m[K~~~~~~~~~~~~~~~~~~~~~~~~~~~~~~~~~~~[m[K                                      
[6.272s]    84 | [01;31m[K        qos_pos,[m[K
[6.272s]       |         [01;31m[K~~~~~~~~[m[K                                                                 
[6.273s]    85 | [01;31m[K        std::bind(&HTTPServer::read_gps, this, std::placeholders::_1)[m[K
[6.273s]       |         [01;31m[K~~~~~~~~~~~~~~~~~~~~~~~~~~~~~~~~~~~~~~~~~~~~~~~~~~~~~~~~~~~~~[m[K            
[6.273s]    86 | [01;31m[K    )[m[K;
[6.273s]       |     [01;31m[K~[m[K                                                                            
[6.273s] In file included from [01m[K/opt/ros/humble/include/rclcpp/rclcpp/executors/single_threaded_executor.hpp:28[m[K,
[6.274s]                  from [01m[K/opt/ros/humble/include/rclcpp/rclcpp/executors.hpp:22[m[K,
[6.274s]                  from [01m[K/opt/ros/humble/include/rclcpp/rclcpp/rclcpp.hpp:155[m[K,
[6.274s]                  from [01m[K/home/lohitoburrito/uav_app/src/px4_ros_com/src/app/fireforce/fireforce.cpp:9[m[K:
[6.275s] [01m[K/opt/ros/humble/include/rclcpp/rclcpp/node.hpp:219:3:[m[K [01;36m[Knote: [m[Kcandidate: ‘[01m[Ktemplate<class MessageT, class CallbackT, class AllocatorT, class SubscriptionT, class MessageMemoryStrategyT> std::shared_ptr<ROSMessageT> rclcpp::Node::create_subscription(const string&, const rclcpp::QoS&, CallbackT&&, const rclcpp::SubscriptionOptionsWithAllocator<AllocatorT>&, typename MessageMemoryStrategyT::SharedPtr)[m[K’
[6.275s]   219 |   [01;36m[Kcreate_subscription[m[K(
[6.275s]       |   [01;36m[K^~~~~~~~~~~~~~~~~~~[m[K
[6.275s] [01m[K/opt/ros/humble/include/rclcpp/rclcpp/node.hpp:219:3:[m[K [01;36m[Knote: [m[K  template argument deduction/substitution failed:
[6.275s] [01m[K/home/lohitoburrito/uav_app/src/px4_ros_com/src/app/fireforce/fireforce.cpp:82:81:[m[K [01;31m[Kerror: [m[Ktemplate argument 1 is invalid
[6.275s]    82 |     local_position_subscriber = [01;31m[Kthis->create_subscription<VehicleGlobalPosition>([m[K
[6.275s]       |                                 [01;31m[K~~~~~~~~~~~~~~~~~~~~~~~~~~~~~~~~~~~~~~~~~~~~~~~~^[m[K
[6.275s]    83 | [01;31m[K        "/fmu/out/vehicle_global_position",[m[K
[6.275s]       |         [01;31m[K~~~~~~~~~~~~~~~~~~~~~~~~~~~~~~~~~~~[m[K                                      
[6.275s]    84 | [01;31m[K        qos_pos,[m[K
[6.275s]       |         [01;31m[K~~~~~~~~[m[K                                                                 
[6.276s]    85 | [01;31m[K        std::bind(&HTTPServer::read_gps, this, std::placeholders::_1)[m[K
[6.276s]       |         [01;31m[K~~~~~~~~~~~~~~~~~~~~~~~~~~~~~~~~~~~~~~~~~~~~~~~~~~~~~~~~~~~~~[m[K            
[6.276s]    86 | [01;31m[K    )[m[K;
[6.276s]       |     [01;31m[K~[m[K                                                                            
[6.307s] [01m[K/home/lohitoburrito/uav_app/src/px4_ros_com/src/app/fireforce/fireforce.cpp:88:5:[m[K [01;31m[Kerror: [m[K‘[01m[Kcamera_image_raw_subscriber[m[K’ was not declared in this scope
[6.308s]    88 |     [01;31m[Kcamera_image_raw_subscriber[m[K = this->create_subscription<>(
[6.308s]       |     [01;31m[K^~~~~~~~~~~~~~~~~~~~~~~~~~~[m[K
[6.308s] [01m[K/home/lohitoburrito/uav_app/src/px4_ros_com/src/app/fireforce/fireforce.cpp:88:62:[m[K [01;31m[Kerror: [m[Kno matching function for call to ‘[01m[KHTTPServer::create_subscription(const char [25], rclcpp::QoS&, std::_Bind_helper<false, void (HTTPServer::*)(...), HTTPServer*, const std::_Placeholder<1>&>::type)[m[K’
[6.308s]    88 |     camera_image_raw_subscriber = [01;31m[Kthis->create_subscription<>([m[K
[6.308s]       |                                   [01;31m[K~~~~~~~~~~~~~~~~~~~~~~~~~~~^[m[K
[6.308s]    89 | [01;31m[K        "/fmu/out/sensor_combined",[m[K
[6.308s]       |         [01;31m[K~~~~~~~~~~~~~~~~~~~~~~~~~~~[m[K                           
[6.308s]    90 | [01;31m[K        qos_imu,[m[K
[6.308s]       |         [01;31m[K~~~~~~~~[m[K                                              
[6.309s]    91 | [01;31m[K        std::bind(&HTTPServer::read_imu, this, std::placeholders::_1)[m[K
[6.309s]       |         [01;31m[K~~~~~~~~~~~~~~~~~~~~~~~~~~~~~~~~~~~~~~~~~~~~~~~~~~~~~~~~~~~~~[m[K
[6.309s]    92 | [01;31m[K    )[m[K;
[6.309s]       |     [01;31m[K~[m[K                                                         
[6.309s] In file included from [01m[K/opt/ros/humble/include/rclcpp/rclcpp/executors/single_threaded_executor.hpp:28[m[K,
[6.309s]                  from [01m[K/opt/ros/humble/include/rclcpp/rclcpp/executors.hpp:22[m[K,
[6.309s]                  from [01m[K/opt/ros/humble/include/rclcpp/rclcpp/rclcpp.hpp:155[m[K,
[6.309s]                  from [01m[K/home/lohitoburrito/uav_app/src/px4_ros_com/src/app/fireforce/fireforce.cpp:9[m[K:
[6.309s] [01m[K/opt/ros/humble/include/rclcpp/rclcpp/node.hpp:219:3:[m[K [01;36m[Knote: [m[Kcandidate: ‘[01m[Ktemplate<class MessageT, class CallbackT, class AllocatorT, class SubscriptionT, class MessageMemoryStrategyT> std::shared_ptr<ROSMessageT> rclcpp::Node::create_subscription(const string&, const rclcpp::QoS&, CallbackT&&, const rclcpp::SubscriptionOptionsWithAllocator<AllocatorT>&, typename MessageMemoryStrategyT::SharedPtr)[m[K’
[6.309s]   219 |   [01;36m[Kcreate_subscription[m[K(
[6.310s]       |   [01;36m[K^~~~~~~~~~~~~~~~~~~[m[K
[6.310s] [01m[K/opt/ros/humble/include/rclcpp/rclcpp/node.hpp:219:3:[m[K [01;36m[Knote: [m[K  template argument deduction/substitution failed:
[6.310s] [01m[K/home/lohitoburrito/uav_app/src/px4_ros_com/src/app/fireforce/fireforce.cpp:88:62:[m[K [01;36m[Knote: [m[K  couldn’t deduce template parameter ‘[01m[KMessageT[m[K’
[6.310s]    88 |     camera_image_raw_subscriber = [01;36m[Kthis->create_subscription<>([m[K
[6.310s]       |                                   [01;36m[K~~~~~~~~~~~~~~~~~~~~~~~~~~~^[m[K
[6.310s]    89 | [01;36m[K        "/fmu/out/sensor_combined",[m[K
[6.310s]       |         [01;36m[K~~~~~~~~~~~~~~~~~~~~~~~~~~~[m[K                           
[6.310s]    90 | [01;36m[K        qos_imu,[m[K
[6.310s]       |         [01;36m[K~~~~~~~~[m[K                                              
[6.310s]    91 | [01;36m[K        std::bind(&HTTPServer::read_imu, this, std::placeholders::_1)[m[K
[6.310s]       |         [01;36m[K~~~~~~~~~~~~~~~~~~~~~~~~~~~~~~~~~~~~~~~~~~~~~~~~~~~~~~~~~~~~~[m[K
[6.310s]    92 | [01;36m[K    )[m[K;
[6.310s]       |     [01;36m[K~[m[K                                                         
[6.337s] [01m[K/home/lohitoburrito/uav_app/src/px4_ros_com/src/app/fireforce/fireforce.cpp:[m[K At global scope:
[6.338s] [01m[K/home/lohitoburrito/uav_app/src/px4_ros_com/src/app/fireforce/fireforce.cpp:170:33:[m[K [01;31m[Kerror: [m[K‘[01m[KVehicleGlobalPosition[m[K’ does not name a type
[6.338s]   170 | void HTTPServer::read_gps(const [01;31m[KVehicleGlobalPosition[m[K::UniquePtr msg) {
[6.338s]       |                                 [01;31m[K^~~~~~~~~~~~~~~~~~~~~[m[K
[6.338s] [01m[K/home/lohitoburrito/uav_app/src/px4_ros_com/src/app/fireforce/fireforce.cpp:170:66:[m[K [01;31m[Kerror: [m[Kexpected unqualified-id before ‘[01m[Kmsg[m[K’
[6.338s]   170 | void HTTPServer::read_gps(const VehicleGlobalPosition::UniquePtr [01;31m[Kmsg[m[K) {
[6.338s]       |                                                                  [01;31m[K^~~[m[K
[6.338s] [01m[K/home/lohitoburrito/uav_app/src/px4_ros_com/src/app/fireforce/fireforce.cpp:170:65:[m[K [01;31m[Kerror: [m[Kexpected ‘[01m[K)[m[K’ before ‘[01m[Kmsg[m[K’
[6.338s]   170 | void HTTPServer::read_gps[34m[K([m[Kconst VehicleGlobalPosition::UniquePtr[01;31m[K [m[K[32m[Kmsg[m[K) {
[6.338s]       |                          [34m[K~[m[K                                      [01;31m[K^[m[K[32m[K~~~[m[K
[6.338s]       |                                                                 [32m[K)[m[K
[6.339s] [01m[K/home/lohitoburrito/uav_app/src/px4_ros_com/src/app/fireforce/fireforce.cpp:170:66:[m[K [01;31m[Kerror: [m[Kexpected initializer before ‘[01m[Kmsg[m[K’
[6.339s]   170 | void HTTPServer::read_gps(const VehicleGlobalPosition::UniquePtr [01;31m[Kmsg[m[K) {
[6.339s]       |                                                                  [01;31m[K^~~[m[K
[6.344s] [01m[K/home/lohitoburrito/uav_app/src/px4_ros_com/src/app/fireforce/fireforce.cpp:179:33:[m[K [01;31m[Kerror: [m[K‘[01m[KVehicleImu[m[K’ does not name a type
[6.344s]   179 | void HTTPServer::read_imu(const [01;31m[KVehicleImu[m[K::UniquePtr msg) {
[6.344s]       |                                 [01;31m[K^~~~~~~~~~[m[K
[6.344s] [01m[K/home/lohitoburrito/uav_app/src/px4_ros_com/src/app/fireforce/fireforce.cpp:179:55:[m[K [01;31m[Kerror: [m[Kexpected unqualified-id before ‘[01m[Kmsg[m[K’
[6.344s]   179 | void HTTPServer::read_imu(const VehicleImu::UniquePtr [01;31m[Kmsg[m[K) {
[6.344s]       |                                                       [01;31m[K^~~[m[K
[6.345s] [01m[K/home/lohitoburrito/uav_app/src/px4_ros_com/src/app/fireforce/fireforce.cpp:179:54:[m[K [01;31m[Kerror: [m[Kexpected ‘[01m[K)[m[K’ before ‘[01m[Kmsg[m[K’
[6.345s]   179 | void HTTPServer::read_imu[34m[K([m[Kconst VehicleImu::UniquePtr[01;31m[K [m[K[32m[Kmsg[m[K) {
[6.345s]       |                          [34m[K~[m[K                           [01;31m[K^[m[K[32m[K~~~[m[K
[6.345s]       |                                                      [32m[K)[m[K
[6.345s] [01m[K/home/lohitoburrito/uav_app/src/px4_ros_com/src/app/fireforce/fireforce.cpp:179:55:[m[K [01;31m[Kerror: [m[Kexpected initializer before ‘[01m[Kmsg[m[K’
[6.345s]   179 | void HTTPServer::read_imu(const VehicleImu::UniquePtr [01;31m[Kmsg[m[K) {
[6.345s]       |                                                       [01;31m[K^~~[m[K
[6.714s] In file included from [01m[K/opt/ros/humble/include/rclcpp/rclcpp/client.hpp:40[m[K,
[6.714s]                  from [01m[K/opt/ros/humble/include/rclcpp/rclcpp/callback_group.hpp:24[m[K,
[6.714s]                  from [01m[K/opt/ros/humble/include/rclcpp/rclcpp/any_executable.hpp:20[m[K,
[6.715s]                  from [01m[K/opt/ros/humble/include/rclcpp/rclcpp/memory_strategy.hpp:25[m[K,
[6.715s]                  from [01m[K/opt/ros/humble/include/rclcpp/rclcpp/memory_strategies.hpp:18[m[K,
[6.715s]                  from [01m[K/opt/ros/humble/include/rclcpp/rclcpp/executor_options.hpp:20[m[K,
[6.715s]                  from [01m[K/opt/ros/humble/include/rclcpp/rclcpp/executor.hpp:37[m[K,
[6.715s]                  from [01m[K/opt/ros/humble/include/rclcpp/rclcpp/executors/multi_threaded_executor.hpp:25[m[K,
[6.715s]                  from [01m[K/opt/ros/humble/include/rclcpp/rclcpp/executors.hpp:21[m[K,
[6.715s]                  from [01m[K/opt/ros/humble/include/rclcpp/rclcpp/rclcpp.hpp:155[m[K,
[6.715s]                  from [01m[K/home/lohitoburrito/uav_app/src/px4_ros_com/src/app/fireforce/fireforce.cpp:9[m[K:
[6.716s] [01m[K/home/lohitoburrito/uav_app/src/px4_ros_com/src/app/fireforce/fireforce.cpp:[m[K In function ‘[01m[Kint main(int, char**)[m[K’:
[6.716s] [01m[K/home/lohitoburrito/uav_app/src/px4_ros_com/src/app/fireforce/fireforce.cpp:634:17:[m[K [01;31m[Kerror: [m[K‘[01m[Knode1[m[K’ was not declared in this scope
[6.716s]   634 |     RCLCPP_INFO([01;31m[Knode1[m[K->get_logger(), "Running executor with two nodes");
[6.716s]       |                 [01;31m[K^~~~~[m[K
[6.716s] [01m[K/home/lohitoburrito/uav_app/src/px4_ros_com/src/app/fireforce/fireforce.cpp:634:5:[m[K [01;31m[Kerror: [m[Ktemplate argument 1 is invalid
[6.716s]   634 |     [01;31m[KRCLCPP_INFO[m[K(node1->get_logger(), "Running executor with two nodes");
[6.716s]       |     [01;31m[K^~~~~~~~~~~[m[K
[6.716s] [01m[K/home/lohitoburrito/uav_app/src/px4_ros_com/src/app/fireforce/fireforce.cpp:634:5:[m[K [01;31m[Kerror: [m[Ktemplate argument 1 is invalid
[6.716s]   634 |     [01;31m[KRCLCPP_INFO[m[K(node1->get_logger(), "Running executor with two nodes");
[6.716s]       |     [01;31m[K^~~~~~~~~~~[m[K
[6.716s] [01m[K/home/lohitoburrito/uav_app/src/px4_ros_com/src/app/fireforce/fireforce.cpp:634:5:[m[K [01;31m[Kerror: [m[Ktemplate argument 1 is invalid
[6.716s]   634 |     [01;31m[KRCLCPP_INFO[m[K(node1->get_logger(), "Running executor with two nodes");
[6.716s]       |     [01;31m[K^~~~~~~~~~~[m[K
[15.297s] gmake[2]: *** [CMakeFiles/fireforce.dir/build.make:76: CMakeFiles/fireforce.dir/src/app/fireforce/fireforce.cpp.o] Error 1
[15.297s] gmake[1]: *** [CMakeFiles/Makefile2:336: CMakeFiles/fireforce.dir/all] Error 2
[15.298s] gmake: *** [Makefile:146: all] Error 2
[15.304s] Invoked command in '/home/lohitoburrito/uav_app/build/px4_ros_com' returned '2': CMAKE_PREFIX_PATH=/home/lohitoburrito/uav_app/install/px4_msgs:/home/lohitoburrito/uav_app/install/px4_ros_com:/opt/ros/humble LD_LIBRARY_PATH=/home/lohitoburrito/uav_app/install/px4_msgs/lib:/home/lohitoburrito/uav_app/install/px4_ros_com/lib:/usr/lib/x86_64-linux-gnu/gazebo-11/plugins:/opt/ros/humble/opt/rviz_ogre_vendor/lib:/opt/ros/humble/lib/x86_64-linux-gnu:/opt/ros/humble/lib /usr/bin/cmake --build /home/lohitoburrito/uav_app/build/px4_ros_com -- -j8 -l8
