[0.294s] Invoking command in '/home/lohitoburrito/uav_app/build/px4_ros_com': CMAKE_PREFIX_PATH=/home/lohitoburrito/uav_app/install/px4_msgs:/home/lohitoburrito/uav_app/install/px4_ros_com:/home/lohitoburrito/libtorch:/opt/ros/humble LD_LIBRARY_PATH=/home/lohitoburrito/uav_app/install/px4_msgs/lib:/home/lohitoburrito/libtorch/lib:/home/lohitoburrito/uav_app/install/px4_ros_com/lib:/usr/lib/x86_64-linux-gnu/gazebo-11/plugins:/opt/ros/humble/opt/rviz_ogre_vendor/lib:/opt/ros/humble/lib/x86_64-linux-gnu:/opt/ros/humble/lib /usr/bin/cmake --build /home/lohitoburrito/uav_app/build/px4_ros_com -- -j8 -l8
[0.383s] [35m[1mConsolidate compiler generated dependencies of target fireforce[0m
[0.396s] [ 12%] Built target debug_vect_advertiser
[0.398s] [ 25%] Built target sensor_combined_listener
[0.406s] [ 37%] Built target frame_transforms
[0.413s] [ 62%] Built target vehicle_gps_position_listener
[0.414s] [ 62%] Built target reconnaissance
[0.415s] [ 75%] Built target offboard_control
[0.420s] [ 87%] Built target offboard_control_srv
[0.427s] [ 93%] [32mBuilding CXX object CMakeFiles/fireforce.dir/src/app/fireforce/fireforce.cpp.o[0m
[0.461s] [ 93%] Built target ament_cmake_python_copy_px4_ros_com
[0.925s] running egg_info
[0.959s] writing px4_ros_com.egg-info/PKG-INFO
[0.960s] writing dependency_links to px4_ros_com.egg-info/dependency_links.txt
[0.961s] writing top-level names to px4_ros_com.egg-info/top_level.txt
[1.069s] reading manifest file 'px4_ros_com.egg-info/SOURCES.txt'
[1.071s] writing manifest file 'px4_ros_com.egg-info/SOURCES.txt'
[1.163s] [ 93%] Built target ament_cmake_python_build_px4_ros_com_egg
[36.147s] [100%] [32m[1mLinking CXX executable fireforce[0m
[39.132s] [100%] Built target fireforce
[39.148s] Invoked command in '/home/lohitoburrito/uav_app/build/px4_ros_com' returned '0': CMAKE_PREFIX_PATH=/home/lohitoburrito/uav_app/install/px4_msgs:/home/lohitoburrito/uav_app/install/px4_ros_com:/home/lohitoburrito/libtorch:/opt/ros/humble LD_LIBRARY_PATH=/home/lohitoburrito/uav_app/install/px4_msgs/lib:/home/lohitoburrito/libtorch/lib:/home/lohitoburrito/uav_app/install/px4_ros_com/lib:/usr/lib/x86_64-linux-gnu/gazebo-11/plugins:/opt/ros/humble/opt/rviz_ogre_vendor/lib:/opt/ros/humble/lib/x86_64-linux-gnu:/opt/ros/humble/lib /usr/bin/cmake --build /home/lohitoburrito/uav_app/build/px4_ros_com -- -j8 -l8
[39.154s] Invoking command in '/home/lohitoburrito/uav_app/build/px4_ros_com': CMAKE_PREFIX_PATH=/home/lohitoburrito/uav_app/install/px4_msgs:/home/lohitoburrito/uav_app/install/px4_ros_com:/home/lohitoburrito/libtorch:/opt/ros/humble LD_LIBRARY_PATH=/home/lohitoburrito/uav_app/install/px4_msgs/lib:/home/lohitoburrito/libtorch/lib:/home/lohitoburrito/uav_app/install/px4_ros_com/lib:/usr/lib/x86_64-linux-gnu/gazebo-11/plugins:/opt/ros/humble/opt/rviz_ogre_vendor/lib:/opt/ros/humble/lib/x86_64-linux-gnu:/opt/ros/humble/lib /usr/bin/cmake --install /home/lohitoburrito/uav_app/build/px4_ros_com
[39.169s] -- Install configuration: ""
[39.169s] -- Up-to-date: /home/lohitoburrito/uav_app/install/px4_ros_com/lib/px4_ros_com/sensor_combined_listener
[39.171s] -- Up-to-date: /home/lohitoburrito/uav_app/install/px4_ros_com/lib/px4_ros_com/vehicle_gps_position_listener
[39.172s] -- Up-to-date: /home/lohitoburrito/uav_app/install/px4_ros_com/lib/px4_ros_com/debug_vect_advertiser
[39.173s] -- Up-to-date: /home/lohitoburrito/uav_app/install/px4_ros_com/lib/px4_ros_com/offboard_control
[39.174s] -- Up-to-date: /home/lohitoburrito/uav_app/install/px4_ros_com/lib/px4_ros_com/offboard_control_srv
[39.174s] -- Up-to-date: /home/lohitoburrito/uav_app/install/px4_ros_com/lib/px4_ros_com/reconnaissance
[39.174s] -- Installing: /home/lohitoburrito/uav_app/install/px4_ros_com/lib/px4_ros_com/fireforce
[39.190s] -- Set runtime path of "/home/lohitoburrito/uav_app/install/px4_ros_com/lib/px4_ros_com/fireforce" to ""
[39.191s] -- Up-to-date: /home/lohitoburrito/uav_app/install/px4_ros_com/share/px4_ros_com/environment/library_path.sh
[39.192s] -- Up-to-date: /home/lohitoburrito/uav_app/install/px4_ros_com/share/px4_ros_com/environment/library_path.dsv
[39.193s] -- Up-to-date: /home/lohitoburrito/uav_app/install/px4_ros_com/include/px4_ros_com
[39.193s] -- Up-to-date: /home/lohitoburrito/uav_app/install/px4_ros_com/include/px4_ros_com/frame_transforms.h
[39.193s] -- Up-to-date: /home/lohitoburrito/uav_app/install/px4_ros_com/lib/libframe_transforms.so
[39.193s] -- Up-to-date: /home/lohitoburrito/uav_app/install/px4_ros_com/share/px4_ros_com//launch
[39.193s] -- Up-to-date: /home/lohitoburrito/uav_app/install/px4_ros_com/share/px4_ros_com//launch/sensor_combined_listener.launch.py
[39.193s] -- Up-to-date: /home/lohitoburrito/uav_app/install/px4_ros_com/share/px4_ros_com//launch/offboard_control_launch.yaml
[39.193s] -- Up-to-date: /home/lohitoburrito/uav_app/install/px4_ros_com/share/px4_ros_com//test
[39.193s] -- Up-to-date: /home/lohitoburrito/uav_app/install/px4_ros_com/share/px4_ros_com//test/test_input.py
[39.193s] -- Up-to-date: /home/lohitoburrito/uav_app/install/px4_ros_com/share/px4_ros_com//test/pipeline_io_test.py
[39.194s] -- Up-to-date: /home/lohitoburrito/uav_app/install/px4_ros_com/share/px4_ros_com//test/test_output.py
[39.194s] -- Up-to-date: /home/lohitoburrito/uav_app/install/px4_ros_com/share/px4_ros_com//test/__init__.py
[39.194s] -- Up-to-date: /home/lohitoburrito/uav_app/install/px4_ros_com/share/px4_ros_com/environment/pythonpath.sh
[39.194s] -- Up-to-date: /home/lohitoburrito/uav_app/install/px4_ros_com/share/px4_ros_com/environment/pythonpath.dsv
[39.194s] -- Up-to-date: /home/lohitoburrito/uav_app/install/px4_ros_com/local/lib/python3.10/dist-packages/px4_ros_com-0.1.0-py3.10.egg-info
[39.194s] -- Installing: /home/lohitoburrito/uav_app/install/px4_ros_com/local/lib/python3.10/dist-packages/px4_ros_com-0.1.0-py3.10.egg-info/SOURCES.txt
[39.195s] -- Installing: /home/lohitoburrito/uav_app/install/px4_ros_com/local/lib/python3.10/dist-packages/px4_ros_com-0.1.0-py3.10.egg-info/top_level.txt
[39.196s] -- Installing: /home/lohitoburrito/uav_app/install/px4_ros_com/local/lib/python3.10/dist-packages/px4_ros_com-0.1.0-py3.10.egg-info/dependency_links.txt
[39.196s] -- Installing: /home/lohitoburrito/uav_app/install/px4_ros_com/local/lib/python3.10/dist-packages/px4_ros_com-0.1.0-py3.10.egg-info/PKG-INFO
[39.196s] -- Up-to-date: /home/lohitoburrito/uav_app/install/px4_ros_com/local/lib/python3.10/dist-packages/px4_ros_com
[39.196s] -- Up-to-date: /home/lohitoburrito/uav_app/install/px4_ros_com/local/lib/python3.10/dist-packages/px4_ros_com/module_to_import.py
[39.196s] -- Up-to-date: /home/lohitoburrito/uav_app/install/px4_ros_com/local/lib/python3.10/dist-packages/px4_ros_com/__init__.py
[39.264s] Listing '/home/lohitoburrito/uav_app/install/px4_ros_com/local/lib/python3.10/dist-packages/px4_ros_com'...
[39.280s] -- Up-to-date: /home/lohitoburrito/uav_app/install/px4_ros_com/lib/px4_ros_com/offboard_control.py
[39.281s] -- Up-to-date: /home/lohitoburrito/uav_app/install/px4_ros_com/share/ament_index/resource_index/package_run_dependencies/px4_ros_com
[39.281s] -- Up-to-date: /home/lohitoburrito/uav_app/install/px4_ros_com/share/ament_index/resource_index/parent_prefix_path/px4_ros_com
[39.281s] -- Up-to-date: /home/lohitoburrito/uav_app/install/px4_ros_com/share/px4_ros_com/environment/ament_prefix_path.sh
[39.281s] -- Up-to-date: /home/lohitoburrito/uav_app/install/px4_ros_com/share/px4_ros_com/environment/ament_prefix_path.dsv
[39.284s] -- Up-to-date: /home/lohitoburrito/uav_app/install/px4_ros_com/share/px4_ros_com/environment/path.sh
[39.285s] -- Up-to-date: /home/lohitoburrito/uav_app/install/px4_ros_com/share/px4_ros_com/environment/path.dsv
[39.285s] -- Up-to-date: /home/lohitoburrito/uav_app/install/px4_ros_com/share/px4_ros_com/local_setup.bash
[39.285s] -- Up-to-date: /home/lohitoburrito/uav_app/install/px4_ros_com/share/px4_ros_com/local_setup.sh
[39.285s] -- Up-to-date: /home/lohitoburrito/uav_app/install/px4_ros_com/share/px4_ros_com/local_setup.zsh
[39.285s] -- Up-to-date: /home/lohitoburrito/uav_app/install/px4_ros_com/share/px4_ros_com/local_setup.dsv
[39.285s] -- Installing: /home/lohitoburrito/uav_app/install/px4_ros_com/share/px4_ros_com/package.dsv
[39.285s] -- Up-to-date: /home/lohitoburrito/uav_app/install/px4_ros_com/share/ament_index/resource_index/packages/px4_ros_com
[39.285s] -- Up-to-date: /home/lohitoburrito/uav_app/install/px4_ros_com/share/px4_ros_com/cmake/export_frame_transformsExport.cmake
[39.285s] -- Up-to-date: /home/lohitoburrito/uav_app/install/px4_ros_com/share/px4_ros_com/cmake/export_frame_transformsExport-noconfig.cmake
[39.286s] -- Up-to-date: /home/lohitoburrito/uav_app/install/px4_ros_com/share/px4_ros_com/cmake/ament_cmake_export_dependencies-extras.cmake
[39.286s] -- Up-to-date: /home/lohitoburrito/uav_app/install/px4_ros_com/share/px4_ros_com/cmake/ament_cmake_export_targets-extras.cmake
[39.286s] -- Up-to-date: /home/lohitoburrito/uav_app/install/px4_ros_com/share/px4_ros_com/cmake/ament_cmake_export_include_directories-extras.cmake
[39.286s] -- Up-to-date: /home/lohitoburrito/uav_app/install/px4_ros_com/share/px4_ros_com/cmake/ament_cmake_export_libraries-extras.cmake
[39.286s] -- Up-to-date: /home/lohitoburrito/uav_app/install/px4_ros_com/share/px4_ros_com/cmake/px4_ros_comConfig.cmake
[39.286s] -- Up-to-date: /home/lohitoburrito/uav_app/install/px4_ros_com/share/px4_ros_com/cmake/px4_ros_comConfig-version.cmake
[39.286s] -- Up-to-date: /home/lohitoburrito/uav_app/install/px4_ros_com/share/px4_ros_com/package.xml
[39.292s] Invoked command in '/home/lohitoburrito/uav_app/build/px4_ros_com' returned '0': CMAKE_PREFIX_PATH=/home/lohitoburrito/uav_app/install/px4_msgs:/home/lohitoburrito/uav_app/install/px4_ros_com:/home/lohitoburrito/libtorch:/opt/ros/humble LD_LIBRARY_PATH=/home/lohitoburrito/uav_app/install/px4_msgs/lib:/home/lohitoburrito/libtorch/lib:/home/lohitoburrito/uav_app/install/px4_ros_com/lib:/usr/lib/x86_64-linux-gnu/gazebo-11/plugins:/opt/ros/humble/opt/rviz_ogre_vendor/lib:/opt/ros/humble/lib/x86_64-linux-gnu:/opt/ros/humble/lib /usr/bin/cmake --install /home/lohitoburrito/uav_app/build/px4_ros_com
