[0.310s] DEBUG:colcon:Command line arguments: ['/usr/bin/colcon', 'build']
[0.311s] DEBUG:colcon:Parsed command line arguments: Namespace(log_base=None, log_level=None, verb_name='build', build_base='build', install_base='install', merge_install=False, symlink_install=False, test_result_base=None, continue_on_error=False, executor='parallel', parallel_workers=8, event_handlers=None, ignore_user_meta=False, metas=['./colcon.meta'], base_paths=['.'], packages_ignore=None, packages_ignore_regex=None, paths=None, packages_up_to=None, packages_up_to_regex=None, packages_above=None, packages_above_and_dependencies=None, packages_above_depth=None, packages_select_by_dep=None, packages_skip_by_dep=None, packages_skip_up_to=None, packages_select_build_failed=False, packages_skip_build_finished=False, packages_select_test_failures=False, packages_skip_test_passed=False, packages_select=None, packages_skip=None, packages_select_regex=None, packages_skip_regex=None, packages_start=None, packages_end=None, allow_overriding=[], cmake_args=None, cmake_target=None, cmake_target_skip_unavailable=False, cmake_clean_cache=False, cmake_clean_first=False, cmake_force_configure=False, ament_cmake_args=None, catkin_cmake_args=None, catkin_skip_building_tests=False, mixin_files=None, mixin=None, verb_parser=<colcon_mixin.mixin.mixin_argument.MixinArgumentDecorator object at 0x7f08c6fdaa40>, verb_extension=<colcon_core.verb.build.BuildVerb object at 0x7f08c6fa44c0>, main=<bound method BuildVerb.main of <colcon_core.verb.build.BuildVerb object at 0x7f08c6fa44c0>>, mixin_verb=('build',))
[0.372s] Level 1:colcon.colcon_core.package_discovery:discover_packages(colcon_meta) check parameters
[0.373s] Level 1:colcon.colcon_core.package_discovery:discover_packages(recursive) check parameters
[0.374s] Level 1:colcon.colcon_core.package_discovery:discover_packages(ignore) check parameters
[0.374s] Level 1:colcon.colcon_core.package_discovery:discover_packages(path) check parameters
[0.374s] Level 1:colcon.colcon_core.package_discovery:discover_packages(colcon_meta) discover
[0.374s] Level 1:colcon.colcon_core.package_discovery:discover_packages(recursive) discover
[0.374s] INFO:colcon.colcon_core.package_discovery:Crawling recursively for packages in '/home/lohitoburrito/uav_app'
[0.375s] Level 1:colcon.colcon_core.package_identification:_identify(.) by extensions ['ignore', 'ignore_ament_install']
[0.375s] Level 1:colcon.colcon_core.package_identification:_identify(.) by extension 'ignore'
[0.375s] Level 1:colcon.colcon_core.package_identification:_identify(.) by extension 'ignore_ament_install'
[0.375s] Level 1:colcon.colcon_core.package_identification:_identify(.) by extensions ['colcon_pkg']
[0.375s] Level 1:colcon.colcon_core.package_identification:_identify(.) by extension 'colcon_pkg'
[0.376s] Level 1:colcon.colcon_core.package_identification:_identify(.) by extensions ['colcon_meta']
[0.376s] Level 1:colcon.colcon_core.package_identification:_identify(.) by extension 'colcon_meta'
[0.376s] Level 1:colcon.colcon_core.package_identification:_identify(.) by extensions ['ros']
[0.376s] Level 1:colcon.colcon_core.package_identification:_identify(.) by extension 'ros'
[0.401s] Level 1:colcon.colcon_core.package_identification:_identify(.) by extensions ['cmake', 'python']
[0.401s] Level 1:colcon.colcon_core.package_identification:_identify(.) by extension 'cmake'
[0.401s] Level 1:colcon.colcon_core.package_identification:_identify(.) by extension 'python'
[0.401s] Level 1:colcon.colcon_core.package_identification:_identify(.) by extensions ['python_setup_py']
[0.401s] Level 1:colcon.colcon_core.package_identification:_identify(.) by extension 'python_setup_py'
[0.402s] Level 1:colcon.colcon_core.package_identification:_identify(build) by extensions ['ignore', 'ignore_ament_install']
[0.402s] Level 1:colcon.colcon_core.package_identification:_identify(build) by extension 'ignore'
[0.402s] Level 1:colcon.colcon_core.package_identification:_identify(build) ignored
[0.402s] Level 1:colcon.colcon_core.package_identification:_identify(install) by extensions ['ignore', 'ignore_ament_install']
[0.403s] Level 1:colcon.colcon_core.package_identification:_identify(install) by extension 'ignore'
[0.403s] Level 1:colcon.colcon_core.package_identification:_identify(install) ignored
[0.403s] Level 1:colcon.colcon_core.package_identification:_identify(log) by extensions ['ignore', 'ignore_ament_install']
[0.403s] Level 1:colcon.colcon_core.package_identification:_identify(log) by extension 'ignore'
[0.403s] Level 1:colcon.colcon_core.package_identification:_identify(log) ignored
[0.404s] Level 1:colcon.colcon_core.package_identification:_identify(src) by extensions ['ignore', 'ignore_ament_install']
[0.404s] Level 1:colcon.colcon_core.package_identification:_identify(src) by extension 'ignore'
[0.404s] Level 1:colcon.colcon_core.package_identification:_identify(src) by extension 'ignore_ament_install'
[0.404s] Level 1:colcon.colcon_core.package_identification:_identify(src) by extensions ['colcon_pkg']
[0.404s] Level 1:colcon.colcon_core.package_identification:_identify(src) by extension 'colcon_pkg'
[0.404s] Level 1:colcon.colcon_core.package_identification:_identify(src) by extensions ['colcon_meta']
[0.406s] Level 1:colcon.colcon_core.package_identification:_identify(src) by extension 'colcon_meta'
[0.407s] Level 1:colcon.colcon_core.package_identification:_identify(src) by extensions ['ros']
[0.407s] Level 1:colcon.colcon_core.package_identification:_identify(src) by extension 'ros'
[0.408s] Level 1:colcon.colcon_core.package_identification:_identify(src) by extensions ['cmake', 'python']
[0.408s] Level 1:colcon.colcon_core.package_identification:_identify(src) by extension 'cmake'
[0.408s] Level 1:colcon.colcon_core.package_identification:_identify(src) by extension 'python'
[0.408s] Level 1:colcon.colcon_core.package_identification:_identify(src) by extensions ['python_setup_py']
[0.408s] Level 1:colcon.colcon_core.package_identification:_identify(src) by extension 'python_setup_py'
[0.408s] Level 1:colcon.colcon_core.package_identification:_identify(src/px4_msgs) by extensions ['ignore', 'ignore_ament_install']
[0.409s] Level 1:colcon.colcon_core.package_identification:_identify(src/px4_msgs) by extension 'ignore'
[0.409s] Level 1:colcon.colcon_core.package_identification:_identify(src/px4_msgs) by extension 'ignore_ament_install'
[0.409s] Level 1:colcon.colcon_core.package_identification:_identify(src/px4_msgs) by extensions ['colcon_pkg']
[0.409s] Level 1:colcon.colcon_core.package_identification:_identify(src/px4_msgs) by extension 'colcon_pkg'
[0.409s] Level 1:colcon.colcon_core.package_identification:_identify(src/px4_msgs) by extensions ['colcon_meta']
[0.410s] Level 1:colcon.colcon_core.package_identification:_identify(src/px4_msgs) by extension 'colcon_meta'
[0.410s] Level 1:colcon.colcon_core.package_identification:_identify(src/px4_msgs) by extensions ['ros']
[0.410s] Level 1:colcon.colcon_core.package_identification:_identify(src/px4_msgs) by extension 'ros'
[0.414s] DEBUG:colcon.colcon_core.package_identification:Package 'src/px4_msgs' with type 'ros.ament_cmake' and name 'px4_msgs'
[0.414s] Level 1:colcon.colcon_core.package_identification:_identify(src/px4_ros_com) by extensions ['ignore', 'ignore_ament_install']
[0.414s] Level 1:colcon.colcon_core.package_identification:_identify(src/px4_ros_com) by extension 'ignore'
[0.414s] Level 1:colcon.colcon_core.package_identification:_identify(src/px4_ros_com) by extension 'ignore_ament_install'
[0.414s] Level 1:colcon.colcon_core.package_identification:_identify(src/px4_ros_com) by extensions ['colcon_pkg']
[0.414s] Level 1:colcon.colcon_core.package_identification:_identify(src/px4_ros_com) by extension 'colcon_pkg'
[0.414s] Level 1:colcon.colcon_core.package_identification:_identify(src/px4_ros_com) by extensions ['colcon_meta']
[0.414s] Level 1:colcon.colcon_core.package_identification:_identify(src/px4_ros_com) by extension 'colcon_meta'
[0.415s] Level 1:colcon.colcon_core.package_identification:_identify(src/px4_ros_com) by extensions ['ros']
[0.415s] Level 1:colcon.colcon_core.package_identification:_identify(src/px4_ros_com) by extension 'ros'
[0.417s] DEBUG:colcon.colcon_core.package_identification:Package 'src/px4_ros_com' with type 'ros.ament_cmake' and name 'px4_ros_com'
[0.417s] Level 1:colcon.colcon_core.package_discovery:discover_packages(recursive) using defaults
[0.417s] Level 1:colcon.colcon_core.package_discovery:discover_packages(ignore) discover
[0.417s] Level 1:colcon.colcon_core.package_discovery:discover_packages(ignore) using defaults
[0.417s] Level 1:colcon.colcon_core.package_discovery:discover_packages(path) discover
[0.417s] Level 1:colcon.colcon_core.package_discovery:discover_packages(path) using defaults
[0.447s] Level 1:colcon.colcon_core.package_discovery:discover_packages(prefix_path) check parameters
[0.447s] Level 1:colcon.colcon_core.package_discovery:discover_packages(prefix_path) discover
[0.449s] DEBUG:colcon.colcon_installed_package_information.package_discovery:Found 2 installed packages in /home/lohitoburrito/uav_app/install
[0.451s] DEBUG:colcon.colcon_installed_package_information.package_discovery:Found 298 installed packages in /opt/ros/humble
[0.453s] Level 1:colcon.colcon_core.package_discovery:discover_packages(prefix_path) using defaults
[0.500s] Level 5:colcon.colcon_core.verb:set package 'px4_msgs' build argument 'cmake_args' from command line to 'None'
[0.500s] Level 5:colcon.colcon_core.verb:set package 'px4_msgs' build argument 'cmake_target' from command line to 'None'
[0.500s] Level 5:colcon.colcon_core.verb:set package 'px4_msgs' build argument 'cmake_target_skip_unavailable' from command line to 'False'
[0.500s] Level 5:colcon.colcon_core.verb:set package 'px4_msgs' build argument 'cmake_clean_cache' from command line to 'False'
[0.501s] Level 5:colcon.colcon_core.verb:set package 'px4_msgs' build argument 'cmake_clean_first' from command line to 'False'
[0.501s] Level 5:colcon.colcon_core.verb:set package 'px4_msgs' build argument 'cmake_force_configure' from command line to 'False'
[0.501s] Level 5:colcon.colcon_core.verb:set package 'px4_msgs' build argument 'ament_cmake_args' from command line to 'None'
[0.501s] Level 5:colcon.colcon_core.verb:set package 'px4_msgs' build argument 'catkin_cmake_args' from command line to 'None'
[0.501s] Level 5:colcon.colcon_core.verb:set package 'px4_msgs' build argument 'catkin_skip_building_tests' from command line to 'False'
[0.501s] DEBUG:colcon.colcon_core.verb:Building package 'px4_msgs' with the following arguments: {'ament_cmake_args': None, 'build_base': '/home/lohitoburrito/uav_app/build/px4_msgs', 'catkin_cmake_args': None, 'catkin_skip_building_tests': False, 'cmake_args': None, 'cmake_clean_cache': False, 'cmake_clean_first': False, 'cmake_force_configure': False, 'cmake_target': None, 'cmake_target_skip_unavailable': False, 'install_base': '/home/lohitoburrito/uav_app/install/px4_msgs', 'merge_install': False, 'path': '/home/lohitoburrito/uav_app/src/px4_msgs', 'symlink_install': False, 'test_result_base': None}
[0.502s] Level 5:colcon.colcon_core.verb:set package 'px4_ros_com' build argument 'cmake_args' from command line to 'None'
[0.502s] Level 5:colcon.colcon_core.verb:set package 'px4_ros_com' build argument 'cmake_target' from command line to 'None'
[0.502s] Level 5:colcon.colcon_core.verb:set package 'px4_ros_com' build argument 'cmake_target_skip_unavailable' from command line to 'False'
[0.503s] Level 5:colcon.colcon_core.verb:set package 'px4_ros_com' build argument 'cmake_clean_cache' from command line to 'False'
[0.503s] Level 5:colcon.colcon_core.verb:set package 'px4_ros_com' build argument 'cmake_clean_first' from command line to 'False'
[0.503s] Level 5:colcon.colcon_core.verb:set package 'px4_ros_com' build argument 'cmake_force_configure' from command line to 'False'
[0.503s] Level 5:colcon.colcon_core.verb:set package 'px4_ros_com' build argument 'ament_cmake_args' from command line to 'None'
[0.503s] Level 5:colcon.colcon_core.verb:set package 'px4_ros_com' build argument 'catkin_cmake_args' from command line to 'None'
[0.503s] Level 5:colcon.colcon_core.verb:set package 'px4_ros_com' build argument 'catkin_skip_building_tests' from command line to 'False'
[0.503s] DEBUG:colcon.colcon_core.verb:Building package 'px4_ros_com' with the following arguments: {'ament_cmake_args': None, 'build_base': '/home/lohitoburrito/uav_app/build/px4_ros_com', 'catkin_cmake_args': None, 'catkin_skip_building_tests': False, 'cmake_args': None, 'cmake_clean_cache': False, 'cmake_clean_first': False, 'cmake_force_configure': False, 'cmake_target': None, 'cmake_target_skip_unavailable': False, 'install_base': '/home/lohitoburrito/uav_app/install/px4_ros_com', 'merge_install': False, 'path': '/home/lohitoburrito/uav_app/src/px4_ros_com', 'symlink_install': False, 'test_result_base': None}
[0.503s] INFO:colcon.colcon_core.executor:Executing jobs using 'parallel' executor
[0.506s] DEBUG:colcon.colcon_parallel_executor.executor.parallel:run_until_complete
[0.506s] INFO:colcon.colcon_ros.task.ament_cmake.build:Building ROS package in '/home/lohitoburrito/uav_app/src/px4_msgs' with build type 'ament_cmake'
[0.507s] INFO:colcon.colcon_cmake.task.cmake.build:Building CMake package in '/home/lohitoburrito/uav_app/src/px4_msgs'
[0.511s] INFO:colcon.colcon_core.plugin_system:Skipping extension 'colcon_core.shell.bat': Not used on non-Windows systems
[0.512s] INFO:colcon.colcon_core.shell:Skip shell extension 'powershell' for command environment: Not usable outside of PowerShell
[0.512s] DEBUG:colcon.colcon_core.shell:Skip shell extension 'dsv' for command environment
[0.525s] DEBUG:colcon.colcon_core.event_handler.log_command:Invoking command in '/home/lohitoburrito/uav_app/build/px4_msgs': CMAKE_PREFIX_PATH=${CMAKE_PREFIX_PATH}:/opt/ros/humble /usr/bin/cmake --build /home/lohitoburrito/uav_app/build/px4_msgs -- -j8 -l8
[1.791s] DEBUG:colcon.colcon_core.event_handler.log_command:Invoked command in '/home/lohitoburrito/uav_app/build/px4_msgs' returned '0': CMAKE_PREFIX_PATH=${CMAKE_PREFIX_PATH}:/opt/ros/humble /usr/bin/cmake --build /home/lohitoburrito/uav_app/build/px4_msgs -- -j8 -l8
[1.802s] DEBUG:colcon.colcon_core.event_handler.log_command:Invoking command in '/home/lohitoburrito/uav_app/build/px4_msgs': CMAKE_PREFIX_PATH=${CMAKE_PREFIX_PATH}:/opt/ros/humble /usr/bin/cmake --install /home/lohitoburrito/uav_app/build/px4_msgs
[2.352s] Level 1:colcon.colcon_core.environment:create_environment_scripts_only(px4_msgs)
[2.370s] Level 1:colcon.colcon_core.environment:checking '/home/lohitoburrito/uav_app/install/px4_msgs' for CMake module files
[2.375s] Level 1:colcon.colcon_core.environment:checking '/home/lohitoburrito/uav_app/install/px4_msgs' for CMake config files
[2.445s] Level 1:colcon.colcon_core.shell:create_environment_hook('px4_msgs', 'cmake_prefix_path')
[2.446s] INFO:colcon.colcon_core.shell:Creating environment hook '/home/lohitoburrito/uav_app/install/px4_msgs/share/px4_msgs/hook/cmake_prefix_path.ps1'
[2.450s] INFO:colcon.colcon_core.shell:Creating environment descriptor '/home/lohitoburrito/uav_app/install/px4_msgs/share/px4_msgs/hook/cmake_prefix_path.dsv'
[2.455s] INFO:colcon.colcon_core.shell:Creating environment hook '/home/lohitoburrito/uav_app/install/px4_msgs/share/px4_msgs/hook/cmake_prefix_path.sh'
[2.461s] Level 1:colcon.colcon_core.environment:checking '/home/lohitoburrito/uav_app/install/px4_msgs/lib'
[2.462s] Level 1:colcon.colcon_core.shell:create_environment_hook('px4_msgs', 'ld_library_path_lib')
[2.463s] INFO:colcon.colcon_core.shell:Creating environment hook '/home/lohitoburrito/uav_app/install/px4_msgs/share/px4_msgs/hook/ld_library_path_lib.ps1'
[2.470s] INFO:colcon.colcon_core.shell:Creating environment descriptor '/home/lohitoburrito/uav_app/install/px4_msgs/share/px4_msgs/hook/ld_library_path_lib.dsv'
[2.473s] INFO:colcon.colcon_core.shell:Creating environment hook '/home/lohitoburrito/uav_app/install/px4_msgs/share/px4_msgs/hook/ld_library_path_lib.sh'
[2.477s] Level 1:colcon.colcon_core.environment:checking '/home/lohitoburrito/uav_app/install/px4_msgs/bin'
[2.477s] Level 1:colcon.colcon_core.environment:checking '/home/lohitoburrito/uav_app/install/px4_msgs/lib/pkgconfig/px4_msgs.pc'
[2.478s] Level 1:colcon.colcon_core.environment:checking '/home/lohitoburrito/uav_app/install/px4_msgs/lib/python3.10/site-packages'
[2.479s] Level 1:colcon.colcon_core.environment:checking '/home/lohitoburrito/uav_app/install/px4_msgs/bin'
[2.480s] INFO:colcon.colcon_core.shell:Creating package script '/home/lohitoburrito/uav_app/install/px4_msgs/share/px4_msgs/package.ps1'
[2.485s] INFO:colcon.colcon_core.shell:Creating package descriptor '/home/lohitoburrito/uav_app/install/px4_msgs/share/px4_msgs/package.dsv'
[2.490s] INFO:colcon.colcon_core.shell:Creating package script '/home/lohitoburrito/uav_app/install/px4_msgs/share/px4_msgs/package.sh'
[2.494s] INFO:colcon.colcon_core.shell:Creating package script '/home/lohitoburrito/uav_app/install/px4_msgs/share/px4_msgs/package.bash'
[2.496s] INFO:colcon.colcon_core.shell:Creating package script '/home/lohitoburrito/uav_app/install/px4_msgs/share/px4_msgs/package.zsh'
[2.504s] Level 1:colcon.colcon_core.environment:create_file_with_runtime_dependencies(/home/lohitoburrito/uav_app/install/px4_msgs/share/colcon-core/packages/px4_msgs)
[2.508s] Level 1:colcon.colcon_core.environment:create_environment_scripts_only(px4_msgs)
[2.510s] Level 1:colcon.colcon_core.environment:checking '/home/lohitoburrito/uav_app/install/px4_msgs' for CMake module files
[2.513s] Level 1:colcon.colcon_core.environment:checking '/home/lohitoburrito/uav_app/install/px4_msgs' for CMake config files
[2.560s] Level 1:colcon.colcon_core.shell:create_environment_hook('px4_msgs', 'cmake_prefix_path')
[2.561s] INFO:colcon.colcon_core.shell:Creating environment hook '/home/lohitoburrito/uav_app/install/px4_msgs/share/px4_msgs/hook/cmake_prefix_path.ps1'
[2.562s] INFO:colcon.colcon_core.shell:Creating environment descriptor '/home/lohitoburrito/uav_app/install/px4_msgs/share/px4_msgs/hook/cmake_prefix_path.dsv'
[2.568s] INFO:colcon.colcon_core.shell:Creating environment hook '/home/lohitoburrito/uav_app/install/px4_msgs/share/px4_msgs/hook/cmake_prefix_path.sh'
[2.575s] Level 1:colcon.colcon_core.environment:checking '/home/lohitoburrito/uav_app/install/px4_msgs/lib'
[2.577s] Level 1:colcon.colcon_core.shell:create_environment_hook('px4_msgs', 'ld_library_path_lib')
[2.579s] INFO:colcon.colcon_core.shell:Creating environment hook '/home/lohitoburrito/uav_app/install/px4_msgs/share/px4_msgs/hook/ld_library_path_lib.ps1'
[2.586s] INFO:colcon.colcon_core.shell:Creating environment descriptor '/home/lohitoburrito/uav_app/install/px4_msgs/share/px4_msgs/hook/ld_library_path_lib.dsv'
[2.590s] INFO:colcon.colcon_core.shell:Creating environment hook '/home/lohitoburrito/uav_app/install/px4_msgs/share/px4_msgs/hook/ld_library_path_lib.sh'
[2.593s] Level 1:colcon.colcon_core.environment:checking '/home/lohitoburrito/uav_app/install/px4_msgs/bin'
[2.594s] Level 1:colcon.colcon_core.environment:checking '/home/lohitoburrito/uav_app/install/px4_msgs/lib/pkgconfig/px4_msgs.pc'
[2.595s] Level 1:colcon.colcon_core.environment:checking '/home/lohitoburrito/uav_app/install/px4_msgs/lib/python3.10/site-packages'
[2.596s] Level 1:colcon.colcon_core.environment:checking '/home/lohitoburrito/uav_app/install/px4_msgs/bin'
[2.596s] INFO:colcon.colcon_core.shell:Creating package script '/home/lohitoburrito/uav_app/install/px4_msgs/share/px4_msgs/package.ps1'
[2.601s] INFO:colcon.colcon_core.shell:Creating package descriptor '/home/lohitoburrito/uav_app/install/px4_msgs/share/px4_msgs/package.dsv'
[2.604s] INFO:colcon.colcon_core.shell:Creating package script '/home/lohitoburrito/uav_app/install/px4_msgs/share/px4_msgs/package.sh'
[2.608s] INFO:colcon.colcon_core.shell:Creating package script '/home/lohitoburrito/uav_app/install/px4_msgs/share/px4_msgs/package.bash'
[2.613s] INFO:colcon.colcon_core.shell:Creating package script '/home/lohitoburrito/uav_app/install/px4_msgs/share/px4_msgs/package.zsh'
[2.618s] Level 1:colcon.colcon_core.environment:create_file_with_runtime_dependencies(/home/lohitoburrito/uav_app/install/px4_msgs/share/colcon-core/packages/px4_msgs)
[2.619s] INFO:colcon.colcon_ros.task.ament_cmake.build:Building ROS package in '/home/lohitoburrito/uav_app/src/px4_ros_com' with build type 'ament_cmake'
[2.620s] INFO:colcon.colcon_cmake.task.cmake.build:Building CMake package in '/home/lohitoburrito/uav_app/src/px4_ros_com'
[2.620s] INFO:colcon.colcon_core.shell:Skip shell extension 'powershell' for command environment: Not usable outside of PowerShell
[2.620s] DEBUG:colcon.colcon_core.shell:Skip shell extension 'dsv' for command environment
[2.701s] DEBUG:colcon.colcon_core.event_handler.log_command:Invoked command in '/home/lohitoburrito/uav_app/build/px4_msgs' returned '0': CMAKE_PREFIX_PATH=${CMAKE_PREFIX_PATH}:/opt/ros/humble /usr/bin/cmake --install /home/lohitoburrito/uav_app/build/px4_msgs
[2.934s] DEBUG:colcon.colcon_core.event_handler.log_command:Invoking command in '/home/lohitoburrito/uav_app/build/px4_ros_com': CMAKE_PREFIX_PATH=/home/lohitoburrito/uav_app/install/px4_msgs:/home/lohitoburrito/uav_app/install/px4_ros_com:/opt/ros/humble LD_LIBRARY_PATH=/home/lohitoburrito/uav_app/install/px4_msgs/lib:/home/lohitoburrito/uav_app/install/px4_ros_com/lib:/usr/lib/x86_64-linux-gnu/gazebo-11/plugins:/opt/ros/humble/opt/rviz_ogre_vendor/lib:/opt/ros/humble/lib/x86_64-linux-gnu:/opt/ros/humble/lib /usr/bin/cmake --build /home/lohitoburrito/uav_app/build/px4_ros_com -- -j8 -l8
[33.516s] DEBUG:colcon.colcon_core.event_handler.log_command:Invoked command in '/home/lohitoburrito/uav_app/build/px4_ros_com' returned '0': CMAKE_PREFIX_PATH=/home/lohitoburrito/uav_app/install/px4_msgs:/home/lohitoburrito/uav_app/install/px4_ros_com:/opt/ros/humble LD_LIBRARY_PATH=/home/lohitoburrito/uav_app/install/px4_msgs/lib:/home/lohitoburrito/uav_app/install/px4_ros_com/lib:/usr/lib/x86_64-linux-gnu/gazebo-11/plugins:/opt/ros/humble/opt/rviz_ogre_vendor/lib:/opt/ros/humble/lib/x86_64-linux-gnu:/opt/ros/humble/lib /usr/bin/cmake --build /home/lohitoburrito/uav_app/build/px4_ros_com -- -j8 -l8
[33.521s] DEBUG:colcon.colcon_core.event_handler.log_command:Invoking command in '/home/lohitoburrito/uav_app/build/px4_ros_com': CMAKE_PREFIX_PATH=/home/lohitoburrito/uav_app/install/px4_msgs:/home/lohitoburrito/uav_app/install/px4_ros_com:/opt/ros/humble LD_LIBRARY_PATH=/home/lohitoburrito/uav_app/install/px4_msgs/lib:/home/lohitoburrito/uav_app/install/px4_ros_com/lib:/usr/lib/x86_64-linux-gnu/gazebo-11/plugins:/opt/ros/humble/opt/rviz_ogre_vendor/lib:/opt/ros/humble/lib/x86_64-linux-gnu:/opt/ros/humble/lib /usr/bin/cmake --install /home/lohitoburrito/uav_app/build/px4_ros_com
[33.651s] Level 1:colcon.colcon_core.environment:create_environment_scripts_only(px4_ros_com)
[33.652s] Level 1:colcon.colcon_core.environment:checking '/home/lohitoburrito/uav_app/install/px4_ros_com' for CMake module files
[33.653s] Level 1:colcon.colcon_core.environment:checking '/home/lohitoburrito/uav_app/install/px4_ros_com' for CMake config files
[33.653s] Level 1:colcon.colcon_core.shell:create_environment_hook('px4_ros_com', 'cmake_prefix_path')
[33.654s] INFO:colcon.colcon_core.shell:Creating environment hook '/home/lohitoburrito/uav_app/install/px4_ros_com/share/px4_ros_com/hook/cmake_prefix_path.ps1'
[33.655s] INFO:colcon.colcon_core.shell:Creating environment descriptor '/home/lohitoburrito/uav_app/install/px4_ros_com/share/px4_ros_com/hook/cmake_prefix_path.dsv'
[33.655s] INFO:colcon.colcon_core.shell:Creating environment hook '/home/lohitoburrito/uav_app/install/px4_ros_com/share/px4_ros_com/hook/cmake_prefix_path.sh'
[33.656s] Level 1:colcon.colcon_core.environment:checking '/home/lohitoburrito/uav_app/install/px4_ros_com/lib'
[33.656s] Level 1:colcon.colcon_core.shell:create_environment_hook('px4_ros_com', 'ld_library_path_lib')
[33.657s] INFO:colcon.colcon_core.shell:Creating environment hook '/home/lohitoburrito/uav_app/install/px4_ros_com/share/px4_ros_com/hook/ld_library_path_lib.ps1'
[33.658s] INFO:colcon.colcon_core.shell:Creating environment descriptor '/home/lohitoburrito/uav_app/install/px4_ros_com/share/px4_ros_com/hook/ld_library_path_lib.dsv'
[33.658s] INFO:colcon.colcon_core.shell:Creating environment hook '/home/lohitoburrito/uav_app/install/px4_ros_com/share/px4_ros_com/hook/ld_library_path_lib.sh'
[33.659s] Level 1:colcon.colcon_core.environment:checking '/home/lohitoburrito/uav_app/install/px4_ros_com/bin'
[33.659s] Level 1:colcon.colcon_core.environment:checking '/home/lohitoburrito/uav_app/install/px4_ros_com/lib/pkgconfig/px4_ros_com.pc'
[33.659s] Level 1:colcon.colcon_core.environment:checking '/home/lohitoburrito/uav_app/install/px4_ros_com/lib/python3.10/site-packages'
[33.660s] Level 1:colcon.colcon_core.environment:checking '/home/lohitoburrito/uav_app/install/px4_ros_com/bin'
[33.660s] INFO:colcon.colcon_core.shell:Creating package script '/home/lohitoburrito/uav_app/install/px4_ros_com/share/px4_ros_com/package.ps1'
[33.668s] DEBUG:colcon.colcon_core.event_handler.log_command:Invoked command in '/home/lohitoburrito/uav_app/build/px4_ros_com' returned '0': CMAKE_PREFIX_PATH=/home/lohitoburrito/uav_app/install/px4_msgs:/home/lohitoburrito/uav_app/install/px4_ros_com:/opt/ros/humble LD_LIBRARY_PATH=/home/lohitoburrito/uav_app/install/px4_msgs/lib:/home/lohitoburrito/uav_app/install/px4_ros_com/lib:/usr/lib/x86_64-linux-gnu/gazebo-11/plugins:/opt/ros/humble/opt/rviz_ogre_vendor/lib:/opt/ros/humble/lib/x86_64-linux-gnu:/opt/ros/humble/lib /usr/bin/cmake --install /home/lohitoburrito/uav_app/build/px4_ros_com
[33.669s] INFO:colcon.colcon_core.shell:Creating package descriptor '/home/lohitoburrito/uav_app/install/px4_ros_com/share/px4_ros_com/package.dsv'
[33.672s] INFO:colcon.colcon_core.shell:Creating package script '/home/lohitoburrito/uav_app/install/px4_ros_com/share/px4_ros_com/package.sh'
[33.674s] INFO:colcon.colcon_core.shell:Creating package script '/home/lohitoburrito/uav_app/install/px4_ros_com/share/px4_ros_com/package.bash'
[33.676s] INFO:colcon.colcon_core.shell:Creating package script '/home/lohitoburrito/uav_app/install/px4_ros_com/share/px4_ros_com/package.zsh'
[33.677s] Level 1:colcon.colcon_core.environment:create_file_with_runtime_dependencies(/home/lohitoburrito/uav_app/install/px4_ros_com/share/colcon-core/packages/px4_ros_com)
[33.678s] Level 1:colcon.colcon_core.environment:create_environment_scripts_only(px4_ros_com)
[33.679s] Level 1:colcon.colcon_core.environment:checking '/home/lohitoburrito/uav_app/install/px4_ros_com' for CMake module files
[33.680s] Level 1:colcon.colcon_core.environment:checking '/home/lohitoburrito/uav_app/install/px4_ros_com' for CMake config files
[33.681s] Level 1:colcon.colcon_core.shell:create_environment_hook('px4_ros_com', 'cmake_prefix_path')
[33.682s] INFO:colcon.colcon_core.shell:Creating environment hook '/home/lohitoburrito/uav_app/install/px4_ros_com/share/px4_ros_com/hook/cmake_prefix_path.ps1'
[33.684s] INFO:colcon.colcon_core.shell:Creating environment descriptor '/home/lohitoburrito/uav_app/install/px4_ros_com/share/px4_ros_com/hook/cmake_prefix_path.dsv'
[33.685s] INFO:colcon.colcon_core.shell:Creating environment hook '/home/lohitoburrito/uav_app/install/px4_ros_com/share/px4_ros_com/hook/cmake_prefix_path.sh'
[33.688s] Level 1:colcon.colcon_core.environment:checking '/home/lohitoburrito/uav_app/install/px4_ros_com/lib'
[33.688s] Level 1:colcon.colcon_core.shell:create_environment_hook('px4_ros_com', 'ld_library_path_lib')
[33.689s] INFO:colcon.colcon_core.shell:Creating environment hook '/home/lohitoburrito/uav_app/install/px4_ros_com/share/px4_ros_com/hook/ld_library_path_lib.ps1'
[33.691s] INFO:colcon.colcon_core.shell:Creating environment descriptor '/home/lohitoburrito/uav_app/install/px4_ros_com/share/px4_ros_com/hook/ld_library_path_lib.dsv'
[33.692s] INFO:colcon.colcon_core.shell:Creating environment hook '/home/lohitoburrito/uav_app/install/px4_ros_com/share/px4_ros_com/hook/ld_library_path_lib.sh'
[33.694s] Level 1:colcon.colcon_core.environment:checking '/home/lohitoburrito/uav_app/install/px4_ros_com/bin'
[33.695s] Level 1:colcon.colcon_core.environment:checking '/home/lohitoburrito/uav_app/install/px4_ros_com/lib/pkgconfig/px4_ros_com.pc'
[33.695s] Level 1:colcon.colcon_core.environment:checking '/home/lohitoburrito/uav_app/install/px4_ros_com/lib/python3.10/site-packages'
[33.696s] Level 1:colcon.colcon_core.environment:checking '/home/lohitoburrito/uav_app/install/px4_ros_com/bin'
[33.697s] INFO:colcon.colcon_core.shell:Creating package script '/home/lohitoburrito/uav_app/install/px4_ros_com/share/px4_ros_com/package.ps1'
[33.698s] INFO:colcon.colcon_core.shell:Creating package descriptor '/home/lohitoburrito/uav_app/install/px4_ros_com/share/px4_ros_com/package.dsv'
[33.699s] INFO:colcon.colcon_core.shell:Creating package script '/home/lohitoburrito/uav_app/install/px4_ros_com/share/px4_ros_com/package.sh'
[33.701s] INFO:colcon.colcon_core.shell:Creating package script '/home/lohitoburrito/uav_app/install/px4_ros_com/share/px4_ros_com/package.bash'
[33.704s] INFO:colcon.colcon_core.shell:Creating package script '/home/lohitoburrito/uav_app/install/px4_ros_com/share/px4_ros_com/package.zsh'
[33.706s] Level 1:colcon.colcon_core.environment:create_file_with_runtime_dependencies(/home/lohitoburrito/uav_app/install/px4_ros_com/share/colcon-core/packages/px4_ros_com)
[33.708s] DEBUG:colcon.colcon_parallel_executor.executor.parallel:closing loop
[33.709s] DEBUG:colcon.colcon_parallel_executor.executor.parallel:loop closed
[33.709s] DEBUG:colcon.colcon_parallel_executor.executor.parallel:run_until_complete finished with '0'
[33.709s] DEBUG:colcon.colcon_core.event_reactor:joining thread
[33.851s] INFO:colcon.colcon_core.plugin_system:Skipping extension 'colcon_notification.desktop_notification.notify_send': Could not find 'notify-send'
[33.851s] INFO:colcon.colcon_core.plugin_system:Skipping extension 'colcon_notification.desktop_notification.terminal_notifier': Not used on non-Darwin systems
[33.851s] INFO:colcon.colcon_core.plugin_system:Skipping extension 'colcon_notification.desktop_notification.win32': Not used on non-Windows systems
[33.852s] INFO:colcon.colcon_notification.desktop_notification:Sending desktop notification using 'notify2'
[33.852s] DEBUG:colcon.colcon_notification.desktop_notification.notify2:Failed to initialize notify2: org.freedesktop.DBus.Error.FileNotFound: Failed to connect to socket /run/user/1000/bus: No such file or directory
[33.852s] DEBUG:colcon.colcon_core.event_reactor:joined thread
[33.853s] INFO:colcon.colcon_core.shell:Creating prefix script '/home/lohitoburrito/uav_app/install/local_setup.ps1'
[33.855s] INFO:colcon.colcon_core.shell:Creating prefix util module '/home/lohitoburrito/uav_app/install/_local_setup_util_ps1.py'
[33.863s] INFO:colcon.colcon_core.shell:Creating prefix chain script '/home/lohitoburrito/uav_app/install/setup.ps1'
[33.866s] INFO:colcon.colcon_core.shell:Creating prefix script '/home/lohitoburrito/uav_app/install/local_setup.sh'
[33.867s] INFO:colcon.colcon_core.shell:Creating prefix util module '/home/lohitoburrito/uav_app/install/_local_setup_util_sh.py'
[33.869s] INFO:colcon.colcon_core.shell:Creating prefix chain script '/home/lohitoburrito/uav_app/install/setup.sh'
[33.871s] INFO:colcon.colcon_core.shell:Creating prefix script '/home/lohitoburrito/uav_app/install/local_setup.bash'
[33.872s] INFO:colcon.colcon_core.shell:Creating prefix chain script '/home/lohitoburrito/uav_app/install/setup.bash'
[33.874s] INFO:colcon.colcon_core.shell:Creating prefix script '/home/lohitoburrito/uav_app/install/local_setup.zsh'
[33.877s] INFO:colcon.colcon_core.shell:Creating prefix chain script '/home/lohitoburrito/uav_app/install/setup.zsh'
