[0.273s] Invoking command in '/home/lohitoburrito/uav_app/build/px4_ros_com': CMAKE_PREFIX_PATH=/home/lohitoburrito/uav_app/install/px4_msgs:/home/lohitoburrito/uav_app/install/px4_ros_com:/home/lohitoburrito/libtorch:/opt/ros/humble LD_LIBRARY_PATH=/home/lohitoburrito/uav_app/install/px4_msgs/lib:/home/lohitoburrito/libtorch/lib:/home/lohitoburrito/uav_app/install/px4_ros_com/lib:/usr/lib/x86_64-linux-gnu/gazebo-11/plugins:/opt/ros/humble/opt/rviz_ogre_vendor/lib:/opt/ros/humble/lib/x86_64-linux-gnu:/opt/ros/humble/lib /usr/bin/cmake --build /home/lohitoburrito/uav_app/build/px4_ros_com -- -j8 -l8
[0.337s] [35m[1mConsolidate compiler generated dependencies of target fireforce[0m
[0.344s] [ 12%] Built target offboard_control
[0.350s] [ 25%] Built target sensor_combined_listener
[0.364s] [ 37%] Built target vehicle_gps_position_listener
[0.368s] [ 50%] Built target frame_transforms
[0.369s] [ 56%] [32mBuilding CXX object CMakeFiles/fireforce.dir/src/app/fireforce/fireforce.cpp.o[0m
[0.379s] [ 75%] Built target debug_vect_advertiser
[0.379s] [ 81%] Built target offboard_control_srv
[0.383s] [ 93%] Built target reconnaissance
[0.394s] [ 93%] Built target ament_cmake_python_copy_px4_ros_com
[0.719s] running egg_info
[0.740s] writing px4_ros_com.egg-info/PKG-INFO
[0.742s] writing dependency_links to px4_ros_com.egg-info/dependency_links.txt
[0.742s] writing top-level names to px4_ros_com.egg-info/top_level.txt
[0.804s] reading manifest file 'px4_ros_com.egg-info/SOURCES.txt'
[0.806s] writing manifest file 'px4_ros_com.egg-info/SOURCES.txt'
[0.875s] [ 93%] Built target ament_cmake_python_build_px4_ros_com_egg
[5.937s] [01m[K/home/lohitoburrito/uav_app/src/px4_ros_com/src/app/fireforce/fireforce.cpp:[m[K In constructor ‘[01m[KUAVCommand::UAVCommand()[m[K’:
[5.937s] [01m[K/home/lohitoburrito/uav_app/src/px4_ros_com/src/app/fireforce/fireforce.cpp:119:5:[m[K [01;31m[Kerror: [m[K‘[01m[Kvehicle_attitude_subscriber[m[K’ was not declared in this scope
[5.937s]   119 |     [01;31m[Kvehicle_attitude_subscriber[m[K = this->create_subscription<VehicleAttitude>(
[5.937s]       |     [01;31m[K^~~~~~~~~~~~~~~~~~~~~~~~~~~[m[K
[5.938s] [01m[K/home/lohitoburrito/uav_app/src/px4_ros_com/src/app/fireforce/fireforce.cpp:122:32:[m[K [01;31m[Kerror: [m[K‘[01m[Kread_vehicle_attitude[m[K’ is not a member of ‘[01m[KUAVCommand[m[K’
[5.938s]   122 |         std::bind(&UAVCommand::[01;31m[Kread_vehicle_attitude[m[K, this, std::placeholders::_1)
[5.938s]       |                                [01;31m[K^~~~~~~~~~~~~~~~~~~~~[m[K
[14.281s] gmake[2]: *** [CMakeFiles/fireforce.dir/build.make:76: CMakeFiles/fireforce.dir/src/app/fireforce/fireforce.cpp.o] Error 1
[14.281s] gmake[1]: *** [CMakeFiles/Makefile2:336: CMakeFiles/fireforce.dir/all] Error 2
[14.281s] gmake: *** [Makefile:146: all] Error 2
[14.286s] Invoked command in '/home/lohitoburrito/uav_app/build/px4_ros_com' returned '2': CMAKE_PREFIX_PATH=/home/lohitoburrito/uav_app/install/px4_msgs:/home/lohitoburrito/uav_app/install/px4_ros_com:/home/lohitoburrito/libtorch:/opt/ros/humble LD_LIBRARY_PATH=/home/lohitoburrito/uav_app/install/px4_msgs/lib:/home/lohitoburrito/libtorch/lib:/home/lohitoburrito/uav_app/install/px4_ros_com/lib:/usr/lib/x86_64-linux-gnu/gazebo-11/plugins:/opt/ros/humble/opt/rviz_ogre_vendor/lib:/opt/ros/humble/lib/x86_64-linux-gnu:/opt/ros/humble/lib /usr/bin/cmake --build /home/lohitoburrito/uav_app/build/px4_ros_com -- -j8 -l8
