[0.885s] Invoking command in '/home/lohitoburrito/uav_app/build/px4_ros_com': CMAKE_PREFIX_PATH=/home/lohitoburrito/uav_app/install/px4_msgs:/home/lohitoburrito/uav_app/install/px4_ros_com:/opt/ros/humble LD_LIBRARY_PATH=/home/lohitoburrito/uav_app/install/px4_msgs/lib:/home/lohitoburrito/uav_app/install/px4_ros_com/lib:/usr/lib/x86_64-linux-gnu/gazebo-11/plugins:/opt/ros/humble/opt/rviz_ogre_vendor/lib:/opt/ros/humble/lib/x86_64-linux-gnu:/opt/ros/humble/lib /usr/bin/cmake --build /home/lohitoburrito/uav_app/build/px4_ros_com -- -j8 -l8
[1.338s] [ 12%] Built target debug_vect_advertiser
[1.351s] [ 25%] Built target offboard_control
[1.357s] [ 37%] Built target frame_transforms
[1.367s] [ 50%] Built target vehicle_gps_position_listener
[1.373s] [ 62%] Built target offboard_control_srv
[1.389s] [ 75%] Built target sensor_combined_listener
[1.476s] [35m[1mConsolidate compiler generated dependencies of target fireforce[0m
[1.652s] [ 75%] Built target ament_cmake_python_copy_px4_ros_com
[1.666s] [ 87%] Built target reconnaissance
[1.759s] [ 93%] [32mBuilding CXX object CMakeFiles/fireforce.dir/src/app/fireforce/fireforce.cpp.o[0m
[4.155s] running egg_info
[4.416s] writing px4_ros_com.egg-info/PKG-INFO
[4.420s] writing dependency_links to px4_ros_com.egg-info/dependency_links.txt
[4.423s] writing top-level names to px4_ros_com.egg-info/top_level.txt
[5.544s] reading manifest file 'px4_ros_com.egg-info/SOURCES.txt'
[5.560s] writing manifest file 'px4_ros_com.egg-info/SOURCES.txt'
[5.840s] [ 93%] Built target ament_cmake_python_build_px4_ros_com_egg
[46.825s] [01m[K/home/lohitoburrito/uav_app/src/px4_ros_com/src/app/fireforce/fireforce.cpp:[m[K In member function ‘[01m[Kvoid HTTPServer::post_frame()[m[K’:
[46.825s] [01m[K/home/lohitoburrito/uav_app/src/px4_ros_com/src/app/fireforce/fireforce.cpp:149:23:[m[K [01;31m[Kerror: [m[Kexpected ‘[01m[K;[m[K’ before ‘[01m[Kstd[m[K’
[46.825s]   149 |             print_data
[46.826s]       |                       [01;31m[K^[m[K
[46.826s]       |                       [32m[K;[m[K
[46.826s]   150 | 
[46.826s]   151 |             [32m[Kstd[m[K::fstream file("/home/lohitoburrito/uav_app/src/px4_ros_com/src/app/fireforce/data/data.txt", std::ios::in | std::ios::out | std::ios::trunc);
[46.827s]       |             [32m[K~~~[m[K        
[46.827s] [01m[K/home/lohitoburrito/uav_app/src/px4_ros_com/src/app/fireforce/fireforce.cpp:149:13:[m[K [01;31m[Kerror: [m[Kinvalid use of non-static member function ‘[01m[Kvoid HTTPServer::print_data()[m[K’
[46.827s]   149 |             [01;31m[Kprint_data[m[K
[46.827s]       |             [01;31m[K^~~~~~~~~~[m[K
[46.827s] [01m[K/home/lohitoburrito/uav_app/src/px4_ros_com/src/app/fireforce/fireforce.cpp:49:14:[m[K [01;36m[Knote: [m[Kdeclared here
[46.827s]    49 |         void [01;36m[Kprint_data[m[K();
[46.827s]       |              [01;36m[K^~~~~~~~~~[m[K
[46.838s] [01m[K/home/lohitoburrito/uav_app/src/px4_ros_com/src/app/fireforce/fireforce.cpp:152:18:[m[K [01;31m[Kerror: [m[K‘[01m[Kfile[m[K’ was not declared in this scope
[46.839s]   152 |             if (![01;31m[Kfile[m[K) {
[46.839s]       |                  [01;31m[K^~~~[m[K
[46.848s] [01m[K/home/lohitoburrito/uav_app/src/px4_ros_com/src/app/fireforce/fireforce.cpp:157:13:[m[K [01;31m[Kerror: [m[K‘[01m[Kfile[m[K’ was not declared in this scope
[46.848s]   157 |             [01;31m[Kfile[m[K << std::to_string(sensor_msg.roll) + "\n";
[46.848s]       |             [01;31m[K^~~~[m[K
[59.594s] gmake[2]: *** [CMakeFiles/fireforce.dir/build.make:76: CMakeFiles/fireforce.dir/src/app/fireforce/fireforce.cpp.o] Error 1
[59.594s] gmake[1]: *** [CMakeFiles/Makefile2:336: CMakeFiles/fireforce.dir/all] Error 2
[59.595s] gmake: *** [Makefile:146: all] Error 2
[59.601s] Invoked command in '/home/lohitoburrito/uav_app/build/px4_ros_com' returned '2': CMAKE_PREFIX_PATH=/home/lohitoburrito/uav_app/install/px4_msgs:/home/lohitoburrito/uav_app/install/px4_ros_com:/opt/ros/humble LD_LIBRARY_PATH=/home/lohitoburrito/uav_app/install/px4_msgs/lib:/home/lohitoburrito/uav_app/install/px4_ros_com/lib:/usr/lib/x86_64-linux-gnu/gazebo-11/plugins:/opt/ros/humble/opt/rviz_ogre_vendor/lib:/opt/ros/humble/lib/x86_64-linux-gnu:/opt/ros/humble/lib /usr/bin/cmake --build /home/lohitoburrito/uav_app/build/px4_ros_com -- -j8 -l8
