[0.445s] Invoking command in '/home/lohitoburrito/uav_app/build/px4_ros_com': CMAKE_PREFIX_PATH=/home/lohitoburrito/uav_app/install/px4_msgs:/home/lohitoburrito/uav_app/install/px4_ros_com:/opt/ros/humble LD_LIBRARY_PATH=/home/lohitoburrito/uav_app/install/px4_msgs/lib:/home/lohitoburrito/uav_app/install/px4_ros_com/lib:/usr/lib/x86_64-linux-gnu/gazebo-11/plugins:/opt/ros/humble/opt/rviz_ogre_vendor/lib:/opt/ros/humble/lib/x86_64-linux-gnu:/opt/ros/humble/lib /usr/bin/cmake --build /home/lohitoburrito/uav_app/build/px4_ros_com -- -j8 -l8
[0.554s] [35m[1mConsolidate compiler generated dependencies of target fireforce[0m
[0.588s] [ 12%] Built target offboard_control
[0.590s] [ 25%] Built target debug_vect_advertiser
[0.591s] [ 31%] [32mBuilding CXX object CMakeFiles/fireforce.dir/src/app/fireforce/fireforce.cpp.o[0m
[0.603s] [ 43%] Built target offboard_control_srv
[0.604s] [ 56%] Built target reconnaissance
[0.605s] [ 68%] Built target sensor_combined_listener
[0.619s] [ 81%] Built target vehicle_gps_position_listener
[0.619s] [ 93%] Built target frame_transforms
[0.668s] [ 93%] Built target ament_cmake_python_copy_px4_ros_com
[1.190s] running egg_info
[1.232s] writing px4_ros_com.egg-info/PKG-INFO
[1.233s] writing dependency_links to px4_ros_com.egg-info/dependency_links.txt
[1.234s] writing top-level names to px4_ros_com.egg-info/top_level.txt
[1.360s] reading manifest file 'px4_ros_com.egg-info/SOURCES.txt'
[1.365s] writing manifest file 'px4_ros_com.egg-info/SOURCES.txt'
[1.502s] [ 93%] Built target ament_cmake_python_build_px4_ros_com_egg
[10.435s] [01m[K/home/lohitoburrito/uav_app/src/px4_ros_com/src/app/fireforce/fireforce.cpp:[m[K In member function ‘[01m[Kvoid UAVCommand::read_camera_image_raw(sensor_msgs::msg::Image_<std::allocator<void> >::SharedPtr)[m[K’:
[10.436s] [01m[K/home/lohitoburrito/uav_app/src/px4_ros_com/src/app/fireforce/fireforce.cpp:246:13:[m[K [01;31m[Kerror: [m[K‘[01m[Kimage_cnt_down[m[K’ was not declared in this scope
[10.436s]   246 |         if ([01;31m[Kimage_cnt_down[m[K == 0) {
[10.436s]       |             [01;31m[K^~~~~~~~~~~~~~[m[K
[23.981s] gmake[2]: *** [CMakeFiles/fireforce.dir/build.make:76: CMakeFiles/fireforce.dir/src/app/fireforce/fireforce.cpp.o] Error 1
[23.982s] gmake[1]: *** [CMakeFiles/Makefile2:336: CMakeFiles/fireforce.dir/all] Error 2
[23.982s] gmake: *** [Makefile:146: all] Error 2
[23.986s] Invoked command in '/home/lohitoburrito/uav_app/build/px4_ros_com' returned '2': CMAKE_PREFIX_PATH=/home/lohitoburrito/uav_app/install/px4_msgs:/home/lohitoburrito/uav_app/install/px4_ros_com:/opt/ros/humble LD_LIBRARY_PATH=/home/lohitoburrito/uav_app/install/px4_msgs/lib:/home/lohitoburrito/uav_app/install/px4_ros_com/lib:/usr/lib/x86_64-linux-gnu/gazebo-11/plugins:/opt/ros/humble/opt/rviz_ogre_vendor/lib:/opt/ros/humble/lib/x86_64-linux-gnu:/opt/ros/humble/lib /usr/bin/cmake --build /home/lohitoburrito/uav_app/build/px4_ros_com -- -j8 -l8
