[0.405s] Invoking command in '/home/lohitoburrito/uav_app/build/px4_ros_com': CMAKE_PREFIX_PATH=/home/lohitoburrito/uav_app/install/px4_msgs:/home/lohitoburrito/uav_app/install/px4_ros_com:/opt/ros/humble LD_LIBRARY_PATH=/home/lohitoburrito/uav_app/install/px4_msgs/lib:/home/lohitoburrito/uav_app/install/px4_ros_com/lib:/usr/lib/x86_64-linux-gnu/gazebo-11/plugins:/opt/ros/humble/opt/rviz_ogre_vendor/lib:/opt/ros/humble/lib/x86_64-linux-gnu:/opt/ros/humble/lib /usr/bin/cmake --build /home/lohitoburrito/uav_app/build/px4_ros_com -- -j8 -l8
[0.510s] [35m[1mConsolidate compiler generated dependencies of target fireforce[0m
[0.540s] [ 12%] Built target frame_transforms
[0.540s] [ 25%] Built target sensor_combined_listener
[0.545s] [ 37%] Built target vehicle_gps_position_listener
[0.560s] [ 50%] Built target debug_vect_advertiser
[0.569s] [ 75%] Built target offboard_control
[0.569s] [ 75%] Built target reconnaissance
[0.572s] [ 87%] Built target offboard_control_srv
[0.581s] [ 93%] [32mBuilding CXX object CMakeFiles/fireforce.dir/src/app/fireforce/fireforce.cpp.o[0m
[0.615s] [ 93%] Built target ament_cmake_python_copy_px4_ros_com
[1.082s] running egg_info
[1.117s] writing px4_ros_com.egg-info/PKG-INFO
[1.120s] writing dependency_links to px4_ros_com.egg-info/dependency_links.txt
[1.121s] writing top-level names to px4_ros_com.egg-info/top_level.txt
[1.212s] reading manifest file 'px4_ros_com.egg-info/SOURCES.txt'
[1.217s] writing manifest file 'px4_ros_com.egg-info/SOURCES.txt'
[1.291s] [ 93%] Built target ament_cmake_python_build_px4_ros_com_egg
[9.612s] [01m[K/home/lohitoburrito/uav_app/src/px4_ros_com/src/app/fireforce/fireforce.cpp:[m[K In member function ‘[01m[Ksize_t UAVCommand::read_callback(void*, size_t, size_t, void*)[m[K’:
[9.613s] [01m[K/home/lohitoburrito/uav_app/src/px4_ros_com/src/app/fireforce/fireforce.cpp:168:9:[m[K [01;31m[Kerror: [m[Kinvalid use of incomplete type ‘[01m[Kstd::ifstream[m[K’ {aka ‘[01m[Kclass std::basic_ifstream<char>[m[K’}
[9.613s]   168 |     file[01;31m[K->[m[Kread(reinterpret_cast<char*>(ptr), size * nmemb);
[9.613s]       |         [01;31m[K^~[m[K
[9.613s] In file included from [01m[K/usr/include/c++/11/bits/shared_ptr.h:52[m[K,
[9.614s]                  from [01m[K/usr/include/c++/11/memory:77[m[K,
[9.614s]                  from [01m[K/opt/ros/humble/include/rclcpp/rclcpp/rclcpp.hpp:153[m[K,
[9.614s]                  from [01m[K/home/lohitoburrito/uav_app/src/px4_ros_com/src/app/fireforce/fireforce.cpp:9[m[K:
[9.614s] [01m[K/usr/include/c++/11/iosfwd:116:11:[m[K [01;36m[Knote: [m[Kdeclaration of ‘[01m[Kstd::ifstream[m[K’ {aka ‘[01m[Kclass std::basic_ifstream<char>[m[K’}
[9.614s]   116 |     class [01;36m[Kbasic_ifstream[m[K;
[9.614s]       |           [01;36m[K^~~~~~~~~~~~~~[m[K
[9.614s] [01m[K/home/lohitoburrito/uav_app/src/px4_ros_com/src/app/fireforce/fireforce.cpp:169:16:[m[K [01;31m[Kerror: [m[Kinvalid use of incomplete type ‘[01m[Kstd::ifstream[m[K’ {aka ‘[01m[Kclass std::basic_ifstream<char>[m[K’}
[9.615s]   169 |     return file[01;31m[K->[m[Kgcount();
[9.615s]       |                [01;31m[K^~[m[K
[9.615s] In file included from [01m[K/usr/include/c++/11/bits/shared_ptr.h:52[m[K,
[9.615s]                  from [01m[K/usr/include/c++/11/memory:77[m[K,
[9.615s]                  from [01m[K/opt/ros/humble/include/rclcpp/rclcpp/rclcpp.hpp:153[m[K,
[9.615s]                  from [01m[K/home/lohitoburrito/uav_app/src/px4_ros_com/src/app/fireforce/fireforce.cpp:9[m[K:
[9.615s] [01m[K/usr/include/c++/11/iosfwd:116:11:[m[K [01;36m[Knote: [m[Kdeclaration of ‘[01m[Kstd::ifstream[m[K’ {aka ‘[01m[Kclass std::basic_ifstream<char>[m[K’}
[9.615s]   116 |     class [01;36m[Kbasic_ifstream[m[K;
[9.615s]       |           [01;36m[K^~~~~~~~~~~~~~[m[K
[9.674s] [01m[K/home/lohitoburrito/uav_app/src/px4_ros_com/src/app/fireforce/fireforce.cpp:[m[K In member function ‘[01m[Kvoid UAVCommand::read_camera_image_raw(sensor_msgs::msg::Image_<std::allocator<void> >::SharedPtr)[m[K’:
[9.674s] [01m[K/home/lohitoburrito/uav_app/src/px4_ros_com/src/app/fireforce/fireforce.cpp:247:31:[m[K [01;31m[Kerror: [m[Kvariable ‘[01m[Kstd::ifstream file[m[K’ has initializer but incomplete type
[9.674s]   247 |             std::ifstream file[01;31m[K([m[K"src/px4_ros_com/src/app/fireforce/images/cv_frame.jpg", std::ios::binary);
[9.674s]       |                               [01;31m[K^[m[K
[9.675s] In file included from [01m[K/home/lohitoburrito/uav_app/src/px4_ros_com/src/app/fireforce/fireforce.cpp:21[m[K:
[9.675s] [01m[K/home/lohitoburrito/uav_app/src/px4_ros_com/src/app/fireforce/fireforce.cpp:259:58:[m[K [01;31m[Kerror: [m[Kinvalid use of non-static member function ‘[01m[Ksize_t UAVCommand::read_callback(void*, size_t, size_t, void*)[m[K’
[9.675s]   259 |             curl_easy_setopt(curl, CURLOPT_READFUNCTION, [01;31m[Kread_callback[m[K);
[9.675s]       |                                                          [01;31m[K^~~~~~~~~~~~~[m[K
[9.675s] [01m[K/home/lohitoburrito/uav_app/src/px4_ros_com/src/app/fireforce/fireforce.cpp:166:8:[m[K [01;36m[Knote: [m[Kdeclared here
[9.675s]   166 | size_t [01;36m[KUAVCommand[m[K::read_callback(void *ptr, size_t size, size_t nmemb, void *stream) {
[9.676s]       |        [01;36m[K^~~~~~~~~~[m[K
[22.188s] gmake[2]: *** [CMakeFiles/fireforce.dir/build.make:76: CMakeFiles/fireforce.dir/src/app/fireforce/fireforce.cpp.o] Error 1
[22.188s] gmake[1]: *** [CMakeFiles/Makefile2:336: CMakeFiles/fireforce.dir/all] Error 2
[22.188s] gmake: *** [Makefile:146: all] Error 2
[22.195s] Invoked command in '/home/lohitoburrito/uav_app/build/px4_ros_com' returned '2': CMAKE_PREFIX_PATH=/home/lohitoburrito/uav_app/install/px4_msgs:/home/lohitoburrito/uav_app/install/px4_ros_com:/opt/ros/humble LD_LIBRARY_PATH=/home/lohitoburrito/uav_app/install/px4_msgs/lib:/home/lohitoburrito/uav_app/install/px4_ros_com/lib:/usr/lib/x86_64-linux-gnu/gazebo-11/plugins:/opt/ros/humble/opt/rviz_ogre_vendor/lib:/opt/ros/humble/lib/x86_64-linux-gnu:/opt/ros/humble/lib /usr/bin/cmake --build /home/lohitoburrito/uav_app/build/px4_ros_com -- -j8 -l8
