[01m[K/home/lohitoburrito/uav_app/src/px4_ros_com/src/app/fireforce/fireforce.cpp:42:14:[m[K [01;31m[Kerror: [m[Kvariable or field ‘[01m[Kcurl[m[K’ declared void
   42 |         CURL [01;31m[Kcurl[m[K;
      |              [01;31m[K^~~~[m[K
[01m[K/home/lohitoburrito/uav_app/src/px4_ros_com/src/app/fireforce/fireforce.cpp:[m[K In constructor ‘[01m[KHTTPServer::HTTPServer()[m[K’:
[01m[K/home/lohitoburrito/uav_app/src/px4_ros_com/src/app/fireforce/fireforce.cpp:47:24:[m[K [01;31m[Kerror: [m[Kno matching function for call to ‘[01m[Krclcpp::Node::Node()[m[K’
   47 | HTTPServer::HTTPServer([01;31m[K)[m[K {
      |                        [01;31m[K^[m[K
In file included from [01m[K/opt/ros/humble/include/rclcpp/rclcpp/executors/single_threaded_executor.hpp:28[m[K,
                 from [01m[K/opt/ros/humble/include/rclcpp/rclcpp/executors.hpp:22[m[K,
                 from [01m[K/opt/ros/humble/include/rclcpp/rclcpp/rclcpp.hpp:155[m[K,
                 from [01m[K/home/lohitoburrito/uav_app/src/px4_ros_com/src/app/fireforce/fireforce.cpp:9[m[K:
[01m[K/opt/ros/humble/include/rclcpp/rclcpp/node.hpp:1294:3:[m[K [01;36m[Knote: [m[Kcandidate: ‘[01m[Krclcpp::Node::Node(const rclcpp::Node&, const string&)[m[K’
 1294 |   [01;36m[KNode[m[K(
      |   [01;36m[K^~~~[m[K
[01m[K/opt/ros/humble/include/rclcpp/rclcpp/node.hpp:1294:3:[m[K [01;36m[Knote: [m[K  candidate expects 2 arguments, 0 provided
[01m[K/opt/ros/humble/include/rclcpp/rclcpp/node.hpp:101:12:[m[K [01;36m[Knote: [m[Kcandidate: ‘[01m[Krclcpp::Node::Node(const string&, const string&, const rclcpp::NodeOptions&)[m[K’
  101 |   explicit [01;36m[KNode[m[K(
      |            [01;36m[K^~~~[m[K
[01m[K/opt/ros/humble/include/rclcpp/rclcpp/node.hpp:101:12:[m[K [01;36m[Knote: [m[K  candidate expects 3 arguments, 0 provided
[01m[K/opt/ros/humble/include/rclcpp/rclcpp/node.hpp:89:12:[m[K [01;36m[Knote: [m[Kcandidate: ‘[01m[Krclcpp::Node::Node(const string&, const rclcpp::NodeOptions&)[m[K’
   89 |   explicit [01;36m[KNode[m[K(
      |            [01;36m[K^~~~[m[K
[01m[K/opt/ros/humble/include/rclcpp/rclcpp/node.hpp:89:12:[m[K [01;36m[Knote: [m[K  candidate expects 2 arguments, 0 provided
[01m[K/home/lohitoburrito/uav_app/src/px4_ros_com/src/app/fireforce/fireforce.cpp:[m[K In member function ‘[01m[Kvoid HTTPServer::post_frame()[m[K’:
[01m[K/home/lohitoburrito/uav_app/src/px4_ros_com/src/app/fireforce/fireforce.cpp:67:5:[m[K [01;31m[Kerror: [m[K‘[01m[Kcurl[m[K’ was not declared in this scope
   67 |     [01;31m[Kcurl[m[K = curl_easy_init();
      |     [01;31m[K^~~~[m[K
gmake[2]: *** [CMakeFiles/fireforce.dir/build.make:76: CMakeFiles/fireforce.dir/src/app/fireforce/fireforce.cpp.o] Error 1
gmake[1]: *** [CMakeFiles/Makefile2:336: CMakeFiles/fireforce.dir/all] Error 2
gmake: *** [Makefile:146: all] Error 2
