[0.265s] Invoking command in '/home/lohitoburrito/uav_app/build/px4_ros_com': CMAKE_PREFIX_PATH=/home/lohitoburrito/uav_app/install/px4_msgs:/home/lohitoburrito/uav_app/install/px4_ros_com:/opt/ros/humble LD_LIBRARY_PATH=/home/lohitoburrito/uav_app/install/px4_msgs/lib:/home/lohitoburrito/uav_app/install/px4_ros_com/lib:/usr/lib/x86_64-linux-gnu/gazebo-11/plugins:/opt/ros/humble/opt/rviz_ogre_vendor/lib:/opt/ros/humble/lib/x86_64-linux-gnu:/opt/ros/humble/lib /usr/bin/cmake --build /home/lohitoburrito/uav_app/build/px4_ros_com -- -j8 -l8
[0.349s] [35m[1mConsolidate compiler generated dependencies of target fireforce[0m
[0.373s] [ 12%] Built target sensor_combined_listener
[0.374s] [ 25%] Built target frame_transforms
[0.386s] [ 37%] Built target reconnaissance
[0.387s] [ 56%] Built target vehicle_gps_position_listener
[0.387s] [ 62%] Built target offboard_control_srv
[0.387s] [ 75%] Built target debug_vect_advertiser
[0.402s] [ 81%] [32mBuilding CXX object CMakeFiles/fireforce.dir/src/app/fireforce/fireforce.cpp.o[0m
[0.402s] [ 93%] Built target offboard_control
[0.426s] [ 93%] Built target ament_cmake_python_copy_px4_ros_com
[0.901s] running egg_info
[0.965s] writing px4_ros_com.egg-info/PKG-INFO
[0.969s] writing dependency_links to px4_ros_com.egg-info/dependency_links.txt
[0.969s] writing top-level names to px4_ros_com.egg-info/top_level.txt
[1.075s] reading manifest file 'px4_ros_com.egg-info/SOURCES.txt'
[1.076s] writing manifest file 'px4_ros_com.egg-info/SOURCES.txt'
[1.159s] [ 93%] Built target ament_cmake_python_build_px4_ros_com_egg
[7.432s] [01m[K/home/lohitoburrito/uav_app/src/px4_ros_com/src/app/fireforce/fireforce.cpp:42:14:[m[K [01;31m[Kerror: [m[Kvariable or field ‘[01m[Kcurl[m[K’ declared void
[7.433s]    42 |         CURL [01;31m[Kcurl[m[K;
[7.433s]       |              [01;31m[K^~~~[m[K
[7.433s] [01m[K/home/lohitoburrito/uav_app/src/px4_ros_com/src/app/fireforce/fireforce.cpp:[m[K In constructor ‘[01m[KHTTPServer::HTTPServer()[m[K’:
[7.433s] [01m[K/home/lohitoburrito/uav_app/src/px4_ros_com/src/app/fireforce/fireforce.cpp:47:24:[m[K [01;31m[Kerror: [m[Kno matching function for call to ‘[01m[Krclcpp::Node::Node()[m[K’
[7.434s]    47 | HTTPServer::HTTPServer([01;31m[K)[m[K {
[7.434s]       |                        [01;31m[K^[m[K
[7.434s] In file included from [01m[K/opt/ros/humble/include/rclcpp/rclcpp/executors/single_threaded_executor.hpp:28[m[K,
[7.434s]                  from [01m[K/opt/ros/humble/include/rclcpp/rclcpp/executors.hpp:22[m[K,
[7.434s]                  from [01m[K/opt/ros/humble/include/rclcpp/rclcpp/rclcpp.hpp:155[m[K,
[7.434s]                  from [01m[K/home/lohitoburrito/uav_app/src/px4_ros_com/src/app/fireforce/fireforce.cpp:9[m[K:
[7.434s] [01m[K/opt/ros/humble/include/rclcpp/rclcpp/node.hpp:1294:3:[m[K [01;36m[Knote: [m[Kcandidate: ‘[01m[Krclcpp::Node::Node(const rclcpp::Node&, const string&)[m[K’
[7.434s]  1294 |   [01;36m[KNode[m[K(
[7.434s]       |   [01;36m[K^~~~[m[K
[7.434s] [01m[K/opt/ros/humble/include/rclcpp/rclcpp/node.hpp:1294:3:[m[K [01;36m[Knote: [m[K  candidate expects 2 arguments, 0 provided
[7.434s] [01m[K/opt/ros/humble/include/rclcpp/rclcpp/node.hpp:101:12:[m[K [01;36m[Knote: [m[Kcandidate: ‘[01m[Krclcpp::Node::Node(const string&, const string&, const rclcpp::NodeOptions&)[m[K’
[7.434s]   101 |   explicit [01;36m[KNode[m[K(
[7.434s]       |            [01;36m[K^~~~[m[K
[7.435s] [01m[K/opt/ros/humble/include/rclcpp/rclcpp/node.hpp:101:12:[m[K [01;36m[Knote: [m[K  candidate expects 3 arguments, 0 provided
[7.435s] [01m[K/opt/ros/humble/include/rclcpp/rclcpp/node.hpp:89:12:[m[K [01;36m[Knote: [m[Kcandidate: ‘[01m[Krclcpp::Node::Node(const string&, const rclcpp::NodeOptions&)[m[K’
[7.435s]    89 |   explicit [01;36m[KNode[m[K(
[7.435s]       |            [01;36m[K^~~~[m[K
[7.435s] [01m[K/opt/ros/humble/include/rclcpp/rclcpp/node.hpp:89:12:[m[K [01;36m[Knote: [m[K  candidate expects 2 arguments, 0 provided
[7.478s] [01m[K/home/lohitoburrito/uav_app/src/px4_ros_com/src/app/fireforce/fireforce.cpp:[m[K In member function ‘[01m[Kvoid HTTPServer::post_frame()[m[K’:
[7.478s] [01m[K/home/lohitoburrito/uav_app/src/px4_ros_com/src/app/fireforce/fireforce.cpp:67:5:[m[K [01;31m[Kerror: [m[K‘[01m[Kcurl[m[K’ was not declared in this scope
[7.478s]    67 |     [01;31m[Kcurl[m[K = curl_easy_init();
[7.478s]       |     [01;31m[K^~~~[m[K
[17.403s] gmake[2]: *** [CMakeFiles/fireforce.dir/build.make:76: CMakeFiles/fireforce.dir/src/app/fireforce/fireforce.cpp.o] Error 1
[17.403s] gmake[1]: *** [CMakeFiles/Makefile2:336: CMakeFiles/fireforce.dir/all] Error 2
[17.403s] gmake: *** [Makefile:146: all] Error 2
[17.411s] Invoked command in '/home/lohitoburrito/uav_app/build/px4_ros_com' returned '2': CMAKE_PREFIX_PATH=/home/lohitoburrito/uav_app/install/px4_msgs:/home/lohitoburrito/uav_app/install/px4_ros_com:/opt/ros/humble LD_LIBRARY_PATH=/home/lohitoburrito/uav_app/install/px4_msgs/lib:/home/lohitoburrito/uav_app/install/px4_ros_com/lib:/usr/lib/x86_64-linux-gnu/gazebo-11/plugins:/opt/ros/humble/opt/rviz_ogre_vendor/lib:/opt/ros/humble/lib/x86_64-linux-gnu:/opt/ros/humble/lib /usr/bin/cmake --build /home/lohitoburrito/uav_app/build/px4_ros_com -- -j8 -l8
