[0.315s] Invoking command in '/home/lohitoburrito/uav_app/build/px4_ros_com': CMAKE_PREFIX_PATH=/home/lohitoburrito/uav_app/install/px4_msgs:/home/lohitoburrito/uav_app/install/px4_ros_com:/opt/ros/humble LD_LIBRARY_PATH=/home/lohitoburrito/uav_app/install/px4_msgs/lib:/home/lohitoburrito/uav_app/install/px4_ros_com/lib:/usr/lib/x86_64-linux-gnu/gazebo-11/plugins:/opt/ros/humble/opt/rviz_ogre_vendor/lib:/opt/ros/humble/lib/x86_64-linux-gnu:/opt/ros/humble/lib /usr/bin/cmake --build /home/lohitoburrito/uav_app/build/px4_ros_com -- -j8 -l8
[0.395s] [ 12%] Built target frame_transforms
[0.397s] [ 25%] Built target vehicle_gps_position_listener
[0.402s] [ 37%] Built target sensor_combined_listener
[0.418s] [35m[1mConsolidate compiler generated dependencies of target fireforce[0m
[0.438s] [ 37%] Built target ament_cmake_python_copy_px4_ros_com
[0.444s] [ 50%] Built target reconnaissance
[0.445s] [ 56%] [32mBuilding CXX object CMakeFiles/fireforce.dir/src/app/fireforce/fireforce.cpp.o[0m
[0.471s] [ 68%] Built target offboard_control_srv
[0.516s] [ 81%] Built target offboard_control
[0.558s] [ 93%] Built target debug_vect_advertiser
[0.846s] running egg_info
[0.874s] writing px4_ros_com.egg-info/PKG-INFO
[0.875s] writing dependency_links to px4_ros_com.egg-info/dependency_links.txt
[0.875s] writing top-level names to px4_ros_com.egg-info/top_level.txt
[0.957s] reading manifest file 'px4_ros_com.egg-info/SOURCES.txt'
[0.960s] writing manifest file 'px4_ros_com.egg-info/SOURCES.txt'
[1.028s] [ 93%] Built target ament_cmake_python_build_px4_ros_com_egg
[7.322s] [01m[K/home/lohitoburrito/uav_app/src/px4_ros_com/src/app/fireforce/fireforce.cpp:40:29:[m[K [01;31m[Kerror: [m[K‘[01m[KVehicleGlobalPosition[m[K’ does not name a type
[7.322s]    40 |         void read_gps(const [01;31m[KVehicleGlobalPosition[m[K::UniquePtr msg);
[7.323s]       |                             [01;31m[K^~~~~~~~~~~~~~~~~~~~~[m[K
[7.323s] [01m[K/home/lohitoburrito/uav_app/src/px4_ros_com/src/app/fireforce/fireforce.cpp:40:62:[m[K [01;31m[Kerror: [m[Kexpected unqualified-id before ‘[01m[Kmsg[m[K’
[7.323s]    40 |         void read_gps(const VehicleGlobalPosition::UniquePtr [01;31m[Kmsg[m[K);
[7.323s]       |                                                              [01;31m[K^~~[m[K
[7.323s] [01m[K/home/lohitoburrito/uav_app/src/px4_ros_com/src/app/fireforce/fireforce.cpp:40:61:[m[K [01;31m[Kerror: [m[Kexpected ‘[01m[K)[m[K’ before ‘[01m[Kmsg[m[K’
[7.323s]    40 |         void read_gps[34m[K([m[Kconst VehicleGlobalPosition::UniquePtr[01;31m[K [m[K[32m[Kmsg[m[K);
[7.324s]       |                      [34m[K~[m[K                                      [01;31m[K^[m[K[32m[K~~~[m[K
[7.324s]       |                                                             [32m[K)[m[K
[7.324s] [01m[K/home/lohitoburrito/uav_app/src/px4_ros_com/src/app/fireforce/fireforce.cpp:40:52:[m[K [01;31m[Kerror: [m[Kexpected ‘[01m[K;[m[K’ at end of member declaration
[7.324s]    40 |         void read_gps(const VehicleGlobalPosition::[01;31m[KUniquePtr[m[K msg);
[7.324s]       |                                                    [01;31m[K^~~~~~~~~[m[K
[7.324s]       |                                                             [32m[K;[m[K
[7.329s] [01m[K/home/lohitoburrito/uav_app/src/px4_ros_com/src/app/fireforce/fireforce.cpp:40:62:[m[K [01;31m[Kerror: [m[K‘[01m[Kmsg[m[K’ does not name a type
[7.329s]    40 |         void read_gps(const VehicleGlobalPosition::UniquePtr [01;31m[Kmsg[m[K);
[7.329s]       |                                                              [01;31m[K^~~[m[K
[7.334s] [01m[K/home/lohitoburrito/uav_app/src/px4_ros_com/src/app/fireforce/fireforce.cpp:41:29:[m[K [01;31m[Kerror: [m[K‘[01m[KVehicleImu[m[K’ does not name a type
[7.334s]    41 |         void read_imu(const [01;31m[KVehicleImu[m[K::UniquePtr msg);
[7.335s]       |                             [01;31m[K^~~~~~~~~~[m[K
[7.335s] [01m[K/home/lohitoburrito/uav_app/src/px4_ros_com/src/app/fireforce/fireforce.cpp:41:51:[m[K [01;31m[Kerror: [m[Kexpected unqualified-id before ‘[01m[Kmsg[m[K’
[7.335s]    41 |         void read_imu(const VehicleImu::UniquePtr [01;31m[Kmsg[m[K);
[7.335s]       |                                                   [01;31m[K^~~[m[K
[7.335s] [01m[K/home/lohitoburrito/uav_app/src/px4_ros_com/src/app/fireforce/fireforce.cpp:41:50:[m[K [01;31m[Kerror: [m[Kexpected ‘[01m[K)[m[K’ before ‘[01m[Kmsg[m[K’
[7.335s]    41 |         void read_imu[34m[K([m[Kconst VehicleImu::UniquePtr[01;31m[K [m[K[32m[Kmsg[m[K);
[7.335s]       |                      [34m[K~[m[K                           [01;31m[K^[m[K[32m[K~~~[m[K
[7.335s]       |                                                  [32m[K)[m[K
[7.335s] [01m[K/home/lohitoburrito/uav_app/src/px4_ros_com/src/app/fireforce/fireforce.cpp:41:41:[m[K [01;31m[Kerror: [m[Kexpected ‘[01m[K;[m[K’ at end of member declaration
[7.335s]    41 |         void read_imu(const VehicleImu::[01;31m[KUniquePtr[m[K msg);
[7.336s]       |                                         [01;31m[K^~~~~~~~~[m[K
[7.336s]       |                                                  [32m[K;[m[K
[7.338s] [01m[K/home/lohitoburrito/uav_app/src/px4_ros_com/src/app/fireforce/fireforce.cpp:41:51:[m[K [01;31m[Kerror: [m[K‘[01m[Kmsg[m[K’ does not name a type
[7.338s]    41 |         void read_imu(const VehicleImu::UniquePtr [01;31m[Kmsg[m[K);
[7.338s]       |                                                   [01;31m[K^~~[m[K
[7.374s] [01m[K/home/lohitoburrito/uav_app/src/px4_ros_com/src/app/fireforce/fireforce.cpp:[m[K In constructor ‘[01m[KHTTPServer::HTTPServer()[m[K’:
[7.375s] [01m[K/home/lohitoburrito/uav_app/src/px4_ros_com/src/app/fireforce/fireforce.cpp:82:5:[m[K [01;31m[Kerror: [m[K‘[01m[Klocal_position_subscriber[m[K’ was not declared in this scope
[7.375s]    82 |     [01;31m[Klocal_position_subscriber[m[K = this->create_subscription<VehicleGlobalPosition>(
[7.375s]       |     [01;31m[K^~~~~~~~~~~~~~~~~~~~~~~~~[m[K
[7.401s] [01m[K/home/lohitoburrito/uav_app/src/px4_ros_com/src/app/fireforce/fireforce.cpp:82:59:[m[K [01;31m[Kerror: [m[K‘[01m[KVehicleGlobalPosition[m[K’ was not declared in this scope
[7.401s]    82 |     local_position_subscriber = this->create_subscription<[01;31m[KVehicleGlobalPosition[m[K>(
[7.402s]       |                                                           [01;31m[K^~~~~~~~~~~~~~~~~~~~~[m[K
[7.414s] [01m[K/home/lohitoburrito/uav_app/src/px4_ros_com/src/app/fireforce/fireforce.cpp:82:81:[m[K [01;31m[Kerror: [m[Kno matching function for call to ‘[01m[KHTTPServer::create_subscription<<expression error> >(const char [33], rclcpp::QoS&, std::_Bind_helper<false, void (HTTPServer::*)(...), HTTPServer*, const std::_Placeholder<1>&>::type)[m[K’
[7.415s]    82 |     local_position_subscriber = [01;31m[Kthis->create_subscription<VehicleGlobalPosition>([m[K
[7.415s]       |                                 [01;31m[K~~~~~~~~~~~~~~~~~~~~~~~~~~~~~~~~~~~~~~~~~~~~~~~~^[m[K
[7.415s]    83 | [01;31m[K        "/fmu/out/vehicle_global_position",[m[K
[7.415s]       |         [01;31m[K~~~~~~~~~~~~~~~~~~~~~~~~~~~~~~~~~~~[m[K                                      
[7.416s]    84 | [01;31m[K        qos_pos,[m[K
[7.416s]       |         [01;31m[K~~~~~~~~[m[K                                                                 
[7.416s]    85 | [01;31m[K        std::bind(&HTTPServer::read_gps, this, std::placeholders::_1)[m[K
[7.416s]       |         [01;31m[K~~~~~~~~~~~~~~~~~~~~~~~~~~~~~~~~~~~~~~~~~~~~~~~~~~~~~~~~~~~~~[m[K            
[7.416s]    86 | [01;31m[K    )[m[K;
[7.416s]       |     [01;31m[K~[m[K                                                                            
[7.416s] In file included from [01m[K/opt/ros/humble/include/rclcpp/rclcpp/executors/single_threaded_executor.hpp:28[m[K,
[7.416s]                  from [01m[K/opt/ros/humble/include/rclcpp/rclcpp/executors.hpp:22[m[K,
[7.416s]                  from [01m[K/opt/ros/humble/include/rclcpp/rclcpp/rclcpp.hpp:155[m[K,
[7.417s]                  from [01m[K/home/lohitoburrito/uav_app/src/px4_ros_com/src/app/fireforce/fireforce.cpp:9[m[K:
[7.417s] [01m[K/opt/ros/humble/include/rclcpp/rclcpp/node.hpp:219:3:[m[K [01;36m[Knote: [m[Kcandidate: ‘[01m[Ktemplate<class MessageT, class CallbackT, class AllocatorT, class SubscriptionT, class MessageMemoryStrategyT> std::shared_ptr<ROSMessageT> rclcpp::Node::create_subscription(const string&, const rclcpp::QoS&, CallbackT&&, const rclcpp::SubscriptionOptionsWithAllocator<AllocatorT>&, typename MessageMemoryStrategyT::SharedPtr)[m[K’
[7.417s]   219 |   [01;36m[Kcreate_subscription[m[K(
[7.417s]       |   [01;36m[K^~~~~~~~~~~~~~~~~~~[m[K
[7.417s] [01m[K/opt/ros/humble/include/rclcpp/rclcpp/node.hpp:219:3:[m[K [01;36m[Knote: [m[K  template argument deduction/substitution failed:
[7.417s] [01m[K/home/lohitoburrito/uav_app/src/px4_ros_com/src/app/fireforce/fireforce.cpp:82:81:[m[K [01;31m[Kerror: [m[Ktemplate argument 1 is invalid
[7.417s]    82 |     local_position_subscriber = [01;31m[Kthis->create_subscription<VehicleGlobalPosition>([m[K
[7.417s]       |                                 [01;31m[K~~~~~~~~~~~~~~~~~~~~~~~~~~~~~~~~~~~~~~~~~~~~~~~~^[m[K
[7.417s]    83 | [01;31m[K        "/fmu/out/vehicle_global_position",[m[K
[7.417s]       |         [01;31m[K~~~~~~~~~~~~~~~~~~~~~~~~~~~~~~~~~~~[m[K                                      
[7.418s]    84 | [01;31m[K        qos_pos,[m[K
[7.418s]       |         [01;31m[K~~~~~~~~[m[K                                                                 
[7.418s]    85 | [01;31m[K        std::bind(&HTTPServer::read_gps, this, std::placeholders::_1)[m[K
[7.418s]       |         [01;31m[K~~~~~~~~~~~~~~~~~~~~~~~~~~~~~~~~~~~~~~~~~~~~~~~~~~~~~~~~~~~~~[m[K            
[7.418s]    86 | [01;31m[K    )[m[K;
[7.418s]       |     [01;31m[K~[m[K                                                                            
[7.455s] [01m[K/home/lohitoburrito/uav_app/src/px4_ros_com/src/app/fireforce/fireforce.cpp:88:5:[m[K [01;31m[Kerror: [m[K‘[01m[Kcamera_image_raw_subscriber[m[K’ was not declared in this scope
[7.455s]    88 |     [01;31m[Kcamera_image_raw_subscriber[m[K = this->create_subscription<>(
[7.455s]       |     [01;31m[K^~~~~~~~~~~~~~~~~~~~~~~~~~~[m[K
[7.455s] [01m[K/home/lohitoburrito/uav_app/src/px4_ros_com/src/app/fireforce/fireforce.cpp:88:62:[m[K [01;31m[Kerror: [m[Kno matching function for call to ‘[01m[KHTTPServer::create_subscription(const char [25], rclcpp::QoS&, std::_Bind_helper<false, void (HTTPServer::*)(...), HTTPServer*, const std::_Placeholder<1>&>::type)[m[K’
[7.455s]    88 |     camera_image_raw_subscriber = [01;31m[Kthis->create_subscription<>([m[K
[7.455s]       |                                   [01;31m[K~~~~~~~~~~~~~~~~~~~~~~~~~~~^[m[K
[7.456s]    89 | [01;31m[K        "/fmu/out/sensor_combined",[m[K
[7.456s]       |         [01;31m[K~~~~~~~~~~~~~~~~~~~~~~~~~~~[m[K                           
[7.456s]    90 | [01;31m[K        qos_imu,[m[K
[7.456s]       |         [01;31m[K~~~~~~~~[m[K                                              
[7.456s]    91 | [01;31m[K        std::bind(&HTTPServer::read_imu, this, std::placeholders::_1)[m[K
[7.456s]       |         [01;31m[K~~~~~~~~~~~~~~~~~~~~~~~~~~~~~~~~~~~~~~~~~~~~~~~~~~~~~~~~~~~~~[m[K
[7.456s]    92 | [01;31m[K    )[m[K;
[7.456s]       |     [01;31m[K~[m[K                                                         
[7.456s] In file included from [01m[K/opt/ros/humble/include/rclcpp/rclcpp/executors/single_threaded_executor.hpp:28[m[K,
[7.456s]                  from [01m[K/opt/ros/humble/include/rclcpp/rclcpp/executors.hpp:22[m[K,
[7.456s]                  from [01m[K/opt/ros/humble/include/rclcpp/rclcpp/rclcpp.hpp:155[m[K,
[7.456s]                  from [01m[K/home/lohitoburrito/uav_app/src/px4_ros_com/src/app/fireforce/fireforce.cpp:9[m[K:
[7.456s] [01m[K/opt/ros/humble/include/rclcpp/rclcpp/node.hpp:219:3:[m[K [01;36m[Knote: [m[Kcandidate: ‘[01m[Ktemplate<class MessageT, class CallbackT, class AllocatorT, class SubscriptionT, class MessageMemoryStrategyT> std::shared_ptr<ROSMessageT> rclcpp::Node::create_subscription(const string&, const rclcpp::QoS&, CallbackT&&, const rclcpp::SubscriptionOptionsWithAllocator<AllocatorT>&, typename MessageMemoryStrategyT::SharedPtr)[m[K’
[7.456s]   219 |   [01;36m[Kcreate_subscription[m[K(
[7.456s]       |   [01;36m[K^~~~~~~~~~~~~~~~~~~[m[K
[7.456s] [01m[K/opt/ros/humble/include/rclcpp/rclcpp/node.hpp:219:3:[m[K [01;36m[Knote: [m[K  template argument deduction/substitution failed:
[7.456s] [01m[K/home/lohitoburrito/uav_app/src/px4_ros_com/src/app/fireforce/fireforce.cpp:88:62:[m[K [01;36m[Knote: [m[K  couldn’t deduce template parameter ‘[01m[KMessageT[m[K’
[7.457s]    88 |     camera_image_raw_subscriber = [01;36m[Kthis->create_subscription<>([m[K
[7.457s]       |                                   [01;36m[K~~~~~~~~~~~~~~~~~~~~~~~~~~~^[m[K
[7.457s]    89 | [01;36m[K        "/fmu/out/sensor_combined",[m[K
[7.457s]       |         [01;36m[K~~~~~~~~~~~~~~~~~~~~~~~~~~~[m[K                           
[7.457s]    90 | [01;36m[K        qos_imu,[m[K
[7.457s]       |         [01;36m[K~~~~~~~~[m[K                                              
[7.457s]    91 | [01;36m[K        std::bind(&HTTPServer::read_imu, this, std::placeholders::_1)[m[K
[7.457s]       |         [01;36m[K~~~~~~~~~~~~~~~~~~~~~~~~~~~~~~~~~~~~~~~~~~~~~~~~~~~~~~~~~~~~~[m[K
[7.457s]    92 | [01;36m[K    )[m[K;
[7.457s]       |     [01;36m[K~[m[K                                                         
[7.490s] [01m[K/home/lohitoburrito/uav_app/src/px4_ros_com/src/app/fireforce/fireforce.cpp:[m[K At global scope:
[7.490s] [01m[K/home/lohitoburrito/uav_app/src/px4_ros_com/src/app/fireforce/fireforce.cpp:170:33:[m[K [01;31m[Kerror: [m[K‘[01m[KVehicleGlobalPosition[m[K’ does not name a type
[7.490s]   170 | void HTTPServer::read_gps(const [01;31m[KVehicleGlobalPosition[m[K::UniquePtr msg) {
[7.490s]       |                                 [01;31m[K^~~~~~~~~~~~~~~~~~~~~[m[K
[7.492s] [01m[K/home/lohitoburrito/uav_app/src/px4_ros_com/src/app/fireforce/fireforce.cpp:170:66:[m[K [01;31m[Kerror: [m[Kexpected unqualified-id before ‘[01m[Kmsg[m[K’
[7.492s]   170 | void HTTPServer::read_gps(const VehicleGlobalPosition::UniquePtr [01;31m[Kmsg[m[K) {
[7.492s]       |                                                                  [01;31m[K^~~[m[K
[7.492s] [01m[K/home/lohitoburrito/uav_app/src/px4_ros_com/src/app/fireforce/fireforce.cpp:170:65:[m[K [01;31m[Kerror: [m[Kexpected ‘[01m[K)[m[K’ before ‘[01m[Kmsg[m[K’
[7.492s]   170 | void HTTPServer::read_gps[34m[K([m[Kconst VehicleGlobalPosition::UniquePtr[01;31m[K [m[K[32m[Kmsg[m[K) {
[7.493s]       |                          [34m[K~[m[K                                      [01;31m[K^[m[K[32m[K~~~[m[K
[7.493s]       |                                                                 [32m[K)[m[K
[7.493s] [01m[K/home/lohitoburrito/uav_app/src/px4_ros_com/src/app/fireforce/fireforce.cpp:170:66:[m[K [01;31m[Kerror: [m[Kexpected initializer before ‘[01m[Kmsg[m[K’
[7.493s]   170 | void HTTPServer::read_gps(const VehicleGlobalPosition::UniquePtr [01;31m[Kmsg[m[K) {
[7.493s]       |                                                                  [01;31m[K^~~[m[K
[7.496s] [01m[K/home/lohitoburrito/uav_app/src/px4_ros_com/src/app/fireforce/fireforce.cpp:179:33:[m[K [01;31m[Kerror: [m[K‘[01m[KVehicleImu[m[K’ does not name a type
[7.496s]   179 | void HTTPServer::read_imu(const [01;31m[KVehicleImu[m[K::UniquePtr msg) {
[7.497s]       |                                 [01;31m[K^~~~~~~~~~[m[K
[7.497s] [01m[K/home/lohitoburrito/uav_app/src/px4_ros_com/src/app/fireforce/fireforce.cpp:179:55:[m[K [01;31m[Kerror: [m[Kexpected unqualified-id before ‘[01m[Kmsg[m[K’
[7.497s]   179 | void HTTPServer::read_imu(const VehicleImu::UniquePtr [01;31m[Kmsg[m[K) {
[7.497s]       |                                                       [01;31m[K^~~[m[K
[7.497s] [01m[K/home/lohitoburrito/uav_app/src/px4_ros_com/src/app/fireforce/fireforce.cpp:179:54:[m[K [01;31m[Kerror: [m[Kexpected ‘[01m[K)[m[K’ before ‘[01m[Kmsg[m[K’
[7.497s]   179 | void HTTPServer::read_imu[34m[K([m[Kconst VehicleImu::UniquePtr[01;31m[K [m[K[32m[Kmsg[m[K) {
[7.497s]       |                          [34m[K~[m[K                           [01;31m[K^[m[K[32m[K~~~[m[K
[7.497s]       |                                                      [32m[K)[m[K
[7.497s] [01m[K/home/lohitoburrito/uav_app/src/px4_ros_com/src/app/fireforce/fireforce.cpp:179:55:[m[K [01;31m[Kerror: [m[Kexpected initializer before ‘[01m[Kmsg[m[K’
[7.497s]   179 | void HTTPServer::read_imu(const VehicleImu::UniquePtr [01;31m[Kmsg[m[K) {
[7.497s]       |                                                       [01;31m[K^~~[m[K
[7.914s] In file included from [01m[K/opt/ros/humble/include/rclcpp/rclcpp/client.hpp:40[m[K,
[7.914s]                  from [01m[K/opt/ros/humble/include/rclcpp/rclcpp/callback_group.hpp:24[m[K,
[7.914s]                  from [01m[K/opt/ros/humble/include/rclcpp/rclcpp/any_executable.hpp:20[m[K,
[7.914s]                  from [01m[K/opt/ros/humble/include/rclcpp/rclcpp/memory_strategy.hpp:25[m[K,
[7.914s]                  from [01m[K/opt/ros/humble/include/rclcpp/rclcpp/memory_strategies.hpp:18[m[K,
[7.915s]                  from [01m[K/opt/ros/humble/include/rclcpp/rclcpp/executor_options.hpp:20[m[K,
[7.915s]                  from [01m[K/opt/ros/humble/include/rclcpp/rclcpp/executor.hpp:37[m[K,
[7.915s]                  from [01m[K/opt/ros/humble/include/rclcpp/rclcpp/executors/multi_threaded_executor.hpp:25[m[K,
[7.915s]                  from [01m[K/opt/ros/humble/include/rclcpp/rclcpp/executors.hpp:21[m[K,
[7.915s]                  from [01m[K/opt/ros/humble/include/rclcpp/rclcpp/rclcpp.hpp:155[m[K,
[7.915s]                  from [01m[K/home/lohitoburrito/uav_app/src/px4_ros_com/src/app/fireforce/fireforce.cpp:9[m[K:
[7.915s] [01m[K/home/lohitoburrito/uav_app/src/px4_ros_com/src/app/fireforce/fireforce.cpp:[m[K In function ‘[01m[Kint main(int, char**)[m[K’:
[7.915s] [01m[K/home/lohitoburrito/uav_app/src/px4_ros_com/src/app/fireforce/fireforce.cpp:634:17:[m[K [01;31m[Kerror: [m[K‘[01m[Knode1[m[K’ was not declared in this scope
[7.915s]   634 |     RCLCPP_INFO([01;31m[Knode1[m[K->get_logger(), "Running executor with two nodes");
[7.915s]       |                 [01;31m[K^~~~~[m[K
[7.915s] [01m[K/home/lohitoburrito/uav_app/src/px4_ros_com/src/app/fireforce/fireforce.cpp:634:5:[m[K [01;31m[Kerror: [m[Ktemplate argument 1 is invalid
[7.916s]   634 |     [01;31m[KRCLCPP_INFO[m[K(node1->get_logger(), "Running executor with two nodes");
[7.916s]       |     [01;31m[K^~~~~~~~~~~[m[K
[7.916s] [01m[K/home/lohitoburrito/uav_app/src/px4_ros_com/src/app/fireforce/fireforce.cpp:634:5:[m[K [01;31m[Kerror: [m[Ktemplate argument 1 is invalid
[7.916s]   634 |     [01;31m[KRCLCPP_INFO[m[K(node1->get_logger(), "Running executor with two nodes");
[7.916s]       |     [01;31m[K^~~~~~~~~~~[m[K
[7.916s] [01m[K/home/lohitoburrito/uav_app/src/px4_ros_com/src/app/fireforce/fireforce.cpp:634:5:[m[K [01;31m[Kerror: [m[Ktemplate argument 1 is invalid
[7.916s]   634 |     [01;31m[KRCLCPP_INFO[m[K(node1->get_logger(), "Running executor with two nodes");
[7.916s]       |     [01;31m[K^~~~~~~~~~~[m[K
[17.908s] gmake[2]: *** [CMakeFiles/fireforce.dir/build.make:76: CMakeFiles/fireforce.dir/src/app/fireforce/fireforce.cpp.o] Error 1
[17.908s] gmake[1]: *** [CMakeFiles/Makefile2:336: CMakeFiles/fireforce.dir/all] Error 2
[17.908s] gmake: *** [Makefile:146: all] Error 2
[17.912s] Invoked command in '/home/lohitoburrito/uav_app/build/px4_ros_com' returned '2': CMAKE_PREFIX_PATH=/home/lohitoburrito/uav_app/install/px4_msgs:/home/lohitoburrito/uav_app/install/px4_ros_com:/opt/ros/humble LD_LIBRARY_PATH=/home/lohitoburrito/uav_app/install/px4_msgs/lib:/home/lohitoburrito/uav_app/install/px4_ros_com/lib:/usr/lib/x86_64-linux-gnu/gazebo-11/plugins:/opt/ros/humble/opt/rviz_ogre_vendor/lib:/opt/ros/humble/lib/x86_64-linux-gnu:/opt/ros/humble/lib /usr/bin/cmake --build /home/lohitoburrito/uav_app/build/px4_ros_com -- -j8 -l8
