[0.282s] Invoking command in '/home/lohitoburrito/uav_app/build/px4_ros_com': CMAKE_PREFIX_PATH=/home/lohitoburrito/uav_app/install/px4_msgs:/home/lohitoburrito/uav_app/install/px4_ros_com:/opt/ros/humble LD_LIBRARY_PATH=/home/lohitoburrito/uav_app/install/px4_msgs/lib:/home/lohitoburrito/uav_app/install/px4_ros_com/lib:/usr/lib/x86_64-linux-gnu/gazebo-11/plugins:/opt/ros/humble/opt/rviz_ogre_vendor/lib:/opt/ros/humble/lib/x86_64-linux-gnu:/opt/ros/humble/lib /usr/bin/cmake --build /home/lohitoburrito/uav_app/build/px4_ros_com -- -j8 -l8
[0.368s] [ 12%] Built target frame_transforms
[0.370s] [35m[1mConsolidate compiler generated dependencies of target fireforce[0m
[0.370s] [ 25%] Built target sensor_combined_listener
[0.370s] [ 37%] Built target debug_vect_advertiser
[0.383s] [ 50%] Built target offboard_control_srv
[0.392s] [ 62%] Built target offboard_control
[0.395s] [ 75%] Built target vehicle_gps_position_listener
[0.406s] [ 81%] [32mBuilding CXX object CMakeFiles/fireforce.dir/src/app/fireforce/fireforce.cpp.o[0m
[0.413s] [ 93%] Built target reconnaissance
[0.429s] [ 93%] Built target ament_cmake_python_copy_px4_ros_com
[0.783s] running egg_info
[0.806s] writing px4_ros_com.egg-info/PKG-INFO
[0.807s] writing dependency_links to px4_ros_com.egg-info/dependency_links.txt
[0.812s] writing top-level names to px4_ros_com.egg-info/top_level.txt
[0.876s] reading manifest file 'px4_ros_com.egg-info/SOURCES.txt'
[0.878s] writing manifest file 'px4_ros_com.egg-info/SOURCES.txt'
[0.951s] [ 93%] Built target ament_cmake_python_build_px4_ros_com_egg
[7.169s] [01m[K/home/lohitoburrito/uav_app/src/px4_ros_com/src/app/fireforce/fireforce.cpp:107:21:[m[K [01;31m[Kerror: [m[K‘[01m[Kstd::thread UAVCommand::post_frame[m[K’ conflicts with a previous declaration
[7.169s]   107 |         std::thread [01;31m[Kpost_frame[m[K;
[7.169s]       |                     [01;31m[K^~~~~~~~~~[m[K
[7.169s] [01m[K/home/lohitoburrito/uav_app/src/px4_ros_com/src/app/fireforce/fireforce.cpp:59:14:[m[K [01;36m[Knote: [m[Kprevious declaration ‘[01m[Kvoid UAVCommand::post_frame()[m[K’
[7.169s]    59 |         void [01;36m[Kpost_frame[m[K();
[7.169s]       |              [01;36m[K^~~~~~~~~~[m[K
[7.210s] [01m[K/home/lohitoburrito/uav_app/src/px4_ros_com/src/app/fireforce/fireforce.cpp:[m[K In constructor ‘[01m[KUAVCommand::UAVCommand()[m[K’:
[7.210s] [01m[K/home/lohitoburrito/uav_app/src/px4_ros_com/src/app/fireforce/fireforce.cpp:154:43:[m[K [01;31m[Kerror: [m[K‘[01m[KpostFrame[m[K’ is not a member of ‘[01m[KUAVCommand[m[K’
[7.210s]   154 |     post_frame = std::thread(&UAVCommand::[01;31m[KpostFrame[m[K, this);
[7.210s]       |                                           [01;31m[K^~~~~~~~~[m[K
[7.233s] In file included from [01m[K/home/lohitoburrito/uav_app/src/px4_ros_com/src/app/fireforce/fireforce.cpp:21[m[K:
[7.234s] [01m[K/home/lohitoburrito/uav_app/src/px4_ros_com/src/app/fireforce/fireforce.cpp:[m[K In member function ‘[01m[Kvoid UAVCommand::post_frame()[m[K’:
[7.234s] [01m[K/home/lohitoburrito/uav_app/src/px4_ros_com/src/app/fireforce/fireforce.cpp:178:58:[m[K [01;31m[Kerror: [m[K‘[01m[Kread_callback[m[K’ was not declared in this scope; did you mean ‘[01m[Kcurl_read_callback[m[K’?
[7.234s]   178 |             curl_easy_setopt(curl, CURLOPT_READFUNCTION, [01;31m[Kread_callback[m[K);
[7.234s]       |                                                          [01;31m[K^~~~~~~~~~~~~[m[K
[15.908s] [01m[K/home/lohitoburrito/uav_app/src/px4_ros_com/src/app/fireforce/fireforce.cpp:[m[K At global scope:
[15.909s] [01m[K/home/lohitoburrito/uav_app/src/px4_ros_com/src/app/fireforce/fireforce.cpp:211:15:[m[K [01;35m[Kwarning: [m[K‘[01m[Ksize_t read_callback(void*, size_t, size_t, void*)[m[K’ defined but not used [[01;35m[K]8;;https://gcc.gnu.org/onlinedocs/gcc/Warning-Options.html#index-Wunused-function-Wunused-function]8;;[m[K]
[15.909s]   211 | static size_t [01;35m[Kread_callback[m[K(void *ptr, size_t size, size_t nmemb, void *stream) {
[15.909s]       |               [01;35m[K^~~~~~~~~~~~~[m[K
[15.951s] gmake[2]: *** [CMakeFiles/fireforce.dir/build.make:76: CMakeFiles/fireforce.dir/src/app/fireforce/fireforce.cpp.o] Error 1
[15.951s] gmake[1]: *** [CMakeFiles/Makefile2:336: CMakeFiles/fireforce.dir/all] Error 2
[15.951s] gmake: *** [Makefile:146: all] Error 2
[15.954s] Invoked command in '/home/lohitoburrito/uav_app/build/px4_ros_com' returned '2': CMAKE_PREFIX_PATH=/home/lohitoburrito/uav_app/install/px4_msgs:/home/lohitoburrito/uav_app/install/px4_ros_com:/opt/ros/humble LD_LIBRARY_PATH=/home/lohitoburrito/uav_app/install/px4_msgs/lib:/home/lohitoburrito/uav_app/install/px4_ros_com/lib:/usr/lib/x86_64-linux-gnu/gazebo-11/plugins:/opt/ros/humble/opt/rviz_ogre_vendor/lib:/opt/ros/humble/lib/x86_64-linux-gnu:/opt/ros/humble/lib /usr/bin/cmake --build /home/lohitoburrito/uav_app/build/px4_ros_com -- -j8 -l8
