[0.378s] Invoking command in '/home/lohitoburrito/uav_app/build/px4_ros_com': CMAKE_PREFIX_PATH=/home/lohitoburrito/uav_app/install/px4_msgs:/home/lohitoburrito/uav_app/install/px4_ros_com:/opt/ros/humble LD_LIBRARY_PATH=/home/lohitoburrito/uav_app/install/px4_msgs/lib:/home/lohitoburrito/uav_app/install/px4_ros_com/lib:/usr/lib/x86_64-linux-gnu/gazebo-11/plugins:/opt/ros/humble/opt/rviz_ogre_vendor/lib:/opt/ros/humble/lib/x86_64-linux-gnu:/opt/ros/humble/lib /usr/bin/cmake --build /home/lohitoburrito/uav_app/build/px4_ros_com -- -j8 -l8
[0.501s] [ 12%] Built target frame_transforms
[0.502s] [35m[1mConsolidate compiler generated dependencies of target fireforce[0m
[0.503s] [ 25%] Built target debug_vect_advertiser
[0.508s] [ 37%] Built target sensor_combined_listener
[0.514s] [ 50%] Built target offboard_control
[0.524s] [ 62%] Built target offboard_control_srv
[0.527s] [ 75%] Built target reconnaissance
[0.530s] [ 87%] Built target vehicle_gps_position_listener
[0.534s] [ 93%] [32mBuilding CXX object CMakeFiles/fireforce.dir/src/app/fireforce/fireforce.cpp.o[0m
[0.569s] [ 93%] Built target ament_cmake_python_copy_px4_ros_com
[1.066s] running egg_info
[1.102s] writing px4_ros_com.egg-info/PKG-INFO
[1.103s] writing dependency_links to px4_ros_com.egg-info/dependency_links.txt
[1.104s] writing top-level names to px4_ros_com.egg-info/top_level.txt
[1.199s] reading manifest file 'px4_ros_com.egg-info/SOURCES.txt'
[1.205s] writing manifest file 'px4_ros_com.egg-info/SOURCES.txt'
[1.285s] [ 93%] Built target ament_cmake_python_build_px4_ros_com_egg
[9.673s] [01m[K/home/lohitoburrito/uav_app/src/px4_ros_com/src/app/fireforce/fireforce.cpp:[m[K In constructor ‘[01m[KHTTPServer::HTTPServer()[m[K’:
[9.673s] [01m[K/home/lohitoburrito/uav_app/src/px4_ros_com/src/app/fireforce/fireforce.cpp:46:24:[m[K [01;31m[Kerror: [m[Kno matching function for call to ‘[01m[Krclcpp::Node::Node()[m[K’
[9.673s]    46 | HTTPServer::HTTPServer([01;31m[K)[m[K {
[9.674s]       |                        [01;31m[K^[m[K
[9.674s] In file included from [01m[K/opt/ros/humble/include/rclcpp/rclcpp/executors/single_threaded_executor.hpp:28[m[K,
[9.674s]                  from [01m[K/opt/ros/humble/include/rclcpp/rclcpp/executors.hpp:22[m[K,
[9.674s]                  from [01m[K/opt/ros/humble/include/rclcpp/rclcpp/rclcpp.hpp:155[m[K,
[9.674s]                  from [01m[K/home/lohitoburrito/uav_app/src/px4_ros_com/src/app/fireforce/fireforce.cpp:9[m[K:
[9.674s] [01m[K/opt/ros/humble/include/rclcpp/rclcpp/node.hpp:1294:3:[m[K [01;36m[Knote: [m[Kcandidate: ‘[01m[Krclcpp::Node::Node(const rclcpp::Node&, const string&)[m[K’
[9.675s]  1294 |   [01;36m[KNode[m[K(
[9.675s]       |   [01;36m[K^~~~[m[K
[9.675s] [01m[K/opt/ros/humble/include/rclcpp/rclcpp/node.hpp:1294:3:[m[K [01;36m[Knote: [m[K  candidate expects 2 arguments, 0 provided
[9.675s] [01m[K/opt/ros/humble/include/rclcpp/rclcpp/node.hpp:101:12:[m[K [01;36m[Knote: [m[Kcandidate: ‘[01m[Krclcpp::Node::Node(const string&, const string&, const rclcpp::NodeOptions&)[m[K’
[9.675s]   101 |   explicit [01;36m[KNode[m[K(
[9.675s]       |            [01;36m[K^~~~[m[K
[9.675s] [01m[K/opt/ros/humble/include/rclcpp/rclcpp/node.hpp:101:12:[m[K [01;36m[Knote: [m[K  candidate expects 3 arguments, 0 provided
[9.675s] [01m[K/opt/ros/humble/include/rclcpp/rclcpp/node.hpp:89:12:[m[K [01;36m[Knote: [m[Kcandidate: ‘[01m[Krclcpp::Node::Node(const string&, const rclcpp::NodeOptions&)[m[K’
[9.675s]    89 |   explicit [01;36m[KNode[m[K(
[9.675s]       |            [01;36m[K^~~~[m[K
[9.676s] [01m[K/opt/ros/humble/include/rclcpp/rclcpp/node.hpp:89:12:[m[K [01;36m[Knote: [m[K  candidate expects 2 arguments, 0 provided
[9.735s] [01m[K/home/lohitoburrito/uav_app/src/px4_ros_com/src/app/fireforce/fireforce.cpp:[m[K In member function ‘[01m[Kvoid HTTPServer::post_frame()[m[K’:
[9.736s] [01m[K/home/lohitoburrito/uav_app/src/px4_ros_com/src/app/fireforce/fireforce.cpp:66:5:[m[K [01;31m[Kerror: [m[K‘[01m[Kcurl[m[K’ was not declared in this scope
[9.736s]    66 |     [01;31m[Kcurl[m[K = curl_easy_init();
[9.736s]       |     [01;31m[K^~~~[m[K
[9.765s] [01m[K/home/lohitoburrito/uav_app/src/px4_ros_com/src/app/fireforce/fireforce.cpp:78:9:[m[K [01;31m[Kerror: [m[K‘[01m[Kres[m[K’ was not declared in this scope
[9.765s]    78 |         [01;31m[Kres[m[K = curl_easy_perform(curl);
[9.765s]       |         [01;31m[K^~~[m[K
[23.279s] gmake[2]: *** [CMakeFiles/fireforce.dir/build.make:76: CMakeFiles/fireforce.dir/src/app/fireforce/fireforce.cpp.o] Error 1
[23.280s] gmake[1]: *** [CMakeFiles/Makefile2:336: CMakeFiles/fireforce.dir/all] Error 2
[23.280s] gmake: *** [Makefile:146: all] Error 2
[23.287s] Invoked command in '/home/lohitoburrito/uav_app/build/px4_ros_com' returned '2': CMAKE_PREFIX_PATH=/home/lohitoburrito/uav_app/install/px4_msgs:/home/lohitoburrito/uav_app/install/px4_ros_com:/opt/ros/humble LD_LIBRARY_PATH=/home/lohitoburrito/uav_app/install/px4_msgs/lib:/home/lohitoburrito/uav_app/install/px4_ros_com/lib:/usr/lib/x86_64-linux-gnu/gazebo-11/plugins:/opt/ros/humble/opt/rviz_ogre_vendor/lib:/opt/ros/humble/lib/x86_64-linux-gnu:/opt/ros/humble/lib /usr/bin/cmake --build /home/lohitoburrito/uav_app/build/px4_ros_com -- -j8 -l8
