[0.266s] Invoking command in '/home/lohitoburrito/uav_app/build/px4_ros_com': CMAKE_PREFIX_PATH=/home/lohitoburrito/uav_app/install/px4_msgs:/home/lohitoburrito/uav_app/install/px4_ros_com:/opt/ros/humble LD_LIBRARY_PATH=/home/lohitoburrito/uav_app/install/px4_msgs/lib:/home/lohitoburrito/uav_app/install/px4_ros_com/lib:/usr/lib/x86_64-linux-gnu/gazebo-11/plugins:/opt/ros/humble/opt/rviz_ogre_vendor/lib:/opt/ros/humble/lib/x86_64-linux-gnu:/opt/ros/humble/lib /usr/bin/cmake --build /home/lohitoburrito/uav_app/build/px4_ros_com -- -j8 -l8
[0.349s] [ 12%] Built target offboard_control
[0.349s] [ 25%] Built target frame_transforms
[0.359s] [ 37%] Built target debug_vect_advertiser
[0.359s] [ 50%] Built target vehicle_gps_position_listener
[0.361s] [ 62%] Built target reconnaissance
[0.363s] [ 75%] Built target offboard_control_srv
[0.366s] [ 87%] Built target sensor_combined_listener
[0.367s] [ 93%] [32mBuilding CXX object CMakeFiles/fireforce.dir/src/app/fireforce/fireforce.cpp.o[0m
[0.395s] [ 93%] Built target ament_cmake_python_copy_px4_ros_com
[0.709s] running egg_info
[0.732s] writing px4_ros_com.egg-info/PKG-INFO
[0.734s] writing dependency_links to px4_ros_com.egg-info/dependency_links.txt
[0.735s] writing top-level names to px4_ros_com.egg-info/top_level.txt
[0.798s] reading manifest file 'px4_ros_com.egg-info/SOURCES.txt'
[0.801s] writing manifest file 'px4_ros_com.egg-info/SOURCES.txt'
[0.863s] [ 93%] Built target ament_cmake_python_build_px4_ros_com_egg
[6.484s] [01m[K/home/lohitoburrito/uav_app/src/px4_ros_com/src/app/fireforce/fireforce.cpp:[m[K In member function ‘[01m[Kvoid HTTPServer::post_frame()[m[K’:
[6.484s] [01m[K/home/lohitoburrito/uav_app/src/px4_ros_com/src/app/fireforce/fireforce.cpp:153:24:[m[K [01;31m[Kerror: [m[Kreturn-statement with a value, in function returning ‘[01m[Kvoid[m[K’ [[01;31m[K]8;;https://gcc.gnu.org/onlinedocs/gcc/Warning-Options.html#index-fpermissive-fpermissive]8;;[m[K]
[6.484s]   153 |                 return [01;31m[K1[m[K;
[6.485s]       |                        [01;31m[K^[m[K
[18.041s] gmake[2]: *** [CMakeFiles/fireforce.dir/build.make:76: CMakeFiles/fireforce.dir/src/app/fireforce/fireforce.cpp.o] Error 1
[18.041s] gmake[1]: *** [CMakeFiles/Makefile2:336: CMakeFiles/fireforce.dir/all] Error 2
[18.041s] gmake: *** [Makefile:146: all] Error 2
[18.044s] Invoked command in '/home/lohitoburrito/uav_app/build/px4_ros_com' returned '2': CMAKE_PREFIX_PATH=/home/lohitoburrito/uav_app/install/px4_msgs:/home/lohitoburrito/uav_app/install/px4_ros_com:/opt/ros/humble LD_LIBRARY_PATH=/home/lohitoburrito/uav_app/install/px4_msgs/lib:/home/lohitoburrito/uav_app/install/px4_ros_com/lib:/usr/lib/x86_64-linux-gnu/gazebo-11/plugins:/opt/ros/humble/opt/rviz_ogre_vendor/lib:/opt/ros/humble/lib/x86_64-linux-gnu:/opt/ros/humble/lib /usr/bin/cmake --build /home/lohitoburrito/uav_app/build/px4_ros_com -- -j8 -l8
