[1.707s] DEBUG:colcon:Command line arguments: ['/usr/bin/colcon', 'build']
[1.707s] DEBUG:colcon:Parsed command line arguments: Namespace(log_base=None, log_level=None, verb_name='build', build_base='build', install_base='install', merge_install=False, symlink_install=False, test_result_base=None, continue_on_error=False, executor='parallel', parallel_workers=8, event_handlers=None, ignore_user_meta=False, metas=['./colcon.meta'], base_paths=['.'], packages_ignore=None, packages_ignore_regex=None, paths=None, packages_up_to=None, packages_up_to_regex=None, packages_above=None, packages_above_and_dependencies=None, packages_above_depth=None, packages_select_by_dep=None, packages_skip_by_dep=None, packages_skip_up_to=None, packages_select_build_failed=False, packages_skip_build_finished=False, packages_select_test_failures=False, packages_skip_test_passed=False, packages_select=None, packages_skip=None, packages_select_regex=None, packages_skip_regex=None, packages_start=None, packages_end=None, allow_overriding=[], cmake_args=None, cmake_target=None, cmake_target_skip_unavailable=False, cmake_clean_cache=False, cmake_clean_first=False, cmake_force_configure=False, ament_cmake_args=None, catkin_cmake_args=None, catkin_skip_building_tests=False, mixin_files=None, mixin=None, verb_parser=<colcon_mixin.mixin.mixin_argument.MixinArgumentDecorator object at 0x7f8668396a40>, verb_extension=<colcon_core.verb.build.BuildVerb object at 0x7f86683604c0>, main=<bound method BuildVerb.main of <colcon_core.verb.build.BuildVerb object at 0x7f86683604c0>>, mixin_verb=('build',))
[2.013s] Level 1:colcon.colcon_core.package_discovery:discover_packages(colcon_meta) check parameters
[2.014s] Level 1:colcon.colcon_core.package_discovery:discover_packages(recursive) check parameters
[2.014s] Level 1:colcon.colcon_core.package_discovery:discover_packages(ignore) check parameters
[2.014s] Level 1:colcon.colcon_core.package_discovery:discover_packages(path) check parameters
[2.015s] Level 1:colcon.colcon_core.package_discovery:discover_packages(colcon_meta) discover
[2.015s] Level 1:colcon.colcon_core.package_discovery:discover_packages(recursive) discover
[2.015s] INFO:colcon.colcon_core.package_discovery:Crawling recursively for packages in '/home/lohitoburrito/uav_app'
[2.016s] Level 1:colcon.colcon_core.package_identification:_identify(.) by extensions ['ignore', 'ignore_ament_install']
[2.017s] Level 1:colcon.colcon_core.package_identification:_identify(.) by extension 'ignore'
[2.018s] Level 1:colcon.colcon_core.package_identification:_identify(.) by extension 'ignore_ament_install'
[2.018s] Level 1:colcon.colcon_core.package_identification:_identify(.) by extensions ['colcon_pkg']
[2.019s] Level 1:colcon.colcon_core.package_identification:_identify(.) by extension 'colcon_pkg'
[2.019s] Level 1:colcon.colcon_core.package_identification:_identify(.) by extensions ['colcon_meta']
[2.019s] Level 1:colcon.colcon_core.package_identification:_identify(.) by extension 'colcon_meta'
[2.019s] Level 1:colcon.colcon_core.package_identification:_identify(.) by extensions ['ros']
[2.020s] Level 1:colcon.colcon_core.package_identification:_identify(.) by extension 'ros'
[2.125s] Level 1:colcon.colcon_core.package_identification:_identify(.) by extensions ['cmake', 'python']
[2.126s] Level 1:colcon.colcon_core.package_identification:_identify(.) by extension 'cmake'
[2.126s] Level 1:colcon.colcon_core.package_identification:_identify(.) by extension 'python'
[2.127s] Level 1:colcon.colcon_core.package_identification:_identify(.) by extensions ['python_setup_py']
[2.127s] Level 1:colcon.colcon_core.package_identification:_identify(.) by extension 'python_setup_py'
[2.128s] Level 1:colcon.colcon_core.package_identification:_identify(build) by extensions ['ignore', 'ignore_ament_install']
[2.129s] Level 1:colcon.colcon_core.package_identification:_identify(build) by extension 'ignore'
[2.129s] Level 1:colcon.colcon_core.package_identification:_identify(build) ignored
[2.132s] Level 1:colcon.colcon_core.package_identification:_identify(install) by extensions ['ignore', 'ignore_ament_install']
[2.132s] Level 1:colcon.colcon_core.package_identification:_identify(install) by extension 'ignore'
[2.133s] Level 1:colcon.colcon_core.package_identification:_identify(install) ignored
[2.135s] Level 1:colcon.colcon_core.package_identification:_identify(log) by extensions ['ignore', 'ignore_ament_install']
[2.135s] Level 1:colcon.colcon_core.package_identification:_identify(log) by extension 'ignore'
[2.136s] Level 1:colcon.colcon_core.package_identification:_identify(log) ignored
[2.136s] Level 1:colcon.colcon_core.package_identification:_identify(src) by extensions ['ignore', 'ignore_ament_install']
[2.137s] Level 1:colcon.colcon_core.package_identification:_identify(src) by extension 'ignore'
[2.137s] Level 1:colcon.colcon_core.package_identification:_identify(src) by extension 'ignore_ament_install'
[2.137s] Level 1:colcon.colcon_core.package_identification:_identify(src) by extensions ['colcon_pkg']
[2.137s] Level 1:colcon.colcon_core.package_identification:_identify(src) by extension 'colcon_pkg'
[2.138s] Level 1:colcon.colcon_core.package_identification:_identify(src) by extensions ['colcon_meta']
[2.139s] Level 1:colcon.colcon_core.package_identification:_identify(src) by extension 'colcon_meta'
[2.140s] Level 1:colcon.colcon_core.package_identification:_identify(src) by extensions ['ros']
[2.140s] Level 1:colcon.colcon_core.package_identification:_identify(src) by extension 'ros'
[2.142s] Level 1:colcon.colcon_core.package_identification:_identify(src) by extensions ['cmake', 'python']
[2.142s] Level 1:colcon.colcon_core.package_identification:_identify(src) by extension 'cmake'
[2.142s] Level 1:colcon.colcon_core.package_identification:_identify(src) by extension 'python'
[2.142s] Level 1:colcon.colcon_core.package_identification:_identify(src) by extensions ['python_setup_py']
[2.142s] Level 1:colcon.colcon_core.package_identification:_identify(src) by extension 'python_setup_py'
[2.143s] Level 1:colcon.colcon_core.package_identification:_identify(src/px4_msgs) by extensions ['ignore', 'ignore_ament_install']
[2.144s] Level 1:colcon.colcon_core.package_identification:_identify(src/px4_msgs) by extension 'ignore'
[2.144s] Level 1:colcon.colcon_core.package_identification:_identify(src/px4_msgs) by extension 'ignore_ament_install'
[2.144s] Level 1:colcon.colcon_core.package_identification:_identify(src/px4_msgs) by extensions ['colcon_pkg']
[2.145s] Level 1:colcon.colcon_core.package_identification:_identify(src/px4_msgs) by extension 'colcon_pkg'
[2.145s] Level 1:colcon.colcon_core.package_identification:_identify(src/px4_msgs) by extensions ['colcon_meta']
[2.145s] Level 1:colcon.colcon_core.package_identification:_identify(src/px4_msgs) by extension 'colcon_meta'
[2.145s] Level 1:colcon.colcon_core.package_identification:_identify(src/px4_msgs) by extensions ['ros']
[2.146s] Level 1:colcon.colcon_core.package_identification:_identify(src/px4_msgs) by extension 'ros'
[2.162s] DEBUG:colcon.colcon_core.package_identification:Package 'src/px4_msgs' with type 'ros.ament_cmake' and name 'px4_msgs'
[2.163s] Level 1:colcon.colcon_core.package_identification:_identify(src/px4_ros_com) by extensions ['ignore', 'ignore_ament_install']
[2.164s] Level 1:colcon.colcon_core.package_identification:_identify(src/px4_ros_com) by extension 'ignore'
[2.164s] Level 1:colcon.colcon_core.package_identification:_identify(src/px4_ros_com) by extension 'ignore_ament_install'
[2.165s] Level 1:colcon.colcon_core.package_identification:_identify(src/px4_ros_com) by extensions ['colcon_pkg']
[2.165s] Level 1:colcon.colcon_core.package_identification:_identify(src/px4_ros_com) by extension 'colcon_pkg'
[2.165s] Level 1:colcon.colcon_core.package_identification:_identify(src/px4_ros_com) by extensions ['colcon_meta']
[2.165s] Level 1:colcon.colcon_core.package_identification:_identify(src/px4_ros_com) by extension 'colcon_meta'
[2.166s] Level 1:colcon.colcon_core.package_identification:_identify(src/px4_ros_com) by extensions ['ros']
[2.166s] Level 1:colcon.colcon_core.package_identification:_identify(src/px4_ros_com) by extension 'ros'
[2.176s] DEBUG:colcon.colcon_core.package_identification:Package 'src/px4_ros_com' with type 'ros.ament_cmake' and name 'px4_ros_com'
[2.176s] Level 1:colcon.colcon_core.package_discovery:discover_packages(recursive) using defaults
[2.177s] Level 1:colcon.colcon_core.package_discovery:discover_packages(ignore) discover
[2.177s] Level 1:colcon.colcon_core.package_discovery:discover_packages(ignore) using defaults
[2.177s] Level 1:colcon.colcon_core.package_discovery:discover_packages(path) discover
[2.177s] Level 1:colcon.colcon_core.package_discovery:discover_packages(path) using defaults
[2.358s] Level 1:colcon.colcon_core.package_discovery:discover_packages(prefix_path) check parameters
[2.358s] Level 1:colcon.colcon_core.package_discovery:discover_packages(prefix_path) discover
[2.373s] DEBUG:colcon.colcon_installed_package_information.package_discovery:Found 2 installed packages in /home/lohitoburrito/uav_app/install
[2.382s] DEBUG:colcon.colcon_installed_package_information.package_discovery:Found 298 installed packages in /opt/ros/humble
[2.398s] Level 1:colcon.colcon_core.package_discovery:discover_packages(prefix_path) using defaults
[2.726s] Level 5:colcon.colcon_core.verb:set package 'px4_msgs' build argument 'cmake_args' from command line to 'None'
[2.726s] Level 5:colcon.colcon_core.verb:set package 'px4_msgs' build argument 'cmake_target' from command line to 'None'
[2.727s] Level 5:colcon.colcon_core.verb:set package 'px4_msgs' build argument 'cmake_target_skip_unavailable' from command line to 'False'
[2.727s] Level 5:colcon.colcon_core.verb:set package 'px4_msgs' build argument 'cmake_clean_cache' from command line to 'False'
[2.727s] Level 5:colcon.colcon_core.verb:set package 'px4_msgs' build argument 'cmake_clean_first' from command line to 'False'
[2.727s] Level 5:colcon.colcon_core.verb:set package 'px4_msgs' build argument 'cmake_force_configure' from command line to 'False'
[2.728s] Level 5:colcon.colcon_core.verb:set package 'px4_msgs' build argument 'ament_cmake_args' from command line to 'None'
[2.728s] Level 5:colcon.colcon_core.verb:set package 'px4_msgs' build argument 'catkin_cmake_args' from command line to 'None'
[2.728s] Level 5:colcon.colcon_core.verb:set package 'px4_msgs' build argument 'catkin_skip_building_tests' from command line to 'False'
[2.728s] DEBUG:colcon.colcon_core.verb:Building package 'px4_msgs' with the following arguments: {'ament_cmake_args': None, 'build_base': '/home/lohitoburrito/uav_app/build/px4_msgs', 'catkin_cmake_args': None, 'catkin_skip_building_tests': False, 'cmake_args': None, 'cmake_clean_cache': False, 'cmake_clean_first': False, 'cmake_force_configure': False, 'cmake_target': None, 'cmake_target_skip_unavailable': False, 'install_base': '/home/lohitoburrito/uav_app/install/px4_msgs', 'merge_install': False, 'path': '/home/lohitoburrito/uav_app/src/px4_msgs', 'symlink_install': False, 'test_result_base': None}
[2.731s] Level 5:colcon.colcon_core.verb:set package 'px4_ros_com' build argument 'cmake_args' from command line to 'None'
[2.731s] Level 5:colcon.colcon_core.verb:set package 'px4_ros_com' build argument 'cmake_target' from command line to 'None'
[2.732s] Level 5:colcon.colcon_core.verb:set package 'px4_ros_com' build argument 'cmake_target_skip_unavailable' from command line to 'False'
[2.732s] Level 5:colcon.colcon_core.verb:set package 'px4_ros_com' build argument 'cmake_clean_cache' from command line to 'False'
[2.732s] Level 5:colcon.colcon_core.verb:set package 'px4_ros_com' build argument 'cmake_clean_first' from command line to 'False'
[2.732s] Level 5:colcon.colcon_core.verb:set package 'px4_ros_com' build argument 'cmake_force_configure' from command line to 'False'
[2.732s] Level 5:colcon.colcon_core.verb:set package 'px4_ros_com' build argument 'ament_cmake_args' from command line to 'None'
[2.732s] Level 5:colcon.colcon_core.verb:set package 'px4_ros_com' build argument 'catkin_cmake_args' from command line to 'None'
[2.732s] Level 5:colcon.colcon_core.verb:set package 'px4_ros_com' build argument 'catkin_skip_building_tests' from command line to 'False'
[2.733s] DEBUG:colcon.colcon_core.verb:Building package 'px4_ros_com' with the following arguments: {'ament_cmake_args': None, 'build_base': '/home/lohitoburrito/uav_app/build/px4_ros_com', 'catkin_cmake_args': None, 'catkin_skip_building_tests': False, 'cmake_args': None, 'cmake_clean_cache': False, 'cmake_clean_first': False, 'cmake_force_configure': False, 'cmake_target': None, 'cmake_target_skip_unavailable': False, 'install_base': '/home/lohitoburrito/uav_app/install/px4_ros_com', 'merge_install': False, 'path': '/home/lohitoburrito/uav_app/src/px4_ros_com', 'symlink_install': False, 'test_result_base': None}
[2.733s] INFO:colcon.colcon_core.executor:Executing jobs using 'parallel' executor
[2.740s] DEBUG:colcon.colcon_parallel_executor.executor.parallel:run_until_complete
[2.744s] INFO:colcon.colcon_ros.task.ament_cmake.build:Building ROS package in '/home/lohitoburrito/uav_app/src/px4_msgs' with build type 'ament_cmake'
[2.746s] INFO:colcon.colcon_cmake.task.cmake.build:Building CMake package in '/home/lohitoburrito/uav_app/src/px4_msgs'
[2.764s] INFO:colcon.colcon_core.plugin_system:Skipping extension 'colcon_core.shell.bat': Not used on non-Windows systems
[2.766s] INFO:colcon.colcon_core.shell:Skip shell extension 'powershell' for command environment: Not usable outside of PowerShell
[2.767s] DEBUG:colcon.colcon_core.shell:Skip shell extension 'dsv' for command environment
[2.824s] DEBUG:colcon.colcon_core.event_handler.log_command:Invoking command in '/home/lohitoburrito/uav_app/build/px4_msgs': CMAKE_PREFIX_PATH=${CMAKE_PREFIX_PATH}:/opt/ros/humble /usr/bin/cmake --build /home/lohitoburrito/uav_app/build/px4_msgs -- -j8 -l8
[10.412s] DEBUG:colcon.colcon_core.event_handler.log_command:Invoked command in '/home/lohitoburrito/uav_app/build/px4_msgs' returned '0': CMAKE_PREFIX_PATH=${CMAKE_PREFIX_PATH}:/opt/ros/humble /usr/bin/cmake --build /home/lohitoburrito/uav_app/build/px4_msgs -- -j8 -l8
[10.454s] DEBUG:colcon.colcon_core.event_handler.log_command:Invoking command in '/home/lohitoburrito/uav_app/build/px4_msgs': CMAKE_PREFIX_PATH=${CMAKE_PREFIX_PATH}:/opt/ros/humble /usr/bin/cmake --install /home/lohitoburrito/uav_app/build/px4_msgs
[12.584s] Level 1:colcon.colcon_core.environment:create_environment_scripts_only(px4_msgs)
[12.607s] Level 1:colcon.colcon_core.environment:checking '/home/lohitoburrito/uav_app/install/px4_msgs' for CMake module files
[12.609s] Level 1:colcon.colcon_core.environment:checking '/home/lohitoburrito/uav_app/install/px4_msgs' for CMake config files
[12.684s] Level 1:colcon.colcon_core.shell:create_environment_hook('px4_msgs', 'cmake_prefix_path')
[12.685s] INFO:colcon.colcon_core.shell:Creating environment hook '/home/lohitoburrito/uav_app/install/px4_msgs/share/px4_msgs/hook/cmake_prefix_path.ps1'
[12.703s] INFO:colcon.colcon_core.shell:Creating environment descriptor '/home/lohitoburrito/uav_app/install/px4_msgs/share/px4_msgs/hook/cmake_prefix_path.dsv'
[12.707s] INFO:colcon.colcon_core.shell:Creating environment hook '/home/lohitoburrito/uav_app/install/px4_msgs/share/px4_msgs/hook/cmake_prefix_path.sh'
[12.724s] Level 1:colcon.colcon_core.environment:checking '/home/lohitoburrito/uav_app/install/px4_msgs/lib'
[12.728s] Level 1:colcon.colcon_core.shell:create_environment_hook('px4_msgs', 'ld_library_path_lib')
[12.737s] INFO:colcon.colcon_core.shell:Creating environment hook '/home/lohitoburrito/uav_app/install/px4_msgs/share/px4_msgs/hook/ld_library_path_lib.ps1'
[12.754s] INFO:colcon.colcon_core.shell:Creating environment descriptor '/home/lohitoburrito/uav_app/install/px4_msgs/share/px4_msgs/hook/ld_library_path_lib.dsv'
[12.762s] INFO:colcon.colcon_core.shell:Creating environment hook '/home/lohitoburrito/uav_app/install/px4_msgs/share/px4_msgs/hook/ld_library_path_lib.sh'
[12.776s] Level 1:colcon.colcon_core.environment:checking '/home/lohitoburrito/uav_app/install/px4_msgs/bin'
[12.777s] Level 1:colcon.colcon_core.environment:checking '/home/lohitoburrito/uav_app/install/px4_msgs/lib/pkgconfig/px4_msgs.pc'
[12.779s] Level 1:colcon.colcon_core.environment:checking '/home/lohitoburrito/uav_app/install/px4_msgs/lib/python3.10/site-packages'
[12.782s] Level 1:colcon.colcon_core.environment:checking '/home/lohitoburrito/uav_app/install/px4_msgs/bin'
[12.784s] INFO:colcon.colcon_core.shell:Creating package script '/home/lohitoburrito/uav_app/install/px4_msgs/share/px4_msgs/package.ps1'
[12.792s] INFO:colcon.colcon_core.shell:Creating package descriptor '/home/lohitoburrito/uav_app/install/px4_msgs/share/px4_msgs/package.dsv'
[12.804s] INFO:colcon.colcon_core.shell:Creating package script '/home/lohitoburrito/uav_app/install/px4_msgs/share/px4_msgs/package.sh'
[12.822s] INFO:colcon.colcon_core.shell:Creating package script '/home/lohitoburrito/uav_app/install/px4_msgs/share/px4_msgs/package.bash'
[12.837s] INFO:colcon.colcon_core.shell:Creating package script '/home/lohitoburrito/uav_app/install/px4_msgs/share/px4_msgs/package.zsh'
[12.858s] Level 1:colcon.colcon_core.environment:create_file_with_runtime_dependencies(/home/lohitoburrito/uav_app/install/px4_msgs/share/colcon-core/packages/px4_msgs)
[12.900s] Level 1:colcon.colcon_core.environment:create_environment_scripts_only(px4_msgs)
[12.902s] Level 1:colcon.colcon_core.environment:checking '/home/lohitoburrito/uav_app/install/px4_msgs' for CMake module files
[12.938s] Level 1:colcon.colcon_core.environment:checking '/home/lohitoburrito/uav_app/install/px4_msgs' for CMake config files
[13.183s] Level 1:colcon.colcon_core.shell:create_environment_hook('px4_msgs', 'cmake_prefix_path')
[13.184s] INFO:colcon.colcon_core.shell:Creating environment hook '/home/lohitoburrito/uav_app/install/px4_msgs/share/px4_msgs/hook/cmake_prefix_path.ps1'
[13.188s] INFO:colcon.colcon_core.shell:Creating environment descriptor '/home/lohitoburrito/uav_app/install/px4_msgs/share/px4_msgs/hook/cmake_prefix_path.dsv'
[13.209s] INFO:colcon.colcon_core.shell:Creating environment hook '/home/lohitoburrito/uav_app/install/px4_msgs/share/px4_msgs/hook/cmake_prefix_path.sh'
[13.235s] Level 1:colcon.colcon_core.environment:checking '/home/lohitoburrito/uav_app/install/px4_msgs/lib'
[13.240s] Level 1:colcon.colcon_core.shell:create_environment_hook('px4_msgs', 'ld_library_path_lib')
[13.242s] INFO:colcon.colcon_core.shell:Creating environment hook '/home/lohitoburrito/uav_app/install/px4_msgs/share/px4_msgs/hook/ld_library_path_lib.ps1'
[13.256s] INFO:colcon.colcon_core.shell:Creating environment descriptor '/home/lohitoburrito/uav_app/install/px4_msgs/share/px4_msgs/hook/ld_library_path_lib.dsv'
[13.259s] INFO:colcon.colcon_core.shell:Creating environment hook '/home/lohitoburrito/uav_app/install/px4_msgs/share/px4_msgs/hook/ld_library_path_lib.sh'
[13.272s] Level 1:colcon.colcon_core.environment:checking '/home/lohitoburrito/uav_app/install/px4_msgs/bin'
[13.273s] Level 1:colcon.colcon_core.environment:checking '/home/lohitoburrito/uav_app/install/px4_msgs/lib/pkgconfig/px4_msgs.pc'
[13.275s] Level 1:colcon.colcon_core.environment:checking '/home/lohitoburrito/uav_app/install/px4_msgs/lib/python3.10/site-packages'
[13.278s] Level 1:colcon.colcon_core.environment:checking '/home/lohitoburrito/uav_app/install/px4_msgs/bin'
[13.286s] INFO:colcon.colcon_core.shell:Creating package script '/home/lohitoburrito/uav_app/install/px4_msgs/share/px4_msgs/package.ps1'
[13.301s] INFO:colcon.colcon_core.shell:Creating package descriptor '/home/lohitoburrito/uav_app/install/px4_msgs/share/px4_msgs/package.dsv'
[13.312s] INFO:colcon.colcon_core.shell:Creating package script '/home/lohitoburrito/uav_app/install/px4_msgs/share/px4_msgs/package.sh'
[13.334s] INFO:colcon.colcon_core.shell:Creating package script '/home/lohitoburrito/uav_app/install/px4_msgs/share/px4_msgs/package.bash'
[13.358s] INFO:colcon.colcon_core.shell:Creating package script '/home/lohitoburrito/uav_app/install/px4_msgs/share/px4_msgs/package.zsh'
[13.369s] Level 1:colcon.colcon_core.environment:create_file_with_runtime_dependencies(/home/lohitoburrito/uav_app/install/px4_msgs/share/colcon-core/packages/px4_msgs)
[13.385s] INFO:colcon.colcon_ros.task.ament_cmake.build:Building ROS package in '/home/lohitoburrito/uav_app/src/px4_ros_com' with build type 'ament_cmake'
[13.386s] INFO:colcon.colcon_cmake.task.cmake.build:Building CMake package in '/home/lohitoburrito/uav_app/src/px4_ros_com'
[13.388s] INFO:colcon.colcon_core.shell:Skip shell extension 'powershell' for command environment: Not usable outside of PowerShell
[13.389s] DEBUG:colcon.colcon_core.shell:Skip shell extension 'dsv' for command environment
[14.407s] DEBUG:colcon.colcon_core.event_handler.log_command:Invoked command in '/home/lohitoburrito/uav_app/build/px4_msgs' returned '0': CMAKE_PREFIX_PATH=${CMAKE_PREFIX_PATH}:/opt/ros/humble /usr/bin/cmake --install /home/lohitoburrito/uav_app/build/px4_msgs
[14.642s] DEBUG:colcon.colcon_core.event_handler.log_command:Invoking command in '/home/lohitoburrito/uav_app/build/px4_ros_com': CMAKE_PREFIX_PATH=/home/lohitoburrito/uav_app/install/px4_msgs:/home/lohitoburrito/uav_app/install/px4_ros_com:/opt/ros/humble LD_LIBRARY_PATH=/home/lohitoburrito/uav_app/install/px4_msgs/lib:/home/lohitoburrito/uav_app/install/px4_ros_com/lib:/usr/lib/x86_64-linux-gnu/gazebo-11/plugins:/opt/ros/humble/opt/rviz_ogre_vendor/lib:/opt/ros/humble/lib/x86_64-linux-gnu:/opt/ros/humble/lib /usr/bin/cmake --build /home/lohitoburrito/uav_app/build/px4_ros_com -- -j8 -l8
