[0.580s] Invoking command in '/home/lohitoburrito/uav_app/build/px4_ros_com': CMAKE_PREFIX_PATH=/home/lohitoburrito/uav_app/install/px4_msgs:/home/lohitoburrito/uav_app/install/px4_ros_com:/opt/ros/humble LD_LIBRARY_PATH=/home/lohitoburrito/uav_app/install/px4_msgs/lib:/home/lohitoburrito/uav_app/install/px4_ros_com/lib:/usr/lib/x86_64-linux-gnu/gazebo-11/plugins:/opt/ros/humble/opt/rviz_ogre_vendor/lib:/opt/ros/humble/lib/x86_64-linux-gnu:/opt/ros/humble/lib /usr/bin/cmake --build /home/lohitoburrito/uav_app/build/px4_ros_com -- -j8 -l8
[0.678s] [ 12%] Built target frame_transforms
[0.693s] [35m[1mConsolidate compiler generated dependencies of target fireforce[0m
[0.698s] [ 25%] Built target vehicle_gps_position_listener
[0.704s] [ 37%] Built target offboard_control_srv
[0.705s] [ 50%] Built target sensor_combined_listener
[0.712s] [ 62%] Built target offboard_control
[0.716s] [ 75%] Built target debug_vect_advertiser
[0.725s] [ 87%] Built target reconnaissance
[0.736s] [ 93%] [32mBuilding CXX object CMakeFiles/fireforce.dir/src/app/fireforce/fireforce.cpp.o[0m
[0.758s] [ 93%] Built target ament_cmake_python_copy_px4_ros_com
[1.245s] running egg_info
[1.290s] writing px4_ros_com.egg-info/PKG-INFO
[1.296s] writing dependency_links to px4_ros_com.egg-info/dependency_links.txt
[1.296s] writing top-level names to px4_ros_com.egg-info/top_level.txt
[1.389s] reading manifest file 'px4_ros_com.egg-info/SOURCES.txt'
[1.395s] writing manifest file 'px4_ros_com.egg-info/SOURCES.txt'
[1.501s] [ 93%] Built target ament_cmake_python_build_px4_ros_com_egg
[8.654s] [01m[K/home/lohitoburrito/uav_app/src/px4_ros_com/src/app/fireforce/fireforce.cpp:[m[K In member function ‘[01m[Kvoid UAVCommand::read_camera_image_raw(sensor_msgs::msg::Image_<std::allocator<void> >::SharedPtr)[m[K’:
[8.654s] [01m[K/home/lohitoburrito/uav_app/src/px4_ros_com/src/app/fireforce/fireforce.cpp:226:31:[m[K [01;31m[Kerror: [m[K‘[01m[KUAVCommand::VehicleState[m[K’ {aka ‘[01m[Kstruct UAVCommand::VehicleState[m[K’} has no member named ‘[01m[Kms1[m[K’; did you mean ‘[01m[Kms[m[K’?
[8.654s]   226 |                 vehicle_state.[01;31m[Kms1[m[K = -1;
[8.654s]       |                               [01;31m[K^~~[m[K
[8.654s]       |                               [32m[Kms[m[K
[8.662s] [01m[K/home/lohitoburrito/uav_app/src/px4_ros_com/src/app/fireforce/fireforce.cpp:[m[K In member function ‘[01m[Kvoid UAVCommand::run_mission()[m[K’:
[8.662s] [01m[K/home/lohitoburrito/uav_app/src/px4_ros_com/src/app/fireforce/fireforce.cpp:359:14:[m[K [01;31m[Kerror: [m[Kjump to case label
[8.662s]   359 |         case [01;31m[K0[m[K:
[8.662s]       |              [01;31m[K^[m[K
[8.662s] [01m[K/home/lohitoburrito/uav_app/src/px4_ros_com/src/app/fireforce/fireforce.cpp:354:19:[m[K [01;36m[Knote: [m[K  crosses initialization of ‘[01m[Kfloat radius[m[K’
[8.663s]   354 |             float [01;36m[Kradius[m[K = (sqrt(pow(disp_x, 2) + pow(disp_y, 2)) < 220.0) ? 0.1 : 0.3;
[8.663s]       |                   [01;36m[K^~~~~~[m[K
[8.663s] [01m[K/home/lohitoburrito/uav_app/src/px4_ros_com/src/app/fireforce/fireforce.cpp:353:19:[m[K [01;36m[Knote: [m[K  crosses initialization of ‘[01m[Kfloat target_rad[m[K’
[8.663s]   353 |             float [01;36m[Ktarget_rad[m[K = std::atan2(disp_y, disp_x);
[8.663s]       |                   [01;36m[K^~~~~~~~~~[m[K
[8.663s] [01m[K/home/lohitoburrito/uav_app/src/px4_ros_com/src/app/fireforce/fireforce.cpp:352:19:[m[K [01;36m[Knote: [m[K  crosses initialization of ‘[01m[Kfloat disp_y[m[K’
[8.663s]   352 |             float [01;36m[Kdisp_y[m[K = 320 - marker_y;
[8.663s]       |                   [01;36m[K^~~~~~[m[K
[8.664s] [01m[K/home/lohitoburrito/uav_app/src/px4_ros_com/src/app/fireforce/fireforce.cpp:351:19:[m[K [01;36m[Knote: [m[K  crosses initialization of ‘[01m[Kfloat disp_x[m[K’
[8.664s]   351 |             float [01;36m[Kdisp_x[m[K = marker_x - 320;
[8.664s]       |                   [01;36m[K^~~~~~[m[K
[8.664s] [01m[K/home/lohitoburrito/uav_app/src/px4_ros_com/src/app/fireforce/fireforce.cpp:377:14:[m[K [01;31m[Kerror: [m[Kjump to case label
[8.664s]   377 |         case [01;31m[K1[m[K:
[8.664s]       |              [01;31m[K^[m[K
[8.664s] [01m[K/home/lohitoburrito/uav_app/src/px4_ros_com/src/app/fireforce/fireforce.cpp:354:19:[m[K [01;36m[Knote: [m[K  crosses initialization of ‘[01m[Kfloat radius[m[K’
[8.664s]   354 |             float [01;36m[Kradius[m[K = (sqrt(pow(disp_x, 2) + pow(disp_y, 2)) < 220.0) ? 0.1 : 0.3;
[8.664s]       |                   [01;36m[K^~~~~~[m[K
[8.665s] [01m[K/home/lohitoburrito/uav_app/src/px4_ros_com/src/app/fireforce/fireforce.cpp:353:19:[m[K [01;36m[Knote: [m[K  crosses initialization of ‘[01m[Kfloat target_rad[m[K’
[8.666s]   353 |             float [01;36m[Ktarget_rad[m[K = std::atan2(disp_y, disp_x);
[8.667s]       |                   [01;36m[K^~~~~~~~~~[m[K
[8.667s] [01m[K/home/lohitoburrito/uav_app/src/px4_ros_com/src/app/fireforce/fireforce.cpp:352:19:[m[K [01;36m[Knote: [m[K  crosses initialization of ‘[01m[Kfloat disp_y[m[K’
[8.667s]   352 |             float [01;36m[Kdisp_y[m[K = 320 - marker_y;
[8.668s]       |                   [01;36m[K^~~~~~[m[K
[8.668s] [01m[K/home/lohitoburrito/uav_app/src/px4_ros_com/src/app/fireforce/fireforce.cpp:351:19:[m[K [01;36m[Knote: [m[K  crosses initialization of ‘[01m[Kfloat disp_x[m[K’
[8.668s]   351 |             float [01;36m[Kdisp_x[m[K = marker_x - 320;
[8.668s]       |                   [01;36m[K^~~~~~[m[K
[8.669s] [01m[K/home/lohitoburrito/uav_app/src/px4_ros_com/src/app/fireforce/fireforce.cpp:388:14:[m[K [01;31m[Kerror: [m[Kjump to case label
[8.669s]   388 |         case [01;31m[K2[m[K:
[8.669s]       |              [01;31m[K^[m[K
[8.669s] [01m[K/home/lohitoburrito/uav_app/src/px4_ros_com/src/app/fireforce/fireforce.cpp:354:19:[m[K [01;36m[Knote: [m[K  crosses initialization of ‘[01m[Kfloat radius[m[K’
[8.669s]   354 |             float [01;36m[Kradius[m[K = (sqrt(pow(disp_x, 2) + pow(disp_y, 2)) < 220.0) ? 0.1 : 0.3;
[8.669s]       |                   [01;36m[K^~~~~~[m[K
[8.669s] [01m[K/home/lohitoburrito/uav_app/src/px4_ros_com/src/app/fireforce/fireforce.cpp:353:19:[m[K [01;36m[Knote: [m[K  crosses initialization of ‘[01m[Kfloat target_rad[m[K’
[8.669s]   353 |             float [01;36m[Ktarget_rad[m[K = std::atan2(disp_y, disp_x);
[8.670s]       |                   [01;36m[K^~~~~~~~~~[m[K
[8.670s] [01m[K/home/lohitoburrito/uav_app/src/px4_ros_com/src/app/fireforce/fireforce.cpp:352:19:[m[K [01;36m[Knote: [m[K  crosses initialization of ‘[01m[Kfloat disp_y[m[K’
[8.670s]   352 |             float [01;36m[Kdisp_y[m[K = 320 - marker_y;
[8.670s]       |                   [01;36m[K^~~~~~[m[K
[8.670s] [01m[K/home/lohitoburrito/uav_app/src/px4_ros_com/src/app/fireforce/fireforce.cpp:351:19:[m[K [01;36m[Knote: [m[K  crosses initialization of ‘[01m[Kfloat disp_x[m[K’
[8.670s]   351 |             float [01;36m[Kdisp_x[m[K = marker_x - 320;
[8.670s]       |                   [01;36m[K^~~~~~[m[K
[8.670s] [01m[K/home/lohitoburrito/uav_app/src/px4_ros_com/src/app/fireforce/fireforce.cpp:400:14:[m[K [01;31m[Kerror: [m[Kjump to case label
[8.670s]   400 |         case [01;31m[K3[m[K:
[8.670s]       |              [01;31m[K^[m[K
[8.670s] [01m[K/home/lohitoburrito/uav_app/src/px4_ros_com/src/app/fireforce/fireforce.cpp:354:19:[m[K [01;36m[Knote: [m[K  crosses initialization of ‘[01m[Kfloat radius[m[K’
[8.670s]   354 |             float [01;36m[Kradius[m[K = (sqrt(pow(disp_x, 2) + pow(disp_y, 2)) < 220.0) ? 0.1 : 0.3;
[8.670s]       |                   [01;36m[K^~~~~~[m[K
[8.670s] [01m[K/home/lohitoburrito/uav_app/src/px4_ros_com/src/app/fireforce/fireforce.cpp:353:19:[m[K [01;36m[Knote: [m[K  crosses initialization of ‘[01m[Kfloat target_rad[m[K’
[8.671s]   353 |             float [01;36m[Ktarget_rad[m[K = std::atan2(disp_y, disp_x);
[8.671s]       |                   [01;36m[K^~~~~~~~~~[m[K
[8.671s] [01m[K/home/lohitoburrito/uav_app/src/px4_ros_com/src/app/fireforce/fireforce.cpp:352:19:[m[K [01;36m[Knote: [m[K  crosses initialization of ‘[01m[Kfloat disp_y[m[K’
[8.671s]   352 |             float [01;36m[Kdisp_y[m[K = 320 - marker_y;
[8.671s]       |                   [01;36m[K^~~~~~[m[K
[8.671s] [01m[K/home/lohitoburrito/uav_app/src/px4_ros_com/src/app/fireforce/fireforce.cpp:351:19:[m[K [01;36m[Knote: [m[K  crosses initialization of ‘[01m[Kfloat disp_x[m[K’
[8.671s]   351 |             float [01;36m[Kdisp_x[m[K = marker_x - 320;
[8.671s]       |                   [01;36m[K^~~~~~[m[K
[8.671s] [01m[K/home/lohitoburrito/uav_app/src/px4_ros_com/src/app/fireforce/fireforce.cpp:411:14:[m[K [01;31m[Kerror: [m[Kjump to case label
[8.671s]   411 |         case [01;31m[K4[m[K:
[8.671s]       |              [01;31m[K^[m[K
[8.671s] [01m[K/home/lohitoburrito/uav_app/src/px4_ros_com/src/app/fireforce/fireforce.cpp:354:19:[m[K [01;36m[Knote: [m[K  crosses initialization of ‘[01m[Kfloat radius[m[K’
[8.671s]   354 |             float [01;36m[Kradius[m[K = (sqrt(pow(disp_x, 2) + pow(disp_y, 2)) < 220.0) ? 0.1 : 0.3;
[8.671s]       |                   [01;36m[K^~~~~~[m[K
[8.672s] [01m[K/home/lohitoburrito/uav_app/src/px4_ros_com/src/app/fireforce/fireforce.cpp:353:19:[m[K [01;36m[Knote: [m[K  crosses initialization of ‘[01m[Kfloat target_rad[m[K’
[8.672s]   353 |             float [01;36m[Ktarget_rad[m[K = std::atan2(disp_y, disp_x);
[8.672s]       |                   [01;36m[K^~~~~~~~~~[m[K
[8.672s] [01m[K/home/lohitoburrito/uav_app/src/px4_ros_com/src/app/fireforce/fireforce.cpp:352:19:[m[K [01;36m[Knote: [m[K  crosses initialization of ‘[01m[Kfloat disp_y[m[K’
[8.672s]   352 |             float [01;36m[Kdisp_y[m[K = 320 - marker_y;
[8.672s]       |                   [01;36m[K^~~~~~[m[K
[8.672s] [01m[K/home/lohitoburrito/uav_app/src/px4_ros_com/src/app/fireforce/fireforce.cpp:351:19:[m[K [01;36m[Knote: [m[K  crosses initialization of ‘[01m[Kfloat disp_x[m[K’
[8.672s]   351 |             float [01;36m[Kdisp_x[m[K = marker_x - 320;
[8.672s]       |                   [01;36m[K^~~~~~[m[K
[8.672s] [01m[K/home/lohitoburrito/uav_app/src/px4_ros_com/src/app/fireforce/fireforce.cpp:422:14:[m[K [01;31m[Kerror: [m[Kjump to case label
[8.672s]   422 |         case [01;31m[K5[m[K:
[8.672s]       |              [01;31m[K^[m[K
[8.672s] [01m[K/home/lohitoburrito/uav_app/src/px4_ros_com/src/app/fireforce/fireforce.cpp:354:19:[m[K [01;36m[Knote: [m[K  crosses initialization of ‘[01m[Kfloat radius[m[K’
[8.672s]   354 |             float [01;36m[Kradius[m[K = (sqrt(pow(disp_x, 2) + pow(disp_y, 2)) < 220.0) ? 0.1 : 0.3;
[8.673s]       |                   [01;36m[K^~~~~~[m[K
[8.673s] [01m[K/home/lohitoburrito/uav_app/src/px4_ros_com/src/app/fireforce/fireforce.cpp:353:19:[m[K [01;36m[Knote: [m[K  crosses initialization of ‘[01m[Kfloat target_rad[m[K’
[8.673s]   353 |             float [01;36m[Ktarget_rad[m[K = std::atan2(disp_y, disp_x);
[8.673s]       |                   [01;36m[K^~~~~~~~~~[m[K
[8.673s] [01m[K/home/lohitoburrito/uav_app/src/px4_ros_com/src/app/fireforce/fireforce.cpp:352:19:[m[K [01;36m[Knote: [m[K  crosses initialization of ‘[01m[Kfloat disp_y[m[K’
[8.673s]   352 |             float [01;36m[Kdisp_y[m[K = 320 - marker_y;
[8.673s]       |                   [01;36m[K^~~~~~[m[K
[8.673s] [01m[K/home/lohitoburrito/uav_app/src/px4_ros_com/src/app/fireforce/fireforce.cpp:351:19:[m[K [01;36m[Knote: [m[K  crosses initialization of ‘[01m[Kfloat disp_x[m[K’
[8.673s]   351 |             float [01;36m[Kdisp_x[m[K = marker_x - 320;
[8.673s]       |                   [01;36m[K^~~~~~[m[K
[8.673s] [01m[K/home/lohitoburrito/uav_app/src/px4_ros_com/src/app/fireforce/fireforce.cpp:434:9:[m[K [01;31m[Kerror: [m[Kjump to case label
[8.673s]   434 |         [01;31m[Kdefault[m[K:
[8.673s]       |         [01;31m[K^~~~~~~[m[K
[8.673s] [01m[K/home/lohitoburrito/uav_app/src/px4_ros_com/src/app/fireforce/fireforce.cpp:354:19:[m[K [01;36m[Knote: [m[K  crosses initialization of ‘[01m[Kfloat radius[m[K’
[8.673s]   354 |             float [01;36m[Kradius[m[K = (sqrt(pow(disp_x, 2) + pow(disp_y, 2)) < 220.0) ? 0.1 : 0.3;
[8.673s]       |                   [01;36m[K^~~~~~[m[K
[8.674s] [01m[K/home/lohitoburrito/uav_app/src/px4_ros_com/src/app/fireforce/fireforce.cpp:353:19:[m[K [01;36m[Knote: [m[K  crosses initialization of ‘[01m[Kfloat target_rad[m[K’
[8.674s]   353 |             float [01;36m[Ktarget_rad[m[K = std::atan2(disp_y, disp_x);
[8.674s]       |                   [01;36m[K^~~~~~~~~~[m[K
[8.674s] [01m[K/home/lohitoburrito/uav_app/src/px4_ros_com/src/app/fireforce/fireforce.cpp:352:19:[m[K [01;36m[Knote: [m[K  crosses initialization of ‘[01m[Kfloat disp_y[m[K’
[8.674s]   352 |             float [01;36m[Kdisp_y[m[K = 320 - marker_y;
[8.674s]       |                   [01;36m[K^~~~~~[m[K
[8.674s] [01m[K/home/lohitoburrito/uav_app/src/px4_ros_com/src/app/fireforce/fireforce.cpp:351:19:[m[K [01;36m[Knote: [m[K  crosses initialization of ‘[01m[Kfloat disp_x[m[K’
[8.674s]   351 |             float [01;36m[Kdisp_x[m[K = marker_x - 320;
[8.674s]       |                   [01;36m[K^~~~~~[m[K
[18.676s] gmake[2]: *** [CMakeFiles/fireforce.dir/build.make:76: CMakeFiles/fireforce.dir/src/app/fireforce/fireforce.cpp.o] Error 1
[18.677s] gmake[1]: *** [CMakeFiles/Makefile2:336: CMakeFiles/fireforce.dir/all] Error 2
[18.677s] gmake: *** [Makefile:146: all] Error 2
[18.682s] Invoked command in '/home/lohitoburrito/uav_app/build/px4_ros_com' returned '2': CMAKE_PREFIX_PATH=/home/lohitoburrito/uav_app/install/px4_msgs:/home/lohitoburrito/uav_app/install/px4_ros_com:/opt/ros/humble LD_LIBRARY_PATH=/home/lohitoburrito/uav_app/install/px4_msgs/lib:/home/lohitoburrito/uav_app/install/px4_ros_com/lib:/usr/lib/x86_64-linux-gnu/gazebo-11/plugins:/opt/ros/humble/opt/rviz_ogre_vendor/lib:/opt/ros/humble/lib/x86_64-linux-gnu:/opt/ros/humble/lib /usr/bin/cmake --build /home/lohitoburrito/uav_app/build/px4_ros_com -- -j8 -l8
