[0.440s] DEBUG:colcon:Command line arguments: ['/usr/bin/colcon', 'build']
[0.441s] DEBUG:colcon:Parsed command line arguments: Namespace(log_base=None, log_level=None, verb_name='build', build_base='build', install_base='install', merge_install=False, symlink_install=False, test_result_base=None, continue_on_error=False, executor='parallel', parallel_workers=8, event_handlers=None, ignore_user_meta=False, metas=['./colcon.meta'], base_paths=['.'], packages_ignore=None, packages_ignore_regex=None, paths=None, packages_up_to=None, packages_up_to_regex=None, packages_above=None, packages_above_and_dependencies=None, packages_above_depth=None, packages_select_by_dep=None, packages_skip_by_dep=None, packages_skip_up_to=None, packages_select_build_failed=False, packages_skip_build_finished=False, packages_select_test_failures=False, packages_skip_test_passed=False, packages_select=None, packages_skip=None, packages_select_regex=None, packages_skip_regex=None, packages_start=None, packages_end=None, allow_overriding=[], cmake_args=None, cmake_target=None, cmake_target_skip_unavailable=False, cmake_clean_cache=False, cmake_clean_first=False, cmake_force_configure=False, ament_cmake_args=None, catkin_cmake_args=None, catkin_skip_building_tests=False, mixin_files=None, mixin=None, verb_parser=<colcon_mixin.mixin.mixin_argument.MixinArgumentDecorator object at 0x7f8bb8ee6a40>, verb_extension=<colcon_core.verb.build.BuildVerb object at 0x7f8bb8eb04c0>, main=<bound method BuildVerb.main of <colcon_core.verb.build.BuildVerb object at 0x7f8bb8eb04c0>>, mixin_verb=('build',))
[0.517s] Level 1:colcon.colcon_core.package_discovery:discover_packages(colcon_meta) check parameters
[0.517s] Level 1:colcon.colcon_core.package_discovery:discover_packages(recursive) check parameters
[0.517s] Level 1:colcon.colcon_core.package_discovery:discover_packages(ignore) check parameters
[0.517s] Level 1:colcon.colcon_core.package_discovery:discover_packages(path) check parameters
[0.517s] Level 1:colcon.colcon_core.package_discovery:discover_packages(colcon_meta) discover
[0.518s] Level 1:colcon.colcon_core.package_discovery:discover_packages(recursive) discover
[0.518s] INFO:colcon.colcon_core.package_discovery:Crawling recursively for packages in '/home/lohitoburrito/uav_app'
[0.518s] Level 1:colcon.colcon_core.package_identification:_identify(.) by extensions ['ignore', 'ignore_ament_install']
[0.518s] Level 1:colcon.colcon_core.package_identification:_identify(.) by extension 'ignore'
[0.518s] Level 1:colcon.colcon_core.package_identification:_identify(.) by extension 'ignore_ament_install'
[0.518s] Level 1:colcon.colcon_core.package_identification:_identify(.) by extensions ['colcon_pkg']
[0.518s] Level 1:colcon.colcon_core.package_identification:_identify(.) by extension 'colcon_pkg'
[0.518s] Level 1:colcon.colcon_core.package_identification:_identify(.) by extensions ['colcon_meta']
[0.518s] Level 1:colcon.colcon_core.package_identification:_identify(.) by extension 'colcon_meta'
[0.519s] Level 1:colcon.colcon_core.package_identification:_identify(.) by extensions ['ros']
[0.519s] Level 1:colcon.colcon_core.package_identification:_identify(.) by extension 'ros'
[0.551s] Level 1:colcon.colcon_core.package_identification:_identify(.) by extensions ['cmake', 'python']
[0.551s] Level 1:colcon.colcon_core.package_identification:_identify(.) by extension 'cmake'
[0.551s] Level 1:colcon.colcon_core.package_identification:_identify(.) by extension 'python'
[0.551s] Level 1:colcon.colcon_core.package_identification:_identify(.) by extensions ['python_setup_py']
[0.551s] Level 1:colcon.colcon_core.package_identification:_identify(.) by extension 'python_setup_py'
[0.551s] Level 1:colcon.colcon_core.package_identification:_identify(build) by extensions ['ignore', 'ignore_ament_install']
[0.552s] Level 1:colcon.colcon_core.package_identification:_identify(build) by extension 'ignore'
[0.552s] Level 1:colcon.colcon_core.package_identification:_identify(build) ignored
[0.552s] Level 1:colcon.colcon_core.package_identification:_identify(install) by extensions ['ignore', 'ignore_ament_install']
[0.552s] Level 1:colcon.colcon_core.package_identification:_identify(install) by extension 'ignore'
[0.552s] Level 1:colcon.colcon_core.package_identification:_identify(install) ignored
[0.553s] Level 1:colcon.colcon_core.package_identification:_identify(log) by extensions ['ignore', 'ignore_ament_install']
[0.553s] Level 1:colcon.colcon_core.package_identification:_identify(log) by extension 'ignore'
[0.553s] Level 1:colcon.colcon_core.package_identification:_identify(log) ignored
[0.553s] Level 1:colcon.colcon_core.package_identification:_identify(src) by extensions ['ignore', 'ignore_ament_install']
[0.553s] Level 1:colcon.colcon_core.package_identification:_identify(src) by extension 'ignore'
[0.553s] Level 1:colcon.colcon_core.package_identification:_identify(src) by extension 'ignore_ament_install'
[0.553s] Level 1:colcon.colcon_core.package_identification:_identify(src) by extensions ['colcon_pkg']
[0.553s] Level 1:colcon.colcon_core.package_identification:_identify(src) by extension 'colcon_pkg'
[0.554s] Level 1:colcon.colcon_core.package_identification:_identify(src) by extensions ['colcon_meta']
[0.554s] Level 1:colcon.colcon_core.package_identification:_identify(src) by extension 'colcon_meta'
[0.554s] Level 1:colcon.colcon_core.package_identification:_identify(src) by extensions ['ros']
[0.554s] Level 1:colcon.colcon_core.package_identification:_identify(src) by extension 'ros'
[0.554s] Level 1:colcon.colcon_core.package_identification:_identify(src) by extensions ['cmake', 'python']
[0.554s] Level 1:colcon.colcon_core.package_identification:_identify(src) by extension 'cmake'
[0.554s] Level 1:colcon.colcon_core.package_identification:_identify(src) by extension 'python'
[0.554s] Level 1:colcon.colcon_core.package_identification:_identify(src) by extensions ['python_setup_py']
[0.554s] Level 1:colcon.colcon_core.package_identification:_identify(src) by extension 'python_setup_py'
[0.554s] Level 1:colcon.colcon_core.package_identification:_identify(src/px4_msgs) by extensions ['ignore', 'ignore_ament_install']
[0.554s] Level 1:colcon.colcon_core.package_identification:_identify(src/px4_msgs) by extension 'ignore'
[0.555s] Level 1:colcon.colcon_core.package_identification:_identify(src/px4_msgs) by extension 'ignore_ament_install'
[0.555s] Level 1:colcon.colcon_core.package_identification:_identify(src/px4_msgs) by extensions ['colcon_pkg']
[0.555s] Level 1:colcon.colcon_core.package_identification:_identify(src/px4_msgs) by extension 'colcon_pkg'
[0.555s] Level 1:colcon.colcon_core.package_identification:_identify(src/px4_msgs) by extensions ['colcon_meta']
[0.555s] Level 1:colcon.colcon_core.package_identification:_identify(src/px4_msgs) by extension 'colcon_meta'
[0.555s] Level 1:colcon.colcon_core.package_identification:_identify(src/px4_msgs) by extensions ['ros']
[0.555s] Level 1:colcon.colcon_core.package_identification:_identify(src/px4_msgs) by extension 'ros'
[0.559s] DEBUG:colcon.colcon_core.package_identification:Package 'src/px4_msgs' with type 'ros.ament_cmake' and name 'px4_msgs'
[0.560s] Level 1:colcon.colcon_core.package_identification:_identify(src/px4_ros_com) by extensions ['ignore', 'ignore_ament_install']
[0.560s] Level 1:colcon.colcon_core.package_identification:_identify(src/px4_ros_com) by extension 'ignore'
[0.561s] Level 1:colcon.colcon_core.package_identification:_identify(src/px4_ros_com) by extension 'ignore_ament_install'
[0.561s] Level 1:colcon.colcon_core.package_identification:_identify(src/px4_ros_com) by extensions ['colcon_pkg']
[0.561s] Level 1:colcon.colcon_core.package_identification:_identify(src/px4_ros_com) by extension 'colcon_pkg'
[0.561s] Level 1:colcon.colcon_core.package_identification:_identify(src/px4_ros_com) by extensions ['colcon_meta']
[0.561s] Level 1:colcon.colcon_core.package_identification:_identify(src/px4_ros_com) by extension 'colcon_meta'
[0.561s] Level 1:colcon.colcon_core.package_identification:_identify(src/px4_ros_com) by extensions ['ros']
[0.561s] Level 1:colcon.colcon_core.package_identification:_identify(src/px4_ros_com) by extension 'ros'
[0.564s] DEBUG:colcon.colcon_core.package_identification:Package 'src/px4_ros_com' with type 'ros.ament_cmake' and name 'px4_ros_com'
[0.564s] Level 1:colcon.colcon_core.package_discovery:discover_packages(recursive) using defaults
[0.564s] Level 1:colcon.colcon_core.package_discovery:discover_packages(ignore) discover
[0.564s] Level 1:colcon.colcon_core.package_discovery:discover_packages(ignore) using defaults
[0.564s] Level 1:colcon.colcon_core.package_discovery:discover_packages(path) discover
[0.564s] Level 1:colcon.colcon_core.package_discovery:discover_packages(path) using defaults
[0.612s] Level 1:colcon.colcon_core.package_discovery:discover_packages(prefix_path) check parameters
[0.613s] Level 1:colcon.colcon_core.package_discovery:discover_packages(prefix_path) discover
[0.616s] DEBUG:colcon.colcon_installed_package_information.package_discovery:Found 2 installed packages in /home/lohitoburrito/uav_app/install
[0.619s] DEBUG:colcon.colcon_installed_package_information.package_discovery:Found 298 installed packages in /opt/ros/humble
[0.622s] Level 1:colcon.colcon_core.package_discovery:discover_packages(prefix_path) using defaults
[0.691s] Level 5:colcon.colcon_core.verb:set package 'px4_msgs' build argument 'cmake_args' from command line to 'None'
[0.691s] Level 5:colcon.colcon_core.verb:set package 'px4_msgs' build argument 'cmake_target' from command line to 'None'
[0.691s] Level 5:colcon.colcon_core.verb:set package 'px4_msgs' build argument 'cmake_target_skip_unavailable' from command line to 'False'
[0.691s] Level 5:colcon.colcon_core.verb:set package 'px4_msgs' build argument 'cmake_clean_cache' from command line to 'False'
[0.691s] Level 5:colcon.colcon_core.verb:set package 'px4_msgs' build argument 'cmake_clean_first' from command line to 'False'
[0.691s] Level 5:colcon.colcon_core.verb:set package 'px4_msgs' build argument 'cmake_force_configure' from command line to 'False'
[0.691s] Level 5:colcon.colcon_core.verb:set package 'px4_msgs' build argument 'ament_cmake_args' from command line to 'None'
[0.691s] Level 5:colcon.colcon_core.verb:set package 'px4_msgs' build argument 'catkin_cmake_args' from command line to 'None'
[0.691s] Level 5:colcon.colcon_core.verb:set package 'px4_msgs' build argument 'catkin_skip_building_tests' from command line to 'False'
[0.691s] DEBUG:colcon.colcon_core.verb:Building package 'px4_msgs' with the following arguments: {'ament_cmake_args': None, 'build_base': '/home/lohitoburrito/uav_app/build/px4_msgs', 'catkin_cmake_args': None, 'catkin_skip_building_tests': False, 'cmake_args': None, 'cmake_clean_cache': False, 'cmake_clean_first': False, 'cmake_force_configure': False, 'cmake_target': None, 'cmake_target_skip_unavailable': False, 'install_base': '/home/lohitoburrito/uav_app/install/px4_msgs', 'merge_install': False, 'path': '/home/lohitoburrito/uav_app/src/px4_msgs', 'symlink_install': False, 'test_result_base': None}
[0.693s] Level 5:colcon.colcon_core.verb:set package 'px4_ros_com' build argument 'cmake_args' from command line to 'None'
[0.693s] Level 5:colcon.colcon_core.verb:set package 'px4_ros_com' build argument 'cmake_target' from command line to 'None'
[0.693s] Level 5:colcon.colcon_core.verb:set package 'px4_ros_com' build argument 'cmake_target_skip_unavailable' from command line to 'False'
[0.693s] Level 5:colcon.colcon_core.verb:set package 'px4_ros_com' build argument 'cmake_clean_cache' from command line to 'False'
[0.694s] Level 5:colcon.colcon_core.verb:set package 'px4_ros_com' build argument 'cmake_clean_first' from command line to 'False'
[0.694s] Level 5:colcon.colcon_core.verb:set package 'px4_ros_com' build argument 'cmake_force_configure' from command line to 'False'
[0.694s] Level 5:colcon.colcon_core.verb:set package 'px4_ros_com' build argument 'ament_cmake_args' from command line to 'None'
[0.694s] Level 5:colcon.colcon_core.verb:set package 'px4_ros_com' build argument 'catkin_cmake_args' from command line to 'None'
[0.694s] Level 5:colcon.colcon_core.verb:set package 'px4_ros_com' build argument 'catkin_skip_building_tests' from command line to 'False'
[0.694s] DEBUG:colcon.colcon_core.verb:Building package 'px4_ros_com' with the following arguments: {'ament_cmake_args': None, 'build_base': '/home/lohitoburrito/uav_app/build/px4_ros_com', 'catkin_cmake_args': None, 'catkin_skip_building_tests': False, 'cmake_args': None, 'cmake_clean_cache': False, 'cmake_clean_first': False, 'cmake_force_configure': False, 'cmake_target': None, 'cmake_target_skip_unavailable': False, 'install_base': '/home/lohitoburrito/uav_app/install/px4_ros_com', 'merge_install': False, 'path': '/home/lohitoburrito/uav_app/src/px4_ros_com', 'symlink_install': False, 'test_result_base': None}
[0.695s] INFO:colcon.colcon_core.executor:Executing jobs using 'parallel' executor
[0.697s] DEBUG:colcon.colcon_parallel_executor.executor.parallel:run_until_complete
[0.698s] INFO:colcon.colcon_ros.task.ament_cmake.build:Building ROS package in '/home/lohitoburrito/uav_app/src/px4_msgs' with build type 'ament_cmake'
[0.698s] INFO:colcon.colcon_cmake.task.cmake.build:Building CMake package in '/home/lohitoburrito/uav_app/src/px4_msgs'
[0.704s] INFO:colcon.colcon_core.plugin_system:Skipping extension 'colcon_core.shell.bat': Not used on non-Windows systems
[0.704s] INFO:colcon.colcon_core.shell:Skip shell extension 'powershell' for command environment: Not usable outside of PowerShell
[0.705s] DEBUG:colcon.colcon_core.shell:Skip shell extension 'dsv' for command environment
[0.734s] DEBUG:colcon.colcon_core.event_handler.log_command:Invoking command in '/home/lohitoburrito/uav_app/build/px4_msgs': CMAKE_PREFIX_PATH=${CMAKE_PREFIX_PATH}:/home/lohitoburrito/uav_app/install/px4_msgs:/opt/ros/humble /usr/bin/cmake --build /home/lohitoburrito/uav_app/build/px4_msgs -- -j8 -l8
[2.670s] DEBUG:colcon.colcon_core.event_handler.log_command:Invoked command in '/home/lohitoburrito/uav_app/build/px4_msgs' returned '0': CMAKE_PREFIX_PATH=${CMAKE_PREFIX_PATH}:/home/lohitoburrito/uav_app/install/px4_msgs:/opt/ros/humble /usr/bin/cmake --build /home/lohitoburrito/uav_app/build/px4_msgs -- -j8 -l8
[2.688s] DEBUG:colcon.colcon_core.event_handler.log_command:Invoking command in '/home/lohitoburrito/uav_app/build/px4_msgs': CMAKE_PREFIX_PATH=${CMAKE_PREFIX_PATH}:/home/lohitoburrito/uav_app/install/px4_msgs:/opt/ros/humble /usr/bin/cmake --install /home/lohitoburrito/uav_app/build/px4_msgs
[3.418s] Level 1:colcon.colcon_core.environment:create_environment_scripts_only(px4_msgs)
[3.449s] Level 1:colcon.colcon_core.environment:checking '/home/lohitoburrito/uav_app/install/px4_msgs' for CMake module files
[3.456s] Level 1:colcon.colcon_core.environment:checking '/home/lohitoburrito/uav_app/install/px4_msgs' for CMake config files
[3.576s] Level 1:colcon.colcon_core.shell:create_environment_hook('px4_msgs', 'cmake_prefix_path')
[3.577s] INFO:colcon.colcon_core.shell:Creating environment hook '/home/lohitoburrito/uav_app/install/px4_msgs/share/px4_msgs/hook/cmake_prefix_path.ps1'
[3.581s] INFO:colcon.colcon_core.shell:Creating environment descriptor '/home/lohitoburrito/uav_app/install/px4_msgs/share/px4_msgs/hook/cmake_prefix_path.dsv'
[3.590s] INFO:colcon.colcon_core.shell:Creating environment hook '/home/lohitoburrito/uav_app/install/px4_msgs/share/px4_msgs/hook/cmake_prefix_path.sh'
[3.602s] Level 1:colcon.colcon_core.environment:checking '/home/lohitoburrito/uav_app/install/px4_msgs/lib'
[3.604s] Level 1:colcon.colcon_core.shell:create_environment_hook('px4_msgs', 'ld_library_path_lib')
[3.605s] INFO:colcon.colcon_core.shell:Creating environment hook '/home/lohitoburrito/uav_app/install/px4_msgs/share/px4_msgs/hook/ld_library_path_lib.ps1'
[3.610s] INFO:colcon.colcon_core.shell:Creating environment descriptor '/home/lohitoburrito/uav_app/install/px4_msgs/share/px4_msgs/hook/ld_library_path_lib.dsv'
[3.615s] INFO:colcon.colcon_core.shell:Creating environment hook '/home/lohitoburrito/uav_app/install/px4_msgs/share/px4_msgs/hook/ld_library_path_lib.sh'
[3.623s] Level 1:colcon.colcon_core.environment:checking '/home/lohitoburrito/uav_app/install/px4_msgs/bin'
[3.625s] Level 1:colcon.colcon_core.environment:checking '/home/lohitoburrito/uav_app/install/px4_msgs/lib/pkgconfig/px4_msgs.pc'
[3.626s] Level 1:colcon.colcon_core.environment:checking '/home/lohitoburrito/uav_app/install/px4_msgs/lib/python3.10/site-packages'
[3.627s] Level 1:colcon.colcon_core.environment:checking '/home/lohitoburrito/uav_app/install/px4_msgs/bin'
[3.628s] INFO:colcon.colcon_core.shell:Creating package script '/home/lohitoburrito/uav_app/install/px4_msgs/share/px4_msgs/package.ps1'
[3.632s] INFO:colcon.colcon_core.shell:Creating package descriptor '/home/lohitoburrito/uav_app/install/px4_msgs/share/px4_msgs/package.dsv'
[3.638s] INFO:colcon.colcon_core.shell:Creating package script '/home/lohitoburrito/uav_app/install/px4_msgs/share/px4_msgs/package.sh'
[3.642s] INFO:colcon.colcon_core.shell:Creating package script '/home/lohitoburrito/uav_app/install/px4_msgs/share/px4_msgs/package.bash'
[3.649s] INFO:colcon.colcon_core.shell:Creating package script '/home/lohitoburrito/uav_app/install/px4_msgs/share/px4_msgs/package.zsh'
[3.651s] Level 1:colcon.colcon_core.environment:create_file_with_runtime_dependencies(/home/lohitoburrito/uav_app/install/px4_msgs/share/colcon-core/packages/px4_msgs)
[3.653s] Level 1:colcon.colcon_core.environment:create_environment_scripts_only(px4_msgs)
[3.655s] Level 1:colcon.colcon_core.environment:checking '/home/lohitoburrito/uav_app/install/px4_msgs' for CMake module files
[3.657s] Level 1:colcon.colcon_core.environment:checking '/home/lohitoburrito/uav_app/install/px4_msgs' for CMake config files
[3.728s] Level 1:colcon.colcon_core.shell:create_environment_hook('px4_msgs', 'cmake_prefix_path')
[3.730s] INFO:colcon.colcon_core.shell:Creating environment hook '/home/lohitoburrito/uav_app/install/px4_msgs/share/px4_msgs/hook/cmake_prefix_path.ps1'
[3.740s] INFO:colcon.colcon_core.shell:Creating environment descriptor '/home/lohitoburrito/uav_app/install/px4_msgs/share/px4_msgs/hook/cmake_prefix_path.dsv'
[3.744s] INFO:colcon.colcon_core.shell:Creating environment hook '/home/lohitoburrito/uav_app/install/px4_msgs/share/px4_msgs/hook/cmake_prefix_path.sh'
[3.747s] Level 1:colcon.colcon_core.environment:checking '/home/lohitoburrito/uav_app/install/px4_msgs/lib'
[3.748s] Level 1:colcon.colcon_core.shell:create_environment_hook('px4_msgs', 'ld_library_path_lib')
[3.748s] INFO:colcon.colcon_core.shell:Creating environment hook '/home/lohitoburrito/uav_app/install/px4_msgs/share/px4_msgs/hook/ld_library_path_lib.ps1'
[3.752s] INFO:colcon.colcon_core.shell:Creating environment descriptor '/home/lohitoburrito/uav_app/install/px4_msgs/share/px4_msgs/hook/ld_library_path_lib.dsv'
[3.755s] INFO:colcon.colcon_core.shell:Creating environment hook '/home/lohitoburrito/uav_app/install/px4_msgs/share/px4_msgs/hook/ld_library_path_lib.sh'
[3.758s] Level 1:colcon.colcon_core.environment:checking '/home/lohitoburrito/uav_app/install/px4_msgs/bin'
[3.758s] Level 1:colcon.colcon_core.environment:checking '/home/lohitoburrito/uav_app/install/px4_msgs/lib/pkgconfig/px4_msgs.pc'
[3.759s] Level 1:colcon.colcon_core.environment:checking '/home/lohitoburrito/uav_app/install/px4_msgs/lib/python3.10/site-packages'
[3.759s] Level 1:colcon.colcon_core.environment:checking '/home/lohitoburrito/uav_app/install/px4_msgs/bin'
[3.761s] INFO:colcon.colcon_core.shell:Creating package script '/home/lohitoburrito/uav_app/install/px4_msgs/share/px4_msgs/package.ps1'
[3.766s] INFO:colcon.colcon_core.shell:Creating package descriptor '/home/lohitoburrito/uav_app/install/px4_msgs/share/px4_msgs/package.dsv'
[3.769s] INFO:colcon.colcon_core.shell:Creating package script '/home/lohitoburrito/uav_app/install/px4_msgs/share/px4_msgs/package.sh'
[3.772s] INFO:colcon.colcon_core.shell:Creating package script '/home/lohitoburrito/uav_app/install/px4_msgs/share/px4_msgs/package.bash'
[3.783s] INFO:colcon.colcon_core.shell:Creating package script '/home/lohitoburrito/uav_app/install/px4_msgs/share/px4_msgs/package.zsh'
[3.792s] Level 1:colcon.colcon_core.environment:create_file_with_runtime_dependencies(/home/lohitoburrito/uav_app/install/px4_msgs/share/colcon-core/packages/px4_msgs)
[3.797s] INFO:colcon.colcon_ros.task.ament_cmake.build:Building ROS package in '/home/lohitoburrito/uav_app/src/px4_ros_com' with build type 'ament_cmake'
[3.797s] INFO:colcon.colcon_cmake.task.cmake.build:Building CMake package in '/home/lohitoburrito/uav_app/src/px4_ros_com'
[3.798s] INFO:colcon.colcon_core.shell:Skip shell extension 'powershell' for command environment: Not usable outside of PowerShell
[3.799s] DEBUG:colcon.colcon_core.shell:Skip shell extension 'dsv' for command environment
[3.926s] DEBUG:colcon.colcon_core.event_handler.log_command:Invoked command in '/home/lohitoburrito/uav_app/build/px4_msgs' returned '0': CMAKE_PREFIX_PATH=${CMAKE_PREFIX_PATH}:/home/lohitoburrito/uav_app/install/px4_msgs:/opt/ros/humble /usr/bin/cmake --install /home/lohitoburrito/uav_app/build/px4_msgs
[4.183s] DEBUG:colcon.colcon_core.event_handler.log_command:Invoking command in '/home/lohitoburrito/uav_app/build/px4_ros_com': CMAKE_PREFIX_PATH=/home/lohitoburrito/uav_app/install/px4_msgs:/home/lohitoburrito/uav_app/install/px4_ros_com:/opt/ros/humble LD_LIBRARY_PATH=/home/lohitoburrito/uav_app/install/px4_msgs/lib:/home/lohitoburrito/uav_app/install/px4_ros_com/lib:/usr/lib/x86_64-linux-gnu/gazebo-11/plugins:/opt/ros/humble/opt/rviz_ogre_vendor/lib:/opt/ros/humble/lib/x86_64-linux-gnu:/opt/ros/humble/lib /usr/bin/cmake --build /home/lohitoburrito/uav_app/build/px4_ros_com -- -j8 -l8
[4.998s] DEBUG:colcon.colcon_core.event_handler.log_command:Invoked command in '/home/lohitoburrito/uav_app/build/px4_ros_com' returned '0': CMAKE_PREFIX_PATH=/home/lohitoburrito/uav_app/install/px4_msgs:/home/lohitoburrito/uav_app/install/px4_ros_com:/opt/ros/humble LD_LIBRARY_PATH=/home/lohitoburrito/uav_app/install/px4_msgs/lib:/home/lohitoburrito/uav_app/install/px4_ros_com/lib:/usr/lib/x86_64-linux-gnu/gazebo-11/plugins:/opt/ros/humble/opt/rviz_ogre_vendor/lib:/opt/ros/humble/lib/x86_64-linux-gnu:/opt/ros/humble/lib /usr/bin/cmake --build /home/lohitoburrito/uav_app/build/px4_ros_com -- -j8 -l8
[5.001s] DEBUG:colcon.colcon_core.event_handler.log_command:Invoking command in '/home/lohitoburrito/uav_app/build/px4_ros_com': CMAKE_PREFIX_PATH=/home/lohitoburrito/uav_app/install/px4_msgs:/home/lohitoburrito/uav_app/install/px4_ros_com:/opt/ros/humble LD_LIBRARY_PATH=/home/lohitoburrito/uav_app/install/px4_msgs/lib:/home/lohitoburrito/uav_app/install/px4_ros_com/lib:/usr/lib/x86_64-linux-gnu/gazebo-11/plugins:/opt/ros/humble/opt/rviz_ogre_vendor/lib:/opt/ros/humble/lib/x86_64-linux-gnu:/opt/ros/humble/lib /usr/bin/cmake --install /home/lohitoburrito/uav_app/build/px4_ros_com
[5.106s] Level 1:colcon.colcon_core.environment:create_environment_scripts_only(px4_ros_com)
[5.107s] Level 1:colcon.colcon_core.environment:checking '/home/lohitoburrito/uav_app/install/px4_ros_com' for CMake module files
[5.111s] DEBUG:colcon.colcon_core.event_handler.log_command:Invoked command in '/home/lohitoburrito/uav_app/build/px4_ros_com' returned '0': CMAKE_PREFIX_PATH=/home/lohitoburrito/uav_app/install/px4_msgs:/home/lohitoburrito/uav_app/install/px4_ros_com:/opt/ros/humble LD_LIBRARY_PATH=/home/lohitoburrito/uav_app/install/px4_msgs/lib:/home/lohitoburrito/uav_app/install/px4_ros_com/lib:/usr/lib/x86_64-linux-gnu/gazebo-11/plugins:/opt/ros/humble/opt/rviz_ogre_vendor/lib:/opt/ros/humble/lib/x86_64-linux-gnu:/opt/ros/humble/lib /usr/bin/cmake --install /home/lohitoburrito/uav_app/build/px4_ros_com
[5.112s] Level 1:colcon.colcon_core.environment:checking '/home/lohitoburrito/uav_app/install/px4_ros_com' for CMake config files
[5.113s] Level 1:colcon.colcon_core.shell:create_environment_hook('px4_ros_com', 'cmake_prefix_path')
[5.114s] INFO:colcon.colcon_core.shell:Creating environment hook '/home/lohitoburrito/uav_app/install/px4_ros_com/share/px4_ros_com/hook/cmake_prefix_path.ps1'
[5.115s] INFO:colcon.colcon_core.shell:Creating environment descriptor '/home/lohitoburrito/uav_app/install/px4_ros_com/share/px4_ros_com/hook/cmake_prefix_path.dsv'
[5.115s] INFO:colcon.colcon_core.shell:Creating environment hook '/home/lohitoburrito/uav_app/install/px4_ros_com/share/px4_ros_com/hook/cmake_prefix_path.sh'
[5.116s] Level 1:colcon.colcon_core.environment:checking '/home/lohitoburrito/uav_app/install/px4_ros_com/lib'
[5.117s] Level 1:colcon.colcon_core.shell:create_environment_hook('px4_ros_com', 'ld_library_path_lib')
[5.119s] INFO:colcon.colcon_core.shell:Creating environment hook '/home/lohitoburrito/uav_app/install/px4_ros_com/share/px4_ros_com/hook/ld_library_path_lib.ps1'
[5.121s] INFO:colcon.colcon_core.shell:Creating environment descriptor '/home/lohitoburrito/uav_app/install/px4_ros_com/share/px4_ros_com/hook/ld_library_path_lib.dsv'
[5.136s] INFO:colcon.colcon_core.shell:Creating environment hook '/home/lohitoburrito/uav_app/install/px4_ros_com/share/px4_ros_com/hook/ld_library_path_lib.sh'
[5.143s] Level 1:colcon.colcon_core.environment:checking '/home/lohitoburrito/uav_app/install/px4_ros_com/bin'
[5.143s] Level 1:colcon.colcon_core.environment:checking '/home/lohitoburrito/uav_app/install/px4_ros_com/lib/pkgconfig/px4_ros_com.pc'
[5.144s] Level 1:colcon.colcon_core.environment:checking '/home/lohitoburrito/uav_app/install/px4_ros_com/lib/python3.10/site-packages'
[5.144s] Level 1:colcon.colcon_core.environment:checking '/home/lohitoburrito/uav_app/install/px4_ros_com/bin'
[5.145s] INFO:colcon.colcon_core.shell:Creating package script '/home/lohitoburrito/uav_app/install/px4_ros_com/share/px4_ros_com/package.ps1'
[5.146s] INFO:colcon.colcon_core.shell:Creating package descriptor '/home/lohitoburrito/uav_app/install/px4_ros_com/share/px4_ros_com/package.dsv'
[5.147s] INFO:colcon.colcon_core.shell:Creating package script '/home/lohitoburrito/uav_app/install/px4_ros_com/share/px4_ros_com/package.sh'
[5.148s] INFO:colcon.colcon_core.shell:Creating package script '/home/lohitoburrito/uav_app/install/px4_ros_com/share/px4_ros_com/package.bash'
[5.148s] INFO:colcon.colcon_core.shell:Creating package script '/home/lohitoburrito/uav_app/install/px4_ros_com/share/px4_ros_com/package.zsh'
[5.150s] Level 1:colcon.colcon_core.environment:create_file_with_runtime_dependencies(/home/lohitoburrito/uav_app/install/px4_ros_com/share/colcon-core/packages/px4_ros_com)
[5.151s] Level 1:colcon.colcon_core.environment:create_environment_scripts_only(px4_ros_com)
[5.151s] Level 1:colcon.colcon_core.environment:checking '/home/lohitoburrito/uav_app/install/px4_ros_com' for CMake module files
[5.152s] Level 1:colcon.colcon_core.environment:checking '/home/lohitoburrito/uav_app/install/px4_ros_com' for CMake config files
[5.161s] Level 1:colcon.colcon_core.shell:create_environment_hook('px4_ros_com', 'cmake_prefix_path')
[5.162s] INFO:colcon.colcon_core.shell:Creating environment hook '/home/lohitoburrito/uav_app/install/px4_ros_com/share/px4_ros_com/hook/cmake_prefix_path.ps1'
[5.163s] INFO:colcon.colcon_core.shell:Creating environment descriptor '/home/lohitoburrito/uav_app/install/px4_ros_com/share/px4_ros_com/hook/cmake_prefix_path.dsv'
[5.163s] INFO:colcon.colcon_core.shell:Creating environment hook '/home/lohitoburrito/uav_app/install/px4_ros_com/share/px4_ros_com/hook/cmake_prefix_path.sh'
[5.164s] Level 1:colcon.colcon_core.environment:checking '/home/lohitoburrito/uav_app/install/px4_ros_com/lib'
[5.164s] Level 1:colcon.colcon_core.shell:create_environment_hook('px4_ros_com', 'ld_library_path_lib')
[5.164s] INFO:colcon.colcon_core.shell:Creating environment hook '/home/lohitoburrito/uav_app/install/px4_ros_com/share/px4_ros_com/hook/ld_library_path_lib.ps1'
[5.165s] INFO:colcon.colcon_core.shell:Creating environment descriptor '/home/lohitoburrito/uav_app/install/px4_ros_com/share/px4_ros_com/hook/ld_library_path_lib.dsv'
[5.165s] INFO:colcon.colcon_core.shell:Creating environment hook '/home/lohitoburrito/uav_app/install/px4_ros_com/share/px4_ros_com/hook/ld_library_path_lib.sh'
[5.166s] Level 1:colcon.colcon_core.environment:checking '/home/lohitoburrito/uav_app/install/px4_ros_com/bin'
[5.166s] Level 1:colcon.colcon_core.environment:checking '/home/lohitoburrito/uav_app/install/px4_ros_com/lib/pkgconfig/px4_ros_com.pc'
[5.166s] Level 1:colcon.colcon_core.environment:checking '/home/lohitoburrito/uav_app/install/px4_ros_com/lib/python3.10/site-packages'
[5.167s] Level 1:colcon.colcon_core.environment:checking '/home/lohitoburrito/uav_app/install/px4_ros_com/bin'
[5.167s] INFO:colcon.colcon_core.shell:Creating package script '/home/lohitoburrito/uav_app/install/px4_ros_com/share/px4_ros_com/package.ps1'
[5.169s] INFO:colcon.colcon_core.shell:Creating package descriptor '/home/lohitoburrito/uav_app/install/px4_ros_com/share/px4_ros_com/package.dsv'
[5.170s] INFO:colcon.colcon_core.shell:Creating package script '/home/lohitoburrito/uav_app/install/px4_ros_com/share/px4_ros_com/package.sh'
[5.172s] INFO:colcon.colcon_core.shell:Creating package script '/home/lohitoburrito/uav_app/install/px4_ros_com/share/px4_ros_com/package.bash'
[5.174s] INFO:colcon.colcon_core.shell:Creating package script '/home/lohitoburrito/uav_app/install/px4_ros_com/share/px4_ros_com/package.zsh'
[5.184s] Level 1:colcon.colcon_core.environment:create_file_with_runtime_dependencies(/home/lohitoburrito/uav_app/install/px4_ros_com/share/colcon-core/packages/px4_ros_com)
[5.184s] DEBUG:colcon.colcon_parallel_executor.executor.parallel:closing loop
[5.185s] DEBUG:colcon.colcon_parallel_executor.executor.parallel:loop closed
[5.185s] DEBUG:colcon.colcon_parallel_executor.executor.parallel:run_until_complete finished with '0'
[5.186s] DEBUG:colcon.colcon_core.event_reactor:joining thread
[5.340s] INFO:colcon.colcon_core.plugin_system:Skipping extension 'colcon_notification.desktop_notification.notify_send': Could not find 'notify-send'
[5.340s] INFO:colcon.colcon_core.plugin_system:Skipping extension 'colcon_notification.desktop_notification.terminal_notifier': Not used on non-Darwin systems
[5.341s] INFO:colcon.colcon_core.plugin_system:Skipping extension 'colcon_notification.desktop_notification.win32': Not used on non-Windows systems
[5.341s] INFO:colcon.colcon_notification.desktop_notification:Sending desktop notification using 'notify2'
[5.341s] DEBUG:colcon.colcon_notification.desktop_notification.notify2:Failed to initialize notify2: org.freedesktop.DBus.Error.FileNotFound: Failed to connect to socket /run/user/1000/bus: No such file or directory
[5.341s] DEBUG:colcon.colcon_core.event_reactor:joined thread
[5.342s] INFO:colcon.colcon_core.shell:Creating prefix script '/home/lohitoburrito/uav_app/install/local_setup.ps1'
[5.343s] INFO:colcon.colcon_core.shell:Creating prefix util module '/home/lohitoburrito/uav_app/install/_local_setup_util_ps1.py'
[5.345s] INFO:colcon.colcon_core.shell:Creating prefix chain script '/home/lohitoburrito/uav_app/install/setup.ps1'
[5.348s] INFO:colcon.colcon_core.shell:Creating prefix script '/home/lohitoburrito/uav_app/install/local_setup.sh'
[5.349s] INFO:colcon.colcon_core.shell:Creating prefix util module '/home/lohitoburrito/uav_app/install/_local_setup_util_sh.py'
[5.350s] INFO:colcon.colcon_core.shell:Creating prefix chain script '/home/lohitoburrito/uav_app/install/setup.sh'
[5.352s] INFO:colcon.colcon_core.shell:Creating prefix script '/home/lohitoburrito/uav_app/install/local_setup.bash'
[5.353s] INFO:colcon.colcon_core.shell:Creating prefix chain script '/home/lohitoburrito/uav_app/install/setup.bash'
[5.355s] INFO:colcon.colcon_core.shell:Creating prefix script '/home/lohitoburrito/uav_app/install/local_setup.zsh'
[5.356s] INFO:colcon.colcon_core.shell:Creating prefix chain script '/home/lohitoburrito/uav_app/install/setup.zsh'
