[0.382s] Invoking command in '/home/lohitoburrito/uav_app/build/px4_ros_com': CMAKE_PREFIX_PATH=/home/lohitoburrito/uav_app/install/px4_msgs:/home/lohitoburrito/uav_app/install/px4_ros_com:/home/lohitoburrito/libtorch:/opt/ros/humble LD_LIBRARY_PATH=/home/lohitoburrito/uav_app/install/px4_msgs/lib:/home/lohitoburrito/libtorch/lib:/home/lohitoburrito/uav_app/install/px4_ros_com/lib:/usr/lib/x86_64-linux-gnu/gazebo-11/plugins:/opt/ros/humble/opt/rviz_ogre_vendor/lib:/opt/ros/humble/lib/x86_64-linux-gnu:/opt/ros/humble/lib /usr/bin/cmake --build /home/lohitoburrito/uav_app/build/px4_ros_com -- -j8 -l8
[0.664s] [ 12%] Built target frame_transforms
[0.708s] [ 25%] Built target vehicle_gps_position_listener
[0.719s] [ 37%] Built target offboard_control
[0.731s] [ 50%] Built target sensor_combined_listener
[0.753s] [ 62%] Built target debug_vect_advertiser
[0.757s] [35m[1mConsolidate compiler generated dependencies of target fireforce[0m
[0.858s] [ 62%] Built target ament_cmake_python_copy_px4_ros_com
[0.860s] [ 75%] Built target reconnaissance
[0.871s] [ 87%] Built target offboard_control_srv
[0.890s] [ 93%] [32mBuilding CXX object CMakeFiles/fireforce.dir/src/app/fireforce/fireforce.cpp.o[0m
[2.207s] running egg_info
[2.305s] writing px4_ros_com.egg-info/PKG-INFO
[2.307s] writing dependency_links to px4_ros_com.egg-info/dependency_links.txt
[2.308s] writing top-level names to px4_ros_com.egg-info/top_level.txt
[2.650s] reading manifest file 'px4_ros_com.egg-info/SOURCES.txt'
[2.657s] writing manifest file 'px4_ros_com.egg-info/SOURCES.txt'
[2.795s] [ 93%] Built target ament_cmake_python_build_px4_ros_com_egg
[21.029s] [01m[K/home/lohitoburrito/uav_app/src/px4_ros_com/src/app/fireforce/fireforce.cpp:[m[K In member function ‘[01m[Kvoid UAVCommand::run_mission()[m[K’:
[21.030s] [01m[K/home/lohitoburrito/uav_app/src/px4_ros_com/src/app/fireforce/fireforce.cpp:367:13:[m[K [01;31m[Kerror: [m[Kexpected unqualified-id before ‘[01m[Kbreak[m[K’
[21.030s]   367 |             [01;31m[Kbreak[m[K;
[21.030s]       |             [01;31m[K^~~~~[m[K
[47.971s] gmake[2]: *** [CMakeFiles/fireforce.dir/build.make:76: CMakeFiles/fireforce.dir/src/app/fireforce/fireforce.cpp.o] Error 1
[47.972s] gmake[1]: *** [CMakeFiles/Makefile2:336: CMakeFiles/fireforce.dir/all] Error 2
[47.972s] gmake: *** [Makefile:146: all] Error 2
[47.985s] Invoked command in '/home/lohitoburrito/uav_app/build/px4_ros_com' returned '2': CMAKE_PREFIX_PATH=/home/lohitoburrito/uav_app/install/px4_msgs:/home/lohitoburrito/uav_app/install/px4_ros_com:/home/lohitoburrito/libtorch:/opt/ros/humble LD_LIBRARY_PATH=/home/lohitoburrito/uav_app/install/px4_msgs/lib:/home/lohitoburrito/libtorch/lib:/home/lohitoburrito/uav_app/install/px4_ros_com/lib:/usr/lib/x86_64-linux-gnu/gazebo-11/plugins:/opt/ros/humble/opt/rviz_ogre_vendor/lib:/opt/ros/humble/lib/x86_64-linux-gnu:/opt/ros/humble/lib /usr/bin/cmake --build /home/lohitoburrito/uav_app/build/px4_ros_com -- -j8 -l8
