[0.260s] Invoking command in '/home/lohitoburrito/uav_app/build/px4_ros_com': AMENT_PREFIX_PATH=/home/lohitoburrito/uav_app/install/px4_msgs:${AMENT_PREFIX_PATH} CMAKE_PREFIX_PATH=/home/lohitoburrito/uav_app/install/px4_msgs:/home/lohitoburrito/libtorch:/opt/ros/humble LD_LIBRARY_PATH=/home/lohitoburrito/uav_app/install/px4_msgs/lib:${LD_LIBRARY_PATH} PYTHONPATH=/home/lohitoburrito/uav_app/install/px4_msgs/local/lib/python3.10/dist-packages:${PYTHONPATH} /usr/bin/cmake /home/lohitoburrito/uav_app/src/px4_ros_com -DCMAKE_INSTALL_PREFIX=/home/lohitoburrito/uav_app/install/px4_ros_com
[0.561s] -- The C compiler identification is GNU 11.4.0
[1.543s] -- The CXX compiler identification is GNU 11.4.0
[2.238s] -- Detecting C compiler ABI info
[2.541s] -- Detecting C compiler ABI info - done
[2.551s] -- Check for working C compiler: /usr/bin/cc - skipped
[2.551s] -- Detecting C compile features
[2.552s] -- Detecting C compile features - done
[2.555s] -- Detecting CXX compiler ABI info
[2.872s] -- Detecting CXX compiler ABI info - done
[2.882s] -- Check for working CXX compiler: /usr/bin/c++ - skipped
[2.883s] -- Detecting CXX compile features
[2.883s] -- Detecting CXX compile features - done
[2.885s] -- Found ament_cmake: 1.3.11 (/opt/ros/humble/share/ament_cmake/cmake)
[3.374s] -- Found Python3: /usr/bin/python3 (found version "3.10.12") found components: Interpreter 
[3.489s] -- Found builtin_interfaces: 1.2.1 (/opt/ros/humble/share/builtin_interfaces/cmake)
[3.756s] -- Found rosidl_generator_c: 3.1.6 (/opt/ros/humble/share/rosidl_generator_c/cmake)
[3.761s] -- Found rosidl_adapter: 3.1.6 (/opt/ros/humble/share/rosidl_adapter/cmake)
[3.771s] -- Found rosidl_generator_cpp: 3.1.6 (/opt/ros/humble/share/rosidl_generator_cpp/cmake)
[3.790s] -- Using all available rosidl_typesupport_c: rosidl_typesupport_fastrtps_c;rosidl_typesupport_introspection_c
[3.805s] -- Using all available rosidl_typesupport_cpp: rosidl_typesupport_fastrtps_cpp;rosidl_typesupport_introspection_cpp
[3.820s] -- Found eigen3_cmake_module: 0.1.1 (/opt/ros/humble/share/eigen3_cmake_module/cmake)
[3.827s] -- Found Eigen3: TRUE (found version "3.4.0") 
[3.830s] -- Found geometry_msgs: 4.2.4 (/opt/ros/humble/share/geometry_msgs/cmake)
[3.891s] -- Found px4_msgs: 2.0.1 (/home/lohitoburrito/uav_app/install/px4_msgs/share/px4_msgs/cmake)
[3.906s] -- Found rclcpp: 16.0.11 (/opt/ros/humble/share/rclcpp/cmake)
[4.012s] -- Found rmw_implementation_cmake: 6.1.2 (/opt/ros/humble/share/rmw_implementation_cmake/cmake)
[4.021s] -- Found rmw_fastrtps_cpp: 6.2.7 (/opt/ros/humble/share/rmw_fastrtps_cpp/cmake)
[6.502s] -- Found OpenSSL: /usr/lib/x86_64-linux-gnu/libcrypto.so (found version "3.0.2")  
[9.226s] -- Found FastRTPS: /opt/ros/humble/include  
[14.830s] -- Using RMW implementation 'rmw_fastrtps_cpp' as default
[14.849s] -- Looking for pthread.h
[15.284s] -- Looking for pthread.h - found
[15.284s] -- Performing Test CMAKE_HAVE_LIBC_PTHREAD
[15.682s] -- Performing Test CMAKE_HAVE_LIBC_PTHREAD - Success
[15.683s] -- Found Threads: TRUE  
[15.768s] -- Found sensor_msgs: 4.2.4 (/opt/ros/humble/share/sensor_msgs/cmake)
[15.810s] -- Found rclpy: 3.3.15 (/opt/ros/humble/share/rclpy/cmake)
[15.823s] -- Found OpenCV: /usr (found version "4.5.4") 
[15.826s] -- Found cv_bridge: 3.2.1 (/opt/ros/humble/share/cv_bridge/cmake)
[15.840s] -- Found ament_lint_auto: 0.12.11 (/opt/ros/humble/share/ament_lint_auto/cmake)
[16.018s] -- Added test 'copyright' to check source files copyright and LICENSE
[16.023s] -- Added test 'cppcheck' to perform static code analysis on C / C++ code
[16.025s] -- Configured cppcheck include dirs: /home/lohitoburrito/uav_app/src/px4_ros_com/include;$<BUILD_INTERFACE:/home/lohitoburrito/uav_app/src/px4_ros_com/include/px4_ros_com>
[16.025s] -- Configured cppcheck exclude dirs and/or files: 
[16.029s] -- Added test 'cpplint' to check C / C++ code against the Google style
[16.029s] -- Configured cpplint exclude dirs and/or files: 
[16.031s] -- Added test 'flake8' to check Python code syntax and style conventions
[16.033s] -- Added test 'lint_cmake' to check CMake code style
[16.034s] -- Added test 'pep257' to check Python code against some of the docstring style conventions in PEP 257
[16.039s] -- Added test 'uncrustify' to check C / C++ code style
[16.039s] -- Configured uncrustify additional arguments: 
[16.041s] -- Added test 'xmllint' to check XML markup files
[16.045s] -- Configuring done
[16.113s] -- Generating done
[16.130s] -- Build files have been written to: /home/lohitoburrito/uav_app/build/px4_ros_com
[16.145s] Invoked command in '/home/lohitoburrito/uav_app/build/px4_ros_com' returned '0': AMENT_PREFIX_PATH=/home/lohitoburrito/uav_app/install/px4_msgs:${AMENT_PREFIX_PATH} CMAKE_PREFIX_PATH=/home/lohitoburrito/uav_app/install/px4_msgs:/home/lohitoburrito/libtorch:/opt/ros/humble LD_LIBRARY_PATH=/home/lohitoburrito/uav_app/install/px4_msgs/lib:${LD_LIBRARY_PATH} PYTHONPATH=/home/lohitoburrito/uav_app/install/px4_msgs/local/lib/python3.10/dist-packages:${PYTHONPATH} /usr/bin/cmake /home/lohitoburrito/uav_app/src/px4_ros_com -DCMAKE_INSTALL_PREFIX=/home/lohitoburrito/uav_app/install/px4_ros_com
[16.147s] Invoking command in '/home/lohitoburrito/uav_app/build/px4_ros_com': AMENT_PREFIX_PATH=/home/lohitoburrito/uav_app/install/px4_msgs:${AMENT_PREFIX_PATH} CMAKE_PREFIX_PATH=/home/lohitoburrito/uav_app/install/px4_msgs:/home/lohitoburrito/libtorch:/opt/ros/humble LD_LIBRARY_PATH=/home/lohitoburrito/uav_app/install/px4_msgs/lib:${LD_LIBRARY_PATH} PYTHONPATH=/home/lohitoburrito/uav_app/install/px4_msgs/local/lib/python3.10/dist-packages:${PYTHONPATH} /usr/bin/cmake --build /home/lohitoburrito/uav_app/build/px4_ros_com -- -j8 -l8
[16.215s] [  7%] [32mBuilding CXX object CMakeFiles/frame_transforms.dir/src/lib/frame_transforms.cpp.o[0m
[16.215s] [ 14%] [32mBuilding CXX object CMakeFiles/vehicle_gps_position_listener.dir/src/examples/listeners/vehicle_gps_position_listener.cpp.o[0m
[16.219s] [ 21%] [32mBuilding CXX object CMakeFiles/sensor_combined_listener.dir/src/examples/listeners/sensor_combined_listener.cpp.o[0m
[16.226s] [ 28%] [32mBuilding CXX object CMakeFiles/offboard_control.dir/src/examples/offboard/offboard_control.cpp.o[0m
[16.226s] [ 35%] [32mBuilding CXX object CMakeFiles/reconnaissance.dir/src/app/reconnaissance/reconnaissance.cpp.o[0m
[16.233s] [ 42%] [32mBuilding CXX object CMakeFiles/offboard_control_srv.dir/src/examples/offboard/offboard_control_srv.cpp.o[0m
[16.236s] [ 50%] [32mBuilding CXX object CMakeFiles/debug_vect_advertiser.dir/src/examples/advertisers/debug_vect_advertiser.cpp.o[0m
[16.247s] [ 50%] Built target ament_cmake_python_copy_px4_ros_com
[16.674s] running egg_info
[16.705s] creating px4_ros_com.egg-info
[16.706s] writing px4_ros_com.egg-info/PKG-INFO
[16.707s] writing dependency_links to px4_ros_com.egg-info/dependency_links.txt
[16.708s] writing top-level names to px4_ros_com.egg-info/top_level.txt
[16.709s] writing manifest file 'px4_ros_com.egg-info/SOURCES.txt'
[16.793s] reading manifest file 'px4_ros_com.egg-info/SOURCES.txt'
[16.796s] writing manifest file 'px4_ros_com.egg-info/SOURCES.txt'
[16.878s] [ 50%] Built target ament_cmake_python_build_px4_ros_com_egg
[24.110s] [01m[K/home/lohitoburrito/uav_app/src/px4_ros_com/src/app/reconnaissance/reconnaissance.cpp:[m[K In member function ‘[01m[Kvoid UAVCommand::read_vehicle_attitude(px4_msgs::msg::VehicleAttitude_<std::allocator<void> >::UniquePtr)[m[K’:
[24.111s] [01m[K/home/lohitoburrito/uav_app/src/px4_ros_com/src/app/reconnaissance/reconnaissance.cpp:156:73:[m[K [01;35m[Kwarning: [m[Kunused parameter ‘[01m[Kmsg[m[K’ [[01;35m[K]8;;https://gcc.gnu.org/onlinedocs/gcc/Warning-Options.html#index-Wunused-parameter-Wunused-parameter]8;;[m[K]
[24.111s]   156 | void UAVCommand::read_vehicle_attitude([01;35m[Kconst VehicleAttitude::UniquePtr msg[m[K) {
[24.111s]       |                                        [01;35m[K~~~~~~~~~~~~~~~~~~~~~~~~~~~~~~~~~^~~[m[K
[25.602s] [ 57%] [32m[1mLinking CXX executable debug_vect_advertiser[0m
[26.243s] [ 57%] Built target debug_vect_advertiser
[27.267s] [ 64%] [32m[1mLinking CXX executable offboard_control[0m
[27.918s] [ 64%] Built target offboard_control
[28.514s] [ 71%] [32m[1mLinking CXX executable offboard_control_srv[0m
[29.235s] [ 71%] Built target offboard_control_srv
[30.258s] [ 78%] [32m[1mLinking CXX shared library libframe_transforms.so[0m
[30.930s] [ 78%] Built target frame_transforms
[32.673s] [ 85%] [32m[1mLinking CXX executable sensor_combined_listener[0m
[33.399s] [ 92%] [32m[1mLinking CXX executable vehicle_gps_position_listener[0m
[33.690s] [ 92%] Built target sensor_combined_listener
[34.289s] [ 92%] Built target vehicle_gps_position_listener
[45.481s] [100%] [32m[1mLinking CXX executable reconnaissance[0m
[47.580s] [100%] Built target reconnaissance
[47.593s] Invoked command in '/home/lohitoburrito/uav_app/build/px4_ros_com' returned '0': AMENT_PREFIX_PATH=/home/lohitoburrito/uav_app/install/px4_msgs:${AMENT_PREFIX_PATH} CMAKE_PREFIX_PATH=/home/lohitoburrito/uav_app/install/px4_msgs:/home/lohitoburrito/libtorch:/opt/ros/humble LD_LIBRARY_PATH=/home/lohitoburrito/uav_app/install/px4_msgs/lib:${LD_LIBRARY_PATH} PYTHONPATH=/home/lohitoburrito/uav_app/install/px4_msgs/local/lib/python3.10/dist-packages:${PYTHONPATH} /usr/bin/cmake --build /home/lohitoburrito/uav_app/build/px4_ros_com -- -j8 -l8
[47.597s] Invoking command in '/home/lohitoburrito/uav_app/build/px4_ros_com': AMENT_PREFIX_PATH=/home/lohitoburrito/uav_app/install/px4_msgs:${AMENT_PREFIX_PATH} CMAKE_PREFIX_PATH=/home/lohitoburrito/uav_app/install/px4_msgs:/home/lohitoburrito/libtorch:/opt/ros/humble LD_LIBRARY_PATH=/home/lohitoburrito/uav_app/install/px4_msgs/lib:${LD_LIBRARY_PATH} PYTHONPATH=/home/lohitoburrito/uav_app/install/px4_msgs/local/lib/python3.10/dist-packages:${PYTHONPATH} /usr/bin/cmake --install /home/lohitoburrito/uav_app/build/px4_ros_com
[47.607s] -- Install configuration: ""
[47.607s] -- Installing: /home/lohitoburrito/uav_app/install/px4_ros_com/lib/px4_ros_com/sensor_combined_listener
[47.611s] -- Set runtime path of "/home/lohitoburrito/uav_app/install/px4_ros_com/lib/px4_ros_com/sensor_combined_listener" to ""
[47.611s] -- Installing: /home/lohitoburrito/uav_app/install/px4_ros_com/lib/px4_ros_com/vehicle_gps_position_listener
[47.618s] -- Set runtime path of "/home/lohitoburrito/uav_app/install/px4_ros_com/lib/px4_ros_com/vehicle_gps_position_listener" to ""
[47.618s] -- Installing: /home/lohitoburrito/uav_app/install/px4_ros_com/lib/px4_ros_com/debug_vect_advertiser
[47.619s] -- Set runtime path of "/home/lohitoburrito/uav_app/install/px4_ros_com/lib/px4_ros_com/debug_vect_advertiser" to ""
[47.620s] -- Installing: /home/lohitoburrito/uav_app/install/px4_ros_com/lib/px4_ros_com/offboard_control
[47.621s] -- Set runtime path of "/home/lohitoburrito/uav_app/install/px4_ros_com/lib/px4_ros_com/offboard_control" to ""
[47.621s] -- Installing: /home/lohitoburrito/uav_app/install/px4_ros_com/lib/px4_ros_com/offboard_control_srv
[47.623s] -- Set runtime path of "/home/lohitoburrito/uav_app/install/px4_ros_com/lib/px4_ros_com/offboard_control_srv" to ""
[47.623s] -- Installing: /home/lohitoburrito/uav_app/install/px4_ros_com/lib/px4_ros_com/reconnaissance
[47.631s] -- Set runtime path of "/home/lohitoburrito/uav_app/install/px4_ros_com/lib/px4_ros_com/reconnaissance" to ""
[47.631s] -- Installing: /home/lohitoburrito/uav_app/install/px4_ros_com/share/px4_ros_com/environment/library_path.sh
[47.631s] -- Installing: /home/lohitoburrito/uav_app/install/px4_ros_com/share/px4_ros_com/environment/library_path.dsv
[47.632s] -- Installing: /home/lohitoburrito/uav_app/install/px4_ros_com/include/px4_ros_com
[47.633s] -- Installing: /home/lohitoburrito/uav_app/install/px4_ros_com/include/px4_ros_com/frame_transforms.h
[47.633s] -- Installing: /home/lohitoburrito/uav_app/install/px4_ros_com/lib/libframe_transforms.so
[47.639s] -- Set runtime path of "/home/lohitoburrito/uav_app/install/px4_ros_com/lib/libframe_transforms.so" to ""
[47.640s] -- Installing: /home/lohitoburrito/uav_app/install/px4_ros_com/share/px4_ros_com//launch
[47.640s] -- Installing: /home/lohitoburrito/uav_app/install/px4_ros_com/share/px4_ros_com//launch/sensor_combined_listener.launch.py
[47.641s] -- Installing: /home/lohitoburrito/uav_app/install/px4_ros_com/share/px4_ros_com//launch/offboard_control_launch.yaml
[47.641s] -- Installing: /home/lohitoburrito/uav_app/install/px4_ros_com/share/px4_ros_com//test
[47.641s] -- Installing: /home/lohitoburrito/uav_app/install/px4_ros_com/share/px4_ros_com//test/test_input.py
[47.641s] -- Installing: /home/lohitoburrito/uav_app/install/px4_ros_com/share/px4_ros_com//test/pipeline_io_test.py
[47.641s] -- Installing: /home/lohitoburrito/uav_app/install/px4_ros_com/share/px4_ros_com//test/test_output.py
[47.641s] -- Installing: /home/lohitoburrito/uav_app/install/px4_ros_com/share/px4_ros_com//test/__init__.py
[47.641s] -- Installing: /home/lohitoburrito/uav_app/install/px4_ros_com/share/px4_ros_com/environment/pythonpath.sh
[47.641s] -- Installing: /home/lohitoburrito/uav_app/install/px4_ros_com/share/px4_ros_com/environment/pythonpath.dsv
[47.641s] -- Installing: /home/lohitoburrito/uav_app/install/px4_ros_com/local/lib/python3.10/dist-packages/px4_ros_com-0.1.0-py3.10.egg-info
[47.641s] -- Installing: /home/lohitoburrito/uav_app/install/px4_ros_com/local/lib/python3.10/dist-packages/px4_ros_com-0.1.0-py3.10.egg-info/SOURCES.txt
[47.642s] -- Installing: /home/lohitoburrito/uav_app/install/px4_ros_com/local/lib/python3.10/dist-packages/px4_ros_com-0.1.0-py3.10.egg-info/top_level.txt
[47.642s] -- Installing: /home/lohitoburrito/uav_app/install/px4_ros_com/local/lib/python3.10/dist-packages/px4_ros_com-0.1.0-py3.10.egg-info/dependency_links.txt
[47.642s] -- Installing: /home/lohitoburrito/uav_app/install/px4_ros_com/local/lib/python3.10/dist-packages/px4_ros_com-0.1.0-py3.10.egg-info/PKG-INFO
[47.642s] -- Installing: /home/lohitoburrito/uav_app/install/px4_ros_com/local/lib/python3.10/dist-packages/px4_ros_com
[47.643s] -- Installing: /home/lohitoburrito/uav_app/install/px4_ros_com/local/lib/python3.10/dist-packages/px4_ros_com/module_to_import.py
[47.643s] -- Installing: /home/lohitoburrito/uav_app/install/px4_ros_com/local/lib/python3.10/dist-packages/px4_ros_com/__init__.py
[47.698s] Listing '/home/lohitoburrito/uav_app/install/px4_ros_com/local/lib/python3.10/dist-packages/px4_ros_com'...
[47.699s] Compiling '/home/lohitoburrito/uav_app/install/px4_ros_com/local/lib/python3.10/dist-packages/px4_ros_com/__init__.py'...
[47.699s] Compiling '/home/lohitoburrito/uav_app/install/px4_ros_com/local/lib/python3.10/dist-packages/px4_ros_com/module_to_import.py'...
[47.708s] -- Installing: /home/lohitoburrito/uav_app/install/px4_ros_com/lib/px4_ros_com/offboard_control.py
[47.709s] -- Installing: /home/lohitoburrito/uav_app/install/px4_ros_com/share/ament_index/resource_index/package_run_dependencies/px4_ros_com
[47.709s] -- Installing: /home/lohitoburrito/uav_app/install/px4_ros_com/share/ament_index/resource_index/parent_prefix_path/px4_ros_com
[47.710s] -- Installing: /home/lohitoburrito/uav_app/install/px4_ros_com/share/px4_ros_com/environment/ament_prefix_path.sh
[47.710s] -- Installing: /home/lohitoburrito/uav_app/install/px4_ros_com/share/px4_ros_com/environment/ament_prefix_path.dsv
[47.710s] -- Installing: /home/lohitoburrito/uav_app/install/px4_ros_com/share/px4_ros_com/environment/path.sh
[47.710s] -- Installing: /home/lohitoburrito/uav_app/install/px4_ros_com/share/px4_ros_com/environment/path.dsv
[47.711s] -- Installing: /home/lohitoburrito/uav_app/install/px4_ros_com/share/px4_ros_com/local_setup.bash
[47.711s] -- Installing: /home/lohitoburrito/uav_app/install/px4_ros_com/share/px4_ros_com/local_setup.sh
[47.711s] -- Installing: /home/lohitoburrito/uav_app/install/px4_ros_com/share/px4_ros_com/local_setup.zsh
[47.711s] -- Installing: /home/lohitoburrito/uav_app/install/px4_ros_com/share/px4_ros_com/local_setup.dsv
[47.711s] -- Installing: /home/lohitoburrito/uav_app/install/px4_ros_com/share/px4_ros_com/package.dsv
[47.712s] -- Installing: /home/lohitoburrito/uav_app/install/px4_ros_com/share/ament_index/resource_index/packages/px4_ros_com
[47.712s] -- Installing: /home/lohitoburrito/uav_app/install/px4_ros_com/share/px4_ros_com/cmake/export_frame_transformsExport.cmake
[47.712s] -- Installing: /home/lohitoburrito/uav_app/install/px4_ros_com/share/px4_ros_com/cmake/export_frame_transformsExport-noconfig.cmake
[47.712s] -- Installing: /home/lohitoburrito/uav_app/install/px4_ros_com/share/px4_ros_com/cmake/ament_cmake_export_dependencies-extras.cmake
[47.713s] -- Installing: /home/lohitoburrito/uav_app/install/px4_ros_com/share/px4_ros_com/cmake/ament_cmake_export_targets-extras.cmake
[47.713s] -- Installing: /home/lohitoburrito/uav_app/install/px4_ros_com/share/px4_ros_com/cmake/ament_cmake_export_include_directories-extras.cmake
[47.713s] -- Installing: /home/lohitoburrito/uav_app/install/px4_ros_com/share/px4_ros_com/cmake/ament_cmake_export_libraries-extras.cmake
[47.713s] -- Installing: /home/lohitoburrito/uav_app/install/px4_ros_com/share/px4_ros_com/cmake/px4_ros_comConfig.cmake
[47.714s] -- Installing: /home/lohitoburrito/uav_app/install/px4_ros_com/share/px4_ros_com/cmake/px4_ros_comConfig-version.cmake
[47.714s] -- Installing: /home/lohitoburrito/uav_app/install/px4_ros_com/share/px4_ros_com/package.xml
[47.718s] Invoked command in '/home/lohitoburrito/uav_app/build/px4_ros_com' returned '0': AMENT_PREFIX_PATH=/home/lohitoburrito/uav_app/install/px4_msgs:${AMENT_PREFIX_PATH} CMAKE_PREFIX_PATH=/home/lohitoburrito/uav_app/install/px4_msgs:/home/lohitoburrito/libtorch:/opt/ros/humble LD_LIBRARY_PATH=/home/lohitoburrito/uav_app/install/px4_msgs/lib:${LD_LIBRARY_PATH} PYTHONPATH=/home/lohitoburrito/uav_app/install/px4_msgs/local/lib/python3.10/dist-packages:${PYTHONPATH} /usr/bin/cmake --install /home/lohitoburrito/uav_app/build/px4_ros_com
