[0.217s] Invoking command in '/home/lohitoburrito/uav_app/build/px4_ros_com': CMAKE_PREFIX_PATH=/home/lohitoburrito/uav_app/install/px4_msgs:/home/lohitoburrito/uav_app/install/px4_ros_com:/opt/ros/humble LD_LIBRARY_PATH=/home/lohitoburrito/uav_app/install/px4_msgs/lib:/home/lohitoburrito/uav_app/install/px4_ros_com/lib:/usr/lib/x86_64-linux-gnu/gazebo-11/plugins:/opt/ros/humble/opt/rviz_ogre_vendor/lib:/opt/ros/humble/lib/x86_64-linux-gnu:/opt/ros/humble/lib /usr/bin/cmake --build /home/lohitoburrito/uav_app/build/px4_ros_com -- -j8 -l8
[0.318s] [ 12%] Built target sensor_combined_listener
[0.318s] [ 25%] Built target frame_transforms
[0.319s] [ 37%] Built target vehicle_gps_position_listener
[0.328s] [ 50%] Built target debug_vect_advertiser
[0.328s] [ 62%] Built target offboard_control_srv
[0.336s] [ 75%] Built target reconnaissance
[0.338s] [ 87%] Built target offboard_control
[0.339s] [35m[1mConsolidate compiler generated dependencies of target fireforce[0m
[0.368s] [ 93%] [32mBuilding CXX object CMakeFiles/fireforce.dir/src/app/fireforce/fireforce.cpp.o[0m
[0.372s] [ 93%] Built target ament_cmake_python_copy_px4_ros_com
[0.820s] running egg_info
[0.859s] writing px4_ros_com.egg-info/PKG-INFO
[0.859s] writing dependency_links to px4_ros_com.egg-info/dependency_links.txt
[0.859s] writing top-level names to px4_ros_com.egg-info/top_level.txt
[0.966s] reading manifest file 'px4_ros_com.egg-info/SOURCES.txt'
[0.968s] writing manifest file 'px4_ros_com.egg-info/SOURCES.txt'
[1.030s] [ 93%] Built target ament_cmake_python_build_px4_ros_com_egg
[22.627s] [100%] [32m[1mLinking CXX executable fireforce[0m
[24.451s] [100%] Built target fireforce
[24.465s] Invoked command in '/home/lohitoburrito/uav_app/build/px4_ros_com' returned '0': CMAKE_PREFIX_PATH=/home/lohitoburrito/uav_app/install/px4_msgs:/home/lohitoburrito/uav_app/install/px4_ros_com:/opt/ros/humble LD_LIBRARY_PATH=/home/lohitoburrito/uav_app/install/px4_msgs/lib:/home/lohitoburrito/uav_app/install/px4_ros_com/lib:/usr/lib/x86_64-linux-gnu/gazebo-11/plugins:/opt/ros/humble/opt/rviz_ogre_vendor/lib:/opt/ros/humble/lib/x86_64-linux-gnu:/opt/ros/humble/lib /usr/bin/cmake --build /home/lohitoburrito/uav_app/build/px4_ros_com -- -j8 -l8
[24.468s] Invoking command in '/home/lohitoburrito/uav_app/build/px4_ros_com': CMAKE_PREFIX_PATH=/home/lohitoburrito/uav_app/install/px4_msgs:/home/lohitoburrito/uav_app/install/px4_ros_com:/opt/ros/humble LD_LIBRARY_PATH=/home/lohitoburrito/uav_app/install/px4_msgs/lib:/home/lohitoburrito/uav_app/install/px4_ros_com/lib:/usr/lib/x86_64-linux-gnu/gazebo-11/plugins:/opt/ros/humble/opt/rviz_ogre_vendor/lib:/opt/ros/humble/lib/x86_64-linux-gnu:/opt/ros/humble/lib /usr/bin/cmake --install /home/lohitoburrito/uav_app/build/px4_ros_com
[24.477s] -- Install configuration: ""
[24.477s] -- Up-to-date: /home/lohitoburrito/uav_app/install/px4_ros_com/lib/px4_ros_com/sensor_combined_listener
[24.477s] -- Up-to-date: /home/lohitoburrito/uav_app/install/px4_ros_com/lib/px4_ros_com/vehicle_gps_position_listener
[24.478s] -- Up-to-date: /home/lohitoburrito/uav_app/install/px4_ros_com/lib/px4_ros_com/debug_vect_advertiser
[24.478s] -- Up-to-date: /home/lohitoburrito/uav_app/install/px4_ros_com/lib/px4_ros_com/offboard_control
[24.478s] -- Up-to-date: /home/lohitoburrito/uav_app/install/px4_ros_com/lib/px4_ros_com/offboard_control_srv
[24.478s] -- Up-to-date: /home/lohitoburrito/uav_app/install/px4_ros_com/lib/px4_ros_com/reconnaissance
[24.479s] -- Installing: /home/lohitoburrito/uav_app/install/px4_ros_com/lib/px4_ros_com/fireforce
[24.487s] -- Set runtime path of "/home/lohitoburrito/uav_app/install/px4_ros_com/lib/px4_ros_com/fireforce" to ""
[24.487s] -- Up-to-date: /home/lohitoburrito/uav_app/install/px4_ros_com/share/px4_ros_com/environment/library_path.sh
[24.487s] -- Up-to-date: /home/lohitoburrito/uav_app/install/px4_ros_com/share/px4_ros_com/environment/library_path.dsv
[24.488s] -- Up-to-date: /home/lohitoburrito/uav_app/install/px4_ros_com/include/px4_ros_com
[24.488s] -- Up-to-date: /home/lohitoburrito/uav_app/install/px4_ros_com/include/px4_ros_com/frame_transforms.h
[24.488s] -- Up-to-date: /home/lohitoburrito/uav_app/install/px4_ros_com/lib/libframe_transforms.so
[24.488s] -- Up-to-date: /home/lohitoburrito/uav_app/install/px4_ros_com/share/px4_ros_com//launch
[24.489s] -- Up-to-date: /home/lohitoburrito/uav_app/install/px4_ros_com/share/px4_ros_com//launch/sensor_combined_listener.launch.py
[24.489s] -- Up-to-date: /home/lohitoburrito/uav_app/install/px4_ros_com/share/px4_ros_com//launch/offboard_control_launch.yaml
[24.489s] -- Up-to-date: /home/lohitoburrito/uav_app/install/px4_ros_com/share/px4_ros_com//test
[24.489s] -- Up-to-date: /home/lohitoburrito/uav_app/install/px4_ros_com/share/px4_ros_com//test/test_input.py
[24.489s] -- Up-to-date: /home/lohitoburrito/uav_app/install/px4_ros_com/share/px4_ros_com//test/pipeline_io_test.py
[24.490s] -- Up-to-date: /home/lohitoburrito/uav_app/install/px4_ros_com/share/px4_ros_com//test/test_output.py
[24.490s] -- Up-to-date: /home/lohitoburrito/uav_app/install/px4_ros_com/share/px4_ros_com//test/__init__.py
[24.490s] -- Up-to-date: /home/lohitoburrito/uav_app/install/px4_ros_com/share/px4_ros_com/environment/pythonpath.sh
[24.490s] -- Up-to-date: /home/lohitoburrito/uav_app/install/px4_ros_com/share/px4_ros_com/environment/pythonpath.dsv
[24.490s] -- Up-to-date: /home/lohitoburrito/uav_app/install/px4_ros_com/local/lib/python3.10/dist-packages/px4_ros_com-0.1.0-py3.10.egg-info
[24.490s] -- Installing: /home/lohitoburrito/uav_app/install/px4_ros_com/local/lib/python3.10/dist-packages/px4_ros_com-0.1.0-py3.10.egg-info/SOURCES.txt
[24.491s] -- Installing: /home/lohitoburrito/uav_app/install/px4_ros_com/local/lib/python3.10/dist-packages/px4_ros_com-0.1.0-py3.10.egg-info/top_level.txt
[24.491s] -- Installing: /home/lohitoburrito/uav_app/install/px4_ros_com/local/lib/python3.10/dist-packages/px4_ros_com-0.1.0-py3.10.egg-info/dependency_links.txt
[24.491s] -- Installing: /home/lohitoburrito/uav_app/install/px4_ros_com/local/lib/python3.10/dist-packages/px4_ros_com-0.1.0-py3.10.egg-info/PKG-INFO
[24.491s] -- Up-to-date: /home/lohitoburrito/uav_app/install/px4_ros_com/local/lib/python3.10/dist-packages/px4_ros_com
[24.491s] -- Up-to-date: /home/lohitoburrito/uav_app/install/px4_ros_com/local/lib/python3.10/dist-packages/px4_ros_com/module_to_import.py
[24.492s] -- Up-to-date: /home/lohitoburrito/uav_app/install/px4_ros_com/local/lib/python3.10/dist-packages/px4_ros_com/__init__.py
[24.535s] Listing '/home/lohitoburrito/uav_app/install/px4_ros_com/local/lib/python3.10/dist-packages/px4_ros_com'...
[24.545s] -- Up-to-date: /home/lohitoburrito/uav_app/install/px4_ros_com/lib/px4_ros_com/offboard_control.py
[24.545s] -- Up-to-date: /home/lohitoburrito/uav_app/install/px4_ros_com/share/ament_index/resource_index/package_run_dependencies/px4_ros_com
[24.545s] -- Up-to-date: /home/lohitoburrito/uav_app/install/px4_ros_com/share/ament_index/resource_index/parent_prefix_path/px4_ros_com
[24.545s] -- Up-to-date: /home/lohitoburrito/uav_app/install/px4_ros_com/share/px4_ros_com/environment/ament_prefix_path.sh
[24.545s] -- Up-to-date: /home/lohitoburrito/uav_app/install/px4_ros_com/share/px4_ros_com/environment/ament_prefix_path.dsv
[24.545s] -- Up-to-date: /home/lohitoburrito/uav_app/install/px4_ros_com/share/px4_ros_com/environment/path.sh
[24.545s] -- Up-to-date: /home/lohitoburrito/uav_app/install/px4_ros_com/share/px4_ros_com/environment/path.dsv
[24.545s] -- Up-to-date: /home/lohitoburrito/uav_app/install/px4_ros_com/share/px4_ros_com/local_setup.bash
[24.546s] -- Up-to-date: /home/lohitoburrito/uav_app/install/px4_ros_com/share/px4_ros_com/local_setup.sh
[24.546s] -- Up-to-date: /home/lohitoburrito/uav_app/install/px4_ros_com/share/px4_ros_com/local_setup.zsh
[24.546s] -- Up-to-date: /home/lohitoburrito/uav_app/install/px4_ros_com/share/px4_ros_com/local_setup.dsv
[24.546s] -- Installing: /home/lohitoburrito/uav_app/install/px4_ros_com/share/px4_ros_com/package.dsv
[24.546s] -- Up-to-date: /home/lohitoburrito/uav_app/install/px4_ros_com/share/ament_index/resource_index/packages/px4_ros_com
[24.546s] -- Up-to-date: /home/lohitoburrito/uav_app/install/px4_ros_com/share/px4_ros_com/cmake/export_frame_transformsExport.cmake
[24.546s] -- Up-to-date: /home/lohitoburrito/uav_app/install/px4_ros_com/share/px4_ros_com/cmake/export_frame_transformsExport-noconfig.cmake
[24.547s] -- Up-to-date: /home/lohitoburrito/uav_app/install/px4_ros_com/share/px4_ros_com/cmake/ament_cmake_export_dependencies-extras.cmake
[24.547s] -- Up-to-date: /home/lohitoburrito/uav_app/install/px4_ros_com/share/px4_ros_com/cmake/ament_cmake_export_targets-extras.cmake
[24.547s] -- Up-to-date: /home/lohitoburrito/uav_app/install/px4_ros_com/share/px4_ros_com/cmake/ament_cmake_export_include_directories-extras.cmake
[24.547s] -- Up-to-date: /home/lohitoburrito/uav_app/install/px4_ros_com/share/px4_ros_com/cmake/ament_cmake_export_libraries-extras.cmake
[24.547s] -- Up-to-date: /home/lohitoburrito/uav_app/install/px4_ros_com/share/px4_ros_com/cmake/px4_ros_comConfig.cmake
[24.547s] -- Up-to-date: /home/lohitoburrito/uav_app/install/px4_ros_com/share/px4_ros_com/cmake/px4_ros_comConfig-version.cmake
[24.547s] -- Up-to-date: /home/lohitoburrito/uav_app/install/px4_ros_com/share/px4_ros_com/package.xml
[24.550s] Invoked command in '/home/lohitoburrito/uav_app/build/px4_ros_com' returned '0': CMAKE_PREFIX_PATH=/home/lohitoburrito/uav_app/install/px4_msgs:/home/lohitoburrito/uav_app/install/px4_ros_com:/opt/ros/humble LD_LIBRARY_PATH=/home/lohitoburrito/uav_app/install/px4_msgs/lib:/home/lohitoburrito/uav_app/install/px4_ros_com/lib:/usr/lib/x86_64-linux-gnu/gazebo-11/plugins:/opt/ros/humble/opt/rviz_ogre_vendor/lib:/opt/ros/humble/lib/x86_64-linux-gnu:/opt/ros/humble/lib /usr/bin/cmake --install /home/lohitoburrito/uav_app/build/px4_ros_com
