[0.425s] DEBUG:colcon:Command line arguments: ['/usr/bin/colcon', 'build']
[0.425s] DEBUG:colcon:Parsed command line arguments: Namespace(log_base=None, log_level=None, verb_name='build', build_base='build', install_base='install', merge_install=False, symlink_install=False, test_result_base=None, continue_on_error=False, executor='parallel', parallel_workers=8, event_handlers=None, ignore_user_meta=False, metas=['./colcon.meta'], base_paths=['.'], packages_ignore=None, packages_ignore_regex=None, paths=None, packages_up_to=None, packages_up_to_regex=None, packages_above=None, packages_above_and_dependencies=None, packages_above_depth=None, packages_select_by_dep=None, packages_skip_by_dep=None, packages_skip_up_to=None, packages_select_build_failed=False, packages_skip_build_finished=False, packages_select_test_failures=False, packages_skip_test_passed=False, packages_select=None, packages_skip=None, packages_select_regex=None, packages_skip_regex=None, packages_start=None, packages_end=None, allow_overriding=[], cmake_args=None, cmake_target=None, cmake_target_skip_unavailable=False, cmake_clean_cache=False, cmake_clean_first=False, cmake_force_configure=False, ament_cmake_args=None, catkin_cmake_args=None, catkin_skip_building_tests=False, mixin_files=None, mixin=None, verb_parser=<colcon_mixin.mixin.mixin_argument.MixinArgumentDecorator object at 0x7fa2e33c2a40>, verb_extension=<colcon_core.verb.build.BuildVerb object at 0x7fa2e338c4c0>, main=<bound method BuildVerb.main of <colcon_core.verb.build.BuildVerb object at 0x7fa2e338c4c0>>, mixin_verb=('build',))
[0.516s] Level 1:colcon.colcon_core.package_discovery:discover_packages(colcon_meta) check parameters
[0.516s] Level 1:colcon.colcon_core.package_discovery:discover_packages(recursive) check parameters
[0.516s] Level 1:colcon.colcon_core.package_discovery:discover_packages(ignore) check parameters
[0.516s] Level 1:colcon.colcon_core.package_discovery:discover_packages(path) check parameters
[0.516s] Level 1:colcon.colcon_core.package_discovery:discover_packages(colcon_meta) discover
[0.517s] Level 1:colcon.colcon_core.package_discovery:discover_packages(recursive) discover
[0.517s] INFO:colcon.colcon_core.package_discovery:Crawling recursively for packages in '/home/lohitoburrito/uav_app'
[0.517s] Level 1:colcon.colcon_core.package_identification:_identify(.) by extensions ['ignore', 'ignore_ament_install']
[0.518s] Level 1:colcon.colcon_core.package_identification:_identify(.) by extension 'ignore'
[0.518s] Level 1:colcon.colcon_core.package_identification:_identify(.) by extension 'ignore_ament_install'
[0.518s] Level 1:colcon.colcon_core.package_identification:_identify(.) by extensions ['colcon_pkg']
[0.518s] Level 1:colcon.colcon_core.package_identification:_identify(.) by extension 'colcon_pkg'
[0.518s] Level 1:colcon.colcon_core.package_identification:_identify(.) by extensions ['colcon_meta']
[0.518s] Level 1:colcon.colcon_core.package_identification:_identify(.) by extension 'colcon_meta'
[0.518s] Level 1:colcon.colcon_core.package_identification:_identify(.) by extensions ['ros']
[0.518s] Level 1:colcon.colcon_core.package_identification:_identify(.) by extension 'ros'
[0.550s] Level 1:colcon.colcon_core.package_identification:_identify(.) by extensions ['cmake', 'python']
[0.550s] Level 1:colcon.colcon_core.package_identification:_identify(.) by extension 'cmake'
[0.550s] Level 1:colcon.colcon_core.package_identification:_identify(.) by extension 'python'
[0.550s] Level 1:colcon.colcon_core.package_identification:_identify(.) by extensions ['python_setup_py']
[0.550s] Level 1:colcon.colcon_core.package_identification:_identify(.) by extension 'python_setup_py'
[0.551s] Level 1:colcon.colcon_core.package_identification:_identify(build) by extensions ['ignore', 'ignore_ament_install']
[0.551s] Level 1:colcon.colcon_core.package_identification:_identify(build) by extension 'ignore'
[0.551s] Level 1:colcon.colcon_core.package_identification:_identify(build) ignored
[0.551s] Level 1:colcon.colcon_core.package_identification:_identify(install) by extensions ['ignore', 'ignore_ament_install']
[0.552s] Level 1:colcon.colcon_core.package_identification:_identify(install) by extension 'ignore'
[0.552s] Level 1:colcon.colcon_core.package_identification:_identify(install) ignored
[0.552s] Level 1:colcon.colcon_core.package_identification:_identify(log) by extensions ['ignore', 'ignore_ament_install']
[0.552s] Level 1:colcon.colcon_core.package_identification:_identify(log) by extension 'ignore'
[0.552s] Level 1:colcon.colcon_core.package_identification:_identify(log) ignored
[0.552s] Level 1:colcon.colcon_core.package_identification:_identify(src) by extensions ['ignore', 'ignore_ament_install']
[0.552s] Level 1:colcon.colcon_core.package_identification:_identify(src) by extension 'ignore'
[0.552s] Level 1:colcon.colcon_core.package_identification:_identify(src) by extension 'ignore_ament_install'
[0.553s] Level 1:colcon.colcon_core.package_identification:_identify(src) by extensions ['colcon_pkg']
[0.553s] Level 1:colcon.colcon_core.package_identification:_identify(src) by extension 'colcon_pkg'
[0.553s] Level 1:colcon.colcon_core.package_identification:_identify(src) by extensions ['colcon_meta']
[0.553s] Level 1:colcon.colcon_core.package_identification:_identify(src) by extension 'colcon_meta'
[0.553s] Level 1:colcon.colcon_core.package_identification:_identify(src) by extensions ['ros']
[0.553s] Level 1:colcon.colcon_core.package_identification:_identify(src) by extension 'ros'
[0.553s] Level 1:colcon.colcon_core.package_identification:_identify(src) by extensions ['cmake', 'python']
[0.553s] Level 1:colcon.colcon_core.package_identification:_identify(src) by extension 'cmake'
[0.553s] Level 1:colcon.colcon_core.package_identification:_identify(src) by extension 'python'
[0.553s] Level 1:colcon.colcon_core.package_identification:_identify(src) by extensions ['python_setup_py']
[0.553s] Level 1:colcon.colcon_core.package_identification:_identify(src) by extension 'python_setup_py'
[0.553s] Level 1:colcon.colcon_core.package_identification:_identify(src/px4_msgs) by extensions ['ignore', 'ignore_ament_install']
[0.553s] Level 1:colcon.colcon_core.package_identification:_identify(src/px4_msgs) by extension 'ignore'
[0.553s] Level 1:colcon.colcon_core.package_identification:_identify(src/px4_msgs) by extension 'ignore_ament_install'
[0.553s] Level 1:colcon.colcon_core.package_identification:_identify(src/px4_msgs) by extensions ['colcon_pkg']
[0.553s] Level 1:colcon.colcon_core.package_identification:_identify(src/px4_msgs) by extension 'colcon_pkg'
[0.553s] Level 1:colcon.colcon_core.package_identification:_identify(src/px4_msgs) by extensions ['colcon_meta']
[0.553s] Level 1:colcon.colcon_core.package_identification:_identify(src/px4_msgs) by extension 'colcon_meta'
[0.553s] Level 1:colcon.colcon_core.package_identification:_identify(src/px4_msgs) by extensions ['ros']
[0.553s] Level 1:colcon.colcon_core.package_identification:_identify(src/px4_msgs) by extension 'ros'
[0.558s] DEBUG:colcon.colcon_core.package_identification:Package 'src/px4_msgs' with type 'ros.ament_cmake' and name 'px4_msgs'
[0.559s] Level 1:colcon.colcon_core.package_identification:_identify(src/px4_ros_com) by extensions ['ignore', 'ignore_ament_install']
[0.559s] Level 1:colcon.colcon_core.package_identification:_identify(src/px4_ros_com) by extension 'ignore'
[0.559s] Level 1:colcon.colcon_core.package_identification:_identify(src/px4_ros_com) by extension 'ignore_ament_install'
[0.559s] Level 1:colcon.colcon_core.package_identification:_identify(src/px4_ros_com) by extensions ['colcon_pkg']
[0.559s] Level 1:colcon.colcon_core.package_identification:_identify(src/px4_ros_com) by extension 'colcon_pkg'
[0.560s] Level 1:colcon.colcon_core.package_identification:_identify(src/px4_ros_com) by extensions ['colcon_meta']
[0.560s] Level 1:colcon.colcon_core.package_identification:_identify(src/px4_ros_com) by extension 'colcon_meta'
[0.560s] Level 1:colcon.colcon_core.package_identification:_identify(src/px4_ros_com) by extensions ['ros']
[0.560s] Level 1:colcon.colcon_core.package_identification:_identify(src/px4_ros_com) by extension 'ros'
[0.562s] DEBUG:colcon.colcon_core.package_identification:Package 'src/px4_ros_com' with type 'ros.ament_cmake' and name 'px4_ros_com'
[0.562s] Level 1:colcon.colcon_core.package_discovery:discover_packages(recursive) using defaults
[0.563s] Level 1:colcon.colcon_core.package_discovery:discover_packages(ignore) discover
[0.563s] Level 1:colcon.colcon_core.package_discovery:discover_packages(ignore) using defaults
[0.563s] Level 1:colcon.colcon_core.package_discovery:discover_packages(path) discover
[0.563s] Level 1:colcon.colcon_core.package_discovery:discover_packages(path) using defaults
[0.608s] Level 1:colcon.colcon_core.package_discovery:discover_packages(prefix_path) check parameters
[0.608s] Level 1:colcon.colcon_core.package_discovery:discover_packages(prefix_path) discover
[0.610s] DEBUG:colcon.colcon_installed_package_information.package_discovery:Found 2 installed packages in /home/lohitoburrito/uav_app/install
[0.613s] DEBUG:colcon.colcon_installed_package_information.package_discovery:Found 298 installed packages in /opt/ros/humble
[0.615s] Level 1:colcon.colcon_core.package_discovery:discover_packages(prefix_path) using defaults
[0.686s] Level 5:colcon.colcon_core.verb:set package 'px4_msgs' build argument 'cmake_args' from command line to 'None'
[0.686s] Level 5:colcon.colcon_core.verb:set package 'px4_msgs' build argument 'cmake_target' from command line to 'None'
[0.686s] Level 5:colcon.colcon_core.verb:set package 'px4_msgs' build argument 'cmake_target_skip_unavailable' from command line to 'False'
[0.686s] Level 5:colcon.colcon_core.verb:set package 'px4_msgs' build argument 'cmake_clean_cache' from command line to 'False'
[0.686s] Level 5:colcon.colcon_core.verb:set package 'px4_msgs' build argument 'cmake_clean_first' from command line to 'False'
[0.686s] Level 5:colcon.colcon_core.verb:set package 'px4_msgs' build argument 'cmake_force_configure' from command line to 'False'
[0.686s] Level 5:colcon.colcon_core.verb:set package 'px4_msgs' build argument 'ament_cmake_args' from command line to 'None'
[0.686s] Level 5:colcon.colcon_core.verb:set package 'px4_msgs' build argument 'catkin_cmake_args' from command line to 'None'
[0.687s] Level 5:colcon.colcon_core.verb:set package 'px4_msgs' build argument 'catkin_skip_building_tests' from command line to 'False'
[0.687s] DEBUG:colcon.colcon_core.verb:Building package 'px4_msgs' with the following arguments: {'ament_cmake_args': None, 'build_base': '/home/lohitoburrito/uav_app/build/px4_msgs', 'catkin_cmake_args': None, 'catkin_skip_building_tests': False, 'cmake_args': None, 'cmake_clean_cache': False, 'cmake_clean_first': False, 'cmake_force_configure': False, 'cmake_target': None, 'cmake_target_skip_unavailable': False, 'install_base': '/home/lohitoburrito/uav_app/install/px4_msgs', 'merge_install': False, 'path': '/home/lohitoburrito/uav_app/src/px4_msgs', 'symlink_install': False, 'test_result_base': None}
[0.687s] Level 5:colcon.colcon_core.verb:set package 'px4_ros_com' build argument 'cmake_args' from command line to 'None'
[0.687s] Level 5:colcon.colcon_core.verb:set package 'px4_ros_com' build argument 'cmake_target' from command line to 'None'
[0.687s] Level 5:colcon.colcon_core.verb:set package 'px4_ros_com' build argument 'cmake_target_skip_unavailable' from command line to 'False'
[0.687s] Level 5:colcon.colcon_core.verb:set package 'px4_ros_com' build argument 'cmake_clean_cache' from command line to 'False'
[0.687s] Level 5:colcon.colcon_core.verb:set package 'px4_ros_com' build argument 'cmake_clean_first' from command line to 'False'
[0.687s] Level 5:colcon.colcon_core.verb:set package 'px4_ros_com' build argument 'cmake_force_configure' from command line to 'False'
[0.687s] Level 5:colcon.colcon_core.verb:set package 'px4_ros_com' build argument 'ament_cmake_args' from command line to 'None'
[0.687s] Level 5:colcon.colcon_core.verb:set package 'px4_ros_com' build argument 'catkin_cmake_args' from command line to 'None'
[0.687s] Level 5:colcon.colcon_core.verb:set package 'px4_ros_com' build argument 'catkin_skip_building_tests' from command line to 'False'
[0.687s] DEBUG:colcon.colcon_core.verb:Building package 'px4_ros_com' with the following arguments: {'ament_cmake_args': None, 'build_base': '/home/lohitoburrito/uav_app/build/px4_ros_com', 'catkin_cmake_args': None, 'catkin_skip_building_tests': False, 'cmake_args': None, 'cmake_clean_cache': False, 'cmake_clean_first': False, 'cmake_force_configure': False, 'cmake_target': None, 'cmake_target_skip_unavailable': False, 'install_base': '/home/lohitoburrito/uav_app/install/px4_ros_com', 'merge_install': False, 'path': '/home/lohitoburrito/uav_app/src/px4_ros_com', 'symlink_install': False, 'test_result_base': None}
[0.688s] INFO:colcon.colcon_core.executor:Executing jobs using 'parallel' executor
[0.690s] DEBUG:colcon.colcon_parallel_executor.executor.parallel:run_until_complete
[0.690s] INFO:colcon.colcon_ros.task.ament_cmake.build:Building ROS package in '/home/lohitoburrito/uav_app/src/px4_msgs' with build type 'ament_cmake'
[0.691s] INFO:colcon.colcon_cmake.task.cmake.build:Building CMake package in '/home/lohitoburrito/uav_app/src/px4_msgs'
[0.705s] INFO:colcon.colcon_core.plugin_system:Skipping extension 'colcon_core.shell.bat': Not used on non-Windows systems
[0.705s] INFO:colcon.colcon_core.shell:Skip shell extension 'powershell' for command environment: Not usable outside of PowerShell
[0.705s] DEBUG:colcon.colcon_core.shell:Skip shell extension 'dsv' for command environment
[0.728s] DEBUG:colcon.colcon_core.event_handler.log_command:Invoking command in '/home/lohitoburrito/uav_app/build/px4_msgs': CMAKE_PREFIX_PATH=${CMAKE_PREFIX_PATH}:/opt/ros/humble /usr/bin/cmake --build /home/lohitoburrito/uav_app/build/px4_msgs -- -j8 -l8
[2.835s] DEBUG:colcon.colcon_core.event_handler.log_command:Invoked command in '/home/lohitoburrito/uav_app/build/px4_msgs' returned '0': CMAKE_PREFIX_PATH=${CMAKE_PREFIX_PATH}:/opt/ros/humble /usr/bin/cmake --build /home/lohitoburrito/uav_app/build/px4_msgs -- -j8 -l8
[2.853s] DEBUG:colcon.colcon_core.event_handler.log_command:Invoking command in '/home/lohitoburrito/uav_app/build/px4_msgs': CMAKE_PREFIX_PATH=${CMAKE_PREFIX_PATH}:/opt/ros/humble /usr/bin/cmake --install /home/lohitoburrito/uav_app/build/px4_msgs
[3.578s] Level 1:colcon.colcon_core.environment:create_environment_scripts_only(px4_msgs)
[3.608s] Level 1:colcon.colcon_core.environment:checking '/home/lohitoburrito/uav_app/install/px4_msgs' for CMake module files
[3.612s] Level 1:colcon.colcon_core.environment:checking '/home/lohitoburrito/uav_app/install/px4_msgs' for CMake config files
[3.626s] Level 1:colcon.colcon_core.shell:create_environment_hook('px4_msgs', 'cmake_prefix_path')
[3.627s] INFO:colcon.colcon_core.shell:Creating environment hook '/home/lohitoburrito/uav_app/install/px4_msgs/share/px4_msgs/hook/cmake_prefix_path.ps1'
[3.629s] INFO:colcon.colcon_core.shell:Creating environment descriptor '/home/lohitoburrito/uav_app/install/px4_msgs/share/px4_msgs/hook/cmake_prefix_path.dsv'
[3.631s] INFO:colcon.colcon_core.shell:Creating environment hook '/home/lohitoburrito/uav_app/install/px4_msgs/share/px4_msgs/hook/cmake_prefix_path.sh'
[3.632s] Level 1:colcon.colcon_core.environment:checking '/home/lohitoburrito/uav_app/install/px4_msgs/lib'
[3.633s] Level 1:colcon.colcon_core.shell:create_environment_hook('px4_msgs', 'ld_library_path_lib')
[3.633s] INFO:colcon.colcon_core.shell:Creating environment hook '/home/lohitoburrito/uav_app/install/px4_msgs/share/px4_msgs/hook/ld_library_path_lib.ps1'
[3.634s] INFO:colcon.colcon_core.shell:Creating environment descriptor '/home/lohitoburrito/uav_app/install/px4_msgs/share/px4_msgs/hook/ld_library_path_lib.dsv'
[3.634s] INFO:colcon.colcon_core.shell:Creating environment hook '/home/lohitoburrito/uav_app/install/px4_msgs/share/px4_msgs/hook/ld_library_path_lib.sh'
[3.634s] Level 1:colcon.colcon_core.environment:checking '/home/lohitoburrito/uav_app/install/px4_msgs/bin'
[3.634s] Level 1:colcon.colcon_core.environment:checking '/home/lohitoburrito/uav_app/install/px4_msgs/lib/pkgconfig/px4_msgs.pc'
[3.635s] Level 1:colcon.colcon_core.environment:checking '/home/lohitoburrito/uav_app/install/px4_msgs/lib/python3.10/site-packages'
[3.636s] Level 1:colcon.colcon_core.environment:checking '/home/lohitoburrito/uav_app/install/px4_msgs/bin'
[3.637s] INFO:colcon.colcon_core.shell:Creating package script '/home/lohitoburrito/uav_app/install/px4_msgs/share/px4_msgs/package.ps1'
[3.644s] INFO:colcon.colcon_core.shell:Creating package descriptor '/home/lohitoburrito/uav_app/install/px4_msgs/share/px4_msgs/package.dsv'
[3.653s] INFO:colcon.colcon_core.shell:Creating package script '/home/lohitoburrito/uav_app/install/px4_msgs/share/px4_msgs/package.sh'
[3.659s] INFO:colcon.colcon_core.shell:Creating package script '/home/lohitoburrito/uav_app/install/px4_msgs/share/px4_msgs/package.bash'
[3.663s] INFO:colcon.colcon_core.shell:Creating package script '/home/lohitoburrito/uav_app/install/px4_msgs/share/px4_msgs/package.zsh'
[3.667s] Level 1:colcon.colcon_core.environment:create_file_with_runtime_dependencies(/home/lohitoburrito/uav_app/install/px4_msgs/share/colcon-core/packages/px4_msgs)
[3.672s] Level 1:colcon.colcon_core.environment:create_environment_scripts_only(px4_msgs)
[3.673s] Level 1:colcon.colcon_core.environment:checking '/home/lohitoburrito/uav_app/install/px4_msgs' for CMake module files
[3.684s] Level 1:colcon.colcon_core.environment:checking '/home/lohitoburrito/uav_app/install/px4_msgs' for CMake config files
[3.757s] Level 1:colcon.colcon_core.shell:create_environment_hook('px4_msgs', 'cmake_prefix_path')
[3.758s] INFO:colcon.colcon_core.shell:Creating environment hook '/home/lohitoburrito/uav_app/install/px4_msgs/share/px4_msgs/hook/cmake_prefix_path.ps1'
[3.761s] INFO:colcon.colcon_core.shell:Creating environment descriptor '/home/lohitoburrito/uav_app/install/px4_msgs/share/px4_msgs/hook/cmake_prefix_path.dsv'
[3.767s] INFO:colcon.colcon_core.shell:Creating environment hook '/home/lohitoburrito/uav_app/install/px4_msgs/share/px4_msgs/hook/cmake_prefix_path.sh'
[3.775s] Level 1:colcon.colcon_core.environment:checking '/home/lohitoburrito/uav_app/install/px4_msgs/lib'
[3.775s] Level 1:colcon.colcon_core.shell:create_environment_hook('px4_msgs', 'ld_library_path_lib')
[3.776s] INFO:colcon.colcon_core.shell:Creating environment hook '/home/lohitoburrito/uav_app/install/px4_msgs/share/px4_msgs/hook/ld_library_path_lib.ps1'
[3.778s] INFO:colcon.colcon_core.shell:Creating environment descriptor '/home/lohitoburrito/uav_app/install/px4_msgs/share/px4_msgs/hook/ld_library_path_lib.dsv'
[3.780s] INFO:colcon.colcon_core.shell:Creating environment hook '/home/lohitoburrito/uav_app/install/px4_msgs/share/px4_msgs/hook/ld_library_path_lib.sh'
[3.781s] Level 1:colcon.colcon_core.environment:checking '/home/lohitoburrito/uav_app/install/px4_msgs/bin'
[3.781s] Level 1:colcon.colcon_core.environment:checking '/home/lohitoburrito/uav_app/install/px4_msgs/lib/pkgconfig/px4_msgs.pc'
[3.781s] Level 1:colcon.colcon_core.environment:checking '/home/lohitoburrito/uav_app/install/px4_msgs/lib/python3.10/site-packages'
[3.781s] Level 1:colcon.colcon_core.environment:checking '/home/lohitoburrito/uav_app/install/px4_msgs/bin'
[3.782s] INFO:colcon.colcon_core.shell:Creating package script '/home/lohitoburrito/uav_app/install/px4_msgs/share/px4_msgs/package.ps1'
[3.783s] INFO:colcon.colcon_core.shell:Creating package descriptor '/home/lohitoburrito/uav_app/install/px4_msgs/share/px4_msgs/package.dsv'
[3.784s] INFO:colcon.colcon_core.shell:Creating package script '/home/lohitoburrito/uav_app/install/px4_msgs/share/px4_msgs/package.sh'
[3.786s] INFO:colcon.colcon_core.shell:Creating package script '/home/lohitoburrito/uav_app/install/px4_msgs/share/px4_msgs/package.bash'
[3.787s] INFO:colcon.colcon_core.shell:Creating package script '/home/lohitoburrito/uav_app/install/px4_msgs/share/px4_msgs/package.zsh'
[3.789s] Level 1:colcon.colcon_core.environment:create_file_with_runtime_dependencies(/home/lohitoburrito/uav_app/install/px4_msgs/share/colcon-core/packages/px4_msgs)
[3.808s] INFO:colcon.colcon_ros.task.ament_cmake.build:Building ROS package in '/home/lohitoburrito/uav_app/src/px4_ros_com' with build type 'ament_cmake'
[3.808s] INFO:colcon.colcon_cmake.task.cmake.build:Building CMake package in '/home/lohitoburrito/uav_app/src/px4_ros_com'
[3.809s] INFO:colcon.colcon_core.shell:Skip shell extension 'powershell' for command environment: Not usable outside of PowerShell
[3.809s] DEBUG:colcon.colcon_core.shell:Skip shell extension 'dsv' for command environment
[3.965s] DEBUG:colcon.colcon_core.event_handler.log_command:Invoked command in '/home/lohitoburrito/uav_app/build/px4_msgs' returned '0': CMAKE_PREFIX_PATH=${CMAKE_PREFIX_PATH}:/opt/ros/humble /usr/bin/cmake --install /home/lohitoburrito/uav_app/build/px4_msgs
[4.259s] DEBUG:colcon.colcon_core.event_handler.log_command:Invoking command in '/home/lohitoburrito/uav_app/build/px4_ros_com': CMAKE_PREFIX_PATH=/home/lohitoburrito/uav_app/install/px4_msgs:/home/lohitoburrito/uav_app/install/px4_ros_com:/opt/ros/humble LD_LIBRARY_PATH=/home/lohitoburrito/uav_app/install/px4_msgs/lib:/home/lohitoburrito/uav_app/install/px4_ros_com/lib:/usr/lib/x86_64-linux-gnu/gazebo-11/plugins:/opt/ros/humble/opt/rviz_ogre_vendor/lib:/opt/ros/humble/lib/x86_64-linux-gnu:/opt/ros/humble/lib /usr/bin/cmake --build /home/lohitoburrito/uav_app/build/px4_ros_com -- -j8 -l8
[146.542s] DEBUG:colcon.colcon_core.event_handler.log_command:Invoked command in '/home/lohitoburrito/uav_app/build/px4_ros_com' returned '0': CMAKE_PREFIX_PATH=/home/lohitoburrito/uav_app/install/px4_msgs:/home/lohitoburrito/uav_app/install/px4_ros_com:/opt/ros/humble LD_LIBRARY_PATH=/home/lohitoburrito/uav_app/install/px4_msgs/lib:/home/lohitoburrito/uav_app/install/px4_ros_com/lib:/usr/lib/x86_64-linux-gnu/gazebo-11/plugins:/opt/ros/humble/opt/rviz_ogre_vendor/lib:/opt/ros/humble/lib/x86_64-linux-gnu:/opt/ros/humble/lib /usr/bin/cmake --build /home/lohitoburrito/uav_app/build/px4_ros_com -- -j8 -l8
[146.581s] DEBUG:colcon.colcon_core.event_handler.log_command:Invoking command in '/home/lohitoburrito/uav_app/build/px4_ros_com': CMAKE_PREFIX_PATH=/home/lohitoburrito/uav_app/install/px4_msgs:/home/lohitoburrito/uav_app/install/px4_ros_com:/opt/ros/humble LD_LIBRARY_PATH=/home/lohitoburrito/uav_app/install/px4_msgs/lib:/home/lohitoburrito/uav_app/install/px4_ros_com/lib:/usr/lib/x86_64-linux-gnu/gazebo-11/plugins:/opt/ros/humble/opt/rviz_ogre_vendor/lib:/opt/ros/humble/lib/x86_64-linux-gnu:/opt/ros/humble/lib /usr/bin/cmake --install /home/lohitoburrito/uav_app/build/px4_ros_com
[147.911s] Level 1:colcon.colcon_core.environment:create_environment_scripts_only(px4_ros_com)
[147.924s] Level 1:colcon.colcon_core.environment:checking '/home/lohitoburrito/uav_app/install/px4_ros_com' for CMake module files
[147.959s] DEBUG:colcon.colcon_core.event_handler.log_command:Invoked command in '/home/lohitoburrito/uav_app/build/px4_ros_com' returned '0': CMAKE_PREFIX_PATH=/home/lohitoburrito/uav_app/install/px4_msgs:/home/lohitoburrito/uav_app/install/px4_ros_com:/opt/ros/humble LD_LIBRARY_PATH=/home/lohitoburrito/uav_app/install/px4_msgs/lib:/home/lohitoburrito/uav_app/install/px4_ros_com/lib:/usr/lib/x86_64-linux-gnu/gazebo-11/plugins:/opt/ros/humble/opt/rviz_ogre_vendor/lib:/opt/ros/humble/lib/x86_64-linux-gnu:/opt/ros/humble/lib /usr/bin/cmake --install /home/lohitoburrito/uav_app/build/px4_ros_com
[147.966s] Level 1:colcon.colcon_core.environment:checking '/home/lohitoburrito/uav_app/install/px4_ros_com' for CMake config files
[147.989s] Level 1:colcon.colcon_core.shell:create_environment_hook('px4_ros_com', 'cmake_prefix_path')
[147.994s] INFO:colcon.colcon_core.shell:Creating environment hook '/home/lohitoburrito/uav_app/install/px4_ros_com/share/px4_ros_com/hook/cmake_prefix_path.ps1'
[148.007s] INFO:colcon.colcon_core.shell:Creating environment descriptor '/home/lohitoburrito/uav_app/install/px4_ros_com/share/px4_ros_com/hook/cmake_prefix_path.dsv'
[148.012s] INFO:colcon.colcon_core.shell:Creating environment hook '/home/lohitoburrito/uav_app/install/px4_ros_com/share/px4_ros_com/hook/cmake_prefix_path.sh'
[148.031s] Level 1:colcon.colcon_core.environment:checking '/home/lohitoburrito/uav_app/install/px4_ros_com/lib'
[148.034s] Level 1:colcon.colcon_core.shell:create_environment_hook('px4_ros_com', 'ld_library_path_lib')
[148.037s] INFO:colcon.colcon_core.shell:Creating environment hook '/home/lohitoburrito/uav_app/install/px4_ros_com/share/px4_ros_com/hook/ld_library_path_lib.ps1'
[148.044s] INFO:colcon.colcon_core.shell:Creating environment descriptor '/home/lohitoburrito/uav_app/install/px4_ros_com/share/px4_ros_com/hook/ld_library_path_lib.dsv'
[148.053s] INFO:colcon.colcon_core.shell:Creating environment hook '/home/lohitoburrito/uav_app/install/px4_ros_com/share/px4_ros_com/hook/ld_library_path_lib.sh'
[148.059s] Level 1:colcon.colcon_core.environment:checking '/home/lohitoburrito/uav_app/install/px4_ros_com/bin'
[148.070s] Level 1:colcon.colcon_core.environment:checking '/home/lohitoburrito/uav_app/install/px4_ros_com/lib/pkgconfig/px4_ros_com.pc'
[148.074s] Level 1:colcon.colcon_core.environment:checking '/home/lohitoburrito/uav_app/install/px4_ros_com/lib/python3.10/site-packages'
[148.078s] Level 1:colcon.colcon_core.environment:checking '/home/lohitoburrito/uav_app/install/px4_ros_com/bin'
[148.090s] INFO:colcon.colcon_core.shell:Creating package script '/home/lohitoburrito/uav_app/install/px4_ros_com/share/px4_ros_com/package.ps1'
[148.102s] INFO:colcon.colcon_core.shell:Creating package descriptor '/home/lohitoburrito/uav_app/install/px4_ros_com/share/px4_ros_com/package.dsv'
[148.109s] INFO:colcon.colcon_core.shell:Creating package script '/home/lohitoburrito/uav_app/install/px4_ros_com/share/px4_ros_com/package.sh'
[148.125s] INFO:colcon.colcon_core.shell:Creating package script '/home/lohitoburrito/uav_app/install/px4_ros_com/share/px4_ros_com/package.bash'
[148.140s] INFO:colcon.colcon_core.shell:Creating package script '/home/lohitoburrito/uav_app/install/px4_ros_com/share/px4_ros_com/package.zsh'
[148.147s] Level 1:colcon.colcon_core.environment:create_file_with_runtime_dependencies(/home/lohitoburrito/uav_app/install/px4_ros_com/share/colcon-core/packages/px4_ros_com)
[148.164s] Level 1:colcon.colcon_core.environment:create_environment_scripts_only(px4_ros_com)
[148.167s] Level 1:colcon.colcon_core.environment:checking '/home/lohitoburrito/uav_app/install/px4_ros_com' for CMake module files
[148.181s] Level 1:colcon.colcon_core.environment:checking '/home/lohitoburrito/uav_app/install/px4_ros_com' for CMake config files
[148.185s] Level 1:colcon.colcon_core.shell:create_environment_hook('px4_ros_com', 'cmake_prefix_path')
[148.190s] INFO:colcon.colcon_core.shell:Creating environment hook '/home/lohitoburrito/uav_app/install/px4_ros_com/share/px4_ros_com/hook/cmake_prefix_path.ps1'
[148.200s] INFO:colcon.colcon_core.shell:Creating environment descriptor '/home/lohitoburrito/uav_app/install/px4_ros_com/share/px4_ros_com/hook/cmake_prefix_path.dsv'
[148.207s] INFO:colcon.colcon_core.shell:Creating environment hook '/home/lohitoburrito/uav_app/install/px4_ros_com/share/px4_ros_com/hook/cmake_prefix_path.sh'
[148.221s] Level 1:colcon.colcon_core.environment:checking '/home/lohitoburrito/uav_app/install/px4_ros_com/lib'
[148.222s] Level 1:colcon.colcon_core.shell:create_environment_hook('px4_ros_com', 'ld_library_path_lib')
[148.225s] INFO:colcon.colcon_core.shell:Creating environment hook '/home/lohitoburrito/uav_app/install/px4_ros_com/share/px4_ros_com/hook/ld_library_path_lib.ps1'
[148.243s] INFO:colcon.colcon_core.shell:Creating environment descriptor '/home/lohitoburrito/uav_app/install/px4_ros_com/share/px4_ros_com/hook/ld_library_path_lib.dsv'
[148.254s] INFO:colcon.colcon_core.shell:Creating environment hook '/home/lohitoburrito/uav_app/install/px4_ros_com/share/px4_ros_com/hook/ld_library_path_lib.sh'
[148.260s] Level 1:colcon.colcon_core.environment:checking '/home/lohitoburrito/uav_app/install/px4_ros_com/bin'
[148.261s] Level 1:colcon.colcon_core.environment:checking '/home/lohitoburrito/uav_app/install/px4_ros_com/lib/pkgconfig/px4_ros_com.pc'
[148.266s] Level 1:colcon.colcon_core.environment:checking '/home/lohitoburrito/uav_app/install/px4_ros_com/lib/python3.10/site-packages'
[148.274s] Level 1:colcon.colcon_core.environment:checking '/home/lohitoburrito/uav_app/install/px4_ros_com/bin'
[148.279s] INFO:colcon.colcon_core.shell:Creating package script '/home/lohitoburrito/uav_app/install/px4_ros_com/share/px4_ros_com/package.ps1'
[148.296s] INFO:colcon.colcon_core.shell:Creating package descriptor '/home/lohitoburrito/uav_app/install/px4_ros_com/share/px4_ros_com/package.dsv'
[148.314s] INFO:colcon.colcon_core.shell:Creating package script '/home/lohitoburrito/uav_app/install/px4_ros_com/share/px4_ros_com/package.sh'
[148.326s] INFO:colcon.colcon_core.shell:Creating package script '/home/lohitoburrito/uav_app/install/px4_ros_com/share/px4_ros_com/package.bash'
[148.336s] INFO:colcon.colcon_core.shell:Creating package script '/home/lohitoburrito/uav_app/install/px4_ros_com/share/px4_ros_com/package.zsh'
[148.343s] Level 1:colcon.colcon_core.environment:create_file_with_runtime_dependencies(/home/lohitoburrito/uav_app/install/px4_ros_com/share/colcon-core/packages/px4_ros_com)
[148.354s] DEBUG:colcon.colcon_parallel_executor.executor.parallel:closing loop
[148.355s] DEBUG:colcon.colcon_parallel_executor.executor.parallel:loop closed
[148.356s] DEBUG:colcon.colcon_parallel_executor.executor.parallel:run_until_complete finished with '0'
[148.358s] DEBUG:colcon.colcon_core.event_reactor:joining thread
[149.264s] INFO:colcon.colcon_core.plugin_system:Skipping extension 'colcon_notification.desktop_notification.notify_send': Could not find 'notify-send'
[149.265s] INFO:colcon.colcon_core.plugin_system:Skipping extension 'colcon_notification.desktop_notification.terminal_notifier': Not used on non-Darwin systems
[149.272s] INFO:colcon.colcon_core.plugin_system:Skipping extension 'colcon_notification.desktop_notification.win32': Not used on non-Windows systems
[149.275s] INFO:colcon.colcon_notification.desktop_notification:Sending desktop notification using 'notify2'
[149.278s] DEBUG:colcon.colcon_notification.desktop_notification.notify2:Failed to initialize notify2: org.freedesktop.DBus.Error.FileNotFound: Failed to connect to socket /run/user/1000/bus: No such file or directory
[149.280s] DEBUG:colcon.colcon_core.event_reactor:joined thread
[149.283s] INFO:colcon.colcon_core.shell:Creating prefix script '/home/lohitoburrito/uav_app/install/local_setup.ps1'
[149.308s] INFO:colcon.colcon_core.shell:Creating prefix util module '/home/lohitoburrito/uav_app/install/_local_setup_util_ps1.py'
[149.339s] INFO:colcon.colcon_core.shell:Creating prefix chain script '/home/lohitoburrito/uav_app/install/setup.ps1'
[149.363s] INFO:colcon.colcon_core.shell:Creating prefix script '/home/lohitoburrito/uav_app/install/local_setup.sh'
[149.380s] INFO:colcon.colcon_core.shell:Creating prefix util module '/home/lohitoburrito/uav_app/install/_local_setup_util_sh.py'
[149.397s] INFO:colcon.colcon_core.shell:Creating prefix chain script '/home/lohitoburrito/uav_app/install/setup.sh'
[149.418s] INFO:colcon.colcon_core.shell:Creating prefix script '/home/lohitoburrito/uav_app/install/local_setup.bash'
[149.435s] INFO:colcon.colcon_core.shell:Creating prefix chain script '/home/lohitoburrito/uav_app/install/setup.bash'
[149.454s] INFO:colcon.colcon_core.shell:Creating prefix script '/home/lohitoburrito/uav_app/install/local_setup.zsh'
[149.463s] INFO:colcon.colcon_core.shell:Creating prefix chain script '/home/lohitoburrito/uav_app/install/setup.zsh'
