[35m[1mConsolidate compiler generated dependencies of target fireforce[0m
[ 12%] Built target vehicle_gps_position_listener
[ 25%] Built target frame_transforms
[ 37%] Built target sensor_combined_listener
[ 50%] Built target debug_vect_advertiser
[ 62%] Built target offboard_control_srv
[ 75%] Built target offboard_control
[ 87%] Built target reconnaissance
[ 93%] [32mBuilding CXX object CMakeFiles/fireforce.dir/src/app/fireforce/fireforce.cpp.o[0m
[ 93%] Built target ament_cmake_python_copy_px4_ros_com
running egg_info
writing px4_ros_com.egg-info/PKG-INFO
writing dependency_links to px4_ros_com.egg-info/dependency_links.txt
writing top-level names to px4_ros_com.egg-info/top_level.txt
reading manifest file 'px4_ros_com.egg-info/SOURCES.txt'
writing manifest file 'px4_ros_com.egg-info/SOURCES.txt'
[ 93%] Built target ament_cmake_python_build_px4_ros_com_egg
[01m[K/home/lohitoburrito/uav_app/src/px4_ros_com/src/app/fireforce/fireforce.cpp:[m[K In member function ‘[01m[Ksize_t UAVCommand::read_callback(void*, size_t, size_t, void*)[m[K’:
[01m[K/home/lohitoburrito/uav_app/src/px4_ros_com/src/app/fireforce/fireforce.cpp:168:9:[m[K [01;31m[Kerror: [m[Kinvalid use of incomplete type ‘[01m[Kstd::ifstream[m[K’ {aka ‘[01m[Kclass std::basic_ifstream<char>[m[K’}
  168 |     file[01;31m[K->[m[Kread(reinterpret_cast<char*>(ptr), size * nmemb);
      |         [01;31m[K^~[m[K
In file included from [01m[K/usr/include/c++/11/bits/shared_ptr.h:52[m[K,
                 from [01m[K/usr/include/c++/11/memory:77[m[K,
                 from [01m[K/opt/ros/humble/include/rclcpp/rclcpp/rclcpp.hpp:153[m[K,
                 from [01m[K/home/lohitoburrito/uav_app/src/px4_ros_com/src/app/fireforce/fireforce.cpp:9[m[K:
[01m[K/usr/include/c++/11/iosfwd:116:11:[m[K [01;36m[Knote: [m[Kdeclaration of ‘[01m[Kstd::ifstream[m[K’ {aka ‘[01m[Kclass std::basic_ifstream<char>[m[K’}
  116 |     class [01;36m[Kbasic_ifstream[m[K;
      |           [01;36m[K^~~~~~~~~~~~~~[m[K
[01m[K/home/lohitoburrito/uav_app/src/px4_ros_com/src/app/fireforce/fireforce.cpp:169:16:[m[K [01;31m[Kerror: [m[Kinvalid use of incomplete type ‘[01m[Kstd::ifstream[m[K’ {aka ‘[01m[Kclass std::basic_ifstream<char>[m[K’}
  169 |     return file[01;31m[K->[m[Kgcount();
      |                [01;31m[K^~[m[K
In file included from [01m[K/usr/include/c++/11/bits/shared_ptr.h:52[m[K,
                 from [01m[K/usr/include/c++/11/memory:77[m[K,
                 from [01m[K/opt/ros/humble/include/rclcpp/rclcpp/rclcpp.hpp:153[m[K,
                 from [01m[K/home/lohitoburrito/uav_app/src/px4_ros_com/src/app/fireforce/fireforce.cpp:9[m[K:
[01m[K/usr/include/c++/11/iosfwd:116:11:[m[K [01;36m[Knote: [m[Kdeclaration of ‘[01m[Kstd::ifstream[m[K’ {aka ‘[01m[Kclass std::basic_ifstream<char>[m[K’}
  116 |     class [01;36m[Kbasic_ifstream[m[K;
      |           [01;36m[K^~~~~~~~~~~~~~[m[K
[01m[K/home/lohitoburrito/uav_app/src/px4_ros_com/src/app/fireforce/fireforce.cpp:[m[K In member function ‘[01m[Kvoid UAVCommand::read_camera_image_raw(sensor_msgs::msg::Image_<std::allocator<void> >::SharedPtr)[m[K’:
[01m[K/home/lohitoburrito/uav_app/src/px4_ros_com/src/app/fireforce/fireforce.cpp:247:31:[m[K [01;31m[Kerror: [m[Kvariable ‘[01m[Kstd::ifstream file[m[K’ has initializer but incomplete type
  247 |             std::ifstream file[01;31m[K([m[K"src/px4_ros_com/src/app/fireforce/images/cv_frame.jpg", std::ios::binary);
      |                               [01;31m[K^[m[K
In file included from [01m[K/home/lohitoburrito/uav_app/src/px4_ros_com/src/app/fireforce/fireforce.cpp:21[m[K:
[01m[K/home/lohitoburrito/uav_app/src/px4_ros_com/src/app/fireforce/fireforce.cpp:259:58:[m[K [01;31m[Kerror: [m[Kinvalid use of non-static member function ‘[01m[Ksize_t UAVCommand::read_callback(void*, size_t, size_t, void*)[m[K’
  259 |             curl_easy_setopt(curl, CURLOPT_READFUNCTION, [01;31m[Kread_callback[m[K);
      |                                                          [01;31m[K^~~~~~~~~~~~~[m[K
[01m[K/home/lohitoburrito/uav_app/src/px4_ros_com/src/app/fireforce/fireforce.cpp:166:8:[m[K [01;36m[Knote: [m[Kdeclared here
  166 | size_t [01;36m[KUAVCommand[m[K::read_callback(void *ptr, size_t size, size_t nmemb, void *stream) {
      |        [01;36m[K^~~~~~~~~~[m[K
gmake[2]: *** [CMakeFiles/fireforce.dir/build.make:76: CMakeFiles/fireforce.dir/src/app/fireforce/fireforce.cpp.o] Error 1
gmake[1]: *** [CMakeFiles/Makefile2:336: CMakeFiles/fireforce.dir/all] Error 2
gmake: *** [Makefile:146: all] Error 2
