[0.337s] Invoking command in '/home/lohitoburrito/uav_app/build/px4_ros_com': CMAKE_PREFIX_PATH=/home/lohitoburrito/uav_app/install/px4_msgs:/home/lohitoburrito/uav_app/install/px4_ros_com:/opt/ros/humble LD_LIBRARY_PATH=/home/lohitoburrito/uav_app/install/px4_msgs/lib:/home/lohitoburrito/uav_app/install/px4_ros_com/lib:/usr/lib/x86_64-linux-gnu/gazebo-11/plugins:/opt/ros/humble/opt/rviz_ogre_vendor/lib:/opt/ros/humble/lib/x86_64-linux-gnu:/opt/ros/humble/lib /usr/bin/cmake --build /home/lohitoburrito/uav_app/build/px4_ros_com -- -j8 -l8
[0.427s] [35m[1mConsolidate compiler generated dependencies of target fireforce[0m
[0.456s] [ 12%] Built target vehicle_gps_position_listener
[0.462s] [ 25%] Built target frame_transforms
[0.464s] [ 37%] Built target sensor_combined_listener
[0.467s] [ 50%] Built target debug_vect_advertiser
[0.467s] [ 62%] Built target offboard_control_srv
[0.473s] [ 75%] Built target offboard_control
[0.474s] [ 87%] Built target reconnaissance
[0.480s] [ 93%] [32mBuilding CXX object CMakeFiles/fireforce.dir/src/app/fireforce/fireforce.cpp.o[0m
[0.517s] [ 93%] Built target ament_cmake_python_copy_px4_ros_com
[0.945s] running egg_info
[0.971s] writing px4_ros_com.egg-info/PKG-INFO
[0.972s] writing dependency_links to px4_ros_com.egg-info/dependency_links.txt
[0.973s] writing top-level names to px4_ros_com.egg-info/top_level.txt
[1.066s] reading manifest file 'px4_ros_com.egg-info/SOURCES.txt'
[1.070s] writing manifest file 'px4_ros_com.egg-info/SOURCES.txt'
[1.151s] [ 93%] Built target ament_cmake_python_build_px4_ros_com_egg
[9.777s] [01m[K/home/lohitoburrito/uav_app/src/px4_ros_com/src/app/fireforce/fireforce.cpp:[m[K In member function ‘[01m[Ksize_t UAVCommand::read_callback(void*, size_t, size_t, void*)[m[K’:
[9.777s] [01m[K/home/lohitoburrito/uav_app/src/px4_ros_com/src/app/fireforce/fireforce.cpp:168:9:[m[K [01;31m[Kerror: [m[Kinvalid use of incomplete type ‘[01m[Kstd::ifstream[m[K’ {aka ‘[01m[Kclass std::basic_ifstream<char>[m[K’}
[9.777s]   168 |     file[01;31m[K->[m[Kread(reinterpret_cast<char*>(ptr), size * nmemb);
[9.777s]       |         [01;31m[K^~[m[K
[9.778s] In file included from [01m[K/usr/include/c++/11/bits/shared_ptr.h:52[m[K,
[9.779s]                  from [01m[K/usr/include/c++/11/memory:77[m[K,
[9.779s]                  from [01m[K/opt/ros/humble/include/rclcpp/rclcpp/rclcpp.hpp:153[m[K,
[9.779s]                  from [01m[K/home/lohitoburrito/uav_app/src/px4_ros_com/src/app/fireforce/fireforce.cpp:9[m[K:
[9.779s] [01m[K/usr/include/c++/11/iosfwd:116:11:[m[K [01;36m[Knote: [m[Kdeclaration of ‘[01m[Kstd::ifstream[m[K’ {aka ‘[01m[Kclass std::basic_ifstream<char>[m[K’}
[9.781s]   116 |     class [01;36m[Kbasic_ifstream[m[K;
[9.781s]       |           [01;36m[K^~~~~~~~~~~~~~[m[K
[9.782s] [01m[K/home/lohitoburrito/uav_app/src/px4_ros_com/src/app/fireforce/fireforce.cpp:169:16:[m[K [01;31m[Kerror: [m[Kinvalid use of incomplete type ‘[01m[Kstd::ifstream[m[K’ {aka ‘[01m[Kclass std::basic_ifstream<char>[m[K’}
[9.782s]   169 |     return file[01;31m[K->[m[Kgcount();
[9.782s]       |                [01;31m[K^~[m[K
[9.782s] In file included from [01m[K/usr/include/c++/11/bits/shared_ptr.h:52[m[K,
[9.783s]                  from [01m[K/usr/include/c++/11/memory:77[m[K,
[9.784s]                  from [01m[K/opt/ros/humble/include/rclcpp/rclcpp/rclcpp.hpp:153[m[K,
[9.784s]                  from [01m[K/home/lohitoburrito/uav_app/src/px4_ros_com/src/app/fireforce/fireforce.cpp:9[m[K:
[9.784s] [01m[K/usr/include/c++/11/iosfwd:116:11:[m[K [01;36m[Knote: [m[Kdeclaration of ‘[01m[Kstd::ifstream[m[K’ {aka ‘[01m[Kclass std::basic_ifstream<char>[m[K’}
[9.784s]   116 |     class [01;36m[Kbasic_ifstream[m[K;
[9.784s]       |           [01;36m[K^~~~~~~~~~~~~~[m[K
[9.862s] [01m[K/home/lohitoburrito/uav_app/src/px4_ros_com/src/app/fireforce/fireforce.cpp:[m[K In member function ‘[01m[Kvoid UAVCommand::read_camera_image_raw(sensor_msgs::msg::Image_<std::allocator<void> >::SharedPtr)[m[K’:
[9.862s] [01m[K/home/lohitoburrito/uav_app/src/px4_ros_com/src/app/fireforce/fireforce.cpp:247:31:[m[K [01;31m[Kerror: [m[Kvariable ‘[01m[Kstd::ifstream file[m[K’ has initializer but incomplete type
[9.863s]   247 |             std::ifstream file[01;31m[K([m[K"src/px4_ros_com/src/app/fireforce/images/cv_frame.jpg", std::ios::binary);
[9.863s]       |                               [01;31m[K^[m[K
[9.864s] In file included from [01m[K/home/lohitoburrito/uav_app/src/px4_ros_com/src/app/fireforce/fireforce.cpp:21[m[K:
[9.864s] [01m[K/home/lohitoburrito/uav_app/src/px4_ros_com/src/app/fireforce/fireforce.cpp:259:58:[m[K [01;31m[Kerror: [m[Kinvalid use of non-static member function ‘[01m[Ksize_t UAVCommand::read_callback(void*, size_t, size_t, void*)[m[K’
[9.864s]   259 |             curl_easy_setopt(curl, CURLOPT_READFUNCTION, [01;31m[Kread_callback[m[K);
[9.864s]       |                                                          [01;31m[K^~~~~~~~~~~~~[m[K
[9.864s] [01m[K/home/lohitoburrito/uav_app/src/px4_ros_com/src/app/fireforce/fireforce.cpp:166:8:[m[K [01;36m[Knote: [m[Kdeclared here
[9.864s]   166 | size_t [01;36m[KUAVCommand[m[K::read_callback(void *ptr, size_t size, size_t nmemb, void *stream) {
[9.864s]       |        [01;36m[K^~~~~~~~~~[m[K
[23.421s] gmake[2]: *** [CMakeFiles/fireforce.dir/build.make:76: CMakeFiles/fireforce.dir/src/app/fireforce/fireforce.cpp.o] Error 1
[23.421s] gmake[1]: *** [CMakeFiles/Makefile2:336: CMakeFiles/fireforce.dir/all] Error 2
[23.422s] gmake: *** [Makefile:146: all] Error 2
[23.430s] Invoked command in '/home/lohitoburrito/uav_app/build/px4_ros_com' returned '2': CMAKE_PREFIX_PATH=/home/lohitoburrito/uav_app/install/px4_msgs:/home/lohitoburrito/uav_app/install/px4_ros_com:/opt/ros/humble LD_LIBRARY_PATH=/home/lohitoburrito/uav_app/install/px4_msgs/lib:/home/lohitoburrito/uav_app/install/px4_ros_com/lib:/usr/lib/x86_64-linux-gnu/gazebo-11/plugins:/opt/ros/humble/opt/rviz_ogre_vendor/lib:/opt/ros/humble/lib/x86_64-linux-gnu:/opt/ros/humble/lib /usr/bin/cmake --build /home/lohitoburrito/uav_app/build/px4_ros_com -- -j8 -l8
