[0.340s] Invoking command in '/home/lohitoburrito/uav_app/build/px4_ros_com': CMAKE_PREFIX_PATH=/home/lohitoburrito/uav_app/install/px4_msgs:/home/lohitoburrito/uav_app/install/px4_ros_com:/opt/ros/humble LD_LIBRARY_PATH=/home/lohitoburrito/uav_app/install/px4_msgs/lib:/home/lohitoburrito/uav_app/install/px4_ros_com/lib:/usr/lib/x86_64-linux-gnu/gazebo-11/plugins:/opt/ros/humble/opt/rviz_ogre_vendor/lib:/opt/ros/humble/lib/x86_64-linux-gnu:/opt/ros/humble/lib /usr/bin/cmake --build /home/lohitoburrito/uav_app/build/px4_ros_com -- -j8 -l8
[0.434s] [35m[1mConsolidate compiler generated dependencies of target fireforce[0m
[0.460s] [ 12%] Built target frame_transforms
[0.477s] [ 25%] Built target vehicle_gps_position_listener
[0.478s] [ 37%] Built target offboard_control
[0.479s] [ 50%] Built target offboard_control_srv
[0.481s] [ 62%] Built target sensor_combined_listener
[0.482s] [ 75%] Built target debug_vect_advertiser
[0.487s] [ 81%] [32mBuilding CXX object CMakeFiles/fireforce.dir/src/app/fireforce/fireforce.cpp.o[0m
[0.491s] [ 93%] Built target reconnaissance
[0.503s] [ 93%] Built target ament_cmake_python_copy_px4_ros_com
[0.918s] running egg_info
[0.952s] writing px4_ros_com.egg-info/PKG-INFO
[0.954s] writing dependency_links to px4_ros_com.egg-info/dependency_links.txt
[0.955s] writing top-level names to px4_ros_com.egg-info/top_level.txt
[1.062s] reading manifest file 'px4_ros_com.egg-info/SOURCES.txt'
[1.064s] writing manifest file 'px4_ros_com.egg-info/SOURCES.txt'
[1.141s] [ 93%] Built target ament_cmake_python_build_px4_ros_com_egg
[33.940s] [100%] [32m[1mLinking CXX executable fireforce[0m
[36.783s] [100%] Built target fireforce
[36.803s] Invoked command in '/home/lohitoburrito/uav_app/build/px4_ros_com' returned '0': CMAKE_PREFIX_PATH=/home/lohitoburrito/uav_app/install/px4_msgs:/home/lohitoburrito/uav_app/install/px4_ros_com:/opt/ros/humble LD_LIBRARY_PATH=/home/lohitoburrito/uav_app/install/px4_msgs/lib:/home/lohitoburrito/uav_app/install/px4_ros_com/lib:/usr/lib/x86_64-linux-gnu/gazebo-11/plugins:/opt/ros/humble/opt/rviz_ogre_vendor/lib:/opt/ros/humble/lib/x86_64-linux-gnu:/opt/ros/humble/lib /usr/bin/cmake --build /home/lohitoburrito/uav_app/build/px4_ros_com -- -j8 -l8
[36.808s] Invoking command in '/home/lohitoburrito/uav_app/build/px4_ros_com': CMAKE_PREFIX_PATH=/home/lohitoburrito/uav_app/install/px4_msgs:/home/lohitoburrito/uav_app/install/px4_ros_com:/opt/ros/humble LD_LIBRARY_PATH=/home/lohitoburrito/uav_app/install/px4_msgs/lib:/home/lohitoburrito/uav_app/install/px4_ros_com/lib:/usr/lib/x86_64-linux-gnu/gazebo-11/plugins:/opt/ros/humble/opt/rviz_ogre_vendor/lib:/opt/ros/humble/lib/x86_64-linux-gnu:/opt/ros/humble/lib /usr/bin/cmake --install /home/lohitoburrito/uav_app/build/px4_ros_com
[36.829s] -- Install configuration: ""
[36.832s] -- Up-to-date: /home/lohitoburrito/uav_app/install/px4_ros_com/lib/px4_ros_com/sensor_combined_listener
[36.836s] -- Up-to-date: /home/lohitoburrito/uav_app/install/px4_ros_com/lib/px4_ros_com/vehicle_gps_position_listener
[36.837s] -- Up-to-date: /home/lohitoburrito/uav_app/install/px4_ros_com/lib/px4_ros_com/debug_vect_advertiser
[36.839s] -- Up-to-date: /home/lohitoburrito/uav_app/install/px4_ros_com/lib/px4_ros_com/offboard_control
[36.841s] -- Up-to-date: /home/lohitoburrito/uav_app/install/px4_ros_com/lib/px4_ros_com/offboard_control_srv
[36.845s] -- Up-to-date: /home/lohitoburrito/uav_app/install/px4_ros_com/lib/px4_ros_com/reconnaissance
[36.847s] -- Installing: /home/lohitoburrito/uav_app/install/px4_ros_com/lib/px4_ros_com/fireforce
[36.856s] -- Set runtime path of "/home/lohitoburrito/uav_app/install/px4_ros_com/lib/px4_ros_com/fireforce" to ""
[36.856s] -- Up-to-date: /home/lohitoburrito/uav_app/install/px4_ros_com/share/px4_ros_com/environment/library_path.sh
[36.856s] -- Up-to-date: /home/lohitoburrito/uav_app/install/px4_ros_com/share/px4_ros_com/environment/library_path.dsv
[36.856s] -- Up-to-date: /home/lohitoburrito/uav_app/install/px4_ros_com/include/px4_ros_com
[36.858s] -- Up-to-date: /home/lohitoburrito/uav_app/install/px4_ros_com/include/px4_ros_com/frame_transforms.h
[36.860s] -- Up-to-date: /home/lohitoburrito/uav_app/install/px4_ros_com/lib/libframe_transforms.so
[36.860s] -- Up-to-date: /home/lohitoburrito/uav_app/install/px4_ros_com/share/px4_ros_com//launch
[36.861s] -- Up-to-date: /home/lohitoburrito/uav_app/install/px4_ros_com/share/px4_ros_com//launch/sensor_combined_listener.launch.py
[36.862s] -- Up-to-date: /home/lohitoburrito/uav_app/install/px4_ros_com/share/px4_ros_com//launch/offboard_control_launch.yaml
[36.862s] -- Up-to-date: /home/lohitoburrito/uav_app/install/px4_ros_com/share/px4_ros_com//test
[36.862s] -- Up-to-date: /home/lohitoburrito/uav_app/install/px4_ros_com/share/px4_ros_com//test/test_input.py
[36.862s] -- Up-to-date: /home/lohitoburrito/uav_app/install/px4_ros_com/share/px4_ros_com//test/pipeline_io_test.py
[36.863s] -- Up-to-date: /home/lohitoburrito/uav_app/install/px4_ros_com/share/px4_ros_com//test/test_output.py
[36.863s] -- Up-to-date: /home/lohitoburrito/uav_app/install/px4_ros_com/share/px4_ros_com//test/__init__.py
[36.863s] -- Up-to-date: /home/lohitoburrito/uav_app/install/px4_ros_com/share/px4_ros_com/environment/pythonpath.sh
[36.863s] -- Up-to-date: /home/lohitoburrito/uav_app/install/px4_ros_com/share/px4_ros_com/environment/pythonpath.dsv
[36.864s] -- Up-to-date: /home/lohitoburrito/uav_app/install/px4_ros_com/local/lib/python3.10/dist-packages/px4_ros_com-0.1.0-py3.10.egg-info
[36.864s] -- Installing: /home/lohitoburrito/uav_app/install/px4_ros_com/local/lib/python3.10/dist-packages/px4_ros_com-0.1.0-py3.10.egg-info/SOURCES.txt
[36.864s] -- Installing: /home/lohitoburrito/uav_app/install/px4_ros_com/local/lib/python3.10/dist-packages/px4_ros_com-0.1.0-py3.10.egg-info/top_level.txt
[36.864s] -- Installing: /home/lohitoburrito/uav_app/install/px4_ros_com/local/lib/python3.10/dist-packages/px4_ros_com-0.1.0-py3.10.egg-info/dependency_links.txt
[36.864s] -- Installing: /home/lohitoburrito/uav_app/install/px4_ros_com/local/lib/python3.10/dist-packages/px4_ros_com-0.1.0-py3.10.egg-info/PKG-INFO
[36.865s] -- Up-to-date: /home/lohitoburrito/uav_app/install/px4_ros_com/local/lib/python3.10/dist-packages/px4_ros_com
[36.865s] -- Up-to-date: /home/lohitoburrito/uav_app/install/px4_ros_com/local/lib/python3.10/dist-packages/px4_ros_com/module_to_import.py
[36.865s] -- Up-to-date: /home/lohitoburrito/uav_app/install/px4_ros_com/local/lib/python3.10/dist-packages/px4_ros_com/__init__.py
[36.947s] Listing '/home/lohitoburrito/uav_app/install/px4_ros_com/local/lib/python3.10/dist-packages/px4_ros_com'...
[36.958s] -- Up-to-date: /home/lohitoburrito/uav_app/install/px4_ros_com/lib/px4_ros_com/offboard_control.py
[36.958s] -- Up-to-date: /home/lohitoburrito/uav_app/install/px4_ros_com/share/ament_index/resource_index/package_run_dependencies/px4_ros_com
[36.959s] -- Up-to-date: /home/lohitoburrito/uav_app/install/px4_ros_com/share/ament_index/resource_index/parent_prefix_path/px4_ros_com
[36.959s] -- Up-to-date: /home/lohitoburrito/uav_app/install/px4_ros_com/share/px4_ros_com/environment/ament_prefix_path.sh
[36.959s] -- Up-to-date: /home/lohitoburrito/uav_app/install/px4_ros_com/share/px4_ros_com/environment/ament_prefix_path.dsv
[36.960s] -- Up-to-date: /home/lohitoburrito/uav_app/install/px4_ros_com/share/px4_ros_com/environment/path.sh
[36.960s] -- Up-to-date: /home/lohitoburrito/uav_app/install/px4_ros_com/share/px4_ros_com/environment/path.dsv
[36.960s] -- Up-to-date: /home/lohitoburrito/uav_app/install/px4_ros_com/share/px4_ros_com/local_setup.bash
[36.960s] -- Up-to-date: /home/lohitoburrito/uav_app/install/px4_ros_com/share/px4_ros_com/local_setup.sh
[36.961s] -- Up-to-date: /home/lohitoburrito/uav_app/install/px4_ros_com/share/px4_ros_com/local_setup.zsh
[36.961s] -- Up-to-date: /home/lohitoburrito/uav_app/install/px4_ros_com/share/px4_ros_com/local_setup.dsv
[36.961s] -- Installing: /home/lohitoburrito/uav_app/install/px4_ros_com/share/px4_ros_com/package.dsv
[36.961s] -- Up-to-date: /home/lohitoburrito/uav_app/install/px4_ros_com/share/ament_index/resource_index/packages/px4_ros_com
[36.964s] -- Up-to-date: /home/lohitoburrito/uav_app/install/px4_ros_com/share/px4_ros_com/cmake/export_frame_transformsExport.cmake
[36.967s] -- Up-to-date: /home/lohitoburrito/uav_app/install/px4_ros_com/share/px4_ros_com/cmake/export_frame_transformsExport-noconfig.cmake
[36.967s] -- Up-to-date: /home/lohitoburrito/uav_app/install/px4_ros_com/share/px4_ros_com/cmake/ament_cmake_export_dependencies-extras.cmake
[36.968s] -- Up-to-date: /home/lohitoburrito/uav_app/install/px4_ros_com/share/px4_ros_com/cmake/ament_cmake_export_targets-extras.cmake
[36.968s] -- Up-to-date: /home/lohitoburrito/uav_app/install/px4_ros_com/share/px4_ros_com/cmake/ament_cmake_export_include_directories-extras.cmake
[36.968s] -- Up-to-date: /home/lohitoburrito/uav_app/install/px4_ros_com/share/px4_ros_com/cmake/ament_cmake_export_libraries-extras.cmake
[36.969s] -- Up-to-date: /home/lohitoburrito/uav_app/install/px4_ros_com/share/px4_ros_com/cmake/px4_ros_comConfig.cmake
[36.969s] -- Up-to-date: /home/lohitoburrito/uav_app/install/px4_ros_com/share/px4_ros_com/cmake/px4_ros_comConfig-version.cmake
[36.971s] -- Up-to-date: /home/lohitoburrito/uav_app/install/px4_ros_com/share/px4_ros_com/package.xml
[36.973s] Invoked command in '/home/lohitoburrito/uav_app/build/px4_ros_com' returned '0': CMAKE_PREFIX_PATH=/home/lohitoburrito/uav_app/install/px4_msgs:/home/lohitoburrito/uav_app/install/px4_ros_com:/opt/ros/humble LD_LIBRARY_PATH=/home/lohitoburrito/uav_app/install/px4_msgs/lib:/home/lohitoburrito/uav_app/install/px4_ros_com/lib:/usr/lib/x86_64-linux-gnu/gazebo-11/plugins:/opt/ros/humble/opt/rviz_ogre_vendor/lib:/opt/ros/humble/lib/x86_64-linux-gnu:/opt/ros/humble/lib /usr/bin/cmake --install /home/lohitoburrito/uav_app/build/px4_ros_com
