[0.239s] Invoking command in '/home/lohitoburrito/uav_app/build/px4_ros_com': CMAKE_PREFIX_PATH=/home/lohitoburrito/uav_app/install/px4_msgs:/home/lohitoburrito/uav_app/install/px4_ros_com:/opt/ros/humble LD_LIBRARY_PATH=/home/lohitoburrito/uav_app/install/px4_msgs/lib:/home/lohitoburrito/uav_app/install/px4_ros_com/lib:/usr/lib/x86_64-linux-gnu/gazebo-11/plugins:/opt/ros/humble/opt/rviz_ogre_vendor/lib:/opt/ros/humble/lib/x86_64-linux-gnu:/opt/ros/humble/lib /usr/bin/cmake --build /home/lohitoburrito/uav_app/build/px4_ros_com -- -j8 -l8
[0.311s] [35m[1mConsolidate compiler generated dependencies of target fireforce[0m
[0.316s] [ 12%] Built target offboard_control
[0.328s] [ 25%] Built target frame_transforms
[0.328s] [ 37%] Built target debug_vect_advertiser
[0.332s] [ 50%] Built target sensor_combined_listener
[0.333s] [ 62%] Built target vehicle_gps_position_listener
[0.333s] [ 68%] [32mBuilding CXX object CMakeFiles/fireforce.dir/src/app/fireforce/fireforce.cpp.o[0m
[0.345s] [ 81%] Built target reconnaissance
[0.346s] [ 93%] Built target offboard_control_srv
[0.368s] [ 93%] Built target ament_cmake_python_copy_px4_ros_com
[0.781s] running egg_info
[0.805s] writing px4_ros_com.egg-info/PKG-INFO
[0.806s] writing dependency_links to px4_ros_com.egg-info/dependency_links.txt
[0.806s] writing top-level names to px4_ros_com.egg-info/top_level.txt
[0.877s] reading manifest file 'px4_ros_com.egg-info/SOURCES.txt'
[0.879s] writing manifest file 'px4_ros_com.egg-info/SOURCES.txt'
[0.940s] [ 93%] Built target ament_cmake_python_build_px4_ros_com_egg
[6.526s] [01m[K/home/lohitoburrito/uav_app/src/px4_ros_com/src/app/fireforce/fireforce.cpp:170:91:[m[K [01;31m[Kerror: [m[Kcannot declare member function ‘[01m[Kstatic size_t UAVCommand::read_callback(void*, size_t, size_t, void*)[m[K’ to have static linkage [[01;31m[K]8;;https://gcc.gnu.org/onlinedocs/gcc/Warning-Options.html#index-fpermissive-fpermissive]8;;[m[K]
[6.526s]   170 | static size_t UAVCommand::read_callback(void *ptr, size_t size, size_t nmemb, void *stream[01;31m[K)[m[K {
[6.526s]       |                                                                                           [01;31m[K^[m[K
[15.880s] gmake[2]: *** [CMakeFiles/fireforce.dir/build.make:76: CMakeFiles/fireforce.dir/src/app/fireforce/fireforce.cpp.o] Error 1
[15.880s] gmake[1]: *** [CMakeFiles/Makefile2:336: CMakeFiles/fireforce.dir/all] Error 2
[15.880s] gmake: *** [Makefile:146: all] Error 2
[15.886s] Invoked command in '/home/lohitoburrito/uav_app/build/px4_ros_com' returned '2': CMAKE_PREFIX_PATH=/home/lohitoburrito/uav_app/install/px4_msgs:/home/lohitoburrito/uav_app/install/px4_ros_com:/opt/ros/humble LD_LIBRARY_PATH=/home/lohitoburrito/uav_app/install/px4_msgs/lib:/home/lohitoburrito/uav_app/install/px4_ros_com/lib:/usr/lib/x86_64-linux-gnu/gazebo-11/plugins:/opt/ros/humble/opt/rviz_ogre_vendor/lib:/opt/ros/humble/lib/x86_64-linux-gnu:/opt/ros/humble/lib /usr/bin/cmake --build /home/lohitoburrito/uav_app/build/px4_ros_com -- -j8 -l8
