[01m[K/home/lohitoburrito/uav_app/src/px4_ros_com/src/app/fireforce/fireforce.cpp:43:29:[m[K [01;31m[Kerror: [m[K‘[01m[KVehicleImu[m[K’ does not name a type
   43 |         void read_imu(const [01;31m[KVehicleImu[m[K::UniquePtr msg);
      |                             [01;31m[K^~~~~~~~~~[m[K
[01m[K/home/lohitoburrito/uav_app/src/px4_ros_com/src/app/fireforce/fireforce.cpp:43:51:[m[K [01;31m[Kerror: [m[Kexpected unqualified-id before ‘[01m[Kmsg[m[K’
   43 |         void read_imu(const VehicleImu::UniquePtr [01;31m[Kmsg[m[K);
      |                                                   [01;31m[K^~~[m[K
[01m[K/home/lohitoburrito/uav_app/src/px4_ros_com/src/app/fireforce/fireforce.cpp:43:50:[m[K [01;31m[Kerror: [m[Kexpected ‘[01m[K)[m[K’ before ‘[01m[Kmsg[m[K’
   43 |         void read_imu[34m[K([m[Kconst VehicleImu::UniquePtr[01;31m[K [m[K[32m[Kmsg[m[K);
      |                      [34m[K~[m[K                           [01;31m[K^[m[K[32m[K~~~[m[K
      |                                                  [32m[K)[m[K
[01m[K/home/lohitoburrito/uav_app/src/px4_ros_com/src/app/fireforce/fireforce.cpp:43:41:[m[K [01;31m[Kerror: [m[Kexpected ‘[01m[K;[m[K’ at end of member declaration
   43 |         void read_imu(const VehicleImu::[01;31m[KUniquePtr[m[K msg);
      |                                         [01;31m[K^~~~~~~~~[m[K
      |                                                  [32m[K;[m[K
[01m[K/home/lohitoburrito/uav_app/src/px4_ros_com/src/app/fireforce/fireforce.cpp:43:51:[m[K [01;31m[Kerror: [m[K‘[01m[Kmsg[m[K’ does not name a type
   43 |         void read_imu(const VehicleImu::UniquePtr [01;31m[Kmsg[m[K);
      |                                                   [01;31m[K^~~[m[K
[01m[K/home/lohitoburrito/uav_app/src/px4_ros_com/src/app/fireforce/fireforce.cpp:[m[K In constructor ‘[01m[KHTTPServer::HTTPServer()[m[K’:
[01m[K/home/lohitoburrito/uav_app/src/px4_ros_com/src/app/fireforce/fireforce.cpp:84:5:[m[K [01;31m[Kerror: [m[K‘[01m[Klocal_position_subscriber[m[K’ was not declared in this scope
   84 |     [01;31m[Klocal_position_subscriber[m[K = this->create_subscription<VehicleGlobalPosition>(
      |     [01;31m[K^~~~~~~~~~~~~~~~~~~~~~~~~[m[K
[01m[K/home/lohitoburrito/uav_app/src/px4_ros_com/src/app/fireforce/fireforce.cpp:90:5:[m[K [01;31m[Kerror: [m[K‘[01m[Kcamera_image_raw_subscriber[m[K’ was not declared in this scope
   90 |     [01;31m[Kcamera_image_raw_subscriber[m[K = this->create_subscription<>(
      |     [01;31m[K^~~~~~~~~~~~~~~~~~~~~~~~~~~[m[K
[01m[K/home/lohitoburrito/uav_app/src/px4_ros_com/src/app/fireforce/fireforce.cpp:90:62:[m[K [01;31m[Kerror: [m[Kno matching function for call to ‘[01m[KHTTPServer::create_subscription(const char [25], rclcpp::QoS&, std::_Bind_helper<false, void (HTTPServer::*)(...), HTTPServer*, const std::_Placeholder<1>&>::type)[m[K’
   90 |     camera_image_raw_subscriber = [01;31m[Kthis->create_subscription<>([m[K
      |                                   [01;31m[K~~~~~~~~~~~~~~~~~~~~~~~~~~~^[m[K
   91 | [01;31m[K        "/fmu/out/sensor_combined",[m[K
      |         [01;31m[K~~~~~~~~~~~~~~~~~~~~~~~~~~~[m[K                           
   92 | [01;31m[K        qos_imu,[m[K
      |         [01;31m[K~~~~~~~~[m[K                                              
   93 | [01;31m[K        std::bind(&HTTPServer::read_imu, this, std::placeholders::_1)[m[K
      |         [01;31m[K~~~~~~~~~~~~~~~~~~~~~~~~~~~~~~~~~~~~~~~~~~~~~~~~~~~~~~~~~~~~~[m[K
   94 | [01;31m[K    )[m[K;
      |     [01;31m[K~[m[K                                                         
In file included from [01m[K/opt/ros/humble/include/rclcpp/rclcpp/node.hpp:1321[m[K,
                 from [01m[K/opt/ros/humble/include/rclcpp/rclcpp/executors/single_threaded_executor.hpp:28[m[K,
                 from [01m[K/opt/ros/humble/include/rclcpp/rclcpp/executors.hpp:22[m[K,
                 from [01m[K/opt/ros/humble/include/rclcpp/rclcpp/rclcpp.hpp:155[m[K,
                 from [01m[K/home/lohitoburrito/uav_app/src/px4_ros_com/src/app/fireforce/fireforce.cpp:9[m[K:
[01m[K/opt/ros/humble/include/rclcpp/rclcpp/node_impl.hpp:92:1:[m[K [01;36m[Knote: [m[Kcandidate: ‘[01m[Ktemplate<class MessageT, class CallbackT, class AllocatorT, class SubscriptionT, class MessageMemoryStrategyT> std::shared_ptr<ROSMessageT> rclcpp::Node::create_subscription(const string&, const rclcpp::QoS&, CallbackT&&, const rclcpp::SubscriptionOptionsWithAllocator<AllocatorT>&, typename MessageMemoryStrategyT::SharedPtr)[m[K’
   92 | [01;36m[KNode[m[K::create_subscription(
      | [01;36m[K^~~~[m[K
[01m[K/opt/ros/humble/include/rclcpp/rclcpp/node_impl.hpp:92:1:[m[K [01;36m[Knote: [m[K  template argument deduction/substitution failed:
[01m[K/home/lohitoburrito/uav_app/src/px4_ros_com/src/app/fireforce/fireforce.cpp:90:62:[m[K [01;36m[Knote: [m[K  couldn’t deduce template parameter ‘[01m[KMessageT[m[K’
   90 |     camera_image_raw_subscriber = [01;36m[Kthis->create_subscription<>([m[K
      |                                   [01;36m[K~~~~~~~~~~~~~~~~~~~~~~~~~~~^[m[K
   91 | [01;36m[K        "/fmu/out/sensor_combined",[m[K
      |         [01;36m[K~~~~~~~~~~~~~~~~~~~~~~~~~~~[m[K                           
   92 | [01;36m[K        qos_imu,[m[K
      |         [01;36m[K~~~~~~~~[m[K                                              
   93 | [01;36m[K        std::bind(&HTTPServer::read_imu, this, std::placeholders::_1)[m[K
      |         [01;36m[K~~~~~~~~~~~~~~~~~~~~~~~~~~~~~~~~~~~~~~~~~~~~~~~~~~~~~~~~~~~~~[m[K
   94 | [01;36m[K    )[m[K;
      |     [01;36m[K~[m[K                                                         
[01m[K/home/lohitoburrito/uav_app/src/px4_ros_com/src/app/fireforce/fireforce.cpp:[m[K In member function ‘[01m[Kvoid HTTPServer::post_frame()[m[K’:
[01m[K/home/lohitoburrito/uav_app/src/px4_ros_com/src/app/fireforce/fireforce.cpp:108:14:[m[K [01;31m[Kerror: [m[Kstatement cannot resolve address of overloaded function
  108 |     std::endl[01;31m[K;[m[K
      |              [01;31m[K^[m[K
[01m[K/home/lohitoburrito/uav_app/src/px4_ros_com/src/app/fireforce/fireforce.cpp:[m[K At global scope:
[01m[K/home/lohitoburrito/uav_app/src/px4_ros_com/src/app/fireforce/fireforce.cpp:182:6:[m[K [01;31m[Kerror: [m[Kno declaration matches ‘[01m[Kvoid HTTPServer::read_imu(px4_msgs::msg::SensorCombined_<std::allocator<void> >::UniquePtr)[m[K’
  182 | void [01;31m[KHTTPServer[m[K::read_imu(const SensorCombined::UniquePtr msg) {
      |      [01;31m[K^~~~~~~~~~[m[K
[01m[K/home/lohitoburrito/uav_app/src/px4_ros_com/src/app/fireforce/fireforce.cpp:43:14:[m[K [01;36m[Knote: [m[Kcandidate is: ‘[01m[Kvoid HTTPServer::read_imu(...)[m[K’
   43 |         void [01;36m[Kread_imu[m[K(const VehicleImu::UniquePtr msg);
      |              [01;36m[K^~~~~~~~[m[K
[01m[K/home/lohitoburrito/uav_app/src/px4_ros_com/src/app/fireforce/fireforce.cpp:36:7:[m[K [01;36m[Knote: [m[K‘[01m[Kclass HTTPServer[m[K’ defined here
   36 | class [01;36m[KHTTPServer[m[K : public rclcpp::Node {
      |       [01;36m[K^~~~~~~~~~[m[K
In file included from [01m[K/opt/ros/humble/include/rclcpp/rclcpp/client.hpp:40[m[K,
                 from [01m[K/opt/ros/humble/include/rclcpp/rclcpp/callback_group.hpp:24[m[K,
                 from [01m[K/opt/ros/humble/include/rclcpp/rclcpp/any_executable.hpp:20[m[K,
                 from [01m[K/opt/ros/humble/include/rclcpp/rclcpp/memory_strategy.hpp:25[m[K,
                 from [01m[K/opt/ros/humble/include/rclcpp/rclcpp/memory_strategies.hpp:18[m[K,
                 from [01m[K/opt/ros/humble/include/rclcpp/rclcpp/executor_options.hpp:20[m[K,
                 from [01m[K/opt/ros/humble/include/rclcpp/rclcpp/executor.hpp:37[m[K,
                 from [01m[K/opt/ros/humble/include/rclcpp/rclcpp/executors/multi_threaded_executor.hpp:25[m[K,
                 from [01m[K/opt/ros/humble/include/rclcpp/rclcpp/executors.hpp:21[m[K,
                 from [01m[K/opt/ros/humble/include/rclcpp/rclcpp/rclcpp.hpp:155[m[K,
                 from [01m[K/home/lohitoburrito/uav_app/src/px4_ros_com/src/app/fireforce/fireforce.cpp:9[m[K:
[01m[K/home/lohitoburrito/uav_app/src/px4_ros_com/src/app/fireforce/fireforce.cpp:[m[K In function ‘[01m[Kint main(int, char**)[m[K’:
[01m[K/home/lohitoburrito/uav_app/src/px4_ros_com/src/app/fireforce/fireforce.cpp:637:17:[m[K [01;31m[Kerror: [m[K‘[01m[Knode1[m[K’ was not declared in this scope
  637 |     RCLCPP_INFO([01;31m[Knode1[m[K->get_logger(), "Running executor with two nodes");
      |                 [01;31m[K^~~~~[m[K
[01m[K/home/lohitoburrito/uav_app/src/px4_ros_com/src/app/fireforce/fireforce.cpp:637:5:[m[K [01;31m[Kerror: [m[Ktemplate argument 1 is invalid
  637 |     [01;31m[KRCLCPP_INFO[m[K(node1->get_logger(), "Running executor with two nodes");
      |     [01;31m[K^~~~~~~~~~~[m[K
[01m[K/home/lohitoburrito/uav_app/src/px4_ros_com/src/app/fireforce/fireforce.cpp:637:5:[m[K [01;31m[Kerror: [m[Ktemplate argument 1 is invalid
  637 |     [01;31m[KRCLCPP_INFO[m[K(node1->get_logger(), "Running executor with two nodes");
      |     [01;31m[K^~~~~~~~~~~[m[K
[01m[K/home/lohitoburrito/uav_app/src/px4_ros_com/src/app/fireforce/fireforce.cpp:637:5:[m[K [01;31m[Kerror: [m[Ktemplate argument 1 is invalid
  637 |     [01;31m[KRCLCPP_INFO[m[K(node1->get_logger(), "Running executor with two nodes");
      |     [01;31m[K^~~~~~~~~~~[m[K
gmake[2]: *** [CMakeFiles/fireforce.dir/build.make:76: CMakeFiles/fireforce.dir/src/app/fireforce/fireforce.cpp.o] Error 1
gmake[1]: *** [CMakeFiles/Makefile2:336: CMakeFiles/fireforce.dir/all] Error 2
gmake: *** [Makefile:146: all] Error 2
