[0.106s] Invoking command in '/home/lohitoburrito/uav_app/build/px4_ros_com': CMAKE_PREFIX_PATH=/home/lohitoburrito/uav_app/install/px4_msgs:/home/lohitoburrito/uav_app/install/px4_ros_com:/opt/ros/humble LD_LIBRARY_PATH=/home/lohitoburrito/uav_app/install/px4_msgs/lib:/home/lohitoburrito/uav_app/install/px4_ros_com/lib:/usr/lib/x86_64-linux-gnu/gazebo-11/plugins:/opt/ros/humble/opt/rviz_ogre_vendor/lib:/opt/ros/humble/lib/x86_64-linux-gnu:/opt/ros/humble/lib /usr/bin/cmake --build /home/lohitoburrito/uav_app/build/px4_ros_com -- -j8 -l8
[0.153s] [35m[1mConsolidate compiler generated dependencies of target fireforce[0m
[0.153s] [ 12%] Built target frame_transforms
[0.156s] [ 25%] Built target offboard_control
[0.156s] [ 37%] Built target sensor_combined_listener
[0.161s] [ 50%] Built target debug_vect_advertiser
[0.162s] [ 62%] Built target vehicle_gps_position_listener
[0.163s] [ 75%] Built target offboard_control_srv
[0.168s] [ 87%] Built target reconnaissance
[0.171s] [ 93%] [32mBuilding CXX object CMakeFiles/fireforce.dir/src/app/fireforce/fireforce.cpp.o[0m
[0.181s] [ 93%] Built target ament_cmake_python_copy_px4_ros_com
[0.415s] running egg_info
[0.430s] writing px4_ros_com.egg-info/PKG-INFO
[0.430s] writing dependency_links to px4_ros_com.egg-info/dependency_links.txt
[0.431s] writing top-level names to px4_ros_com.egg-info/top_level.txt
[0.477s] reading manifest file 'px4_ros_com.egg-info/SOURCES.txt'
[0.478s] writing manifest file 'px4_ros_com.egg-info/SOURCES.txt'
[0.505s] [ 93%] Built target ament_cmake_python_build_px4_ros_com_egg
[0.948s] gmake[2]: *** [CMakeFiles/fireforce.dir/build.make:76: CMakeFiles/fireforce.dir/src/app/fireforce/fireforce.cpp.o] Interrupt
[0.948s] gmake[1]: *** [CMakeFiles/Makefile2:336: CMakeFiles/fireforce.dir/all] Interrupt
[0.948s] gmake: *** [Makefile:146: all] Interrupt
[0.955s] Invoked command in '/home/lohitoburrito/uav_app/build/px4_ros_com' returned '-2': CMAKE_PREFIX_PATH=/home/lohitoburrito/uav_app/install/px4_msgs:/home/lohitoburrito/uav_app/install/px4_ros_com:/opt/ros/humble LD_LIBRARY_PATH=/home/lohitoburrito/uav_app/install/px4_msgs/lib:/home/lohitoburrito/uav_app/install/px4_ros_com/lib:/usr/lib/x86_64-linux-gnu/gazebo-11/plugins:/opt/ros/humble/opt/rviz_ogre_vendor/lib:/opt/ros/humble/lib/x86_64-linux-gnu:/opt/ros/humble/lib /usr/bin/cmake --build /home/lohitoburrito/uav_app/build/px4_ros_com -- -j8 -l8
