[0.283s] Invoking command in '/home/lohitoburrito/uav_app/build/px4_ros_com': CMAKE_PREFIX_PATH=/home/lohitoburrito/uav_app/install/px4_msgs:/home/lohitoburrito/uav_app/install/px4_ros_com:/opt/ros/humble LD_LIBRARY_PATH=/home/lohitoburrito/uav_app/install/px4_msgs/lib:/home/lohitoburrito/uav_app/install/px4_ros_com/lib:/usr/lib/x86_64-linux-gnu/gazebo-11/plugins:/opt/ros/humble/opt/rviz_ogre_vendor/lib:/opt/ros/humble/lib/x86_64-linux-gnu:/opt/ros/humble/lib /usr/bin/cmake --build /home/lohitoburrito/uav_app/build/px4_ros_com -- -j8 -l8
[0.357s] [35m[1mConsolidate compiler generated dependencies of target fireforce[0m
[0.364s] [ 25%] Built target frame_transforms
[0.364s] [ 25%] Built target debug_vect_advertiser
[0.366s] [ 37%] Built target offboard_control
[0.371s] [ 50%] Built target sensor_combined_listener
[0.379s] [ 75%] Built target reconnaissance
[0.380s] [ 75%] Built target offboard_control_srv
[0.385s] [ 87%] Built target vehicle_gps_position_listener
[0.393s] [ 93%] [32mBuilding CXX object CMakeFiles/fireforce.dir/src/app/fireforce/fireforce.cpp.o[0m
[0.405s] [ 93%] Built target ament_cmake_python_copy_px4_ros_com
[0.740s] running egg_info
[0.763s] writing px4_ros_com.egg-info/PKG-INFO
[0.763s] writing dependency_links to px4_ros_com.egg-info/dependency_links.txt
[0.764s] writing top-level names to px4_ros_com.egg-info/top_level.txt
[0.829s] reading manifest file 'px4_ros_com.egg-info/SOURCES.txt'
[0.830s] writing manifest file 'px4_ros_com.egg-info/SOURCES.txt'
[0.882s] [ 93%] Built target ament_cmake_python_build_px4_ros_com_egg
[5.661s] [01m[K/home/lohitoburrito/uav_app/src/px4_ros_com/src/app/fireforce/fireforce.cpp:[m[K In constructor ‘[01m[KHTTPServer::HTTPServer()[m[K’:
[5.662s] [01m[K/home/lohitoburrito/uav_app/src/px4_ros_com/src/app/fireforce/fireforce.cpp:93:61:[m[K [01;31m[Kerror: [m[Kno matching function for call to ‘[01m[KHTTPServer::create_subscription(const char [25], rclcpp::QoS&, std::_Bind_helper<false, void (HTTPServer::*)(std::unique_ptr<px4_msgs::msg::SensorCombined_<std::allocator<void> >, std::default_delete<px4_msgs::msg::SensorCombined_<std::allocator<void> > > >), HTTPServer*, const std::_Placeholder<1>&>::type)[m[K’
[5.662s]    93 |     sensor_combined_subscriber = [01;31m[Kthis->create_subscription<>([m[K
[5.662s]       |                                  [01;31m[K~~~~~~~~~~~~~~~~~~~~~~~~~~~^[m[K
[5.662s]    94 | [01;31m[K        "/fmu/out/sensor_combined",[m[K
[5.662s]       |         [01;31m[K~~~~~~~~~~~~~~~~~~~~~~~~~~~[m[K                          
[5.662s]    95 | [01;31m[K        qos_imu,[m[K
[5.662s]       |         [01;31m[K~~~~~~~~[m[K                                             
[5.662s]    96 | [01;31m[K        std::bind(&HTTPServer::read_imu, this, std::placeholders::_1)[m[K
[5.662s]       |         [01;31m[K~~~~~~~~~~~~~~~~~~~~~~~~~~~~~~~~~~~~~~~~~~~~~~~~~~~~~~~~~~~~~[m[K
[5.662s]    97 | [01;31m[K    )[m[K;
[5.662s]       |     [01;31m[K~[m[K                                                        
[5.662s] In file included from [01m[K/opt/ros/humble/include/rclcpp/rclcpp/node.hpp:1321[m[K,
[5.663s]                  from [01m[K/opt/ros/humble/include/rclcpp/rclcpp/executors/single_threaded_executor.hpp:28[m[K,
[5.663s]                  from [01m[K/opt/ros/humble/include/rclcpp/rclcpp/executors.hpp:22[m[K,
[5.663s]                  from [01m[K/opt/ros/humble/include/rclcpp/rclcpp/rclcpp.hpp:155[m[K,
[5.663s]                  from [01m[K/home/lohitoburrito/uav_app/src/px4_ros_com/src/app/fireforce/fireforce.cpp:9[m[K:
[5.663s] [01m[K/opt/ros/humble/include/rclcpp/rclcpp/node_impl.hpp:92:1:[m[K [01;36m[Knote: [m[Kcandidate: ‘[01m[Ktemplate<class MessageT, class CallbackT, class AllocatorT, class SubscriptionT, class MessageMemoryStrategyT> std::shared_ptr<ROSMessageT> rclcpp::Node::create_subscription(const string&, const rclcpp::QoS&, CallbackT&&, const rclcpp::SubscriptionOptionsWithAllocator<AllocatorT>&, typename MessageMemoryStrategyT::SharedPtr)[m[K’
[5.663s]    92 | [01;36m[KNode[m[K::create_subscription(
[5.663s]       | [01;36m[K^~~~[m[K
[5.663s] [01m[K/opt/ros/humble/include/rclcpp/rclcpp/node_impl.hpp:92:1:[m[K [01;36m[Knote: [m[K  template argument deduction/substitution failed:
[5.663s] [01m[K/home/lohitoburrito/uav_app/src/px4_ros_com/src/app/fireforce/fireforce.cpp:93:61:[m[K [01;36m[Knote: [m[K  couldn’t deduce template parameter ‘[01m[KMessageT[m[K’
[5.663s]    93 |     sensor_combined_subscriber = [01;36m[Kthis->create_subscription<>([m[K
[5.663s]       |                                  [01;36m[K~~~~~~~~~~~~~~~~~~~~~~~~~~~^[m[K
[5.663s]    94 | [01;36m[K        "/fmu/out/sensor_combined",[m[K
[5.663s]       |         [01;36m[K~~~~~~~~~~~~~~~~~~~~~~~~~~~[m[K                          
[5.663s]    95 | [01;36m[K        qos_imu,[m[K
[5.664s]       |         [01;36m[K~~~~~~~~[m[K                                             
[5.664s]    96 | [01;36m[K        std::bind(&HTTPServer::read_imu, this, std::placeholders::_1)[m[K
[5.664s]       |         [01;36m[K~~~~~~~~~~~~~~~~~~~~~~~~~~~~~~~~~~~~~~~~~~~~~~~~~~~~~~~~~~~~~[m[K
[5.664s]    97 | [01;36m[K    )[m[K;
[5.664s]       |     [01;36m[K~[m[K                                                        
[6.097s] In file included from [01m[K/opt/ros/humble/include/rclcpp/rclcpp/client.hpp:40[m[K,
[6.097s]                  from [01m[K/opt/ros/humble/include/rclcpp/rclcpp/callback_group.hpp:24[m[K,
[6.097s]                  from [01m[K/opt/ros/humble/include/rclcpp/rclcpp/any_executable.hpp:20[m[K,
[6.097s]                  from [01m[K/opt/ros/humble/include/rclcpp/rclcpp/memory_strategy.hpp:25[m[K,
[6.097s]                  from [01m[K/opt/ros/humble/include/rclcpp/rclcpp/memory_strategies.hpp:18[m[K,
[6.097s]                  from [01m[K/opt/ros/humble/include/rclcpp/rclcpp/executor_options.hpp:20[m[K,
[6.097s]                  from [01m[K/opt/ros/humble/include/rclcpp/rclcpp/executor.hpp:37[m[K,
[6.097s]                  from [01m[K/opt/ros/humble/include/rclcpp/rclcpp/executors/multi_threaded_executor.hpp:25[m[K,
[6.097s]                  from [01m[K/opt/ros/humble/include/rclcpp/rclcpp/executors.hpp:21[m[K,
[6.098s]                  from [01m[K/opt/ros/humble/include/rclcpp/rclcpp/rclcpp.hpp:155[m[K,
[6.098s]                  from [01m[K/home/lohitoburrito/uav_app/src/px4_ros_com/src/app/fireforce/fireforce.cpp:9[m[K:
[6.098s] [01m[K/home/lohitoburrito/uav_app/src/px4_ros_com/src/app/fireforce/fireforce.cpp:[m[K In function ‘[01m[Kint main(int, char**)[m[K’:
[6.098s] [01m[K/home/lohitoburrito/uav_app/src/px4_ros_com/src/app/fireforce/fireforce.cpp:639:17:[m[K [01;31m[Kerror: [m[K‘[01m[Knode1[m[K’ was not declared in this scope
[6.098s]   639 |     RCLCPP_INFO([01;31m[Knode1[m[K->get_logger(), "Running executor with two nodes");
[6.098s]       |                 [01;31m[K^~~~~[m[K
[6.099s] [01m[K/home/lohitoburrito/uav_app/src/px4_ros_com/src/app/fireforce/fireforce.cpp:639:5:[m[K [01;31m[Kerror: [m[Ktemplate argument 1 is invalid
[6.099s]   639 |     [01;31m[KRCLCPP_INFO[m[K(node1->get_logger(), "Running executor with two nodes");
[6.099s]       |     [01;31m[K^~~~~~~~~~~[m[K
[6.099s] [01m[K/home/lohitoburrito/uav_app/src/px4_ros_com/src/app/fireforce/fireforce.cpp:639:5:[m[K [01;31m[Kerror: [m[Ktemplate argument 1 is invalid
[6.099s]   639 |     [01;31m[KRCLCPP_INFO[m[K(node1->get_logger(), "Running executor with two nodes");
[6.099s]       |     [01;31m[K^~~~~~~~~~~[m[K
[6.099s] [01m[K/home/lohitoburrito/uav_app/src/px4_ros_com/src/app/fireforce/fireforce.cpp:639:5:[m[K [01;31m[Kerror: [m[Ktemplate argument 1 is invalid
[6.099s]   639 |     [01;31m[KRCLCPP_INFO[m[K(node1->get_logger(), "Running executor with two nodes");
[6.099s]       |     [01;31m[K^~~~~~~~~~~[m[K
[15.577s] gmake[2]: *** [CMakeFiles/fireforce.dir/build.make:76: CMakeFiles/fireforce.dir/src/app/fireforce/fireforce.cpp.o] Error 1
[15.578s] gmake[1]: *** [CMakeFiles/Makefile2:336: CMakeFiles/fireforce.dir/all] Error 2
[15.578s] gmake: *** [Makefile:146: all] Error 2
[15.581s] Invoked command in '/home/lohitoburrito/uav_app/build/px4_ros_com' returned '2': CMAKE_PREFIX_PATH=/home/lohitoburrito/uav_app/install/px4_msgs:/home/lohitoburrito/uav_app/install/px4_ros_com:/opt/ros/humble LD_LIBRARY_PATH=/home/lohitoburrito/uav_app/install/px4_msgs/lib:/home/lohitoburrito/uav_app/install/px4_ros_com/lib:/usr/lib/x86_64-linux-gnu/gazebo-11/plugins:/opt/ros/humble/opt/rviz_ogre_vendor/lib:/opt/ros/humble/lib/x86_64-linux-gnu:/opt/ros/humble/lib /usr/bin/cmake --build /home/lohitoburrito/uav_app/build/px4_ros_com -- -j8 -l8
