[0.589s] DEBUG:colcon:Command line arguments: ['/usr/bin/colcon', 'build']
[0.590s] DEBUG:colcon:Parsed command line arguments: Namespace(log_base=None, log_level=None, verb_name='build', build_base='build', install_base='install', merge_install=False, symlink_install=False, test_result_base=None, continue_on_error=False, executor='parallel', parallel_workers=8, event_handlers=None, ignore_user_meta=False, metas=['./colcon.meta'], base_paths=['.'], packages_ignore=None, packages_ignore_regex=None, paths=None, packages_up_to=None, packages_up_to_regex=None, packages_above=None, packages_above_and_dependencies=None, packages_above_depth=None, packages_select_by_dep=None, packages_skip_by_dep=None, packages_skip_up_to=None, packages_select_build_failed=False, packages_skip_build_finished=False, packages_select_test_failures=False, packages_skip_test_passed=False, packages_select=None, packages_skip=None, packages_select_regex=None, packages_skip_regex=None, packages_start=None, packages_end=None, allow_overriding=[], cmake_args=None, cmake_target=None, cmake_target_skip_unavailable=False, cmake_clean_cache=False, cmake_clean_first=False, cmake_force_configure=False, ament_cmake_args=None, catkin_cmake_args=None, catkin_skip_building_tests=False, mixin_files=None, mixin=None, verb_parser=<colcon_mixin.mixin.mixin_argument.MixinArgumentDecorator object at 0x7f0c3038ea40>, verb_extension=<colcon_core.verb.build.BuildVerb object at 0x7f0c303584c0>, main=<bound method BuildVerb.main of <colcon_core.verb.build.BuildVerb object at 0x7f0c303584c0>>, mixin_verb=('build',))
[0.727s] Level 1:colcon.colcon_core.package_discovery:discover_packages(colcon_meta) check parameters
[0.727s] Level 1:colcon.colcon_core.package_discovery:discover_packages(recursive) check parameters
[0.727s] Level 1:colcon.colcon_core.package_discovery:discover_packages(ignore) check parameters
[0.727s] Level 1:colcon.colcon_core.package_discovery:discover_packages(path) check parameters
[0.727s] Level 1:colcon.colcon_core.package_discovery:discover_packages(colcon_meta) discover
[0.727s] Level 1:colcon.colcon_core.package_discovery:discover_packages(recursive) discover
[0.728s] INFO:colcon.colcon_core.package_discovery:Crawling recursively for packages in '/home/lohitoburrito/uav_app'
[0.728s] Level 1:colcon.colcon_core.package_identification:_identify(.) by extensions ['ignore', 'ignore_ament_install']
[0.729s] Level 1:colcon.colcon_core.package_identification:_identify(.) by extension 'ignore'
[0.729s] Level 1:colcon.colcon_core.package_identification:_identify(.) by extension 'ignore_ament_install'
[0.729s] Level 1:colcon.colcon_core.package_identification:_identify(.) by extensions ['colcon_pkg']
[0.729s] Level 1:colcon.colcon_core.package_identification:_identify(.) by extension 'colcon_pkg'
[0.729s] Level 1:colcon.colcon_core.package_identification:_identify(.) by extensions ['colcon_meta']
[0.729s] Level 1:colcon.colcon_core.package_identification:_identify(.) by extension 'colcon_meta'
[0.729s] Level 1:colcon.colcon_core.package_identification:_identify(.) by extensions ['ros']
[0.730s] Level 1:colcon.colcon_core.package_identification:_identify(.) by extension 'ros'
[0.770s] Level 1:colcon.colcon_core.package_identification:_identify(.) by extensions ['cmake', 'python']
[0.770s] Level 1:colcon.colcon_core.package_identification:_identify(.) by extension 'cmake'
[0.771s] Level 1:colcon.colcon_core.package_identification:_identify(.) by extension 'python'
[0.771s] Level 1:colcon.colcon_core.package_identification:_identify(.) by extensions ['python_setup_py']
[0.771s] Level 1:colcon.colcon_core.package_identification:_identify(.) by extension 'python_setup_py'
[0.772s] Level 1:colcon.colcon_core.package_identification:_identify(build) by extensions ['ignore', 'ignore_ament_install']
[0.772s] Level 1:colcon.colcon_core.package_identification:_identify(build) by extension 'ignore'
[0.772s] Level 1:colcon.colcon_core.package_identification:_identify(build) ignored
[0.772s] Level 1:colcon.colcon_core.package_identification:_identify(install) by extensions ['ignore', 'ignore_ament_install']
[0.773s] Level 1:colcon.colcon_core.package_identification:_identify(install) by extension 'ignore'
[0.773s] Level 1:colcon.colcon_core.package_identification:_identify(install) ignored
[0.774s] Level 1:colcon.colcon_core.package_identification:_identify(log) by extensions ['ignore', 'ignore_ament_install']
[0.774s] Level 1:colcon.colcon_core.package_identification:_identify(log) by extension 'ignore'
[0.774s] Level 1:colcon.colcon_core.package_identification:_identify(log) ignored
[0.775s] Level 1:colcon.colcon_core.package_identification:_identify(src) by extensions ['ignore', 'ignore_ament_install']
[0.775s] Level 1:colcon.colcon_core.package_identification:_identify(src) by extension 'ignore'
[0.775s] Level 1:colcon.colcon_core.package_identification:_identify(src) by extension 'ignore_ament_install'
[0.775s] Level 1:colcon.colcon_core.package_identification:_identify(src) by extensions ['colcon_pkg']
[0.775s] Level 1:colcon.colcon_core.package_identification:_identify(src) by extension 'colcon_pkg'
[0.775s] Level 1:colcon.colcon_core.package_identification:_identify(src) by extensions ['colcon_meta']
[0.775s] Level 1:colcon.colcon_core.package_identification:_identify(src) by extension 'colcon_meta'
[0.775s] Level 1:colcon.colcon_core.package_identification:_identify(src) by extensions ['ros']
[0.775s] Level 1:colcon.colcon_core.package_identification:_identify(src) by extension 'ros'
[0.775s] Level 1:colcon.colcon_core.package_identification:_identify(src) by extensions ['cmake', 'python']
[0.776s] Level 1:colcon.colcon_core.package_identification:_identify(src) by extension 'cmake'
[0.776s] Level 1:colcon.colcon_core.package_identification:_identify(src) by extension 'python'
[0.776s] Level 1:colcon.colcon_core.package_identification:_identify(src) by extensions ['python_setup_py']
[0.776s] Level 1:colcon.colcon_core.package_identification:_identify(src) by extension 'python_setup_py'
[0.776s] Level 1:colcon.colcon_core.package_identification:_identify(src/px4_msgs) by extensions ['ignore', 'ignore_ament_install']
[0.776s] Level 1:colcon.colcon_core.package_identification:_identify(src/px4_msgs) by extension 'ignore'
[0.777s] Level 1:colcon.colcon_core.package_identification:_identify(src/px4_msgs) by extension 'ignore_ament_install'
[0.777s] Level 1:colcon.colcon_core.package_identification:_identify(src/px4_msgs) by extensions ['colcon_pkg']
[0.777s] Level 1:colcon.colcon_core.package_identification:_identify(src/px4_msgs) by extension 'colcon_pkg'
[0.777s] Level 1:colcon.colcon_core.package_identification:_identify(src/px4_msgs) by extensions ['colcon_meta']
[0.777s] Level 1:colcon.colcon_core.package_identification:_identify(src/px4_msgs) by extension 'colcon_meta'
[0.777s] Level 1:colcon.colcon_core.package_identification:_identify(src/px4_msgs) by extensions ['ros']
[0.777s] Level 1:colcon.colcon_core.package_identification:_identify(src/px4_msgs) by extension 'ros'
[0.784s] DEBUG:colcon.colcon_core.package_identification:Package 'src/px4_msgs' with type 'ros.ament_cmake' and name 'px4_msgs'
[0.787s] Level 1:colcon.colcon_core.package_identification:_identify(src/px4_ros_com) by extensions ['ignore', 'ignore_ament_install']
[0.787s] Level 1:colcon.colcon_core.package_identification:_identify(src/px4_ros_com) by extension 'ignore'
[0.787s] Level 1:colcon.colcon_core.package_identification:_identify(src/px4_ros_com) by extension 'ignore_ament_install'
[0.787s] Level 1:colcon.colcon_core.package_identification:_identify(src/px4_ros_com) by extensions ['colcon_pkg']
[0.787s] Level 1:colcon.colcon_core.package_identification:_identify(src/px4_ros_com) by extension 'colcon_pkg'
[0.787s] Level 1:colcon.colcon_core.package_identification:_identify(src/px4_ros_com) by extensions ['colcon_meta']
[0.787s] Level 1:colcon.colcon_core.package_identification:_identify(src/px4_ros_com) by extension 'colcon_meta'
[0.788s] Level 1:colcon.colcon_core.package_identification:_identify(src/px4_ros_com) by extensions ['ros']
[0.788s] Level 1:colcon.colcon_core.package_identification:_identify(src/px4_ros_com) by extension 'ros'
[0.791s] DEBUG:colcon.colcon_core.package_identification:Package 'src/px4_ros_com' with type 'ros.ament_cmake' and name 'px4_ros_com'
[0.791s] Level 1:colcon.colcon_core.package_discovery:discover_packages(recursive) using defaults
[0.792s] Level 1:colcon.colcon_core.package_discovery:discover_packages(ignore) discover
[0.792s] Level 1:colcon.colcon_core.package_discovery:discover_packages(ignore) using defaults
[0.792s] Level 1:colcon.colcon_core.package_discovery:discover_packages(path) discover
[0.792s] Level 1:colcon.colcon_core.package_discovery:discover_packages(path) using defaults
[0.863s] Level 1:colcon.colcon_core.package_discovery:discover_packages(prefix_path) check parameters
[0.863s] Level 1:colcon.colcon_core.package_discovery:discover_packages(prefix_path) discover
[0.870s] DEBUG:colcon.colcon_installed_package_information.package_discovery:Found 2 installed packages in /home/lohitoburrito/uav_app/install
[0.872s] DEBUG:colcon.colcon_installed_package_information.package_discovery:Found 298 installed packages in /opt/ros/humble
[0.874s] Level 1:colcon.colcon_core.package_discovery:discover_packages(prefix_path) using defaults
[0.935s] Level 5:colcon.colcon_core.verb:set package 'px4_msgs' build argument 'cmake_args' from command line to 'None'
[0.936s] Level 5:colcon.colcon_core.verb:set package 'px4_msgs' build argument 'cmake_target' from command line to 'None'
[0.936s] Level 5:colcon.colcon_core.verb:set package 'px4_msgs' build argument 'cmake_target_skip_unavailable' from command line to 'False'
[0.936s] Level 5:colcon.colcon_core.verb:set package 'px4_msgs' build argument 'cmake_clean_cache' from command line to 'False'
[0.936s] Level 5:colcon.colcon_core.verb:set package 'px4_msgs' build argument 'cmake_clean_first' from command line to 'False'
[0.936s] Level 5:colcon.colcon_core.verb:set package 'px4_msgs' build argument 'cmake_force_configure' from command line to 'False'
[0.936s] Level 5:colcon.colcon_core.verb:set package 'px4_msgs' build argument 'ament_cmake_args' from command line to 'None'
[0.936s] Level 5:colcon.colcon_core.verb:set package 'px4_msgs' build argument 'catkin_cmake_args' from command line to 'None'
[0.936s] Level 5:colcon.colcon_core.verb:set package 'px4_msgs' build argument 'catkin_skip_building_tests' from command line to 'False'
[0.936s] DEBUG:colcon.colcon_core.verb:Building package 'px4_msgs' with the following arguments: {'ament_cmake_args': None, 'build_base': '/home/lohitoburrito/uav_app/build/px4_msgs', 'catkin_cmake_args': None, 'catkin_skip_building_tests': False, 'cmake_args': None, 'cmake_clean_cache': False, 'cmake_clean_first': False, 'cmake_force_configure': False, 'cmake_target': None, 'cmake_target_skip_unavailable': False, 'install_base': '/home/lohitoburrito/uav_app/install/px4_msgs', 'merge_install': False, 'path': '/home/lohitoburrito/uav_app/src/px4_msgs', 'symlink_install': False, 'test_result_base': None}
[0.936s] Level 5:colcon.colcon_core.verb:set package 'px4_ros_com' build argument 'cmake_args' from command line to 'None'
[0.937s] Level 5:colcon.colcon_core.verb:set package 'px4_ros_com' build argument 'cmake_target' from command line to 'None'
[0.937s] Level 5:colcon.colcon_core.verb:set package 'px4_ros_com' build argument 'cmake_target_skip_unavailable' from command line to 'False'
[0.937s] Level 5:colcon.colcon_core.verb:set package 'px4_ros_com' build argument 'cmake_clean_cache' from command line to 'False'
[0.937s] Level 5:colcon.colcon_core.verb:set package 'px4_ros_com' build argument 'cmake_clean_first' from command line to 'False'
[0.937s] Level 5:colcon.colcon_core.verb:set package 'px4_ros_com' build argument 'cmake_force_configure' from command line to 'False'
[0.937s] Level 5:colcon.colcon_core.verb:set package 'px4_ros_com' build argument 'ament_cmake_args' from command line to 'None'
[0.937s] Level 5:colcon.colcon_core.verb:set package 'px4_ros_com' build argument 'catkin_cmake_args' from command line to 'None'
[0.937s] Level 5:colcon.colcon_core.verb:set package 'px4_ros_com' build argument 'catkin_skip_building_tests' from command line to 'False'
[0.937s] DEBUG:colcon.colcon_core.verb:Building package 'px4_ros_com' with the following arguments: {'ament_cmake_args': None, 'build_base': '/home/lohitoburrito/uav_app/build/px4_ros_com', 'catkin_cmake_args': None, 'catkin_skip_building_tests': False, 'cmake_args': None, 'cmake_clean_cache': False, 'cmake_clean_first': False, 'cmake_force_configure': False, 'cmake_target': None, 'cmake_target_skip_unavailable': False, 'install_base': '/home/lohitoburrito/uav_app/install/px4_ros_com', 'merge_install': False, 'path': '/home/lohitoburrito/uav_app/src/px4_ros_com', 'symlink_install': False, 'test_result_base': None}
[0.937s] INFO:colcon.colcon_core.executor:Executing jobs using 'parallel' executor
[0.938s] DEBUG:colcon.colcon_parallel_executor.executor.parallel:run_until_complete
[0.939s] INFO:colcon.colcon_ros.task.ament_cmake.build:Building ROS package in '/home/lohitoburrito/uav_app/src/px4_msgs' with build type 'ament_cmake'
[0.939s] INFO:colcon.colcon_cmake.task.cmake.build:Building CMake package in '/home/lohitoburrito/uav_app/src/px4_msgs'
[0.953s] INFO:colcon.colcon_core.plugin_system:Skipping extension 'colcon_core.shell.bat': Not used on non-Windows systems
[0.953s] INFO:colcon.colcon_core.shell:Skip shell extension 'powershell' for command environment: Not usable outside of PowerShell
[0.954s] DEBUG:colcon.colcon_core.shell:Skip shell extension 'dsv' for command environment
[0.968s] DEBUG:colcon.colcon_core.event_handler.log_command:Invoking command in '/home/lohitoburrito/uav_app/build/px4_msgs': CMAKE_PREFIX_PATH=${CMAKE_PREFIX_PATH}:/opt/ros/humble /usr/bin/cmake --build /home/lohitoburrito/uav_app/build/px4_msgs -- -j8 -l8
[2.839s] DEBUG:colcon.colcon_core.event_handler.log_command:Invoked command in '/home/lohitoburrito/uav_app/build/px4_msgs' returned '0': CMAKE_PREFIX_PATH=${CMAKE_PREFIX_PATH}:/opt/ros/humble /usr/bin/cmake --build /home/lohitoburrito/uav_app/build/px4_msgs -- -j8 -l8
[2.857s] DEBUG:colcon.colcon_core.event_handler.log_command:Invoking command in '/home/lohitoburrito/uav_app/build/px4_msgs': CMAKE_PREFIX_PATH=${CMAKE_PREFIX_PATH}:/opt/ros/humble /usr/bin/cmake --install /home/lohitoburrito/uav_app/build/px4_msgs
[3.590s] Level 1:colcon.colcon_core.environment:create_environment_scripts_only(px4_msgs)
[3.591s] DEBUG:colcon.colcon_core.event_handler.log_command:Invoked command in '/home/lohitoburrito/uav_app/build/px4_msgs' returned '0': CMAKE_PREFIX_PATH=${CMAKE_PREFIX_PATH}:/opt/ros/humble /usr/bin/cmake --install /home/lohitoburrito/uav_app/build/px4_msgs
[3.601s] Level 1:colcon.colcon_core.environment:checking '/home/lohitoburrito/uav_app/install/px4_msgs' for CMake module files
[3.604s] Level 1:colcon.colcon_core.environment:checking '/home/lohitoburrito/uav_app/install/px4_msgs' for CMake config files
[3.640s] Level 1:colcon.colcon_core.shell:create_environment_hook('px4_msgs', 'cmake_prefix_path')
[3.642s] INFO:colcon.colcon_core.shell:Creating environment hook '/home/lohitoburrito/uav_app/install/px4_msgs/share/px4_msgs/hook/cmake_prefix_path.ps1'
[3.643s] INFO:colcon.colcon_core.shell:Creating environment descriptor '/home/lohitoburrito/uav_app/install/px4_msgs/share/px4_msgs/hook/cmake_prefix_path.dsv'
[3.645s] INFO:colcon.colcon_core.shell:Creating environment hook '/home/lohitoburrito/uav_app/install/px4_msgs/share/px4_msgs/hook/cmake_prefix_path.sh'
[3.647s] Level 1:colcon.colcon_core.environment:checking '/home/lohitoburrito/uav_app/install/px4_msgs/lib'
[3.648s] Level 1:colcon.colcon_core.shell:create_environment_hook('px4_msgs', 'ld_library_path_lib')
[3.648s] INFO:colcon.colcon_core.shell:Creating environment hook '/home/lohitoburrito/uav_app/install/px4_msgs/share/px4_msgs/hook/ld_library_path_lib.ps1'
[3.649s] INFO:colcon.colcon_core.shell:Creating environment descriptor '/home/lohitoburrito/uav_app/install/px4_msgs/share/px4_msgs/hook/ld_library_path_lib.dsv'
[3.650s] INFO:colcon.colcon_core.shell:Creating environment hook '/home/lohitoburrito/uav_app/install/px4_msgs/share/px4_msgs/hook/ld_library_path_lib.sh'
[3.650s] Level 1:colcon.colcon_core.environment:checking '/home/lohitoburrito/uav_app/install/px4_msgs/bin'
[3.650s] Level 1:colcon.colcon_core.environment:checking '/home/lohitoburrito/uav_app/install/px4_msgs/lib/pkgconfig/px4_msgs.pc'
[3.651s] Level 1:colcon.colcon_core.environment:checking '/home/lohitoburrito/uav_app/install/px4_msgs/lib/python3.10/site-packages'
[3.651s] Level 1:colcon.colcon_core.environment:checking '/home/lohitoburrito/uav_app/install/px4_msgs/bin'
[3.653s] INFO:colcon.colcon_core.shell:Creating package script '/home/lohitoburrito/uav_app/install/px4_msgs/share/px4_msgs/package.ps1'
[3.656s] INFO:colcon.colcon_core.shell:Creating package descriptor '/home/lohitoburrito/uav_app/install/px4_msgs/share/px4_msgs/package.dsv'
[3.659s] INFO:colcon.colcon_core.shell:Creating package script '/home/lohitoburrito/uav_app/install/px4_msgs/share/px4_msgs/package.sh'
[3.660s] INFO:colcon.colcon_core.shell:Creating package script '/home/lohitoburrito/uav_app/install/px4_msgs/share/px4_msgs/package.bash'
[3.661s] INFO:colcon.colcon_core.shell:Creating package script '/home/lohitoburrito/uav_app/install/px4_msgs/share/px4_msgs/package.zsh'
[3.662s] Level 1:colcon.colcon_core.environment:create_file_with_runtime_dependencies(/home/lohitoburrito/uav_app/install/px4_msgs/share/colcon-core/packages/px4_msgs)
[3.663s] Level 1:colcon.colcon_core.environment:create_environment_scripts_only(px4_msgs)
[3.663s] Level 1:colcon.colcon_core.environment:checking '/home/lohitoburrito/uav_app/install/px4_msgs' for CMake module files
[3.664s] Level 1:colcon.colcon_core.environment:checking '/home/lohitoburrito/uav_app/install/px4_msgs' for CMake config files
[3.668s] Level 1:colcon.colcon_core.shell:create_environment_hook('px4_msgs', 'cmake_prefix_path')
[3.669s] INFO:colcon.colcon_core.shell:Creating environment hook '/home/lohitoburrito/uav_app/install/px4_msgs/share/px4_msgs/hook/cmake_prefix_path.ps1'
[3.670s] INFO:colcon.colcon_core.shell:Creating environment descriptor '/home/lohitoburrito/uav_app/install/px4_msgs/share/px4_msgs/hook/cmake_prefix_path.dsv'
[3.671s] INFO:colcon.colcon_core.shell:Creating environment hook '/home/lohitoburrito/uav_app/install/px4_msgs/share/px4_msgs/hook/cmake_prefix_path.sh'
[3.673s] Level 1:colcon.colcon_core.environment:checking '/home/lohitoburrito/uav_app/install/px4_msgs/lib'
[3.673s] Level 1:colcon.colcon_core.shell:create_environment_hook('px4_msgs', 'ld_library_path_lib')
[3.673s] INFO:colcon.colcon_core.shell:Creating environment hook '/home/lohitoburrito/uav_app/install/px4_msgs/share/px4_msgs/hook/ld_library_path_lib.ps1'
[3.674s] INFO:colcon.colcon_core.shell:Creating environment descriptor '/home/lohitoburrito/uav_app/install/px4_msgs/share/px4_msgs/hook/ld_library_path_lib.dsv'
[3.675s] INFO:colcon.colcon_core.shell:Creating environment hook '/home/lohitoburrito/uav_app/install/px4_msgs/share/px4_msgs/hook/ld_library_path_lib.sh'
[3.675s] Level 1:colcon.colcon_core.environment:checking '/home/lohitoburrito/uav_app/install/px4_msgs/bin'
[3.675s] Level 1:colcon.colcon_core.environment:checking '/home/lohitoburrito/uav_app/install/px4_msgs/lib/pkgconfig/px4_msgs.pc'
[3.676s] Level 1:colcon.colcon_core.environment:checking '/home/lohitoburrito/uav_app/install/px4_msgs/lib/python3.10/site-packages'
[3.676s] Level 1:colcon.colcon_core.environment:checking '/home/lohitoburrito/uav_app/install/px4_msgs/bin'
[3.677s] INFO:colcon.colcon_core.shell:Creating package script '/home/lohitoburrito/uav_app/install/px4_msgs/share/px4_msgs/package.ps1'
[3.678s] INFO:colcon.colcon_core.shell:Creating package descriptor '/home/lohitoburrito/uav_app/install/px4_msgs/share/px4_msgs/package.dsv'
[3.679s] INFO:colcon.colcon_core.shell:Creating package script '/home/lohitoburrito/uav_app/install/px4_msgs/share/px4_msgs/package.sh'
[3.679s] INFO:colcon.colcon_core.shell:Creating package script '/home/lohitoburrito/uav_app/install/px4_msgs/share/px4_msgs/package.bash'
[3.680s] INFO:colcon.colcon_core.shell:Creating package script '/home/lohitoburrito/uav_app/install/px4_msgs/share/px4_msgs/package.zsh'
[3.680s] Level 1:colcon.colcon_core.environment:create_file_with_runtime_dependencies(/home/lohitoburrito/uav_app/install/px4_msgs/share/colcon-core/packages/px4_msgs)
[3.681s] INFO:colcon.colcon_ros.task.ament_cmake.build:Building ROS package in '/home/lohitoburrito/uav_app/src/px4_ros_com' with build type 'ament_cmake'
[3.681s] INFO:colcon.colcon_cmake.task.cmake.build:Building CMake package in '/home/lohitoburrito/uav_app/src/px4_ros_com'
[3.681s] INFO:colcon.colcon_core.shell:Skip shell extension 'powershell' for command environment: Not usable outside of PowerShell
[3.682s] DEBUG:colcon.colcon_core.shell:Skip shell extension 'dsv' for command environment
[3.977s] DEBUG:colcon.colcon_core.event_handler.log_command:Invoking command in '/home/lohitoburrito/uav_app/build/px4_ros_com': CMAKE_PREFIX_PATH=/home/lohitoburrito/uav_app/install/px4_msgs:/home/lohitoburrito/uav_app/install/px4_ros_com:/opt/ros/humble LD_LIBRARY_PATH=/home/lohitoburrito/uav_app/install/px4_msgs/lib:/home/lohitoburrito/uav_app/install/px4_ros_com/lib:/usr/lib/x86_64-linux-gnu/gazebo-11/plugins:/opt/ros/humble/opt/rviz_ogre_vendor/lib:/opt/ros/humble/lib/x86_64-linux-gnu:/opt/ros/humble/lib /usr/bin/cmake --build /home/lohitoburrito/uav_app/build/px4_ros_com -- -j8 -l8
[33.236s] DEBUG:colcon.colcon_core.event_handler.log_command:Invoked command in '/home/lohitoburrito/uav_app/build/px4_ros_com' returned '0': CMAKE_PREFIX_PATH=/home/lohitoburrito/uav_app/install/px4_msgs:/home/lohitoburrito/uav_app/install/px4_ros_com:/opt/ros/humble LD_LIBRARY_PATH=/home/lohitoburrito/uav_app/install/px4_msgs/lib:/home/lohitoburrito/uav_app/install/px4_ros_com/lib:/usr/lib/x86_64-linux-gnu/gazebo-11/plugins:/opt/ros/humble/opt/rviz_ogre_vendor/lib:/opt/ros/humble/lib/x86_64-linux-gnu:/opt/ros/humble/lib /usr/bin/cmake --build /home/lohitoburrito/uav_app/build/px4_ros_com -- -j8 -l8
[33.240s] DEBUG:colcon.colcon_core.event_handler.log_command:Invoking command in '/home/lohitoburrito/uav_app/build/px4_ros_com': CMAKE_PREFIX_PATH=/home/lohitoburrito/uav_app/install/px4_msgs:/home/lohitoburrito/uav_app/install/px4_ros_com:/opt/ros/humble LD_LIBRARY_PATH=/home/lohitoburrito/uav_app/install/px4_msgs/lib:/home/lohitoburrito/uav_app/install/px4_ros_com/lib:/usr/lib/x86_64-linux-gnu/gazebo-11/plugins:/opt/ros/humble/opt/rviz_ogre_vendor/lib:/opt/ros/humble/lib/x86_64-linux-gnu:/opt/ros/humble/lib /usr/bin/cmake --install /home/lohitoburrito/uav_app/build/px4_ros_com
[33.399s] Level 1:colcon.colcon_core.environment:create_environment_scripts_only(px4_ros_com)
[33.401s] Level 1:colcon.colcon_core.environment:checking '/home/lohitoburrito/uav_app/install/px4_ros_com' for CMake module files
[33.403s] DEBUG:colcon.colcon_core.event_handler.log_command:Invoked command in '/home/lohitoburrito/uav_app/build/px4_ros_com' returned '0': CMAKE_PREFIX_PATH=/home/lohitoburrito/uav_app/install/px4_msgs:/home/lohitoburrito/uav_app/install/px4_ros_com:/opt/ros/humble LD_LIBRARY_PATH=/home/lohitoburrito/uav_app/install/px4_msgs/lib:/home/lohitoburrito/uav_app/install/px4_ros_com/lib:/usr/lib/x86_64-linux-gnu/gazebo-11/plugins:/opt/ros/humble/opt/rviz_ogre_vendor/lib:/opt/ros/humble/lib/x86_64-linux-gnu:/opt/ros/humble/lib /usr/bin/cmake --install /home/lohitoburrito/uav_app/build/px4_ros_com
[33.404s] Level 1:colcon.colcon_core.environment:checking '/home/lohitoburrito/uav_app/install/px4_ros_com' for CMake config files
[33.412s] Level 1:colcon.colcon_core.shell:create_environment_hook('px4_ros_com', 'cmake_prefix_path')
[33.412s] INFO:colcon.colcon_core.shell:Creating environment hook '/home/lohitoburrito/uav_app/install/px4_ros_com/share/px4_ros_com/hook/cmake_prefix_path.ps1'
[33.413s] INFO:colcon.colcon_core.shell:Creating environment descriptor '/home/lohitoburrito/uav_app/install/px4_ros_com/share/px4_ros_com/hook/cmake_prefix_path.dsv'
[33.414s] INFO:colcon.colcon_core.shell:Creating environment hook '/home/lohitoburrito/uav_app/install/px4_ros_com/share/px4_ros_com/hook/cmake_prefix_path.sh'
[33.415s] Level 1:colcon.colcon_core.environment:checking '/home/lohitoburrito/uav_app/install/px4_ros_com/lib'
[33.415s] Level 1:colcon.colcon_core.shell:create_environment_hook('px4_ros_com', 'ld_library_path_lib')
[33.415s] INFO:colcon.colcon_core.shell:Creating environment hook '/home/lohitoburrito/uav_app/install/px4_ros_com/share/px4_ros_com/hook/ld_library_path_lib.ps1'
[33.416s] INFO:colcon.colcon_core.shell:Creating environment descriptor '/home/lohitoburrito/uav_app/install/px4_ros_com/share/px4_ros_com/hook/ld_library_path_lib.dsv'
[33.417s] INFO:colcon.colcon_core.shell:Creating environment hook '/home/lohitoburrito/uav_app/install/px4_ros_com/share/px4_ros_com/hook/ld_library_path_lib.sh'
[33.417s] Level 1:colcon.colcon_core.environment:checking '/home/lohitoburrito/uav_app/install/px4_ros_com/bin'
[33.418s] Level 1:colcon.colcon_core.environment:checking '/home/lohitoburrito/uav_app/install/px4_ros_com/lib/pkgconfig/px4_ros_com.pc'
[33.418s] Level 1:colcon.colcon_core.environment:checking '/home/lohitoburrito/uav_app/install/px4_ros_com/lib/python3.10/site-packages'
[33.418s] Level 1:colcon.colcon_core.environment:checking '/home/lohitoburrito/uav_app/install/px4_ros_com/bin'
[33.419s] INFO:colcon.colcon_core.shell:Creating package script '/home/lohitoburrito/uav_app/install/px4_ros_com/share/px4_ros_com/package.ps1'
[33.423s] INFO:colcon.colcon_core.shell:Creating package descriptor '/home/lohitoburrito/uav_app/install/px4_ros_com/share/px4_ros_com/package.dsv'
[33.426s] INFO:colcon.colcon_core.shell:Creating package script '/home/lohitoburrito/uav_app/install/px4_ros_com/share/px4_ros_com/package.sh'
[33.427s] INFO:colcon.colcon_core.shell:Creating package script '/home/lohitoburrito/uav_app/install/px4_ros_com/share/px4_ros_com/package.bash'
[33.429s] INFO:colcon.colcon_core.shell:Creating package script '/home/lohitoburrito/uav_app/install/px4_ros_com/share/px4_ros_com/package.zsh'
[33.430s] Level 1:colcon.colcon_core.environment:create_file_with_runtime_dependencies(/home/lohitoburrito/uav_app/install/px4_ros_com/share/colcon-core/packages/px4_ros_com)
[33.432s] Level 1:colcon.colcon_core.environment:create_environment_scripts_only(px4_ros_com)
[33.433s] Level 1:colcon.colcon_core.environment:checking '/home/lohitoburrito/uav_app/install/px4_ros_com' for CMake module files
[33.433s] Level 1:colcon.colcon_core.environment:checking '/home/lohitoburrito/uav_app/install/px4_ros_com' for CMake config files
[33.434s] Level 1:colcon.colcon_core.shell:create_environment_hook('px4_ros_com', 'cmake_prefix_path')
[33.435s] INFO:colcon.colcon_core.shell:Creating environment hook '/home/lohitoburrito/uav_app/install/px4_ros_com/share/px4_ros_com/hook/cmake_prefix_path.ps1'
[33.436s] INFO:colcon.colcon_core.shell:Creating environment descriptor '/home/lohitoburrito/uav_app/install/px4_ros_com/share/px4_ros_com/hook/cmake_prefix_path.dsv'
[33.437s] INFO:colcon.colcon_core.shell:Creating environment hook '/home/lohitoburrito/uav_app/install/px4_ros_com/share/px4_ros_com/hook/cmake_prefix_path.sh'
[33.438s] Level 1:colcon.colcon_core.environment:checking '/home/lohitoburrito/uav_app/install/px4_ros_com/lib'
[33.438s] Level 1:colcon.colcon_core.shell:create_environment_hook('px4_ros_com', 'ld_library_path_lib')
[33.439s] INFO:colcon.colcon_core.shell:Creating environment hook '/home/lohitoburrito/uav_app/install/px4_ros_com/share/px4_ros_com/hook/ld_library_path_lib.ps1'
[33.442s] INFO:colcon.colcon_core.shell:Creating environment descriptor '/home/lohitoburrito/uav_app/install/px4_ros_com/share/px4_ros_com/hook/ld_library_path_lib.dsv'
[33.444s] INFO:colcon.colcon_core.shell:Creating environment hook '/home/lohitoburrito/uav_app/install/px4_ros_com/share/px4_ros_com/hook/ld_library_path_lib.sh'
[33.447s] Level 1:colcon.colcon_core.environment:checking '/home/lohitoburrito/uav_app/install/px4_ros_com/bin'
[33.447s] Level 1:colcon.colcon_core.environment:checking '/home/lohitoburrito/uav_app/install/px4_ros_com/lib/pkgconfig/px4_ros_com.pc'
[33.448s] Level 1:colcon.colcon_core.environment:checking '/home/lohitoburrito/uav_app/install/px4_ros_com/lib/python3.10/site-packages'
[33.448s] Level 1:colcon.colcon_core.environment:checking '/home/lohitoburrito/uav_app/install/px4_ros_com/bin'
[33.449s] INFO:colcon.colcon_core.shell:Creating package script '/home/lohitoburrito/uav_app/install/px4_ros_com/share/px4_ros_com/package.ps1'
[33.451s] INFO:colcon.colcon_core.shell:Creating package descriptor '/home/lohitoburrito/uav_app/install/px4_ros_com/share/px4_ros_com/package.dsv'
[33.452s] INFO:colcon.colcon_core.shell:Creating package script '/home/lohitoburrito/uav_app/install/px4_ros_com/share/px4_ros_com/package.sh'
[33.454s] INFO:colcon.colcon_core.shell:Creating package script '/home/lohitoburrito/uav_app/install/px4_ros_com/share/px4_ros_com/package.bash'
[33.454s] INFO:colcon.colcon_core.shell:Creating package script '/home/lohitoburrito/uav_app/install/px4_ros_com/share/px4_ros_com/package.zsh'
[33.455s] Level 1:colcon.colcon_core.environment:create_file_with_runtime_dependencies(/home/lohitoburrito/uav_app/install/px4_ros_com/share/colcon-core/packages/px4_ros_com)
[33.456s] DEBUG:colcon.colcon_parallel_executor.executor.parallel:closing loop
[33.457s] DEBUG:colcon.colcon_parallel_executor.executor.parallel:loop closed
[33.457s] DEBUG:colcon.colcon_parallel_executor.executor.parallel:run_until_complete finished with '0'
[33.457s] DEBUG:colcon.colcon_core.event_reactor:joining thread
[33.617s] INFO:colcon.colcon_core.plugin_system:Skipping extension 'colcon_notification.desktop_notification.notify_send': Could not find 'notify-send'
[33.617s] INFO:colcon.colcon_core.plugin_system:Skipping extension 'colcon_notification.desktop_notification.terminal_notifier': Not used on non-Darwin systems
[33.617s] INFO:colcon.colcon_core.plugin_system:Skipping extension 'colcon_notification.desktop_notification.win32': Not used on non-Windows systems
[33.617s] INFO:colcon.colcon_notification.desktop_notification:Sending desktop notification using 'notify2'
[33.618s] DEBUG:colcon.colcon_notification.desktop_notification.notify2:Failed to initialize notify2: org.freedesktop.DBus.Error.FileNotFound: Failed to connect to socket /run/user/1000/bus: No such file or directory
[33.618s] DEBUG:colcon.colcon_core.event_reactor:joined thread
[33.618s] INFO:colcon.colcon_core.shell:Creating prefix script '/home/lohitoburrito/uav_app/install/local_setup.ps1'
[33.621s] INFO:colcon.colcon_core.shell:Creating prefix util module '/home/lohitoburrito/uav_app/install/_local_setup_util_ps1.py'
[33.624s] INFO:colcon.colcon_core.shell:Creating prefix chain script '/home/lohitoburrito/uav_app/install/setup.ps1'
[33.628s] INFO:colcon.colcon_core.shell:Creating prefix script '/home/lohitoburrito/uav_app/install/local_setup.sh'
[33.630s] INFO:colcon.colcon_core.shell:Creating prefix util module '/home/lohitoburrito/uav_app/install/_local_setup_util_sh.py'
[33.635s] INFO:colcon.colcon_core.shell:Creating prefix chain script '/home/lohitoburrito/uav_app/install/setup.sh'
[33.638s] INFO:colcon.colcon_core.shell:Creating prefix script '/home/lohitoburrito/uav_app/install/local_setup.bash'
[33.640s] INFO:colcon.colcon_core.shell:Creating prefix chain script '/home/lohitoburrito/uav_app/install/setup.bash'
[33.645s] INFO:colcon.colcon_core.shell:Creating prefix script '/home/lohitoburrito/uav_app/install/local_setup.zsh'
[33.649s] INFO:colcon.colcon_core.shell:Creating prefix chain script '/home/lohitoburrito/uav_app/install/setup.zsh'
