[0.288s] Invoking command in '/home/lohitoburrito/uav_app/build/px4_ros_com': CMAKE_PREFIX_PATH=/home/lohitoburrito/uav_app/install/px4_msgs:/home/lohitoburrito/uav_app/install/px4_ros_com:/opt/ros/humble LD_LIBRARY_PATH=/home/lohitoburrito/uav_app/install/px4_msgs/lib:/home/lohitoburrito/uav_app/install/px4_ros_com/lib:/usr/lib/x86_64-linux-gnu/gazebo-11/plugins:/opt/ros/humble/opt/rviz_ogre_vendor/lib:/opt/ros/humble/lib/x86_64-linux-gnu:/opt/ros/humble/lib /usr/bin/cmake --build /home/lohitoburrito/uav_app/build/px4_ros_com -- -j8 -l8
[0.347s] [35m[1mConsolidate compiler generated dependencies of target fireforce[0m
[0.363s] [ 12%] Built target debug_vect_advertiser
[0.366s] [ 25%] Built target sensor_combined_listener
[0.369s] [ 37%] Built target frame_transforms
[0.379s] [ 62%] [32mBuilding CXX object CMakeFiles/fireforce.dir/src/app/fireforce/fireforce.cpp.o[0m
[0.381s] [ 68%] Built target offboard_control_srv
[0.381s] [ 62%] Built target vehicle_gps_position_listener
[0.381s] [ 81%] Built target offboard_control
[0.389s] [ 93%] Built target reconnaissance
[0.411s] [ 93%] Built target ament_cmake_python_copy_px4_ros_com
[0.738s] running egg_info
[0.764s] writing px4_ros_com.egg-info/PKG-INFO
[0.765s] writing dependency_links to px4_ros_com.egg-info/dependency_links.txt
[0.765s] writing top-level names to px4_ros_com.egg-info/top_level.txt
[0.829s] reading manifest file 'px4_ros_com.egg-info/SOURCES.txt'
[0.831s] writing manifest file 'px4_ros_com.egg-info/SOURCES.txt'
[0.901s] [ 93%] Built target ament_cmake_python_build_px4_ros_com_egg
[6.672s] [01m[K/home/lohitoburrito/uav_app/src/px4_ros_com/src/app/fireforce/fireforce.cpp:[m[K In member function ‘[01m[Kvoid UAVCommand::read_camera_image_raw(sensor_msgs::msg::Image_<std::allocator<void> >::SharedPtr)[m[K’:
[6.673s] [01m[K/home/lohitoburrito/uav_app/src/px4_ros_com/src/app/fireforce/fireforce.cpp:228:31:[m[K [01;31m[Kerror: [m[K‘[01m[KUAVCommand::VehicleState[m[K’ {aka ‘[01m[Kstruct UAVCommand::VehicleState[m[K’} has no member named ‘[01m[Kms1[m[K’; did you mean ‘[01m[Kms[m[K’?
[6.673s]   228 |                 vehicle_state.[01;31m[Kms1[m[K = -1;
[6.673s]       |                               [01;31m[K^~~[m[K
[6.673s]       |                               [32m[Kms[m[K
[6.679s] [01m[K/home/lohitoburrito/uav_app/src/px4_ros_com/src/app/fireforce/fireforce.cpp:[m[K In member function ‘[01m[Kvoid UAVCommand::run_mission()[m[K’:
[6.679s] [01m[K/home/lohitoburrito/uav_app/src/px4_ros_com/src/app/fireforce/fireforce.cpp:361:14:[m[K [01;31m[Kerror: [m[Kjump to case label
[6.679s]   361 |         case [01;31m[K0[m[K:
[6.679s]       |              [01;31m[K^[m[K
[6.679s] [01m[K/home/lohitoburrito/uav_app/src/px4_ros_com/src/app/fireforce/fireforce.cpp:356:19:[m[K [01;36m[Knote: [m[K  crosses initialization of ‘[01m[Kfloat radius[m[K’
[6.679s]   356 |             float [01;36m[Kradius[m[K = (sqrt(pow(disp_x, 2) + pow(disp_y, 2)) < 220.0) ? 0.1 : 0.3;
[6.679s]       |                   [01;36m[K^~~~~~[m[K
[6.679s] [01m[K/home/lohitoburrito/uav_app/src/px4_ros_com/src/app/fireforce/fireforce.cpp:355:19:[m[K [01;36m[Knote: [m[K  crosses initialization of ‘[01m[Kfloat target_rad[m[K’
[6.679s]   355 |             float [01;36m[Ktarget_rad[m[K = std::atan2(disp_y, disp_x);
[6.679s]       |                   [01;36m[K^~~~~~~~~~[m[K
[6.682s] [01m[K/home/lohitoburrito/uav_app/src/px4_ros_com/src/app/fireforce/fireforce.cpp:354:19:[m[K [01;36m[Knote: [m[K  crosses initialization of ‘[01m[Kfloat disp_y[m[K’
[6.682s]   354 |             float [01;36m[Kdisp_y[m[K = 320 - marker_y;
[6.682s]       |                   [01;36m[K^~~~~~[m[K
[6.682s] [01m[K/home/lohitoburrito/uav_app/src/px4_ros_com/src/app/fireforce/fireforce.cpp:353:19:[m[K [01;36m[Knote: [m[K  crosses initialization of ‘[01m[Kfloat disp_x[m[K’
[6.682s]   353 |             float [01;36m[Kdisp_x[m[K = marker_x - 320;
[6.682s]       |                   [01;36m[K^~~~~~[m[K
[6.683s] [01m[K/home/lohitoburrito/uav_app/src/px4_ros_com/src/app/fireforce/fireforce.cpp:379:14:[m[K [01;31m[Kerror: [m[Kjump to case label
[6.683s]   379 |         case [01;31m[K1[m[K:
[6.683s]       |              [01;31m[K^[m[K
[6.683s] [01m[K/home/lohitoburrito/uav_app/src/px4_ros_com/src/app/fireforce/fireforce.cpp:356:19:[m[K [01;36m[Knote: [m[K  crosses initialization of ‘[01m[Kfloat radius[m[K’
[6.683s]   356 |             float [01;36m[Kradius[m[K = (sqrt(pow(disp_x, 2) + pow(disp_y, 2)) < 220.0) ? 0.1 : 0.3;
[6.683s]       |                   [01;36m[K^~~~~~[m[K
[6.683s] [01m[K/home/lohitoburrito/uav_app/src/px4_ros_com/src/app/fireforce/fireforce.cpp:355:19:[m[K [01;36m[Knote: [m[K  crosses initialization of ‘[01m[Kfloat target_rad[m[K’
[6.684s]   355 |             float [01;36m[Ktarget_rad[m[K = std::atan2(disp_y, disp_x);
[6.684s]       |                   [01;36m[K^~~~~~~~~~[m[K
[6.684s] [01m[K/home/lohitoburrito/uav_app/src/px4_ros_com/src/app/fireforce/fireforce.cpp:354:19:[m[K [01;36m[Knote: [m[K  crosses initialization of ‘[01m[Kfloat disp_y[m[K’
[6.684s]   354 |             float [01;36m[Kdisp_y[m[K = 320 - marker_y;
[6.684s]       |                   [01;36m[K^~~~~~[m[K
[6.684s] [01m[K/home/lohitoburrito/uav_app/src/px4_ros_com/src/app/fireforce/fireforce.cpp:353:19:[m[K [01;36m[Knote: [m[K  crosses initialization of ‘[01m[Kfloat disp_x[m[K’
[6.684s]   353 |             float [01;36m[Kdisp_x[m[K = marker_x - 320;
[6.684s]       |                   [01;36m[K^~~~~~[m[K
[6.684s] [01m[K/home/lohitoburrito/uav_app/src/px4_ros_com/src/app/fireforce/fireforce.cpp:390:14:[m[K [01;31m[Kerror: [m[Kjump to case label
[6.684s]   390 |         case [01;31m[K2[m[K:
[6.685s]       |              [01;31m[K^[m[K
[6.685s] [01m[K/home/lohitoburrito/uav_app/src/px4_ros_com/src/app/fireforce/fireforce.cpp:356:19:[m[K [01;36m[Knote: [m[K  crosses initialization of ‘[01m[Kfloat radius[m[K’
[6.685s]   356 |             float [01;36m[Kradius[m[K = (sqrt(pow(disp_x, 2) + pow(disp_y, 2)) < 220.0) ? 0.1 : 0.3;
[6.685s]       |                   [01;36m[K^~~~~~[m[K
[6.685s] [01m[K/home/lohitoburrito/uav_app/src/px4_ros_com/src/app/fireforce/fireforce.cpp:355:19:[m[K [01;36m[Knote: [m[K  crosses initialization of ‘[01m[Kfloat target_rad[m[K’
[6.685s]   355 |             float [01;36m[Ktarget_rad[m[K = std::atan2(disp_y, disp_x);
[6.686s]       |                   [01;36m[K^~~~~~~~~~[m[K
[6.686s] [01m[K/home/lohitoburrito/uav_app/src/px4_ros_com/src/app/fireforce/fireforce.cpp:354:19:[m[K [01;36m[Knote: [m[K  crosses initialization of ‘[01m[Kfloat disp_y[m[K’
[6.686s]   354 |             float [01;36m[Kdisp_y[m[K = 320 - marker_y;
[6.686s]       |                   [01;36m[K^~~~~~[m[K
[6.686s] [01m[K/home/lohitoburrito/uav_app/src/px4_ros_com/src/app/fireforce/fireforce.cpp:353:19:[m[K [01;36m[Knote: [m[K  crosses initialization of ‘[01m[Kfloat disp_x[m[K’
[6.686s]   353 |             float [01;36m[Kdisp_x[m[K = marker_x - 320;
[6.686s]       |                   [01;36m[K^~~~~~[m[K
[6.686s] [01m[K/home/lohitoburrito/uav_app/src/px4_ros_com/src/app/fireforce/fireforce.cpp:402:14:[m[K [01;31m[Kerror: [m[Kjump to case label
[6.686s]   402 |         case [01;31m[K3[m[K:
[6.686s]       |              [01;31m[K^[m[K
[6.686s] [01m[K/home/lohitoburrito/uav_app/src/px4_ros_com/src/app/fireforce/fireforce.cpp:356:19:[m[K [01;36m[Knote: [m[K  crosses initialization of ‘[01m[Kfloat radius[m[K’
[6.686s]   356 |             float [01;36m[Kradius[m[K = (sqrt(pow(disp_x, 2) + pow(disp_y, 2)) < 220.0) ? 0.1 : 0.3;
[6.686s]       |                   [01;36m[K^~~~~~[m[K
[6.687s] [01m[K/home/lohitoburrito/uav_app/src/px4_ros_com/src/app/fireforce/fireforce.cpp:355:19:[m[K [01;36m[Knote: [m[K  crosses initialization of ‘[01m[Kfloat target_rad[m[K’
[6.687s]   355 |             float [01;36m[Ktarget_rad[m[K = std::atan2(disp_y, disp_x);
[6.687s]       |                   [01;36m[K^~~~~~~~~~[m[K
[6.687s] [01m[K/home/lohitoburrito/uav_app/src/px4_ros_com/src/app/fireforce/fireforce.cpp:354:19:[m[K [01;36m[Knote: [m[K  crosses initialization of ‘[01m[Kfloat disp_y[m[K’
[6.687s]   354 |             float [01;36m[Kdisp_y[m[K = 320 - marker_y;
[6.687s]       |                   [01;36m[K^~~~~~[m[K
[6.687s] [01m[K/home/lohitoburrito/uav_app/src/px4_ros_com/src/app/fireforce/fireforce.cpp:353:19:[m[K [01;36m[Knote: [m[K  crosses initialization of ‘[01m[Kfloat disp_x[m[K’
[6.687s]   353 |             float [01;36m[Kdisp_x[m[K = marker_x - 320;
[6.687s]       |                   [01;36m[K^~~~~~[m[K
[6.687s] [01m[K/home/lohitoburrito/uav_app/src/px4_ros_com/src/app/fireforce/fireforce.cpp:413:14:[m[K [01;31m[Kerror: [m[Kjump to case label
[6.687s]   413 |         case [01;31m[K4[m[K:
[6.687s]       |              [01;31m[K^[m[K
[6.687s] [01m[K/home/lohitoburrito/uav_app/src/px4_ros_com/src/app/fireforce/fireforce.cpp:356:19:[m[K [01;36m[Knote: [m[K  crosses initialization of ‘[01m[Kfloat radius[m[K’
[6.688s]   356 |             float [01;36m[Kradius[m[K = (sqrt(pow(disp_x, 2) + pow(disp_y, 2)) < 220.0) ? 0.1 : 0.3;
[6.688s]       |                   [01;36m[K^~~~~~[m[K
[6.688s] [01m[K/home/lohitoburrito/uav_app/src/px4_ros_com/src/app/fireforce/fireforce.cpp:355:19:[m[K [01;36m[Knote: [m[K  crosses initialization of ‘[01m[Kfloat target_rad[m[K’
[6.688s]   355 |             float [01;36m[Ktarget_rad[m[K = std::atan2(disp_y, disp_x);
[6.688s]       |                   [01;36m[K^~~~~~~~~~[m[K
[6.688s] [01m[K/home/lohitoburrito/uav_app/src/px4_ros_com/src/app/fireforce/fireforce.cpp:354:19:[m[K [01;36m[Knote: [m[K  crosses initialization of ‘[01m[Kfloat disp_y[m[K’
[6.688s]   354 |             float [01;36m[Kdisp_y[m[K = 320 - marker_y;
[6.688s]       |                   [01;36m[K^~~~~~[m[K
[6.688s] [01m[K/home/lohitoburrito/uav_app/src/px4_ros_com/src/app/fireforce/fireforce.cpp:353:19:[m[K [01;36m[Knote: [m[K  crosses initialization of ‘[01m[Kfloat disp_x[m[K’
[6.688s]   353 |             float [01;36m[Kdisp_x[m[K = marker_x - 320;
[6.688s]       |                   [01;36m[K^~~~~~[m[K
[6.688s] [01m[K/home/lohitoburrito/uav_app/src/px4_ros_com/src/app/fireforce/fireforce.cpp:424:14:[m[K [01;31m[Kerror: [m[Kjump to case label
[6.688s]   424 |         case [01;31m[K5[m[K:
[6.688s]       |              [01;31m[K^[m[K
[6.688s] [01m[K/home/lohitoburrito/uav_app/src/px4_ros_com/src/app/fireforce/fireforce.cpp:356:19:[m[K [01;36m[Knote: [m[K  crosses initialization of ‘[01m[Kfloat radius[m[K’
[6.688s]   356 |             float [01;36m[Kradius[m[K = (sqrt(pow(disp_x, 2) + pow(disp_y, 2)) < 220.0) ? 0.1 : 0.3;
[6.688s]       |                   [01;36m[K^~~~~~[m[K
[6.689s] [01m[K/home/lohitoburrito/uav_app/src/px4_ros_com/src/app/fireforce/fireforce.cpp:355:19:[m[K [01;36m[Knote: [m[K  crosses initialization of ‘[01m[Kfloat target_rad[m[K’
[6.689s]   355 |             float [01;36m[Ktarget_rad[m[K = std::atan2(disp_y, disp_x);
[6.689s]       |                   [01;36m[K^~~~~~~~~~[m[K
[6.689s] [01m[K/home/lohitoburrito/uav_app/src/px4_ros_com/src/app/fireforce/fireforce.cpp:354:19:[m[K [01;36m[Knote: [m[K  crosses initialization of ‘[01m[Kfloat disp_y[m[K’
[6.689s]   354 |             float [01;36m[Kdisp_y[m[K = 320 - marker_y;
[6.689s]       |                   [01;36m[K^~~~~~[m[K
[6.689s] [01m[K/home/lohitoburrito/uav_app/src/px4_ros_com/src/app/fireforce/fireforce.cpp:353:19:[m[K [01;36m[Knote: [m[K  crosses initialization of ‘[01m[Kfloat disp_x[m[K’
[6.689s]   353 |             float [01;36m[Kdisp_x[m[K = marker_x - 320;
[6.689s]       |                   [01;36m[K^~~~~~[m[K
[6.689s] [01m[K/home/lohitoburrito/uav_app/src/px4_ros_com/src/app/fireforce/fireforce.cpp:436:9:[m[K [01;31m[Kerror: [m[Kjump to case label
[6.689s]   436 |         [01;31m[Kdefault[m[K:
[6.689s]       |         [01;31m[K^~~~~~~[m[K
[6.689s] [01m[K/home/lohitoburrito/uav_app/src/px4_ros_com/src/app/fireforce/fireforce.cpp:356:19:[m[K [01;36m[Knote: [m[K  crosses initialization of ‘[01m[Kfloat radius[m[K’
[6.689s]   356 |             float [01;36m[Kradius[m[K = (sqrt(pow(disp_x, 2) + pow(disp_y, 2)) < 220.0) ? 0.1 : 0.3;
[6.689s]       |                   [01;36m[K^~~~~~[m[K
[6.689s] [01m[K/home/lohitoburrito/uav_app/src/px4_ros_com/src/app/fireforce/fireforce.cpp:355:19:[m[K [01;36m[Knote: [m[K  crosses initialization of ‘[01m[Kfloat target_rad[m[K’
[6.689s]   355 |             float [01;36m[Ktarget_rad[m[K = std::atan2(disp_y, disp_x);
[6.690s]       |                   [01;36m[K^~~~~~~~~~[m[K
[6.690s] [01m[K/home/lohitoburrito/uav_app/src/px4_ros_com/src/app/fireforce/fireforce.cpp:354:19:[m[K [01;36m[Knote: [m[K  crosses initialization of ‘[01m[Kfloat disp_y[m[K’
[6.690s]   354 |             float [01;36m[Kdisp_y[m[K = 320 - marker_y;
[6.690s]       |                   [01;36m[K^~~~~~[m[K
[6.690s] [01m[K/home/lohitoburrito/uav_app/src/px4_ros_com/src/app/fireforce/fireforce.cpp:353:19:[m[K [01;36m[Knote: [m[K  crosses initialization of ‘[01m[Kfloat disp_x[m[K’
[6.690s]   353 |             float [01;36m[Kdisp_x[m[K = marker_x - 320;
[6.690s]       |                   [01;36m[K^~~~~~[m[K
[14.973s] gmake[2]: *** [CMakeFiles/fireforce.dir/build.make:76: CMakeFiles/fireforce.dir/src/app/fireforce/fireforce.cpp.o] Error 1
[14.973s] gmake[1]: *** [CMakeFiles/Makefile2:336: CMakeFiles/fireforce.dir/all] Error 2
[14.974s] gmake: *** [Makefile:146: all] Error 2
[14.979s] Invoked command in '/home/lohitoburrito/uav_app/build/px4_ros_com' returned '2': CMAKE_PREFIX_PATH=/home/lohitoburrito/uav_app/install/px4_msgs:/home/lohitoburrito/uav_app/install/px4_ros_com:/opt/ros/humble LD_LIBRARY_PATH=/home/lohitoburrito/uav_app/install/px4_msgs/lib:/home/lohitoburrito/uav_app/install/px4_ros_com/lib:/usr/lib/x86_64-linux-gnu/gazebo-11/plugins:/opt/ros/humble/opt/rviz_ogre_vendor/lib:/opt/ros/humble/lib/x86_64-linux-gnu:/opt/ros/humble/lib /usr/bin/cmake --build /home/lohitoburrito/uav_app/build/px4_ros_com -- -j8 -l8
