[0.223s] Invoking command in '/home/lohitoburrito/uav_app/build/px4_ros_com': CMAKE_PREFIX_PATH=/home/lohitoburrito/uav_app/install/px4_msgs:/home/lohitoburrito/uav_app/install/px4_ros_com:/opt/ros/humble LD_LIBRARY_PATH=/home/lohitoburrito/uav_app/install/px4_msgs/lib:/home/lohitoburrito/uav_app/install/px4_ros_com/lib:/usr/lib/x86_64-linux-gnu/gazebo-11/plugins:/opt/ros/humble/opt/rviz_ogre_vendor/lib:/opt/ros/humble/lib/x86_64-linux-gnu:/opt/ros/humble/lib /usr/bin/cmake --build /home/lohitoburrito/uav_app/build/px4_ros_com -- -j8 -l8
[0.320s] [ 37%] Built target sensor_combined_listener
[0.321s] [ 37%] Built target vehicle_gps_position_listener
[0.321s] [ 37%] Built target frame_transforms
[0.340s] [ 50%] Built target debug_vect_advertiser
[0.346s] [35m[1mConsolidate compiler generated dependencies of target fireforce[0m
[0.357s] [ 62%] Built target offboard_control
[0.371s] [ 75%] Built target reconnaissance
[0.372s] [ 87%] Built target offboard_control_srv
[0.392s] [ 87%] Built target ament_cmake_python_copy_px4_ros_com
[0.396s] [ 93%] [32mBuilding CXX object CMakeFiles/fireforce.dir/src/app/fireforce/fireforce.cpp.o[0m
[0.882s] running egg_info
[0.919s] writing px4_ros_com.egg-info/PKG-INFO
[0.921s] writing dependency_links to px4_ros_com.egg-info/dependency_links.txt
[0.922s] writing top-level names to px4_ros_com.egg-info/top_level.txt
[1.028s] reading manifest file 'px4_ros_com.egg-info/SOURCES.txt'
[1.031s] writing manifest file 'px4_ros_com.egg-info/SOURCES.txt'
[1.117s] [ 93%] Built target ament_cmake_python_build_px4_ros_com_egg
[8.390s] [01m[K/home/lohitoburrito/uav_app/src/px4_ros_com/src/app/fireforce/fireforce.cpp:[m[K In member function ‘[01m[Kvoid HTTPServer::post_frame()[m[K’:
[8.390s] [01m[K/home/lohitoburrito/uav_app/src/px4_ros_com/src/app/fireforce/fireforce.cpp:149:23:[m[K [01;31m[Kerror: [m[Kexpected ‘[01m[K;[m[K’ before ‘[01m[Kstd[m[K’
[8.390s]   149 |             print_data
[8.391s]       |                       [01;31m[K^[m[K
[8.391s]       |                       [32m[K;[m[K
[8.391s]   150 | 
[8.391s]   151 |             [32m[Kstd[m[K::fstream file("/home/lohitoburrito/uav_app/src/px4_ros_com/src/app/fireforce/data/data.txt", std::ios::in | std::ios::out | std::ios::trunc);
[8.391s]       |             [32m[K~~~[m[K        
[8.391s] [01m[K/home/lohitoburrito/uav_app/src/px4_ros_com/src/app/fireforce/fireforce.cpp:149:13:[m[K [01;31m[Kerror: [m[Kinvalid use of non-static member function ‘[01m[Kvoid HTTPServer::print_data()[m[K’
[8.391s]   149 |             [01;31m[Kprint_data[m[K
[8.391s]       |             [01;31m[K^~~~~~~~~~[m[K
[8.392s] [01m[K/home/lohitoburrito/uav_app/src/px4_ros_com/src/app/fireforce/fireforce.cpp:49:14:[m[K [01;36m[Knote: [m[Kdeclared here
[8.392s]    49 |         void [01;36m[Kprint_data[m[K();
[8.392s]       |              [01;36m[K^~~~~~~~~~[m[K
[8.408s] [01m[K/home/lohitoburrito/uav_app/src/px4_ros_com/src/app/fireforce/fireforce.cpp:152:18:[m[K [01;31m[Kerror: [m[K‘[01m[Kfile[m[K’ was not declared in this scope
[8.408s]   152 |             if (![01;31m[Kfile[m[K) {
[8.408s]       |                  [01;31m[K^~~~[m[K
[8.423s] [01m[K/home/lohitoburrito/uav_app/src/px4_ros_com/src/app/fireforce/fireforce.cpp:157:13:[m[K [01;31m[Kerror: [m[K‘[01m[Kfile[m[K’ was not declared in this scope
[8.423s]   157 |             [01;31m[Kfile[m[K << std::to_string(sensor_msg.roll) + "\n";
[8.423s]       |             [01;31m[K^~~~[m[K
[24.524s] gmake[2]: *** [CMakeFiles/fireforce.dir/build.make:76: CMakeFiles/fireforce.dir/src/app/fireforce/fireforce.cpp.o] Error 1
[24.525s] gmake[1]: *** [CMakeFiles/Makefile2:336: CMakeFiles/fireforce.dir/all] Error 2
[24.525s] gmake: *** [Makefile:146: all] Error 2
[24.533s] Invoked command in '/home/lohitoburrito/uav_app/build/px4_ros_com' returned '2': CMAKE_PREFIX_PATH=/home/lohitoburrito/uav_app/install/px4_msgs:/home/lohitoburrito/uav_app/install/px4_ros_com:/opt/ros/humble LD_LIBRARY_PATH=/home/lohitoburrito/uav_app/install/px4_msgs/lib:/home/lohitoburrito/uav_app/install/px4_ros_com/lib:/usr/lib/x86_64-linux-gnu/gazebo-11/plugins:/opt/ros/humble/opt/rviz_ogre_vendor/lib:/opt/ros/humble/lib/x86_64-linux-gnu:/opt/ros/humble/lib /usr/bin/cmake --build /home/lohitoburrito/uav_app/build/px4_ros_com -- -j8 -l8
